[2024-12-09T15:39:26.775+0000] {taskinstance.py:1103} INFO - Dependencies all met for dep_context=non-requeueable deps ti=<TaskInstance: manufacturer_etl.fetch_manufacturer_data scheduled__2023-12-27T00:00:00+00:00 [queued]>
[2024-12-09T15:39:26.784+0000] {taskinstance.py:1103} INFO - Dependencies all met for dep_context=requeueable deps ti=<TaskInstance: manufacturer_etl.fetch_manufacturer_data scheduled__2023-12-27T00:00:00+00:00 [queued]>
[2024-12-09T15:39:26.785+0000] {taskinstance.py:1308} INFO - Starting attempt 1 of 1
[2024-12-09T15:39:26.799+0000] {taskinstance.py:1327} INFO - Executing <Task(PythonOperator): fetch_manufacturer_data> on 2023-12-27 00:00:00+00:00
[2024-12-09T15:39:26.803+0000] {standard_task_runner.py:57} INFO - Started process 83 to run task
[2024-12-09T15:39:26.807+0000] {standard_task_runner.py:84} INFO - Running: ['airflow', 'tasks', 'run', 'manufacturer_etl', 'fetch_manufacturer_data', 'scheduled__2023-12-27T00:00:00+00:00', '--job-id', '11', '--raw', '--subdir', 'DAGS_FOLDER/manufacturer_etl.py', '--cfg-path', '/tmp/tmpx043c7jk']
[2024-12-09T15:39:26.809+0000] {standard_task_runner.py:85} INFO - Job 11: Subtask fetch_manufacturer_data
[2024-12-09T15:39:26.859+0000] {task_command.py:410} INFO - Running <TaskInstance: manufacturer_etl.fetch_manufacturer_data scheduled__2023-12-27T00:00:00+00:00 [running]> on host 782927b5dd22
[2024-12-09T15:39:26.959+0000] {taskinstance.py:1547} INFO - Exporting env vars: AIRFLOW_CTX_DAG_OWNER='airflow' AIRFLOW_CTX_DAG_ID='manufacturer_etl' AIRFLOW_CTX_TASK_ID='fetch_manufacturer_data' AIRFLOW_CTX_EXECUTION_DATE='2023-12-27T00:00:00+00:00' AIRFLOW_CTX_TRY_NUMBER='1' AIRFLOW_CTX_DAG_RUN_ID='scheduled__2023-12-27T00:00:00+00:00'
[2024-12-09T15:39:26.961+0000] {manufacturer_etl.py:37} INFO - Fetching manufacturer details from the API.
[2024-12-09T15:39:36.071+0000] {manufacturer_etl.py:43} INFO - Successfully fetched 100 manufacturer records.
[2024-12-09T15:39:36.079+0000] {manufacturer_etl.py:48} INFO - Data saved to /opt/airflow/data/raw_manufacturer_data.json
[2024-12-09T15:39:36.081+0000] {python.py:183} INFO - Done. Returned value was: None
[2024-12-09T15:39:36.091+0000] {taskinstance.py:1350} INFO - Marking task as SUCCESS. dag_id=manufacturer_etl, task_id=fetch_manufacturer_data, execution_date=20231227T000000, start_date=20241209T153926, end_date=20241209T153936
[2024-12-09T15:39:36.145+0000] {local_task_job_runner.py:225} INFO - Task exited with return code 0
[2024-12-09T15:39:36.164+0000] {taskinstance.py:2653} INFO - 0 downstream tasks scheduled from follow-on schedule check
[2024-12-09T16:19:12.964+0000] {taskinstance.py:1103} INFO - Dependencies all met for dep_context=non-requeueable deps ti=<TaskInstance: manufacturer_etl.fetch_manufacturer_data scheduled__2023-12-27T00:00:00+00:00 [queued]>
[2024-12-09T16:19:12.986+0000] {taskinstance.py:1103} INFO - Dependencies all met for dep_context=requeueable deps ti=<TaskInstance: manufacturer_etl.fetch_manufacturer_data scheduled__2023-12-27T00:00:00+00:00 [queued]>
[2024-12-09T16:19:12.987+0000] {taskinstance.py:1308} INFO - Starting attempt 1 of 1
[2024-12-09T16:19:13.021+0000] {taskinstance.py:1327} INFO - Executing <Task(PythonOperator): fetch_manufacturer_data> on 2023-12-27 00:00:00+00:00
[2024-12-09T16:19:13.027+0000] {standard_task_runner.py:57} INFO - Started process 110 to run task
[2024-12-09T16:19:13.035+0000] {standard_task_runner.py:84} INFO - Running: ['airflow', 'tasks', 'run', 'manufacturer_etl', 'fetch_manufacturer_data', 'scheduled__2023-12-27T00:00:00+00:00', '--job-id', '116', '--raw', '--subdir', 'DAGS_FOLDER/manufacturer_etl.py', '--cfg-path', '/tmp/tmpmjtfi418']
[2024-12-09T16:19:13.038+0000] {standard_task_runner.py:85} INFO - Job 116: Subtask fetch_manufacturer_data
[2024-12-09T16:19:13.156+0000] {task_command.py:410} INFO - Running <TaskInstance: manufacturer_etl.fetch_manufacturer_data scheduled__2023-12-27T00:00:00+00:00 [running]> on host 651f030c76c5
[2024-12-09T16:19:13.391+0000] {taskinstance.py:1547} INFO - Exporting env vars: AIRFLOW_CTX_DAG_OWNER='airflow' AIRFLOW_CTX_DAG_ID='manufacturer_etl' AIRFLOW_CTX_TASK_ID='fetch_manufacturer_data' AIRFLOW_CTX_EXECUTION_DATE='2023-12-27T00:00:00+00:00' AIRFLOW_CTX_TRY_NUMBER='1' AIRFLOW_CTX_DAG_RUN_ID='scheduled__2023-12-27T00:00:00+00:00'
[2024-12-09T16:19:13.393+0000] {manufacturer_etl.py:37} INFO - Fetching manufacturer details from the API.
[2024-12-09T16:19:23.836+0000] {manufacturer_etl.py:43} INFO - Successfully fetched 100 manufacturer records.
[2024-12-09T16:19:23.853+0000] {manufacturer_etl.py:48} INFO - Data saved to /opt/airflow/data/raw_manufacturer_data.json
[2024-12-09T16:19:23.859+0000] {python.py:183} INFO - Done. Returned value was: None
[2024-12-09T16:19:23.919+0000] {taskinstance.py:1350} INFO - Marking task as SUCCESS. dag_id=manufacturer_etl, task_id=fetch_manufacturer_data, execution_date=20231227T000000, start_date=20241209T161912, end_date=20241209T161923
[2024-12-09T16:19:24.001+0000] {local_task_job_runner.py:225} INFO - Task exited with return code 0
[2024-12-09T16:19:24.098+0000] {taskinstance.py:2653} INFO - 0 downstream tasks scheduled from follow-on schedule check
[2024-12-09T17:20:11.030+0000] {taskinstance.py:1103} INFO - Dependencies all met for dep_context=non-requeueable deps ti=<TaskInstance: manufacturer_etl.fetch_manufacturer_data scheduled__2023-12-27T00:00:00+00:00 [queued]>
[2024-12-09T17:20:11.049+0000] {taskinstance.py:1103} INFO - Dependencies all met for dep_context=requeueable deps ti=<TaskInstance: manufacturer_etl.fetch_manufacturer_data scheduled__2023-12-27T00:00:00+00:00 [queued]>
[2024-12-09T17:20:11.049+0000] {taskinstance.py:1308} INFO - Starting attempt 1 of 1
[2024-12-09T17:20:11.078+0000] {taskinstance.py:1327} INFO - Executing <Task(PythonOperator): fetch_manufacturer_data> on 2023-12-27 00:00:00+00:00
[2024-12-09T17:20:11.085+0000] {standard_task_runner.py:57} INFO - Started process 75 to run task
[2024-12-09T17:20:11.091+0000] {standard_task_runner.py:84} INFO - Running: ['airflow', 'tasks', 'run', 'manufacturer_etl', 'fetch_manufacturer_data', 'scheduled__2023-12-27T00:00:00+00:00', '--job-id', '11', '--raw', '--subdir', 'DAGS_FOLDER/manufacturer_etl.py', '--cfg-path', '/tmp/tmpvg8o58fv']
[2024-12-09T17:20:11.094+0000] {standard_task_runner.py:85} INFO - Job 11: Subtask fetch_manufacturer_data
[2024-12-09T17:20:11.193+0000] {task_command.py:410} INFO - Running <TaskInstance: manufacturer_etl.fetch_manufacturer_data scheduled__2023-12-27T00:00:00+00:00 [running]> on host 916d98ee7a08
[2024-12-09T17:20:11.388+0000] {taskinstance.py:1547} INFO - Exporting env vars: AIRFLOW_CTX_DAG_OWNER='airflow' AIRFLOW_CTX_DAG_ID='manufacturer_etl' AIRFLOW_CTX_TASK_ID='fetch_manufacturer_data' AIRFLOW_CTX_EXECUTION_DATE='2023-12-27T00:00:00+00:00' AIRFLOW_CTX_TRY_NUMBER='1' AIRFLOW_CTX_DAG_RUN_ID='scheduled__2023-12-27T00:00:00+00:00'
[2024-12-09T17:20:11.390+0000] {manufacturer_etl.py:37} INFO - Fetching manufacturer details from the API.
[2024-12-09T17:20:12.556+0000] {manufacturer_etl.py:43} INFO - Successfully fetched 100 manufacturer records.
[2024-12-09T17:20:12.564+0000] {manufacturer_etl.py:48} INFO - Data saved to /opt/airflow/data/raw_manufacturer_data.json
[2024-12-09T17:20:12.566+0000] {python.py:183} INFO - Done. Returned value was: None
[2024-12-09T17:20:12.588+0000] {taskinstance.py:1350} INFO - Marking task as SUCCESS. dag_id=manufacturer_etl, task_id=fetch_manufacturer_data, execution_date=20231227T000000, start_date=20241209T172011, end_date=20241209T172012
[2024-12-09T17:20:12.621+0000] {local_task_job_runner.py:225} INFO - Task exited with return code 0
[2024-12-09T17:20:12.655+0000] {taskinstance.py:2653} INFO - 0 downstream tasks scheduled from follow-on schedule check
