[2024-12-09T16:51:19.258+0000] {taskinstance.py:1103} INFO - Dependencies all met for dep_context=non-requeueable deps ti=<TaskInstance: manufacturer_etl.fetch_manufacturer_data scheduled__2024-05-12T00:00:00+00:00 [queued]>
[2024-12-09T16:51:19.277+0000] {taskinstance.py:1103} INFO - Dependencies all met for dep_context=requeueable deps ti=<TaskInstance: manufacturer_etl.fetch_manufacturer_data scheduled__2024-05-12T00:00:00+00:00 [queued]>
[2024-12-09T16:51:19.277+0000] {taskinstance.py:1308} INFO - Starting attempt 1 of 1
[2024-12-09T16:51:19.306+0000] {taskinstance.py:1327} INFO - Executing <Task(PythonOperator): fetch_manufacturer_data> on 2024-05-12 00:00:00+00:00
[2024-12-09T16:51:19.313+0000] {standard_task_runner.py:57} INFO - Started process 722 to run task
[2024-12-09T16:51:19.322+0000] {standard_task_runner.py:84} INFO - Running: ['airflow', 'tasks', 'run', 'manufacturer_etl', 'fetch_manufacturer_data', 'scheduled__2024-05-12T00:00:00+00:00', '--job-id', '253', '--raw', '--subdir', 'DAGS_FOLDER/manufacturer_etl.py', '--cfg-path', '/tmp/tmp23nm9r8m']
[2024-12-09T16:51:19.325+0000] {standard_task_runner.py:85} INFO - Job 253: Subtask fetch_manufacturer_data
[2024-12-09T16:51:19.448+0000] {task_command.py:410} INFO - Running <TaskInstance: manufacturer_etl.fetch_manufacturer_data scheduled__2024-05-12T00:00:00+00:00 [running]> on host 651f030c76c5
[2024-12-09T16:51:19.657+0000] {taskinstance.py:1547} INFO - Exporting env vars: AIRFLOW_CTX_DAG_OWNER='airflow' AIRFLOW_CTX_DAG_ID='manufacturer_etl' AIRFLOW_CTX_TASK_ID='fetch_manufacturer_data' AIRFLOW_CTX_EXECUTION_DATE='2024-05-12T00:00:00+00:00' AIRFLOW_CTX_TRY_NUMBER='1' AIRFLOW_CTX_DAG_RUN_ID='scheduled__2024-05-12T00:00:00+00:00'
[2024-12-09T16:51:19.660+0000] {manufacturer_etl.py:37} INFO - Fetching manufacturer details from the API.
[2024-12-09T16:51:28.762+0000] {manufacturer_etl.py:43} INFO - Successfully fetched 100 manufacturer records.
[2024-12-09T16:51:28.777+0000] {manufacturer_etl.py:48} INFO - Data saved to /opt/airflow/data/raw_manufacturer_data.json
[2024-12-09T16:51:28.782+0000] {python.py:183} INFO - Done. Returned value was: None
[2024-12-09T16:51:28.839+0000] {taskinstance.py:1350} INFO - Marking task as SUCCESS. dag_id=manufacturer_etl, task_id=fetch_manufacturer_data, execution_date=20240512T000000, start_date=20241209T165119, end_date=20241209T165128
[2024-12-09T16:51:28.921+0000] {local_task_job_runner.py:225} INFO - Task exited with return code 0
[2024-12-09T16:51:29.008+0000] {taskinstance.py:2653} INFO - 0 downstream tasks scheduled from follow-on schedule check
[2024-12-09T17:37:52.685+0000] {taskinstance.py:1103} INFO - Dependencies all met for dep_context=non-requeueable deps ti=<TaskInstance: manufacturer_etl.fetch_manufacturer_data scheduled__2024-05-12T00:00:00+00:00 [queued]>
[2024-12-09T17:37:52.715+0000] {taskinstance.py:1103} INFO - Dependencies all met for dep_context=requeueable deps ti=<TaskInstance: manufacturer_etl.fetch_manufacturer_data scheduled__2024-05-12T00:00:00+00:00 [queued]>
[2024-12-09T17:37:52.716+0000] {taskinstance.py:1308} INFO - Starting attempt 1 of 1
[2024-12-09T17:37:52.754+0000] {taskinstance.py:1327} INFO - Executing <Task(PythonOperator): fetch_manufacturer_data> on 2024-05-12 00:00:00+00:00
[2024-12-09T17:37:52.760+0000] {standard_task_runner.py:57} INFO - Started process 658 to run task
[2024-12-09T17:37:52.766+0000] {standard_task_runner.py:84} INFO - Running: ['airflow', 'tasks', 'run', 'manufacturer_etl', 'fetch_manufacturer_data', 'scheduled__2024-05-12T00:00:00+00:00', '--job-id', '148', '--raw', '--subdir', 'DAGS_FOLDER/manufacturer_etl.py', '--cfg-path', '/tmp/tmp1u3ht5xl']
[2024-12-09T17:37:52.768+0000] {standard_task_runner.py:85} INFO - Job 148: Subtask fetch_manufacturer_data
[2024-12-09T17:37:52.874+0000] {task_command.py:410} INFO - Running <TaskInstance: manufacturer_etl.fetch_manufacturer_data scheduled__2024-05-12T00:00:00+00:00 [running]> on host 916d98ee7a08
[2024-12-09T17:37:53.082+0000] {taskinstance.py:1547} INFO - Exporting env vars: AIRFLOW_CTX_DAG_OWNER='airflow' AIRFLOW_CTX_DAG_ID='manufacturer_etl' AIRFLOW_CTX_TASK_ID='fetch_manufacturer_data' AIRFLOW_CTX_EXECUTION_DATE='2024-05-12T00:00:00+00:00' AIRFLOW_CTX_TRY_NUMBER='1' AIRFLOW_CTX_DAG_RUN_ID='scheduled__2024-05-12T00:00:00+00:00'
[2024-12-09T17:37:53.085+0000] {manufacturer_etl.py:37} INFO - Fetching manufacturer details from the API.
[2024-12-09T17:37:55.163+0000] {manufacturer_etl.py:43} INFO - Successfully fetched 100 manufacturer records.
[2024-12-09T17:37:55.170+0000] {manufacturer_etl.py:48} INFO - Data saved to /opt/airflow/data/raw_manufacturer_data.json
[2024-12-09T17:37:55.173+0000] {python.py:183} INFO - Done. Returned value was: None
[2024-12-09T17:37:55.195+0000] {taskinstance.py:1350} INFO - Marking task as SUCCESS. dag_id=manufacturer_etl, task_id=fetch_manufacturer_data, execution_date=20240512T000000, start_date=20241209T173752, end_date=20241209T173755
[2024-12-09T17:37:55.239+0000] {local_task_job_runner.py:225} INFO - Task exited with return code 0
[2024-12-09T17:37:55.283+0000] {taskinstance.py:2653} INFO - 0 downstream tasks scheduled from follow-on schedule check
