[2024-12-09T16:45:06.271+0000] {taskinstance.py:1103} INFO - Dependencies all met for dep_context=non-requeueable deps ti=<TaskInstance: manufacturer_etl.fetch_manufacturer_data scheduled__2024-04-15T00:00:00+00:00 [queued]>
[2024-12-09T16:45:06.297+0000] {taskinstance.py:1103} INFO - Dependencies all met for dep_context=requeueable deps ti=<TaskInstance: manufacturer_etl.fetch_manufacturer_data scheduled__2024-04-15T00:00:00+00:00 [queued]>
[2024-12-09T16:45:06.298+0000] {taskinstance.py:1308} INFO - Starting attempt 1 of 1
[2024-12-09T16:45:06.336+0000] {taskinstance.py:1327} INFO - Executing <Task(PythonOperator): fetch_manufacturer_data> on 2024-04-15 00:00:00+00:00
[2024-12-09T16:45:06.346+0000] {standard_task_runner.py:57} INFO - Started process 601 to run task
[2024-12-09T16:45:06.352+0000] {standard_task_runner.py:84} INFO - Running: ['airflow', 'tasks', 'run', 'manufacturer_etl', 'fetch_manufacturer_data', 'scheduled__2024-04-15T00:00:00+00:00', '--job-id', '226', '--raw', '--subdir', 'DAGS_FOLDER/manufacturer_etl.py', '--cfg-path', '/tmp/tmp5c7fx405']
[2024-12-09T16:45:06.354+0000] {standard_task_runner.py:85} INFO - Job 226: Subtask fetch_manufacturer_data
[2024-12-09T16:45:06.460+0000] {task_command.py:410} INFO - Running <TaskInstance: manufacturer_etl.fetch_manufacturer_data scheduled__2024-04-15T00:00:00+00:00 [running]> on host 651f030c76c5
[2024-12-09T16:45:06.700+0000] {taskinstance.py:1547} INFO - Exporting env vars: AIRFLOW_CTX_DAG_OWNER='airflow' AIRFLOW_CTX_DAG_ID='manufacturer_etl' AIRFLOW_CTX_TASK_ID='fetch_manufacturer_data' AIRFLOW_CTX_EXECUTION_DATE='2024-04-15T00:00:00+00:00' AIRFLOW_CTX_TRY_NUMBER='1' AIRFLOW_CTX_DAG_RUN_ID='scheduled__2024-04-15T00:00:00+00:00'
[2024-12-09T16:45:06.703+0000] {manufacturer_etl.py:37} INFO - Fetching manufacturer details from the API.
[2024-12-09T16:45:15.729+0000] {manufacturer_etl.py:43} INFO - Successfully fetched 100 manufacturer records.
[2024-12-09T16:45:15.747+0000] {manufacturer_etl.py:48} INFO - Data saved to /opt/airflow/data/raw_manufacturer_data.json
[2024-12-09T16:45:15.753+0000] {python.py:183} INFO - Done. Returned value was: None
[2024-12-09T16:45:15.818+0000] {taskinstance.py:1350} INFO - Marking task as SUCCESS. dag_id=manufacturer_etl, task_id=fetch_manufacturer_data, execution_date=20240415T000000, start_date=20241209T164506, end_date=20241209T164515
[2024-12-09T16:45:15.916+0000] {local_task_job_runner.py:225} INFO - Task exited with return code 0
[2024-12-09T16:45:16.014+0000] {taskinstance.py:2653} INFO - 0 downstream tasks scheduled from follow-on schedule check
[2024-12-09T17:34:23.869+0000] {taskinstance.py:1103} INFO - Dependencies all met for dep_context=non-requeueable deps ti=<TaskInstance: manufacturer_etl.fetch_manufacturer_data scheduled__2024-04-15T00:00:00+00:00 [queued]>
[2024-12-09T17:34:23.888+0000] {taskinstance.py:1103} INFO - Dependencies all met for dep_context=requeueable deps ti=<TaskInstance: manufacturer_etl.fetch_manufacturer_data scheduled__2024-04-15T00:00:00+00:00 [queued]>
[2024-12-09T17:34:23.889+0000] {taskinstance.py:1308} INFO - Starting attempt 1 of 1
[2024-12-09T17:34:23.919+0000] {taskinstance.py:1327} INFO - Executing <Task(PythonOperator): fetch_manufacturer_data> on 2024-04-15 00:00:00+00:00
[2024-12-09T17:34:23.925+0000] {standard_task_runner.py:57} INFO - Started process 543 to run task
[2024-12-09T17:34:23.932+0000] {standard_task_runner.py:84} INFO - Running: ['airflow', 'tasks', 'run', 'manufacturer_etl', 'fetch_manufacturer_data', 'scheduled__2024-04-15T00:00:00+00:00', '--job-id', '121', '--raw', '--subdir', 'DAGS_FOLDER/manufacturer_etl.py', '--cfg-path', '/tmp/tmpf00kg89a']
[2024-12-09T17:34:23.935+0000] {standard_task_runner.py:85} INFO - Job 121: Subtask fetch_manufacturer_data
[2024-12-09T17:34:24.031+0000] {task_command.py:410} INFO - Running <TaskInstance: manufacturer_etl.fetch_manufacturer_data scheduled__2024-04-15T00:00:00+00:00 [running]> on host 916d98ee7a08
[2024-12-09T17:34:24.230+0000] {taskinstance.py:1547} INFO - Exporting env vars: AIRFLOW_CTX_DAG_OWNER='airflow' AIRFLOW_CTX_DAG_ID='manufacturer_etl' AIRFLOW_CTX_TASK_ID='fetch_manufacturer_data' AIRFLOW_CTX_EXECUTION_DATE='2024-04-15T00:00:00+00:00' AIRFLOW_CTX_TRY_NUMBER='1' AIRFLOW_CTX_DAG_RUN_ID='scheduled__2024-04-15T00:00:00+00:00'
[2024-12-09T17:34:24.232+0000] {manufacturer_etl.py:37} INFO - Fetching manufacturer details from the API.
[2024-12-09T17:34:26.058+0000] {manufacturer_etl.py:43} INFO - Successfully fetched 100 manufacturer records.
[2024-12-09T17:34:26.066+0000] {manufacturer_etl.py:48} INFO - Data saved to /opt/airflow/data/raw_manufacturer_data.json
[2024-12-09T17:34:26.068+0000] {python.py:183} INFO - Done. Returned value was: None
[2024-12-09T17:34:26.089+0000] {taskinstance.py:1350} INFO - Marking task as SUCCESS. dag_id=manufacturer_etl, task_id=fetch_manufacturer_data, execution_date=20240415T000000, start_date=20241209T173423, end_date=20241209T173426
[2024-12-09T17:34:26.119+0000] {local_task_job_runner.py:225} INFO - Task exited with return code 0
[2024-12-09T17:34:26.153+0000] {taskinstance.py:2653} INFO - 0 downstream tasks scheduled from follow-on schedule check
