[2024-12-09T17:02:39.349+0000] {taskinstance.py:1103} INFO - Dependencies all met for dep_context=non-requeueable deps ti=<TaskInstance: manufacturer_etl.fetch_manufacturer_data scheduled__2024-06-28T00:00:00+00:00 [queued]>
[2024-12-09T17:02:39.377+0000] {taskinstance.py:1103} INFO - Dependencies all met for dep_context=requeueable deps ti=<TaskInstance: manufacturer_etl.fetch_manufacturer_data scheduled__2024-06-28T00:00:00+00:00 [queued]>
[2024-12-09T17:02:39.378+0000] {taskinstance.py:1308} INFO - Starting attempt 1 of 1
[2024-12-09T17:02:39.415+0000] {taskinstance.py:1327} INFO - Executing <Task(PythonOperator): fetch_manufacturer_data> on 2024-06-28 00:00:00+00:00
[2024-12-09T17:02:39.421+0000] {standard_task_runner.py:57} INFO - Started process 932 to run task
[2024-12-09T17:02:39.428+0000] {standard_task_runner.py:84} INFO - Running: ['airflow', 'tasks', 'run', 'manufacturer_etl', 'fetch_manufacturer_data', 'scheduled__2024-06-28T00:00:00+00:00', '--job-id', '300', '--raw', '--subdir', 'DAGS_FOLDER/manufacturer_etl.py', '--cfg-path', '/tmp/tmp9ss39bs9']
[2024-12-09T17:02:39.430+0000] {standard_task_runner.py:85} INFO - Job 300: Subtask fetch_manufacturer_data
[2024-12-09T17:02:39.543+0000] {task_command.py:410} INFO - Running <TaskInstance: manufacturer_etl.fetch_manufacturer_data scheduled__2024-06-28T00:00:00+00:00 [running]> on host 651f030c76c5
[2024-12-09T17:02:39.776+0000] {taskinstance.py:1547} INFO - Exporting env vars: AIRFLOW_CTX_DAG_OWNER='airflow' AIRFLOW_CTX_DAG_ID='manufacturer_etl' AIRFLOW_CTX_TASK_ID='fetch_manufacturer_data' AIRFLOW_CTX_EXECUTION_DATE='2024-06-28T00:00:00+00:00' AIRFLOW_CTX_TRY_NUMBER='1' AIRFLOW_CTX_DAG_RUN_ID='scheduled__2024-06-28T00:00:00+00:00'
[2024-12-09T17:02:39.778+0000] {manufacturer_etl.py:37} INFO - Fetching manufacturer details from the API.
[2024-12-09T17:02:44.824+0000] {manufacturer_etl.py:43} INFO - Successfully fetched 100 manufacturer records.
[2024-12-09T17:02:44.831+0000] {manufacturer_etl.py:48} INFO - Data saved to /opt/airflow/data/raw_manufacturer_data.json
[2024-12-09T17:02:44.834+0000] {python.py:183} INFO - Done. Returned value was: None
[2024-12-09T17:02:44.863+0000] {taskinstance.py:1350} INFO - Marking task as SUCCESS. dag_id=manufacturer_etl, task_id=fetch_manufacturer_data, execution_date=20240628T000000, start_date=20241209T170239, end_date=20241209T170244
[2024-12-09T17:02:44.915+0000] {local_task_job_runner.py:225} INFO - Task exited with return code 0
[2024-12-09T17:02:44.954+0000] {taskinstance.py:2653} INFO - 0 downstream tasks scheduled from follow-on schedule check
[2024-12-09T17:44:18.472+0000] {taskinstance.py:1103} INFO - Dependencies all met for dep_context=non-requeueable deps ti=<TaskInstance: manufacturer_etl.fetch_manufacturer_data scheduled__2024-06-28T00:00:00+00:00 [queued]>
[2024-12-09T17:44:18.490+0000] {taskinstance.py:1103} INFO - Dependencies all met for dep_context=requeueable deps ti=<TaskInstance: manufacturer_etl.fetch_manufacturer_data scheduled__2024-06-28T00:00:00+00:00 [queued]>
[2024-12-09T17:44:18.491+0000] {taskinstance.py:1308} INFO - Starting attempt 1 of 1
[2024-12-09T17:44:18.520+0000] {taskinstance.py:1327} INFO - Executing <Task(PythonOperator): fetch_manufacturer_data> on 2024-06-28 00:00:00+00:00
[2024-12-09T17:44:18.526+0000] {standard_task_runner.py:57} INFO - Started process 859 to run task
[2024-12-09T17:44:18.534+0000] {standard_task_runner.py:84} INFO - Running: ['airflow', 'tasks', 'run', 'manufacturer_etl', 'fetch_manufacturer_data', 'scheduled__2024-06-28T00:00:00+00:00', '--job-id', '195', '--raw', '--subdir', 'DAGS_FOLDER/manufacturer_etl.py', '--cfg-path', '/tmp/tmp2sdt761m']
[2024-12-09T17:44:18.536+0000] {standard_task_runner.py:85} INFO - Job 195: Subtask fetch_manufacturer_data
[2024-12-09T17:44:18.632+0000] {task_command.py:410} INFO - Running <TaskInstance: manufacturer_etl.fetch_manufacturer_data scheduled__2024-06-28T00:00:00+00:00 [running]> on host 916d98ee7a08
[2024-12-09T17:44:18.828+0000] {taskinstance.py:1547} INFO - Exporting env vars: AIRFLOW_CTX_DAG_OWNER='airflow' AIRFLOW_CTX_DAG_ID='manufacturer_etl' AIRFLOW_CTX_TASK_ID='fetch_manufacturer_data' AIRFLOW_CTX_EXECUTION_DATE='2024-06-28T00:00:00+00:00' AIRFLOW_CTX_TRY_NUMBER='1' AIRFLOW_CTX_DAG_RUN_ID='scheduled__2024-06-28T00:00:00+00:00'
[2024-12-09T17:44:18.831+0000] {manufacturer_etl.py:37} INFO - Fetching manufacturer details from the API.
[2024-12-09T17:44:20.390+0000] {manufacturer_etl.py:43} INFO - Successfully fetched 100 manufacturer records.
[2024-12-09T17:44:20.398+0000] {manufacturer_etl.py:48} INFO - Data saved to /opt/airflow/data/raw_manufacturer_data.json
[2024-12-09T17:44:20.401+0000] {python.py:183} INFO - Done. Returned value was: None
[2024-12-09T17:44:20.422+0000] {taskinstance.py:1350} INFO - Marking task as SUCCESS. dag_id=manufacturer_etl, task_id=fetch_manufacturer_data, execution_date=20240628T000000, start_date=20241209T174418, end_date=20241209T174420
[2024-12-09T17:44:20.474+0000] {local_task_job_runner.py:225} INFO - Task exited with return code 0
[2024-12-09T17:44:20.519+0000] {taskinstance.py:2653} INFO - 0 downstream tasks scheduled from follow-on schedule check
