[2024-12-09T17:04:48.057+0000] {taskinstance.py:1103} INFO - Dependencies all met for dep_context=non-requeueable deps ti=<TaskInstance: manufacturer_etl.fetch_manufacturer_data scheduled__2024-07-07T00:00:00+00:00 [queued]>
[2024-12-09T17:04:48.080+0000] {taskinstance.py:1103} INFO - Dependencies all met for dep_context=requeueable deps ti=<TaskInstance: manufacturer_etl.fetch_manufacturer_data scheduled__2024-07-07T00:00:00+00:00 [queued]>
[2024-12-09T17:04:48.080+0000] {taskinstance.py:1308} INFO - Starting attempt 1 of 1
[2024-12-09T17:04:48.112+0000] {taskinstance.py:1327} INFO - Executing <Task(PythonOperator): fetch_manufacturer_data> on 2024-07-07 00:00:00+00:00
[2024-12-09T17:04:48.117+0000] {standard_task_runner.py:57} INFO - Started process 972 to run task
[2024-12-09T17:04:48.123+0000] {standard_task_runner.py:84} INFO - Running: ['airflow', 'tasks', 'run', 'manufacturer_etl', 'fetch_manufacturer_data', 'scheduled__2024-07-07T00:00:00+00:00', '--job-id', '309', '--raw', '--subdir', 'DAGS_FOLDER/manufacturer_etl.py', '--cfg-path', '/tmp/tmp2kwrhdk8']
[2024-12-09T17:04:48.126+0000] {standard_task_runner.py:85} INFO - Job 309: Subtask fetch_manufacturer_data
[2024-12-09T17:04:48.229+0000] {task_command.py:410} INFO - Running <TaskInstance: manufacturer_etl.fetch_manufacturer_data scheduled__2024-07-07T00:00:00+00:00 [running]> on host 651f030c76c5
[2024-12-09T17:04:48.457+0000] {taskinstance.py:1547} INFO - Exporting env vars: AIRFLOW_CTX_DAG_OWNER='airflow' AIRFLOW_CTX_DAG_ID='manufacturer_etl' AIRFLOW_CTX_TASK_ID='fetch_manufacturer_data' AIRFLOW_CTX_EXECUTION_DATE='2024-07-07T00:00:00+00:00' AIRFLOW_CTX_TRY_NUMBER='1' AIRFLOW_CTX_DAG_RUN_ID='scheduled__2024-07-07T00:00:00+00:00'
[2024-12-09T17:04:48.459+0000] {manufacturer_etl.py:37} INFO - Fetching manufacturer details from the API.
[2024-12-09T17:04:57.488+0000] {manufacturer_etl.py:43} INFO - Successfully fetched 100 manufacturer records.
[2024-12-09T17:04:57.506+0000] {manufacturer_etl.py:48} INFO - Data saved to /opt/airflow/data/raw_manufacturer_data.json
[2024-12-09T17:04:57.513+0000] {python.py:183} INFO - Done. Returned value was: None
[2024-12-09T17:04:57.576+0000] {taskinstance.py:1350} INFO - Marking task as SUCCESS. dag_id=manufacturer_etl, task_id=fetch_manufacturer_data, execution_date=20240707T000000, start_date=20241209T170448, end_date=20241209T170457
[2024-12-09T17:04:57.676+0000] {local_task_job_runner.py:225} INFO - Task exited with return code 0
[2024-12-09T17:04:57.768+0000] {taskinstance.py:2653} INFO - 0 downstream tasks scheduled from follow-on schedule check
[2024-12-09T17:45:32.801+0000] {taskinstance.py:1103} INFO - Dependencies all met for dep_context=non-requeueable deps ti=<TaskInstance: manufacturer_etl.fetch_manufacturer_data scheduled__2024-07-07T00:00:00+00:00 [queued]>
[2024-12-09T17:45:32.821+0000] {taskinstance.py:1103} INFO - Dependencies all met for dep_context=requeueable deps ti=<TaskInstance: manufacturer_etl.fetch_manufacturer_data scheduled__2024-07-07T00:00:00+00:00 [queued]>
[2024-12-09T17:45:32.821+0000] {taskinstance.py:1308} INFO - Starting attempt 1 of 1
[2024-12-09T17:45:32.855+0000] {taskinstance.py:1327} INFO - Executing <Task(PythonOperator): fetch_manufacturer_data> on 2024-07-07 00:00:00+00:00
[2024-12-09T17:45:32.861+0000] {standard_task_runner.py:57} INFO - Started process 897 to run task
[2024-12-09T17:45:32.868+0000] {standard_task_runner.py:84} INFO - Running: ['airflow', 'tasks', 'run', 'manufacturer_etl', 'fetch_manufacturer_data', 'scheduled__2024-07-07T00:00:00+00:00', '--job-id', '204', '--raw', '--subdir', 'DAGS_FOLDER/manufacturer_etl.py', '--cfg-path', '/tmp/tmpeomddyk3']
[2024-12-09T17:45:32.871+0000] {standard_task_runner.py:85} INFO - Job 204: Subtask fetch_manufacturer_data
[2024-12-09T17:45:32.994+0000] {task_command.py:410} INFO - Running <TaskInstance: manufacturer_etl.fetch_manufacturer_data scheduled__2024-07-07T00:00:00+00:00 [running]> on host 916d98ee7a08
[2024-12-09T17:45:33.214+0000] {taskinstance.py:1547} INFO - Exporting env vars: AIRFLOW_CTX_DAG_OWNER='airflow' AIRFLOW_CTX_DAG_ID='manufacturer_etl' AIRFLOW_CTX_TASK_ID='fetch_manufacturer_data' AIRFLOW_CTX_EXECUTION_DATE='2024-07-07T00:00:00+00:00' AIRFLOW_CTX_TRY_NUMBER='1' AIRFLOW_CTX_DAG_RUN_ID='scheduled__2024-07-07T00:00:00+00:00'
[2024-12-09T17:45:33.217+0000] {manufacturer_etl.py:37} INFO - Fetching manufacturer details from the API.
[2024-12-09T17:45:34.938+0000] {manufacturer_etl.py:43} INFO - Successfully fetched 100 manufacturer records.
[2024-12-09T17:45:34.946+0000] {manufacturer_etl.py:48} INFO - Data saved to /opt/airflow/data/raw_manufacturer_data.json
[2024-12-09T17:45:34.950+0000] {python.py:183} INFO - Done. Returned value was: None
[2024-12-09T17:45:34.973+0000] {taskinstance.py:1350} INFO - Marking task as SUCCESS. dag_id=manufacturer_etl, task_id=fetch_manufacturer_data, execution_date=20240707T000000, start_date=20241209T174532, end_date=20241209T174534
[2024-12-09T17:45:35.054+0000] {local_task_job_runner.py:225} INFO - Task exited with return code 0
[2024-12-09T17:45:35.094+0000] {taskinstance.py:2653} INFO - 0 downstream tasks scheduled from follow-on schedule check
