[2024-12-09T15:44:46.872+0000] {taskinstance.py:1103} INFO - Dependencies all met for dep_context=non-requeueable deps ti=<TaskInstance: manufacturer_etl.fetch_manufacturer_data scheduled__2024-01-25T00:00:00+00:00 [queued]>
[2024-12-09T15:44:46.882+0000] {taskinstance.py:1103} INFO - Dependencies all met for dep_context=requeueable deps ti=<TaskInstance: manufacturer_etl.fetch_manufacturer_data scheduled__2024-01-25T00:00:00+00:00 [queued]>
[2024-12-09T15:44:46.882+0000] {taskinstance.py:1308} INFO - Starting attempt 1 of 1
[2024-12-09T15:44:46.897+0000] {taskinstance.py:1327} INFO - Executing <Task(PythonOperator): fetch_manufacturer_data> on 2024-01-25 00:00:00+00:00
[2024-12-09T15:44:46.901+0000] {standard_task_runner.py:57} INFO - Started process 209 to run task
[2024-12-09T15:44:46.904+0000] {standard_task_runner.py:84} INFO - Running: ['airflow', 'tasks', 'run', 'manufacturer_etl', 'fetch_manufacturer_data', 'scheduled__2024-01-25T00:00:00+00:00', '--job-id', '40', '--raw', '--subdir', 'DAGS_FOLDER/manufacturer_etl.py', '--cfg-path', '/tmp/tmptzrysr53']
[2024-12-09T15:44:46.905+0000] {standard_task_runner.py:85} INFO - Job 40: Subtask fetch_manufacturer_data
[2024-12-09T15:44:46.956+0000] {task_command.py:410} INFO - Running <TaskInstance: manufacturer_etl.fetch_manufacturer_data scheduled__2024-01-25T00:00:00+00:00 [running]> on host 782927b5dd22
[2024-12-09T15:44:47.061+0000] {taskinstance.py:1547} INFO - Exporting env vars: AIRFLOW_CTX_DAG_OWNER='airflow' AIRFLOW_CTX_DAG_ID='manufacturer_etl' AIRFLOW_CTX_TASK_ID='fetch_manufacturer_data' AIRFLOW_CTX_EXECUTION_DATE='2024-01-25T00:00:00+00:00' AIRFLOW_CTX_TRY_NUMBER='1' AIRFLOW_CTX_DAG_RUN_ID='scheduled__2024-01-25T00:00:00+00:00'
[2024-12-09T15:44:47.062+0000] {manufacturer_etl.py:37} INFO - Fetching manufacturer details from the API.
[2024-12-09T15:44:55.985+0000] {manufacturer_etl.py:43} INFO - Successfully fetched 100 manufacturer records.
[2024-12-09T15:44:55.989+0000] {manufacturer_etl.py:48} INFO - Data saved to /opt/airflow/data/raw_manufacturer_data.json
[2024-12-09T15:44:55.991+0000] {python.py:183} INFO - Done. Returned value was: None
[2024-12-09T15:44:56.002+0000] {taskinstance.py:1350} INFO - Marking task as SUCCESS. dag_id=manufacturer_etl, task_id=fetch_manufacturer_data, execution_date=20240125T000000, start_date=20241209T154446, end_date=20241209T154456
[2024-12-09T15:44:56.026+0000] {local_task_job_runner.py:225} INFO - Task exited with return code 0
[2024-12-09T15:44:56.045+0000] {taskinstance.py:2653} INFO - 0 downstream tasks scheduled from follow-on schedule check
[2024-12-09T16:26:03.632+0000] {taskinstance.py:1103} INFO - Dependencies all met for dep_context=non-requeueable deps ti=<TaskInstance: manufacturer_etl.fetch_manufacturer_data scheduled__2024-01-25T00:00:00+00:00 [queued]>
[2024-12-09T16:26:03.650+0000] {taskinstance.py:1103} INFO - Dependencies all met for dep_context=requeueable deps ti=<TaskInstance: manufacturer_etl.fetch_manufacturer_data scheduled__2024-01-25T00:00:00+00:00 [queued]>
[2024-12-09T16:26:03.651+0000] {taskinstance.py:1308} INFO - Starting attempt 1 of 1
[2024-12-09T16:26:03.683+0000] {taskinstance.py:1327} INFO - Executing <Task(PythonOperator): fetch_manufacturer_data> on 2024-01-25 00:00:00+00:00
[2024-12-09T16:26:03.691+0000] {standard_task_runner.py:57} INFO - Started process 240 to run task
[2024-12-09T16:26:03.699+0000] {standard_task_runner.py:84} INFO - Running: ['airflow', 'tasks', 'run', 'manufacturer_etl', 'fetch_manufacturer_data', 'scheduled__2024-01-25T00:00:00+00:00', '--job-id', '145', '--raw', '--subdir', 'DAGS_FOLDER/manufacturer_etl.py', '--cfg-path', '/tmp/tmp6zez3lq9']
[2024-12-09T16:26:03.702+0000] {standard_task_runner.py:85} INFO - Job 145: Subtask fetch_manufacturer_data
[2024-12-09T16:26:03.826+0000] {task_command.py:410} INFO - Running <TaskInstance: manufacturer_etl.fetch_manufacturer_data scheduled__2024-01-25T00:00:00+00:00 [running]> on host 651f030c76c5
[2024-12-09T16:26:04.060+0000] {taskinstance.py:1547} INFO - Exporting env vars: AIRFLOW_CTX_DAG_OWNER='airflow' AIRFLOW_CTX_DAG_ID='manufacturer_etl' AIRFLOW_CTX_TASK_ID='fetch_manufacturer_data' AIRFLOW_CTX_EXECUTION_DATE='2024-01-25T00:00:00+00:00' AIRFLOW_CTX_TRY_NUMBER='1' AIRFLOW_CTX_DAG_RUN_ID='scheduled__2024-01-25T00:00:00+00:00'
[2024-12-09T16:26:04.063+0000] {manufacturer_etl.py:37} INFO - Fetching manufacturer details from the API.
[2024-12-09T16:26:13.040+0000] {manufacturer_etl.py:43} INFO - Successfully fetched 100 manufacturer records.
[2024-12-09T16:26:13.055+0000] {manufacturer_etl.py:48} INFO - Data saved to /opt/airflow/data/raw_manufacturer_data.json
[2024-12-09T16:26:13.060+0000] {python.py:183} INFO - Done. Returned value was: None
[2024-12-09T16:26:13.116+0000] {taskinstance.py:1350} INFO - Marking task as SUCCESS. dag_id=manufacturer_etl, task_id=fetch_manufacturer_data, execution_date=20240125T000000, start_date=20241209T162603, end_date=20241209T162613
[2024-12-09T16:26:13.190+0000] {local_task_job_runner.py:225} INFO - Task exited with return code 0
[2024-12-09T16:26:13.280+0000] {taskinstance.py:2653} INFO - 0 downstream tasks scheduled from follow-on schedule check
[2024-12-09T17:23:54.431+0000] {taskinstance.py:1103} INFO - Dependencies all met for dep_context=non-requeueable deps ti=<TaskInstance: manufacturer_etl.fetch_manufacturer_data scheduled__2024-01-25T00:00:00+00:00 [queued]>
[2024-12-09T17:23:54.452+0000] {taskinstance.py:1103} INFO - Dependencies all met for dep_context=requeueable deps ti=<TaskInstance: manufacturer_etl.fetch_manufacturer_data scheduled__2024-01-25T00:00:00+00:00 [queued]>
[2024-12-09T17:23:54.453+0000] {taskinstance.py:1308} INFO - Starting attempt 1 of 1
[2024-12-09T17:23:54.482+0000] {taskinstance.py:1327} INFO - Executing <Task(PythonOperator): fetch_manufacturer_data> on 2024-01-25 00:00:00+00:00
[2024-12-09T17:23:54.488+0000] {standard_task_runner.py:57} INFO - Started process 199 to run task
[2024-12-09T17:23:54.495+0000] {standard_task_runner.py:84} INFO - Running: ['airflow', 'tasks', 'run', 'manufacturer_etl', 'fetch_manufacturer_data', 'scheduled__2024-01-25T00:00:00+00:00', '--job-id', '40', '--raw', '--subdir', 'DAGS_FOLDER/manufacturer_etl.py', '--cfg-path', '/tmp/tmpyhz46zdr']
[2024-12-09T17:23:54.498+0000] {standard_task_runner.py:85} INFO - Job 40: Subtask fetch_manufacturer_data
[2024-12-09T17:23:54.593+0000] {task_command.py:410} INFO - Running <TaskInstance: manufacturer_etl.fetch_manufacturer_data scheduled__2024-01-25T00:00:00+00:00 [running]> on host 916d98ee7a08
[2024-12-09T17:23:54.788+0000] {taskinstance.py:1547} INFO - Exporting env vars: AIRFLOW_CTX_DAG_OWNER='airflow' AIRFLOW_CTX_DAG_ID='manufacturer_etl' AIRFLOW_CTX_TASK_ID='fetch_manufacturer_data' AIRFLOW_CTX_EXECUTION_DATE='2024-01-25T00:00:00+00:00' AIRFLOW_CTX_TRY_NUMBER='1' AIRFLOW_CTX_DAG_RUN_ID='scheduled__2024-01-25T00:00:00+00:00'
[2024-12-09T17:23:54.790+0000] {manufacturer_etl.py:37} INFO - Fetching manufacturer details from the API.
[2024-12-09T17:23:55.980+0000] {manufacturer_etl.py:43} INFO - Successfully fetched 100 manufacturer records.
[2024-12-09T17:23:55.987+0000] {manufacturer_etl.py:48} INFO - Data saved to /opt/airflow/data/raw_manufacturer_data.json
[2024-12-09T17:23:55.989+0000] {python.py:183} INFO - Done. Returned value was: None
[2024-12-09T17:23:56.009+0000] {taskinstance.py:1350} INFO - Marking task as SUCCESS. dag_id=manufacturer_etl, task_id=fetch_manufacturer_data, execution_date=20240125T000000, start_date=20241209T172354, end_date=20241209T172356
[2024-12-09T17:23:56.067+0000] {local_task_job_runner.py:225} INFO - Task exited with return code 0
[2024-12-09T17:23:56.103+0000] {taskinstance.py:2653} INFO - 0 downstream tasks scheduled from follow-on schedule check
