[2024-12-09T17:03:20.379+0000] {taskinstance.py:1103} INFO - Dependencies all met for dep_context=non-requeueable deps ti=<TaskInstance: manufacturer_etl.fetch_manufacturer_data scheduled__2024-07-01T00:00:00+00:00 [queued]>
[2024-12-09T17:03:20.400+0000] {taskinstance.py:1103} INFO - Dependencies all met for dep_context=requeueable deps ti=<TaskInstance: manufacturer_etl.fetch_manufacturer_data scheduled__2024-07-01T00:00:00+00:00 [queued]>
[2024-12-09T17:03:20.401+0000] {taskinstance.py:1308} INFO - Starting attempt 1 of 1
[2024-12-09T17:03:20.431+0000] {taskinstance.py:1327} INFO - Executing <Task(PythonOperator): fetch_manufacturer_data> on 2024-07-01 00:00:00+00:00
[2024-12-09T17:03:20.439+0000] {standard_task_runner.py:57} INFO - Started process 945 to run task
[2024-12-09T17:03:20.445+0000] {standard_task_runner.py:84} INFO - Running: ['airflow', 'tasks', 'run', 'manufacturer_etl', 'fetch_manufacturer_data', 'scheduled__2024-07-01T00:00:00+00:00', '--job-id', '303', '--raw', '--subdir', 'DAGS_FOLDER/manufacturer_etl.py', '--cfg-path', '/tmp/tmpoc2v59x4']
[2024-12-09T17:03:20.448+0000] {standard_task_runner.py:85} INFO - Job 303: Subtask fetch_manufacturer_data
[2024-12-09T17:03:20.553+0000] {task_command.py:410} INFO - Running <TaskInstance: manufacturer_etl.fetch_manufacturer_data scheduled__2024-07-01T00:00:00+00:00 [running]> on host 651f030c76c5
[2024-12-09T17:03:20.762+0000] {taskinstance.py:1547} INFO - Exporting env vars: AIRFLOW_CTX_DAG_OWNER='airflow' AIRFLOW_CTX_DAG_ID='manufacturer_etl' AIRFLOW_CTX_TASK_ID='fetch_manufacturer_data' AIRFLOW_CTX_EXECUTION_DATE='2024-07-01T00:00:00+00:00' AIRFLOW_CTX_TRY_NUMBER='1' AIRFLOW_CTX_DAG_RUN_ID='scheduled__2024-07-01T00:00:00+00:00'
[2024-12-09T17:03:20.764+0000] {manufacturer_etl.py:37} INFO - Fetching manufacturer details from the API.
[2024-12-09T17:03:29.785+0000] {manufacturer_etl.py:43} INFO - Successfully fetched 100 manufacturer records.
[2024-12-09T17:03:29.794+0000] {manufacturer_etl.py:48} INFO - Data saved to /opt/airflow/data/raw_manufacturer_data.json
[2024-12-09T17:03:29.797+0000] {python.py:183} INFO - Done. Returned value was: None
[2024-12-09T17:03:29.824+0000] {taskinstance.py:1350} INFO - Marking task as SUCCESS. dag_id=manufacturer_etl, task_id=fetch_manufacturer_data, execution_date=20240701T000000, start_date=20241209T170320, end_date=20241209T170329
[2024-12-09T17:03:29.871+0000] {local_task_job_runner.py:225} INFO - Task exited with return code 0
[2024-12-09T17:03:29.909+0000] {taskinstance.py:2653} INFO - 0 downstream tasks scheduled from follow-on schedule check
[2024-12-09T17:44:45.171+0000] {taskinstance.py:1103} INFO - Dependencies all met for dep_context=non-requeueable deps ti=<TaskInstance: manufacturer_etl.fetch_manufacturer_data scheduled__2024-07-01T00:00:00+00:00 [queued]>
[2024-12-09T17:44:45.190+0000] {taskinstance.py:1103} INFO - Dependencies all met for dep_context=requeueable deps ti=<TaskInstance: manufacturer_etl.fetch_manufacturer_data scheduled__2024-07-01T00:00:00+00:00 [queued]>
[2024-12-09T17:44:45.191+0000] {taskinstance.py:1308} INFO - Starting attempt 1 of 1
[2024-12-09T17:44:45.219+0000] {taskinstance.py:1327} INFO - Executing <Task(PythonOperator): fetch_manufacturer_data> on 2024-07-01 00:00:00+00:00
[2024-12-09T17:44:45.225+0000] {standard_task_runner.py:57} INFO - Started process 872 to run task
[2024-12-09T17:44:45.231+0000] {standard_task_runner.py:84} INFO - Running: ['airflow', 'tasks', 'run', 'manufacturer_etl', 'fetch_manufacturer_data', 'scheduled__2024-07-01T00:00:00+00:00', '--job-id', '198', '--raw', '--subdir', 'DAGS_FOLDER/manufacturer_etl.py', '--cfg-path', '/tmp/tmpd_3x8rhg']
[2024-12-09T17:44:45.233+0000] {standard_task_runner.py:85} INFO - Job 198: Subtask fetch_manufacturer_data
[2024-12-09T17:44:45.331+0000] {task_command.py:410} INFO - Running <TaskInstance: manufacturer_etl.fetch_manufacturer_data scheduled__2024-07-01T00:00:00+00:00 [running]> on host 916d98ee7a08
[2024-12-09T17:44:45.528+0000] {taskinstance.py:1547} INFO - Exporting env vars: AIRFLOW_CTX_DAG_OWNER='airflow' AIRFLOW_CTX_DAG_ID='manufacturer_etl' AIRFLOW_CTX_TASK_ID='fetch_manufacturer_data' AIRFLOW_CTX_EXECUTION_DATE='2024-07-01T00:00:00+00:00' AIRFLOW_CTX_TRY_NUMBER='1' AIRFLOW_CTX_DAG_RUN_ID='scheduled__2024-07-01T00:00:00+00:00'
[2024-12-09T17:44:45.531+0000] {manufacturer_etl.py:37} INFO - Fetching manufacturer details from the API.
[2024-12-09T17:44:47.930+0000] {manufacturer_etl.py:43} INFO - Successfully fetched 100 manufacturer records.
[2024-12-09T17:44:47.937+0000] {manufacturer_etl.py:48} INFO - Data saved to /opt/airflow/data/raw_manufacturer_data.json
[2024-12-09T17:44:47.940+0000] {python.py:183} INFO - Done. Returned value was: None
[2024-12-09T17:44:47.961+0000] {taskinstance.py:1350} INFO - Marking task as SUCCESS. dag_id=manufacturer_etl, task_id=fetch_manufacturer_data, execution_date=20240701T000000, start_date=20241209T174445, end_date=20241209T174447
[2024-12-09T17:44:47.990+0000] {local_task_job_runner.py:225} INFO - Task exited with return code 0
[2024-12-09T17:44:48.026+0000] {taskinstance.py:2653} INFO - 0 downstream tasks scheduled from follow-on schedule check
