[2024-12-09T16:57:52.568+0000] {taskinstance.py:1103} INFO - Dependencies all met for dep_context=non-requeueable deps ti=<TaskInstance: manufacturer_etl.fetch_manufacturer_data scheduled__2024-06-08T00:00:00+00:00 [queued]>
[2024-12-09T16:57:52.597+0000] {taskinstance.py:1103} INFO - Dependencies all met for dep_context=requeueable deps ti=<TaskInstance: manufacturer_etl.fetch_manufacturer_data scheduled__2024-06-08T00:00:00+00:00 [queued]>
[2024-12-09T16:57:52.598+0000] {taskinstance.py:1308} INFO - Starting attempt 1 of 1
[2024-12-09T16:57:52.646+0000] {taskinstance.py:1327} INFO - Executing <Task(PythonOperator): fetch_manufacturer_data> on 2024-06-08 00:00:00+00:00
[2024-12-09T16:57:52.657+0000] {standard_task_runner.py:57} INFO - Started process 843 to run task
[2024-12-09T16:57:52.667+0000] {standard_task_runner.py:84} INFO - Running: ['airflow', 'tasks', 'run', 'manufacturer_etl', 'fetch_manufacturer_data', 'scheduled__2024-06-08T00:00:00+00:00', '--job-id', '280', '--raw', '--subdir', 'DAGS_FOLDER/manufacturer_etl.py', '--cfg-path', '/tmp/tmp30ozhylm']
[2024-12-09T16:57:52.671+0000] {standard_task_runner.py:85} INFO - Job 280: Subtask fetch_manufacturer_data
[2024-12-09T16:57:52.866+0000] {task_command.py:410} INFO - Running <TaskInstance: manufacturer_etl.fetch_manufacturer_data scheduled__2024-06-08T00:00:00+00:00 [running]> on host 651f030c76c5
[2024-12-09T16:57:53.292+0000] {taskinstance.py:1547} INFO - Exporting env vars: AIRFLOW_CTX_DAG_OWNER='airflow' AIRFLOW_CTX_DAG_ID='manufacturer_etl' AIRFLOW_CTX_TASK_ID='fetch_manufacturer_data' AIRFLOW_CTX_EXECUTION_DATE='2024-06-08T00:00:00+00:00' AIRFLOW_CTX_TRY_NUMBER='1' AIRFLOW_CTX_DAG_RUN_ID='scheduled__2024-06-08T00:00:00+00:00'
[2024-12-09T16:57:53.295+0000] {manufacturer_etl.py:37} INFO - Fetching manufacturer details from the API.
[2024-12-09T16:57:58.396+0000] {manufacturer_etl.py:43} INFO - Successfully fetched 100 manufacturer records.
[2024-12-09T16:57:58.410+0000] {manufacturer_etl.py:48} INFO - Data saved to /opt/airflow/data/raw_manufacturer_data.json
[2024-12-09T16:57:58.415+0000] {python.py:183} INFO - Done. Returned value was: None
[2024-12-09T16:57:58.476+0000] {taskinstance.py:1350} INFO - Marking task as SUCCESS. dag_id=manufacturer_etl, task_id=fetch_manufacturer_data, execution_date=20240608T000000, start_date=20241209T165752, end_date=20241209T165758
[2024-12-09T16:57:58.549+0000] {local_task_job_runner.py:225} INFO - Task exited with return code 0
[2024-12-09T16:57:58.639+0000] {taskinstance.py:2653} INFO - 0 downstream tasks scheduled from follow-on schedule check
[2024-12-09T17:41:29.708+0000] {taskinstance.py:1103} INFO - Dependencies all met for dep_context=non-requeueable deps ti=<TaskInstance: manufacturer_etl.fetch_manufacturer_data scheduled__2024-06-08T00:00:00+00:00 [queued]>
[2024-12-09T17:41:29.726+0000] {taskinstance.py:1103} INFO - Dependencies all met for dep_context=requeueable deps ti=<TaskInstance: manufacturer_etl.fetch_manufacturer_data scheduled__2024-06-08T00:00:00+00:00 [queued]>
[2024-12-09T17:41:29.727+0000] {taskinstance.py:1308} INFO - Starting attempt 1 of 1
[2024-12-09T17:41:29.755+0000] {taskinstance.py:1327} INFO - Executing <Task(PythonOperator): fetch_manufacturer_data> on 2024-06-08 00:00:00+00:00
[2024-12-09T17:41:29.761+0000] {standard_task_runner.py:57} INFO - Started process 773 to run task
[2024-12-09T17:41:29.768+0000] {standard_task_runner.py:84} INFO - Running: ['airflow', 'tasks', 'run', 'manufacturer_etl', 'fetch_manufacturer_data', 'scheduled__2024-06-08T00:00:00+00:00', '--job-id', '175', '--raw', '--subdir', 'DAGS_FOLDER/manufacturer_etl.py', '--cfg-path', '/tmp/tmp981u6_z3']
[2024-12-09T17:41:29.771+0000] {standard_task_runner.py:85} INFO - Job 175: Subtask fetch_manufacturer_data
[2024-12-09T17:41:29.867+0000] {task_command.py:410} INFO - Running <TaskInstance: manufacturer_etl.fetch_manufacturer_data scheduled__2024-06-08T00:00:00+00:00 [running]> on host 916d98ee7a08
[2024-12-09T17:41:30.071+0000] {taskinstance.py:1547} INFO - Exporting env vars: AIRFLOW_CTX_DAG_OWNER='airflow' AIRFLOW_CTX_DAG_ID='manufacturer_etl' AIRFLOW_CTX_TASK_ID='fetch_manufacturer_data' AIRFLOW_CTX_EXECUTION_DATE='2024-06-08T00:00:00+00:00' AIRFLOW_CTX_TRY_NUMBER='1' AIRFLOW_CTX_DAG_RUN_ID='scheduled__2024-06-08T00:00:00+00:00'
[2024-12-09T17:41:30.074+0000] {manufacturer_etl.py:37} INFO - Fetching manufacturer details from the API.
[2024-12-09T17:41:32.041+0000] {manufacturer_etl.py:43} INFO - Successfully fetched 100 manufacturer records.
[2024-12-09T17:41:32.050+0000] {manufacturer_etl.py:48} INFO - Data saved to /opt/airflow/data/raw_manufacturer_data.json
[2024-12-09T17:41:32.053+0000] {python.py:183} INFO - Done. Returned value was: None
[2024-12-09T17:41:32.074+0000] {taskinstance.py:1350} INFO - Marking task as SUCCESS. dag_id=manufacturer_etl, task_id=fetch_manufacturer_data, execution_date=20240608T000000, start_date=20241209T174129, end_date=20241209T174132
[2024-12-09T17:41:32.118+0000] {local_task_job_runner.py:225} INFO - Task exited with return code 0
[2024-12-09T17:41:32.154+0000] {taskinstance.py:2653} INFO - 0 downstream tasks scheduled from follow-on schedule check
