[2024-12-09T16:50:11.879+0000] {taskinstance.py:1103} INFO - Dependencies all met for dep_context=non-requeueable deps ti=<TaskInstance: manufacturer_etl.fetch_manufacturer_data scheduled__2024-05-07T00:00:00+00:00 [queued]>
[2024-12-09T16:50:11.903+0000] {taskinstance.py:1103} INFO - Dependencies all met for dep_context=requeueable deps ti=<TaskInstance: manufacturer_etl.fetch_manufacturer_data scheduled__2024-05-07T00:00:00+00:00 [queued]>
[2024-12-09T16:50:11.904+0000] {taskinstance.py:1308} INFO - Starting attempt 1 of 1
[2024-12-09T16:50:11.940+0000] {taskinstance.py:1327} INFO - Executing <Task(PythonOperator): fetch_manufacturer_data> on 2024-05-07 00:00:00+00:00
[2024-12-09T16:50:11.948+0000] {standard_task_runner.py:57} INFO - Started process 699 to run task
[2024-12-09T16:50:11.955+0000] {standard_task_runner.py:84} INFO - Running: ['airflow', 'tasks', 'run', 'manufacturer_etl', 'fetch_manufacturer_data', 'scheduled__2024-05-07T00:00:00+00:00', '--job-id', '248', '--raw', '--subdir', 'DAGS_FOLDER/manufacturer_etl.py', '--cfg-path', '/tmp/tmpmorzj_x0']
[2024-12-09T16:50:11.959+0000] {standard_task_runner.py:85} INFO - Job 248: Subtask fetch_manufacturer_data
[2024-12-09T16:50:12.088+0000] {task_command.py:410} INFO - Running <TaskInstance: manufacturer_etl.fetch_manufacturer_data scheduled__2024-05-07T00:00:00+00:00 [running]> on host 651f030c76c5
[2024-12-09T16:50:12.356+0000] {taskinstance.py:1547} INFO - Exporting env vars: AIRFLOW_CTX_DAG_OWNER='airflow' AIRFLOW_CTX_DAG_ID='manufacturer_etl' AIRFLOW_CTX_TASK_ID='fetch_manufacturer_data' AIRFLOW_CTX_EXECUTION_DATE='2024-05-07T00:00:00+00:00' AIRFLOW_CTX_TRY_NUMBER='1' AIRFLOW_CTX_DAG_RUN_ID='scheduled__2024-05-07T00:00:00+00:00'
[2024-12-09T16:50:12.358+0000] {manufacturer_etl.py:37} INFO - Fetching manufacturer details from the API.
[2024-12-09T16:50:21.277+0000] {manufacturer_etl.py:43} INFO - Successfully fetched 100 manufacturer records.
[2024-12-09T16:50:21.291+0000] {manufacturer_etl.py:48} INFO - Data saved to /opt/airflow/data/raw_manufacturer_data.json
[2024-12-09T16:50:21.296+0000] {python.py:183} INFO - Done. Returned value was: None
[2024-12-09T16:50:21.353+0000] {taskinstance.py:1350} INFO - Marking task as SUCCESS. dag_id=manufacturer_etl, task_id=fetch_manufacturer_data, execution_date=20240507T000000, start_date=20241209T165011, end_date=20241209T165021
[2024-12-09T16:50:21.442+0000] {local_task_job_runner.py:225} INFO - Task exited with return code 0
[2024-12-09T16:50:21.537+0000] {taskinstance.py:2653} INFO - 0 downstream tasks scheduled from follow-on schedule check
[2024-12-09T17:37:11.100+0000] {taskinstance.py:1103} INFO - Dependencies all met for dep_context=non-requeueable deps ti=<TaskInstance: manufacturer_etl.fetch_manufacturer_data scheduled__2024-05-07T00:00:00+00:00 [queued]>
[2024-12-09T17:37:11.119+0000] {taskinstance.py:1103} INFO - Dependencies all met for dep_context=requeueable deps ti=<TaskInstance: manufacturer_etl.fetch_manufacturer_data scheduled__2024-05-07T00:00:00+00:00 [queued]>
[2024-12-09T17:37:11.120+0000] {taskinstance.py:1308} INFO - Starting attempt 1 of 1
[2024-12-09T17:37:11.149+0000] {taskinstance.py:1327} INFO - Executing <Task(PythonOperator): fetch_manufacturer_data> on 2024-05-07 00:00:00+00:00
[2024-12-09T17:37:11.156+0000] {standard_task_runner.py:57} INFO - Started process 637 to run task
[2024-12-09T17:37:11.162+0000] {standard_task_runner.py:84} INFO - Running: ['airflow', 'tasks', 'run', 'manufacturer_etl', 'fetch_manufacturer_data', 'scheduled__2024-05-07T00:00:00+00:00', '--job-id', '143', '--raw', '--subdir', 'DAGS_FOLDER/manufacturer_etl.py', '--cfg-path', '/tmp/tmp0crur5t8']
[2024-12-09T17:37:11.165+0000] {standard_task_runner.py:85} INFO - Job 143: Subtask fetch_manufacturer_data
[2024-12-09T17:37:11.264+0000] {task_command.py:410} INFO - Running <TaskInstance: manufacturer_etl.fetch_manufacturer_data scheduled__2024-05-07T00:00:00+00:00 [running]> on host 916d98ee7a08
[2024-12-09T17:37:11.467+0000] {taskinstance.py:1547} INFO - Exporting env vars: AIRFLOW_CTX_DAG_OWNER='airflow' AIRFLOW_CTX_DAG_ID='manufacturer_etl' AIRFLOW_CTX_TASK_ID='fetch_manufacturer_data' AIRFLOW_CTX_EXECUTION_DATE='2024-05-07T00:00:00+00:00' AIRFLOW_CTX_TRY_NUMBER='1' AIRFLOW_CTX_DAG_RUN_ID='scheduled__2024-05-07T00:00:00+00:00'
[2024-12-09T17:37:11.470+0000] {manufacturer_etl.py:37} INFO - Fetching manufacturer details from the API.
[2024-12-09T17:37:12.867+0000] {manufacturer_etl.py:43} INFO - Successfully fetched 100 manufacturer records.
[2024-12-09T17:37:12.873+0000] {manufacturer_etl.py:48} INFO - Data saved to /opt/airflow/data/raw_manufacturer_data.json
[2024-12-09T17:37:12.876+0000] {python.py:183} INFO - Done. Returned value was: None
[2024-12-09T17:37:12.897+0000] {taskinstance.py:1350} INFO - Marking task as SUCCESS. dag_id=manufacturer_etl, task_id=fetch_manufacturer_data, execution_date=20240507T000000, start_date=20241209T173711, end_date=20241209T173712
[2024-12-09T17:37:12.938+0000] {local_task_job_runner.py:225} INFO - Task exited with return code 0
[2024-12-09T17:37:12.975+0000] {taskinstance.py:2653} INFO - 0 downstream tasks scheduled from follow-on schedule check
