[2024-12-09T16:56:18.237+0000] {taskinstance.py:1103} INFO - Dependencies all met for dep_context=non-requeueable deps ti=<TaskInstance: manufacturer_etl.fetch_manufacturer_data scheduled__2024-06-01T00:00:00+00:00 [queued]>
[2024-12-09T16:56:18.261+0000] {taskinstance.py:1103} INFO - Dependencies all met for dep_context=requeueable deps ti=<TaskInstance: manufacturer_etl.fetch_manufacturer_data scheduled__2024-06-01T00:00:00+00:00 [queued]>
[2024-12-09T16:56:18.262+0000] {taskinstance.py:1308} INFO - Starting attempt 1 of 1
[2024-12-09T16:56:18.296+0000] {taskinstance.py:1327} INFO - Executing <Task(PythonOperator): fetch_manufacturer_data> on 2024-06-01 00:00:00+00:00
[2024-12-09T16:56:18.303+0000] {standard_task_runner.py:57} INFO - Started process 811 to run task
[2024-12-09T16:56:18.310+0000] {standard_task_runner.py:84} INFO - Running: ['airflow', 'tasks', 'run', 'manufacturer_etl', 'fetch_manufacturer_data', 'scheduled__2024-06-01T00:00:00+00:00', '--job-id', '273', '--raw', '--subdir', 'DAGS_FOLDER/manufacturer_etl.py', '--cfg-path', '/tmp/tmpd7c_7tf9']
[2024-12-09T16:56:18.313+0000] {standard_task_runner.py:85} INFO - Job 273: Subtask fetch_manufacturer_data
[2024-12-09T16:56:18.459+0000] {task_command.py:410} INFO - Running <TaskInstance: manufacturer_etl.fetch_manufacturer_data scheduled__2024-06-01T00:00:00+00:00 [running]> on host 651f030c76c5
[2024-12-09T16:56:18.696+0000] {taskinstance.py:1547} INFO - Exporting env vars: AIRFLOW_CTX_DAG_OWNER='airflow' AIRFLOW_CTX_DAG_ID='manufacturer_etl' AIRFLOW_CTX_TASK_ID='fetch_manufacturer_data' AIRFLOW_CTX_EXECUTION_DATE='2024-06-01T00:00:00+00:00' AIRFLOW_CTX_TRY_NUMBER='1' AIRFLOW_CTX_DAG_RUN_ID='scheduled__2024-06-01T00:00:00+00:00'
[2024-12-09T16:56:18.698+0000] {manufacturer_etl.py:37} INFO - Fetching manufacturer details from the API.
[2024-12-09T16:56:23.671+0000] {manufacturer_etl.py:43} INFO - Successfully fetched 100 manufacturer records.
[2024-12-09T16:56:23.677+0000] {manufacturer_etl.py:48} INFO - Data saved to /opt/airflow/data/raw_manufacturer_data.json
[2024-12-09T16:56:23.680+0000] {python.py:183} INFO - Done. Returned value was: None
[2024-12-09T16:56:23.703+0000] {taskinstance.py:1350} INFO - Marking task as SUCCESS. dag_id=manufacturer_etl, task_id=fetch_manufacturer_data, execution_date=20240601T000000, start_date=20241209T165618, end_date=20241209T165623
[2024-12-09T16:56:23.764+0000] {local_task_job_runner.py:225} INFO - Task exited with return code 0
[2024-12-09T16:56:23.850+0000] {taskinstance.py:2653} INFO - 0 downstream tasks scheduled from follow-on schedule check
[2024-12-09T17:40:36.857+0000] {taskinstance.py:1103} INFO - Dependencies all met for dep_context=non-requeueable deps ti=<TaskInstance: manufacturer_etl.fetch_manufacturer_data scheduled__2024-06-01T00:00:00+00:00 [queued]>
[2024-12-09T17:40:36.875+0000] {taskinstance.py:1103} INFO - Dependencies all met for dep_context=requeueable deps ti=<TaskInstance: manufacturer_etl.fetch_manufacturer_data scheduled__2024-06-01T00:00:00+00:00 [queued]>
[2024-12-09T17:40:36.876+0000] {taskinstance.py:1308} INFO - Starting attempt 1 of 1
[2024-12-09T17:40:36.906+0000] {taskinstance.py:1327} INFO - Executing <Task(PythonOperator): fetch_manufacturer_data> on 2024-06-01 00:00:00+00:00
[2024-12-09T17:40:36.913+0000] {standard_task_runner.py:57} INFO - Started process 744 to run task
[2024-12-09T17:40:36.919+0000] {standard_task_runner.py:84} INFO - Running: ['airflow', 'tasks', 'run', 'manufacturer_etl', 'fetch_manufacturer_data', 'scheduled__2024-06-01T00:00:00+00:00', '--job-id', '168', '--raw', '--subdir', 'DAGS_FOLDER/manufacturer_etl.py', '--cfg-path', '/tmp/tmp04yy543a']
[2024-12-09T17:40:36.921+0000] {standard_task_runner.py:85} INFO - Job 168: Subtask fetch_manufacturer_data
[2024-12-09T17:40:37.019+0000] {task_command.py:410} INFO - Running <TaskInstance: manufacturer_etl.fetch_manufacturer_data scheduled__2024-06-01T00:00:00+00:00 [running]> on host 916d98ee7a08
[2024-12-09T17:40:37.217+0000] {taskinstance.py:1547} INFO - Exporting env vars: AIRFLOW_CTX_DAG_OWNER='airflow' AIRFLOW_CTX_DAG_ID='manufacturer_etl' AIRFLOW_CTX_TASK_ID='fetch_manufacturer_data' AIRFLOW_CTX_EXECUTION_DATE='2024-06-01T00:00:00+00:00' AIRFLOW_CTX_TRY_NUMBER='1' AIRFLOW_CTX_DAG_RUN_ID='scheduled__2024-06-01T00:00:00+00:00'
[2024-12-09T17:40:37.220+0000] {manufacturer_etl.py:37} INFO - Fetching manufacturer details from the API.
[2024-12-09T17:40:40.127+0000] {manufacturer_etl.py:43} INFO - Successfully fetched 100 manufacturer records.
[2024-12-09T17:40:40.134+0000] {manufacturer_etl.py:48} INFO - Data saved to /opt/airflow/data/raw_manufacturer_data.json
[2024-12-09T17:40:40.137+0000] {python.py:183} INFO - Done. Returned value was: None
[2024-12-09T17:40:40.157+0000] {taskinstance.py:1350} INFO - Marking task as SUCCESS. dag_id=manufacturer_etl, task_id=fetch_manufacturer_data, execution_date=20240601T000000, start_date=20241209T174036, end_date=20241209T174040
[2024-12-09T17:40:40.212+0000] {local_task_job_runner.py:225} INFO - Task exited with return code 0
[2024-12-09T17:40:40.248+0000] {taskinstance.py:2653} INFO - 0 downstream tasks scheduled from follow-on schedule check
