[2024-12-09T16:44:09.551+0000] {taskinstance.py:1103} INFO - Dependencies all met for dep_context=non-requeueable deps ti=<TaskInstance: manufacturer_etl.fetch_manufacturer_data scheduled__2024-04-11T00:00:00+00:00 [queued]>
[2024-12-09T16:44:09.573+0000] {taskinstance.py:1103} INFO - Dependencies all met for dep_context=requeueable deps ti=<TaskInstance: manufacturer_etl.fetch_manufacturer_data scheduled__2024-04-11T00:00:00+00:00 [queued]>
[2024-12-09T16:44:09.574+0000] {taskinstance.py:1308} INFO - Starting attempt 1 of 1
[2024-12-09T16:44:09.609+0000] {taskinstance.py:1327} INFO - Executing <Task(PythonOperator): fetch_manufacturer_data> on 2024-04-11 00:00:00+00:00
[2024-12-09T16:44:09.616+0000] {standard_task_runner.py:57} INFO - Started process 584 to run task
[2024-12-09T16:44:09.623+0000] {standard_task_runner.py:84} INFO - Running: ['airflow', 'tasks', 'run', 'manufacturer_etl', 'fetch_manufacturer_data', 'scheduled__2024-04-11T00:00:00+00:00', '--job-id', '222', '--raw', '--subdir', 'DAGS_FOLDER/manufacturer_etl.py', '--cfg-path', '/tmp/tmpm5wru6t6']
[2024-12-09T16:44:09.625+0000] {standard_task_runner.py:85} INFO - Job 222: Subtask fetch_manufacturer_data
[2024-12-09T16:44:09.773+0000] {task_command.py:410} INFO - Running <TaskInstance: manufacturer_etl.fetch_manufacturer_data scheduled__2024-04-11T00:00:00+00:00 [running]> on host 651f030c76c5
[2024-12-09T16:44:10.011+0000] {taskinstance.py:1547} INFO - Exporting env vars: AIRFLOW_CTX_DAG_OWNER='airflow' AIRFLOW_CTX_DAG_ID='manufacturer_etl' AIRFLOW_CTX_TASK_ID='fetch_manufacturer_data' AIRFLOW_CTX_EXECUTION_DATE='2024-04-11T00:00:00+00:00' AIRFLOW_CTX_TRY_NUMBER='1' AIRFLOW_CTX_DAG_RUN_ID='scheduled__2024-04-11T00:00:00+00:00'
[2024-12-09T16:44:10.014+0000] {manufacturer_etl.py:37} INFO - Fetching manufacturer details from the API.
[2024-12-09T16:44:18.884+0000] {manufacturer_etl.py:43} INFO - Successfully fetched 100 manufacturer records.
[2024-12-09T16:44:18.898+0000] {manufacturer_etl.py:48} INFO - Data saved to /opt/airflow/data/raw_manufacturer_data.json
[2024-12-09T16:44:18.903+0000] {python.py:183} INFO - Done. Returned value was: None
[2024-12-09T16:44:18.967+0000] {taskinstance.py:1350} INFO - Marking task as SUCCESS. dag_id=manufacturer_etl, task_id=fetch_manufacturer_data, execution_date=20240411T000000, start_date=20241209T164409, end_date=20241209T164418
[2024-12-09T16:44:19.057+0000] {local_task_job_runner.py:225} INFO - Task exited with return code 0
[2024-12-09T16:44:19.151+0000] {taskinstance.py:2653} INFO - 0 downstream tasks scheduled from follow-on schedule check
[2024-12-09T17:33:54.331+0000] {taskinstance.py:1103} INFO - Dependencies all met for dep_context=non-requeueable deps ti=<TaskInstance: manufacturer_etl.fetch_manufacturer_data scheduled__2024-04-11T00:00:00+00:00 [queued]>
[2024-12-09T17:33:54.352+0000] {taskinstance.py:1103} INFO - Dependencies all met for dep_context=requeueable deps ti=<TaskInstance: manufacturer_etl.fetch_manufacturer_data scheduled__2024-04-11T00:00:00+00:00 [queued]>
[2024-12-09T17:33:54.352+0000] {taskinstance.py:1308} INFO - Starting attempt 1 of 1
[2024-12-09T17:33:54.384+0000] {taskinstance.py:1327} INFO - Executing <Task(PythonOperator): fetch_manufacturer_data> on 2024-04-11 00:00:00+00:00
[2024-12-09T17:33:54.392+0000] {standard_task_runner.py:57} INFO - Started process 526 to run task
[2024-12-09T17:33:54.399+0000] {standard_task_runner.py:84} INFO - Running: ['airflow', 'tasks', 'run', 'manufacturer_etl', 'fetch_manufacturer_data', 'scheduled__2024-04-11T00:00:00+00:00', '--job-id', '117', '--raw', '--subdir', 'DAGS_FOLDER/manufacturer_etl.py', '--cfg-path', '/tmp/tmps047dk3u']
[2024-12-09T17:33:54.402+0000] {standard_task_runner.py:85} INFO - Job 117: Subtask fetch_manufacturer_data
[2024-12-09T17:33:54.514+0000] {task_command.py:410} INFO - Running <TaskInstance: manufacturer_etl.fetch_manufacturer_data scheduled__2024-04-11T00:00:00+00:00 [running]> on host 916d98ee7a08
[2024-12-09T17:33:54.730+0000] {taskinstance.py:1547} INFO - Exporting env vars: AIRFLOW_CTX_DAG_OWNER='airflow' AIRFLOW_CTX_DAG_ID='manufacturer_etl' AIRFLOW_CTX_TASK_ID='fetch_manufacturer_data' AIRFLOW_CTX_EXECUTION_DATE='2024-04-11T00:00:00+00:00' AIRFLOW_CTX_TRY_NUMBER='1' AIRFLOW_CTX_DAG_RUN_ID='scheduled__2024-04-11T00:00:00+00:00'
[2024-12-09T17:33:54.732+0000] {manufacturer_etl.py:37} INFO - Fetching manufacturer details from the API.
[2024-12-09T17:33:56.464+0000] {manufacturer_etl.py:43} INFO - Successfully fetched 100 manufacturer records.
[2024-12-09T17:33:56.472+0000] {manufacturer_etl.py:48} INFO - Data saved to /opt/airflow/data/raw_manufacturer_data.json
[2024-12-09T17:33:56.475+0000] {python.py:183} INFO - Done. Returned value was: None
[2024-12-09T17:33:56.498+0000] {taskinstance.py:1350} INFO - Marking task as SUCCESS. dag_id=manufacturer_etl, task_id=fetch_manufacturer_data, execution_date=20240411T000000, start_date=20241209T173354, end_date=20241209T173356
[2024-12-09T17:33:56.545+0000] {local_task_job_runner.py:225} INFO - Task exited with return code 0
[2024-12-09T17:33:56.592+0000] {taskinstance.py:2653} INFO - 0 downstream tasks scheduled from follow-on schedule check
