[2024-12-09T15:50:37.890+0000] {taskinstance.py:1103} INFO - Dependencies all met for dep_context=non-requeueable deps ti=<TaskInstance: manufacturer_etl.fetch_manufacturer_data scheduled__2024-02-24T00:00:00+00:00 [queued]>
[2024-12-09T15:50:37.899+0000] {taskinstance.py:1103} INFO - Dependencies all met for dep_context=requeueable deps ti=<TaskInstance: manufacturer_etl.fetch_manufacturer_data scheduled__2024-02-24T00:00:00+00:00 [queued]>
[2024-12-09T15:50:37.900+0000] {taskinstance.py:1308} INFO - Starting attempt 1 of 1
[2024-12-09T15:50:37.914+0000] {taskinstance.py:1327} INFO - Executing <Task(PythonOperator): fetch_manufacturer_data> on 2024-02-24 00:00:00+00:00
[2024-12-09T15:50:37.919+0000] {standard_task_runner.py:57} INFO - Started process 341 to run task
[2024-12-09T15:50:37.922+0000] {standard_task_runner.py:84} INFO - Running: ['airflow', 'tasks', 'run', 'manufacturer_etl', 'fetch_manufacturer_data', 'scheduled__2024-02-24T00:00:00+00:00', '--job-id', '70', '--raw', '--subdir', 'DAGS_FOLDER/manufacturer_etl.py', '--cfg-path', '/tmp/tmpi2x33gh5']
[2024-12-09T15:50:37.923+0000] {standard_task_runner.py:85} INFO - Job 70: Subtask fetch_manufacturer_data
[2024-12-09T15:50:37.974+0000] {task_command.py:410} INFO - Running <TaskInstance: manufacturer_etl.fetch_manufacturer_data scheduled__2024-02-24T00:00:00+00:00 [running]> on host 782927b5dd22
[2024-12-09T15:50:38.079+0000] {taskinstance.py:1547} INFO - Exporting env vars: AIRFLOW_CTX_DAG_OWNER='airflow' AIRFLOW_CTX_DAG_ID='manufacturer_etl' AIRFLOW_CTX_TASK_ID='fetch_manufacturer_data' AIRFLOW_CTX_EXECUTION_DATE='2024-02-24T00:00:00+00:00' AIRFLOW_CTX_TRY_NUMBER='1' AIRFLOW_CTX_DAG_RUN_ID='scheduled__2024-02-24T00:00:00+00:00'
[2024-12-09T15:50:38.080+0000] {manufacturer_etl.py:37} INFO - Fetching manufacturer details from the API.
[2024-12-09T15:50:47.305+0000] {manufacturer_etl.py:43} INFO - Successfully fetched 100 manufacturer records.
[2024-12-09T15:50:47.309+0000] {manufacturer_etl.py:48} INFO - Data saved to /opt/airflow/data/raw_manufacturer_data.json
[2024-12-09T15:50:47.310+0000] {python.py:183} INFO - Done. Returned value was: None
[2024-12-09T15:50:47.321+0000] {taskinstance.py:1350} INFO - Marking task as SUCCESS. dag_id=manufacturer_etl, task_id=fetch_manufacturer_data, execution_date=20240224T000000, start_date=20241209T155037, end_date=20241209T155047
[2024-12-09T15:50:47.352+0000] {local_task_job_runner.py:225} INFO - Task exited with return code 0
[2024-12-09T15:50:47.376+0000] {taskinstance.py:2653} INFO - 0 downstream tasks scheduled from follow-on schedule check
[2024-12-09T16:33:08.186+0000] {taskinstance.py:1103} INFO - Dependencies all met for dep_context=non-requeueable deps ti=<TaskInstance: manufacturer_etl.fetch_manufacturer_data scheduled__2024-02-24T00:00:00+00:00 [queued]>
[2024-12-09T16:33:08.204+0000] {taskinstance.py:1103} INFO - Dependencies all met for dep_context=requeueable deps ti=<TaskInstance: manufacturer_etl.fetch_manufacturer_data scheduled__2024-02-24T00:00:00+00:00 [queued]>
[2024-12-09T16:33:08.205+0000] {taskinstance.py:1308} INFO - Starting attempt 1 of 1
[2024-12-09T16:33:08.235+0000] {taskinstance.py:1327} INFO - Executing <Task(PythonOperator): fetch_manufacturer_data> on 2024-02-24 00:00:00+00:00
[2024-12-09T16:33:08.241+0000] {standard_task_runner.py:57} INFO - Started process 374 to run task
[2024-12-09T16:33:08.247+0000] {standard_task_runner.py:84} INFO - Running: ['airflow', 'tasks', 'run', 'manufacturer_etl', 'fetch_manufacturer_data', 'scheduled__2024-02-24T00:00:00+00:00', '--job-id', '175', '--raw', '--subdir', 'DAGS_FOLDER/manufacturer_etl.py', '--cfg-path', '/tmp/tmp8ju71upd']
[2024-12-09T16:33:08.250+0000] {standard_task_runner.py:85} INFO - Job 175: Subtask fetch_manufacturer_data
[2024-12-09T16:33:08.372+0000] {task_command.py:410} INFO - Running <TaskInstance: manufacturer_etl.fetch_manufacturer_data scheduled__2024-02-24T00:00:00+00:00 [running]> on host 651f030c76c5
[2024-12-09T16:33:08.589+0000] {taskinstance.py:1547} INFO - Exporting env vars: AIRFLOW_CTX_DAG_OWNER='airflow' AIRFLOW_CTX_DAG_ID='manufacturer_etl' AIRFLOW_CTX_TASK_ID='fetch_manufacturer_data' AIRFLOW_CTX_EXECUTION_DATE='2024-02-24T00:00:00+00:00' AIRFLOW_CTX_TRY_NUMBER='1' AIRFLOW_CTX_DAG_RUN_ID='scheduled__2024-02-24T00:00:00+00:00'
[2024-12-09T16:33:08.592+0000] {manufacturer_etl.py:37} INFO - Fetching manufacturer details from the API.
[2024-12-09T16:33:17.692+0000] {manufacturer_etl.py:43} INFO - Successfully fetched 100 manufacturer records.
[2024-12-09T16:33:17.706+0000] {manufacturer_etl.py:48} INFO - Data saved to /opt/airflow/data/raw_manufacturer_data.json
[2024-12-09T16:33:17.711+0000] {python.py:183} INFO - Done. Returned value was: None
[2024-12-09T16:33:17.765+0000] {taskinstance.py:1350} INFO - Marking task as SUCCESS. dag_id=manufacturer_etl, task_id=fetch_manufacturer_data, execution_date=20240224T000000, start_date=20241209T163308, end_date=20241209T163317
[2024-12-09T16:33:17.872+0000] {local_task_job_runner.py:225} INFO - Task exited with return code 0
[2024-12-09T16:33:17.959+0000] {taskinstance.py:2653} INFO - 0 downstream tasks scheduled from follow-on schedule check
[2024-12-09T17:27:51.342+0000] {taskinstance.py:1103} INFO - Dependencies all met for dep_context=non-requeueable deps ti=<TaskInstance: manufacturer_etl.fetch_manufacturer_data scheduled__2024-02-24T00:00:00+00:00 [queued]>
[2024-12-09T17:27:51.361+0000] {taskinstance.py:1103} INFO - Dependencies all met for dep_context=requeueable deps ti=<TaskInstance: manufacturer_etl.fetch_manufacturer_data scheduled__2024-02-24T00:00:00+00:00 [queued]>
[2024-12-09T17:27:51.362+0000] {taskinstance.py:1308} INFO - Starting attempt 1 of 1
[2024-12-09T17:27:51.392+0000] {taskinstance.py:1327} INFO - Executing <Task(PythonOperator): fetch_manufacturer_data> on 2024-02-24 00:00:00+00:00
[2024-12-09T17:27:51.399+0000] {standard_task_runner.py:57} INFO - Started process 326 to run task
[2024-12-09T17:27:51.405+0000] {standard_task_runner.py:84} INFO - Running: ['airflow', 'tasks', 'run', 'manufacturer_etl', 'fetch_manufacturer_data', 'scheduled__2024-02-24T00:00:00+00:00', '--job-id', '70', '--raw', '--subdir', 'DAGS_FOLDER/manufacturer_etl.py', '--cfg-path', '/tmp/tmpqrpg8l8e']
[2024-12-09T17:27:51.408+0000] {standard_task_runner.py:85} INFO - Job 70: Subtask fetch_manufacturer_data
[2024-12-09T17:27:51.507+0000] {task_command.py:410} INFO - Running <TaskInstance: manufacturer_etl.fetch_manufacturer_data scheduled__2024-02-24T00:00:00+00:00 [running]> on host 916d98ee7a08
[2024-12-09T17:27:51.716+0000] {taskinstance.py:1547} INFO - Exporting env vars: AIRFLOW_CTX_DAG_OWNER='airflow' AIRFLOW_CTX_DAG_ID='manufacturer_etl' AIRFLOW_CTX_TASK_ID='fetch_manufacturer_data' AIRFLOW_CTX_EXECUTION_DATE='2024-02-24T00:00:00+00:00' AIRFLOW_CTX_TRY_NUMBER='1' AIRFLOW_CTX_DAG_RUN_ID='scheduled__2024-02-24T00:00:00+00:00'
[2024-12-09T17:27:51.718+0000] {manufacturer_etl.py:37} INFO - Fetching manufacturer details from the API.
[2024-12-09T17:27:52.843+0000] {manufacturer_etl.py:43} INFO - Successfully fetched 100 manufacturer records.
[2024-12-09T17:27:52.849+0000] {manufacturer_etl.py:48} INFO - Data saved to /opt/airflow/data/raw_manufacturer_data.json
[2024-12-09T17:27:52.851+0000] {python.py:183} INFO - Done. Returned value was: None
[2024-12-09T17:27:52.874+0000] {taskinstance.py:1350} INFO - Marking task as SUCCESS. dag_id=manufacturer_etl, task_id=fetch_manufacturer_data, execution_date=20240224T000000, start_date=20241209T172751, end_date=20241209T172752
[2024-12-09T17:27:52.934+0000] {local_task_job_runner.py:225} INFO - Task exited with return code 0
[2024-12-09T17:27:52.973+0000] {taskinstance.py:2653} INFO - 0 downstream tasks scheduled from follow-on schedule check
