[2024-12-09T17:02:12.014+0000] {taskinstance.py:1103} INFO - Dependencies all met for dep_context=non-requeueable deps ti=<TaskInstance: manufacturer_etl.fetch_manufacturer_data scheduled__2024-06-26T00:00:00+00:00 [queued]>
[2024-12-09T17:02:12.034+0000] {taskinstance.py:1103} INFO - Dependencies all met for dep_context=requeueable deps ti=<TaskInstance: manufacturer_etl.fetch_manufacturer_data scheduled__2024-06-26T00:00:00+00:00 [queued]>
[2024-12-09T17:02:12.035+0000] {taskinstance.py:1308} INFO - Starting attempt 1 of 1
[2024-12-09T17:02:12.073+0000] {taskinstance.py:1327} INFO - Executing <Task(PythonOperator): fetch_manufacturer_data> on 2024-06-26 00:00:00+00:00
[2024-12-09T17:02:12.079+0000] {standard_task_runner.py:57} INFO - Started process 923 to run task
[2024-12-09T17:02:12.085+0000] {standard_task_runner.py:84} INFO - Running: ['airflow', 'tasks', 'run', 'manufacturer_etl', 'fetch_manufacturer_data', 'scheduled__2024-06-26T00:00:00+00:00', '--job-id', '298', '--raw', '--subdir', 'DAGS_FOLDER/manufacturer_etl.py', '--cfg-path', '/tmp/tmp_1cvrfm7']
[2024-12-09T17:02:12.087+0000] {standard_task_runner.py:85} INFO - Job 298: Subtask fetch_manufacturer_data
[2024-12-09T17:02:12.194+0000] {task_command.py:410} INFO - Running <TaskInstance: manufacturer_etl.fetch_manufacturer_data scheduled__2024-06-26T00:00:00+00:00 [running]> on host 651f030c76c5
[2024-12-09T17:02:12.419+0000] {taskinstance.py:1547} INFO - Exporting env vars: AIRFLOW_CTX_DAG_OWNER='airflow' AIRFLOW_CTX_DAG_ID='manufacturer_etl' AIRFLOW_CTX_TASK_ID='fetch_manufacturer_data' AIRFLOW_CTX_EXECUTION_DATE='2024-06-26T00:00:00+00:00' AIRFLOW_CTX_TRY_NUMBER='1' AIRFLOW_CTX_DAG_RUN_ID='scheduled__2024-06-26T00:00:00+00:00'
[2024-12-09T17:02:12.422+0000] {manufacturer_etl.py:37} INFO - Fetching manufacturer details from the API.
[2024-12-09T17:02:17.518+0000] {manufacturer_etl.py:43} INFO - Successfully fetched 100 manufacturer records.
[2024-12-09T17:02:17.525+0000] {manufacturer_etl.py:48} INFO - Data saved to /opt/airflow/data/raw_manufacturer_data.json
[2024-12-09T17:02:17.527+0000] {python.py:183} INFO - Done. Returned value was: None
[2024-12-09T17:02:17.551+0000] {taskinstance.py:1350} INFO - Marking task as SUCCESS. dag_id=manufacturer_etl, task_id=fetch_manufacturer_data, execution_date=20240626T000000, start_date=20241209T170212, end_date=20241209T170217
[2024-12-09T17:02:17.614+0000] {local_task_job_runner.py:225} INFO - Task exited with return code 0
[2024-12-09T17:02:17.656+0000] {taskinstance.py:2653} INFO - 0 downstream tasks scheduled from follow-on schedule check
[2024-12-09T17:44:02.972+0000] {taskinstance.py:1103} INFO - Dependencies all met for dep_context=non-requeueable deps ti=<TaskInstance: manufacturer_etl.fetch_manufacturer_data scheduled__2024-06-26T00:00:00+00:00 [queued]>
[2024-12-09T17:44:02.991+0000] {taskinstance.py:1103} INFO - Dependencies all met for dep_context=requeueable deps ti=<TaskInstance: manufacturer_etl.fetch_manufacturer_data scheduled__2024-06-26T00:00:00+00:00 [queued]>
[2024-12-09T17:44:02.991+0000] {taskinstance.py:1308} INFO - Starting attempt 1 of 1
[2024-12-09T17:44:03.020+0000] {taskinstance.py:1327} INFO - Executing <Task(PythonOperator): fetch_manufacturer_data> on 2024-06-26 00:00:00+00:00
[2024-12-09T17:44:03.026+0000] {standard_task_runner.py:57} INFO - Started process 850 to run task
[2024-12-09T17:44:03.032+0000] {standard_task_runner.py:84} INFO - Running: ['airflow', 'tasks', 'run', 'manufacturer_etl', 'fetch_manufacturer_data', 'scheduled__2024-06-26T00:00:00+00:00', '--job-id', '193', '--raw', '--subdir', 'DAGS_FOLDER/manufacturer_etl.py', '--cfg-path', '/tmp/tmp68d0vb3c']
[2024-12-09T17:44:03.035+0000] {standard_task_runner.py:85} INFO - Job 193: Subtask fetch_manufacturer_data
[2024-12-09T17:44:03.132+0000] {task_command.py:410} INFO - Running <TaskInstance: manufacturer_etl.fetch_manufacturer_data scheduled__2024-06-26T00:00:00+00:00 [running]> on host 916d98ee7a08
[2024-12-09T17:44:03.330+0000] {taskinstance.py:1547} INFO - Exporting env vars: AIRFLOW_CTX_DAG_OWNER='airflow' AIRFLOW_CTX_DAG_ID='manufacturer_etl' AIRFLOW_CTX_TASK_ID='fetch_manufacturer_data' AIRFLOW_CTX_EXECUTION_DATE='2024-06-26T00:00:00+00:00' AIRFLOW_CTX_TRY_NUMBER='1' AIRFLOW_CTX_DAG_RUN_ID='scheduled__2024-06-26T00:00:00+00:00'
[2024-12-09T17:44:03.332+0000] {manufacturer_etl.py:37} INFO - Fetching manufacturer details from the API.
[2024-12-09T17:44:05.126+0000] {manufacturer_etl.py:43} INFO - Successfully fetched 100 manufacturer records.
[2024-12-09T17:44:05.134+0000] {manufacturer_etl.py:48} INFO - Data saved to /opt/airflow/data/raw_manufacturer_data.json
[2024-12-09T17:44:05.137+0000] {python.py:183} INFO - Done. Returned value was: None
[2024-12-09T17:44:05.158+0000] {taskinstance.py:1350} INFO - Marking task as SUCCESS. dag_id=manufacturer_etl, task_id=fetch_manufacturer_data, execution_date=20240626T000000, start_date=20241209T174402, end_date=20241209T174405
[2024-12-09T17:44:05.219+0000] {local_task_job_runner.py:225} INFO - Task exited with return code 0
[2024-12-09T17:44:05.255+0000] {taskinstance.py:2653} INFO - 0 downstream tasks scheduled from follow-on schedule check
