[2024-12-09T15:40:53.535+0000] {taskinstance.py:1103} INFO - Dependencies all met for dep_context=non-requeueable deps ti=<TaskInstance: manufacturer_etl.fetch_manufacturer_data scheduled__2024-01-04T00:00:00+00:00 [queued]>
[2024-12-09T15:40:53.544+0000] {taskinstance.py:1103} INFO - Dependencies all met for dep_context=requeueable deps ti=<TaskInstance: manufacturer_etl.fetch_manufacturer_data scheduled__2024-01-04T00:00:00+00:00 [queued]>
[2024-12-09T15:40:53.544+0000] {taskinstance.py:1308} INFO - Starting attempt 1 of 1
[2024-12-09T15:40:53.559+0000] {taskinstance.py:1327} INFO - Executing <Task(PythonOperator): fetch_manufacturer_data> on 2024-01-04 00:00:00+00:00
[2024-12-09T15:40:53.563+0000] {standard_task_runner.py:57} INFO - Started process 118 to run task
[2024-12-09T15:40:53.566+0000] {standard_task_runner.py:84} INFO - Running: ['airflow', 'tasks', 'run', 'manufacturer_etl', 'fetch_manufacturer_data', 'scheduled__2024-01-04T00:00:00+00:00', '--job-id', '19', '--raw', '--subdir', 'DAGS_FOLDER/manufacturer_etl.py', '--cfg-path', '/tmp/tmpea_zxu5x']
[2024-12-09T15:40:53.567+0000] {standard_task_runner.py:85} INFO - Job 19: Subtask fetch_manufacturer_data
[2024-12-09T15:40:53.618+0000] {task_command.py:410} INFO - Running <TaskInstance: manufacturer_etl.fetch_manufacturer_data scheduled__2024-01-04T00:00:00+00:00 [running]> on host 782927b5dd22
[2024-12-09T15:40:53.719+0000] {taskinstance.py:1547} INFO - Exporting env vars: AIRFLOW_CTX_DAG_OWNER='airflow' AIRFLOW_CTX_DAG_ID='manufacturer_etl' AIRFLOW_CTX_TASK_ID='fetch_manufacturer_data' AIRFLOW_CTX_EXECUTION_DATE='2024-01-04T00:00:00+00:00' AIRFLOW_CTX_TRY_NUMBER='1' AIRFLOW_CTX_DAG_RUN_ID='scheduled__2024-01-04T00:00:00+00:00'
[2024-12-09T15:40:53.721+0000] {manufacturer_etl.py:37} INFO - Fetching manufacturer details from the API.
[2024-12-09T15:40:58.708+0000] {manufacturer_etl.py:43} INFO - Successfully fetched 100 manufacturer records.
[2024-12-09T15:40:58.721+0000] {manufacturer_etl.py:48} INFO - Data saved to /opt/airflow/data/raw_manufacturer_data.json
[2024-12-09T15:40:58.722+0000] {python.py:183} INFO - Done. Returned value was: None
[2024-12-09T15:40:58.733+0000] {taskinstance.py:1350} INFO - Marking task as SUCCESS. dag_id=manufacturer_etl, task_id=fetch_manufacturer_data, execution_date=20240104T000000, start_date=20241209T154053, end_date=20241209T154058
[2024-12-09T15:40:58.758+0000] {local_task_job_runner.py:225} INFO - Task exited with return code 0
[2024-12-09T15:40:58.776+0000] {taskinstance.py:2653} INFO - 0 downstream tasks scheduled from follow-on schedule check
[2024-12-09T16:21:07.806+0000] {taskinstance.py:1103} INFO - Dependencies all met for dep_context=non-requeueable deps ti=<TaskInstance: manufacturer_etl.fetch_manufacturer_data scheduled__2024-01-04T00:00:00+00:00 [queued]>
[2024-12-09T16:21:07.836+0000] {taskinstance.py:1103} INFO - Dependencies all met for dep_context=requeueable deps ti=<TaskInstance: manufacturer_etl.fetch_manufacturer_data scheduled__2024-01-04T00:00:00+00:00 [queued]>
[2024-12-09T16:21:07.837+0000] {taskinstance.py:1308} INFO - Starting attempt 1 of 1
[2024-12-09T16:21:07.883+0000] {taskinstance.py:1327} INFO - Executing <Task(PythonOperator): fetch_manufacturer_data> on 2024-01-04 00:00:00+00:00
[2024-12-09T16:21:07.891+0000] {standard_task_runner.py:57} INFO - Started process 146 to run task
[2024-12-09T16:21:07.900+0000] {standard_task_runner.py:84} INFO - Running: ['airflow', 'tasks', 'run', 'manufacturer_etl', 'fetch_manufacturer_data', 'scheduled__2024-01-04T00:00:00+00:00', '--job-id', '124', '--raw', '--subdir', 'DAGS_FOLDER/manufacturer_etl.py', '--cfg-path', '/tmp/tmpwrxwc66p']
[2024-12-09T16:21:07.904+0000] {standard_task_runner.py:85} INFO - Job 124: Subtask fetch_manufacturer_data
[2024-12-09T16:21:08.062+0000] {task_command.py:410} INFO - Running <TaskInstance: manufacturer_etl.fetch_manufacturer_data scheduled__2024-01-04T00:00:00+00:00 [running]> on host 651f030c76c5
[2024-12-09T16:21:08.406+0000] {taskinstance.py:1547} INFO - Exporting env vars: AIRFLOW_CTX_DAG_OWNER='airflow' AIRFLOW_CTX_DAG_ID='manufacturer_etl' AIRFLOW_CTX_TASK_ID='fetch_manufacturer_data' AIRFLOW_CTX_EXECUTION_DATE='2024-01-04T00:00:00+00:00' AIRFLOW_CTX_TRY_NUMBER='1' AIRFLOW_CTX_DAG_RUN_ID='scheduled__2024-01-04T00:00:00+00:00'
[2024-12-09T16:21:08.409+0000] {manufacturer_etl.py:37} INFO - Fetching manufacturer details from the API.
[2024-12-09T16:21:13.313+0000] {manufacturer_etl.py:43} INFO - Successfully fetched 100 manufacturer records.
[2024-12-09T16:21:13.320+0000] {manufacturer_etl.py:48} INFO - Data saved to /opt/airflow/data/raw_manufacturer_data.json
[2024-12-09T16:21:13.323+0000] {python.py:183} INFO - Done. Returned value was: None
[2024-12-09T16:21:13.347+0000] {taskinstance.py:1350} INFO - Marking task as SUCCESS. dag_id=manufacturer_etl, task_id=fetch_manufacturer_data, execution_date=20240104T000000, start_date=20241209T162107, end_date=20241209T162113
[2024-12-09T16:21:13.384+0000] {local_task_job_runner.py:225} INFO - Task exited with return code 0
[2024-12-09T16:21:13.424+0000] {taskinstance.py:2653} INFO - 0 downstream tasks scheduled from follow-on schedule check
[2024-12-09T17:21:11.412+0000] {taskinstance.py:1103} INFO - Dependencies all met for dep_context=non-requeueable deps ti=<TaskInstance: manufacturer_etl.fetch_manufacturer_data scheduled__2024-01-04T00:00:00+00:00 [queued]>
[2024-12-09T17:21:11.432+0000] {taskinstance.py:1103} INFO - Dependencies all met for dep_context=requeueable deps ti=<TaskInstance: manufacturer_etl.fetch_manufacturer_data scheduled__2024-01-04T00:00:00+00:00 [queued]>
[2024-12-09T17:21:11.433+0000] {taskinstance.py:1308} INFO - Starting attempt 1 of 1
[2024-12-09T17:21:11.462+0000] {taskinstance.py:1327} INFO - Executing <Task(PythonOperator): fetch_manufacturer_data> on 2024-01-04 00:00:00+00:00
[2024-12-09T17:21:11.469+0000] {standard_task_runner.py:57} INFO - Started process 109 to run task
[2024-12-09T17:21:11.475+0000] {standard_task_runner.py:84} INFO - Running: ['airflow', 'tasks', 'run', 'manufacturer_etl', 'fetch_manufacturer_data', 'scheduled__2024-01-04T00:00:00+00:00', '--job-id', '19', '--raw', '--subdir', 'DAGS_FOLDER/manufacturer_etl.py', '--cfg-path', '/tmp/tmpwtefiwm3']
[2024-12-09T17:21:11.477+0000] {standard_task_runner.py:85} INFO - Job 19: Subtask fetch_manufacturer_data
[2024-12-09T17:21:11.574+0000] {task_command.py:410} INFO - Running <TaskInstance: manufacturer_etl.fetch_manufacturer_data scheduled__2024-01-04T00:00:00+00:00 [running]> on host 916d98ee7a08
[2024-12-09T17:21:11.783+0000] {taskinstance.py:1547} INFO - Exporting env vars: AIRFLOW_CTX_DAG_OWNER='airflow' AIRFLOW_CTX_DAG_ID='manufacturer_etl' AIRFLOW_CTX_TASK_ID='fetch_manufacturer_data' AIRFLOW_CTX_EXECUTION_DATE='2024-01-04T00:00:00+00:00' AIRFLOW_CTX_TRY_NUMBER='1' AIRFLOW_CTX_DAG_RUN_ID='scheduled__2024-01-04T00:00:00+00:00'
[2024-12-09T17:21:11.787+0000] {manufacturer_etl.py:37} INFO - Fetching manufacturer details from the API.
[2024-12-09T17:21:13.280+0000] {manufacturer_etl.py:43} INFO - Successfully fetched 100 manufacturer records.
[2024-12-09T17:21:13.288+0000] {manufacturer_etl.py:48} INFO - Data saved to /opt/airflow/data/raw_manufacturer_data.json
[2024-12-09T17:21:13.291+0000] {python.py:183} INFO - Done. Returned value was: None
[2024-12-09T17:21:13.310+0000] {taskinstance.py:1350} INFO - Marking task as SUCCESS. dag_id=manufacturer_etl, task_id=fetch_manufacturer_data, execution_date=20240104T000000, start_date=20241209T172111, end_date=20241209T172113
[2024-12-09T17:21:13.374+0000] {local_task_job_runner.py:225} INFO - Task exited with return code 0
[2024-12-09T17:21:13.410+0000] {taskinstance.py:2653} INFO - 0 downstream tasks scheduled from follow-on schedule check
