[2024-12-09T15:46:04.279+0000] {taskinstance.py:1103} INFO - Dependencies all met for dep_context=non-requeueable deps ti=<TaskInstance: manufacturer_etl.fetch_manufacturer_data scheduled__2024-02-01T00:00:00+00:00 [queued]>
[2024-12-09T15:46:04.289+0000] {taskinstance.py:1103} INFO - Dependencies all met for dep_context=requeueable deps ti=<TaskInstance: manufacturer_etl.fetch_manufacturer_data scheduled__2024-02-01T00:00:00+00:00 [queued]>
[2024-12-09T15:46:04.289+0000] {taskinstance.py:1308} INFO - Starting attempt 1 of 1
[2024-12-09T15:46:04.304+0000] {taskinstance.py:1327} INFO - Executing <Task(PythonOperator): fetch_manufacturer_data> on 2024-02-01 00:00:00+00:00
[2024-12-09T15:46:04.308+0000] {standard_task_runner.py:57} INFO - Started process 240 to run task
[2024-12-09T15:46:04.311+0000] {standard_task_runner.py:84} INFO - Running: ['airflow', 'tasks', 'run', 'manufacturer_etl', 'fetch_manufacturer_data', 'scheduled__2024-02-01T00:00:00+00:00', '--job-id', '47', '--raw', '--subdir', 'DAGS_FOLDER/manufacturer_etl.py', '--cfg-path', '/tmp/tmp551vn_xu']
[2024-12-09T15:46:04.312+0000] {standard_task_runner.py:85} INFO - Job 47: Subtask fetch_manufacturer_data
[2024-12-09T15:46:04.363+0000] {task_command.py:410} INFO - Running <TaskInstance: manufacturer_etl.fetch_manufacturer_data scheduled__2024-02-01T00:00:00+00:00 [running]> on host 782927b5dd22
[2024-12-09T15:46:04.470+0000] {taskinstance.py:1547} INFO - Exporting env vars: AIRFLOW_CTX_DAG_OWNER='airflow' AIRFLOW_CTX_DAG_ID='manufacturer_etl' AIRFLOW_CTX_TASK_ID='fetch_manufacturer_data' AIRFLOW_CTX_EXECUTION_DATE='2024-02-01T00:00:00+00:00' AIRFLOW_CTX_TRY_NUMBER='1' AIRFLOW_CTX_DAG_RUN_ID='scheduled__2024-02-01T00:00:00+00:00'
[2024-12-09T15:46:04.471+0000] {manufacturer_etl.py:37} INFO - Fetching manufacturer details from the API.
[2024-12-09T15:46:17.895+0000] {manufacturer_etl.py:43} INFO - Successfully fetched 100 manufacturer records.
[2024-12-09T15:46:17.909+0000] {manufacturer_etl.py:48} INFO - Data saved to /opt/airflow/data/raw_manufacturer_data.json
[2024-12-09T15:46:17.914+0000] {python.py:183} INFO - Done. Returned value was: None
[2024-12-09T15:46:17.944+0000] {taskinstance.py:1350} INFO - Marking task as SUCCESS. dag_id=manufacturer_etl, task_id=fetch_manufacturer_data, execution_date=20240201T000000, start_date=20241209T154604, end_date=20241209T154617
[2024-12-09T15:46:17.982+0000] {local_task_job_runner.py:225} INFO - Task exited with return code 0
[2024-12-09T15:46:18.001+0000] {taskinstance.py:2653} INFO - 0 downstream tasks scheduled from follow-on schedule check
[2024-12-09T16:27:38.935+0000] {taskinstance.py:1103} INFO - Dependencies all met for dep_context=non-requeueable deps ti=<TaskInstance: manufacturer_etl.fetch_manufacturer_data scheduled__2024-02-01T00:00:00+00:00 [queued]>
[2024-12-09T16:27:38.953+0000] {taskinstance.py:1103} INFO - Dependencies all met for dep_context=requeueable deps ti=<TaskInstance: manufacturer_etl.fetch_manufacturer_data scheduled__2024-02-01T00:00:00+00:00 [queued]>
[2024-12-09T16:27:38.954+0000] {taskinstance.py:1308} INFO - Starting attempt 1 of 1
[2024-12-09T16:27:38.985+0000] {taskinstance.py:1327} INFO - Executing <Task(PythonOperator): fetch_manufacturer_data> on 2024-02-01 00:00:00+00:00
[2024-12-09T16:27:38.992+0000] {standard_task_runner.py:57} INFO - Started process 271 to run task
[2024-12-09T16:27:38.998+0000] {standard_task_runner.py:84} INFO - Running: ['airflow', 'tasks', 'run', 'manufacturer_etl', 'fetch_manufacturer_data', 'scheduled__2024-02-01T00:00:00+00:00', '--job-id', '152', '--raw', '--subdir', 'DAGS_FOLDER/manufacturer_etl.py', '--cfg-path', '/tmp/tmpbo3men4v']
[2024-12-09T16:27:39.001+0000] {standard_task_runner.py:85} INFO - Job 152: Subtask fetch_manufacturer_data
[2024-12-09T16:27:39.107+0000] {task_command.py:410} INFO - Running <TaskInstance: manufacturer_etl.fetch_manufacturer_data scheduled__2024-02-01T00:00:00+00:00 [running]> on host 651f030c76c5
[2024-12-09T16:27:39.317+0000] {taskinstance.py:1547} INFO - Exporting env vars: AIRFLOW_CTX_DAG_OWNER='airflow' AIRFLOW_CTX_DAG_ID='manufacturer_etl' AIRFLOW_CTX_TASK_ID='fetch_manufacturer_data' AIRFLOW_CTX_EXECUTION_DATE='2024-02-01T00:00:00+00:00' AIRFLOW_CTX_TRY_NUMBER='1' AIRFLOW_CTX_DAG_RUN_ID='scheduled__2024-02-01T00:00:00+00:00'
[2024-12-09T16:27:39.319+0000] {manufacturer_etl.py:37} INFO - Fetching manufacturer details from the API.
[2024-12-09T16:27:48.238+0000] {manufacturer_etl.py:43} INFO - Successfully fetched 100 manufacturer records.
[2024-12-09T16:27:48.252+0000] {manufacturer_etl.py:48} INFO - Data saved to /opt/airflow/data/raw_manufacturer_data.json
[2024-12-09T16:27:48.257+0000] {python.py:183} INFO - Done. Returned value was: None
[2024-12-09T16:27:48.316+0000] {taskinstance.py:1350} INFO - Marking task as SUCCESS. dag_id=manufacturer_etl, task_id=fetch_manufacturer_data, execution_date=20240201T000000, start_date=20241209T162738, end_date=20241209T162748
[2024-12-09T16:27:48.389+0000] {local_task_job_runner.py:225} INFO - Task exited with return code 0
[2024-12-09T16:27:48.479+0000] {taskinstance.py:2653} INFO - 0 downstream tasks scheduled from follow-on schedule check
[2024-12-09T17:24:53.202+0000] {taskinstance.py:1103} INFO - Dependencies all met for dep_context=non-requeueable deps ti=<TaskInstance: manufacturer_etl.fetch_manufacturer_data scheduled__2024-02-01T00:00:00+00:00 [queued]>
[2024-12-09T17:24:53.220+0000] {taskinstance.py:1103} INFO - Dependencies all met for dep_context=requeueable deps ti=<TaskInstance: manufacturer_etl.fetch_manufacturer_data scheduled__2024-02-01T00:00:00+00:00 [queued]>
[2024-12-09T17:24:53.221+0000] {taskinstance.py:1308} INFO - Starting attempt 1 of 1
[2024-12-09T17:24:53.249+0000] {taskinstance.py:1327} INFO - Executing <Task(PythonOperator): fetch_manufacturer_data> on 2024-02-01 00:00:00+00:00
[2024-12-09T17:24:53.256+0000] {standard_task_runner.py:57} INFO - Started process 229 to run task
[2024-12-09T17:24:53.263+0000] {standard_task_runner.py:84} INFO - Running: ['airflow', 'tasks', 'run', 'manufacturer_etl', 'fetch_manufacturer_data', 'scheduled__2024-02-01T00:00:00+00:00', '--job-id', '47', '--raw', '--subdir', 'DAGS_FOLDER/manufacturer_etl.py', '--cfg-path', '/tmp/tmp9n6fatmd']
[2024-12-09T17:24:53.266+0000] {standard_task_runner.py:85} INFO - Job 47: Subtask fetch_manufacturer_data
[2024-12-09T17:24:53.361+0000] {task_command.py:410} INFO - Running <TaskInstance: manufacturer_etl.fetch_manufacturer_data scheduled__2024-02-01T00:00:00+00:00 [running]> on host 916d98ee7a08
[2024-12-09T17:24:53.598+0000] {taskinstance.py:1547} INFO - Exporting env vars: AIRFLOW_CTX_DAG_OWNER='airflow' AIRFLOW_CTX_DAG_ID='manufacturer_etl' AIRFLOW_CTX_TASK_ID='fetch_manufacturer_data' AIRFLOW_CTX_EXECUTION_DATE='2024-02-01T00:00:00+00:00' AIRFLOW_CTX_TRY_NUMBER='1' AIRFLOW_CTX_DAG_RUN_ID='scheduled__2024-02-01T00:00:00+00:00'
[2024-12-09T17:24:53.600+0000] {manufacturer_etl.py:37} INFO - Fetching manufacturer details from the API.
[2024-12-09T17:24:55.288+0000] {manufacturer_etl.py:43} INFO - Successfully fetched 100 manufacturer records.
[2024-12-09T17:24:55.296+0000] {manufacturer_etl.py:48} INFO - Data saved to /opt/airflow/data/raw_manufacturer_data.json
[2024-12-09T17:24:55.298+0000] {python.py:183} INFO - Done. Returned value was: None
[2024-12-09T17:24:55.318+0000] {taskinstance.py:1350} INFO - Marking task as SUCCESS. dag_id=manufacturer_etl, task_id=fetch_manufacturer_data, execution_date=20240201T000000, start_date=20241209T172453, end_date=20241209T172455
[2024-12-09T17:24:55.368+0000] {local_task_job_runner.py:225} INFO - Task exited with return code 0
[2024-12-09T17:24:55.406+0000] {taskinstance.py:2653} INFO - 0 downstream tasks scheduled from follow-on schedule check
