[2024-12-09T16:39:32.616+0000] {taskinstance.py:1103} INFO - Dependencies all met for dep_context=non-requeueable deps ti=<TaskInstance: manufacturer_etl.fetch_manufacturer_data scheduled__2024-03-22T00:00:00+00:00 [queued]>
[2024-12-09T16:39:32.634+0000] {taskinstance.py:1103} INFO - Dependencies all met for dep_context=requeueable deps ti=<TaskInstance: manufacturer_etl.fetch_manufacturer_data scheduled__2024-03-22T00:00:00+00:00 [queued]>
[2024-12-09T16:39:32.635+0000] {taskinstance.py:1308} INFO - Starting attempt 1 of 1
[2024-12-09T16:39:32.664+0000] {taskinstance.py:1327} INFO - Executing <Task(PythonOperator): fetch_manufacturer_data> on 2024-03-22 00:00:00+00:00
[2024-12-09T16:39:32.670+0000] {standard_task_runner.py:57} INFO - Started process 494 to run task
[2024-12-09T16:39:32.676+0000] {standard_task_runner.py:84} INFO - Running: ['airflow', 'tasks', 'run', 'manufacturer_etl', 'fetch_manufacturer_data', 'scheduled__2024-03-22T00:00:00+00:00', '--job-id', '202', '--raw', '--subdir', 'DAGS_FOLDER/manufacturer_etl.py', '--cfg-path', '/tmp/tmp63thro22']
[2024-12-09T16:39:32.678+0000] {standard_task_runner.py:85} INFO - Job 202: Subtask fetch_manufacturer_data
[2024-12-09T16:39:32.790+0000] {task_command.py:410} INFO - Running <TaskInstance: manufacturer_etl.fetch_manufacturer_data scheduled__2024-03-22T00:00:00+00:00 [running]> on host 651f030c76c5
[2024-12-09T16:39:33.010+0000] {taskinstance.py:1547} INFO - Exporting env vars: AIRFLOW_CTX_DAG_OWNER='airflow' AIRFLOW_CTX_DAG_ID='manufacturer_etl' AIRFLOW_CTX_TASK_ID='fetch_manufacturer_data' AIRFLOW_CTX_EXECUTION_DATE='2024-03-22T00:00:00+00:00' AIRFLOW_CTX_TRY_NUMBER='1' AIRFLOW_CTX_DAG_RUN_ID='scheduled__2024-03-22T00:00:00+00:00'
[2024-12-09T16:39:33.012+0000] {manufacturer_etl.py:37} INFO - Fetching manufacturer details from the API.
[2024-12-09T16:39:42.301+0000] {manufacturer_etl.py:43} INFO - Successfully fetched 100 manufacturer records.
[2024-12-09T16:39:42.317+0000] {manufacturer_etl.py:48} INFO - Data saved to /opt/airflow/data/raw_manufacturer_data.json
[2024-12-09T16:39:42.323+0000] {python.py:183} INFO - Done. Returned value was: None
[2024-12-09T16:39:42.380+0000] {taskinstance.py:1350} INFO - Marking task as SUCCESS. dag_id=manufacturer_etl, task_id=fetch_manufacturer_data, execution_date=20240322T000000, start_date=20241209T163932, end_date=20241209T163942
[2024-12-09T16:39:42.478+0000] {local_task_job_runner.py:225} INFO - Task exited with return code 0
[2024-12-09T16:39:42.566+0000] {taskinstance.py:2653} INFO - 0 downstream tasks scheduled from follow-on schedule check
[2024-12-09T17:31:23.406+0000] {taskinstance.py:1103} INFO - Dependencies all met for dep_context=non-requeueable deps ti=<TaskInstance: manufacturer_etl.fetch_manufacturer_data scheduled__2024-03-22T00:00:00+00:00 [queued]>
[2024-12-09T17:31:23.425+0000] {taskinstance.py:1103} INFO - Dependencies all met for dep_context=requeueable deps ti=<TaskInstance: manufacturer_etl.fetch_manufacturer_data scheduled__2024-03-22T00:00:00+00:00 [queued]>
[2024-12-09T17:31:23.426+0000] {taskinstance.py:1308} INFO - Starting attempt 1 of 1
[2024-12-09T17:31:23.454+0000] {taskinstance.py:1327} INFO - Executing <Task(PythonOperator): fetch_manufacturer_data> on 2024-03-22 00:00:00+00:00
[2024-12-09T17:31:23.460+0000] {standard_task_runner.py:57} INFO - Started process 441 to run task
[2024-12-09T17:31:23.466+0000] {standard_task_runner.py:84} INFO - Running: ['airflow', 'tasks', 'run', 'manufacturer_etl', 'fetch_manufacturer_data', 'scheduled__2024-03-22T00:00:00+00:00', '--job-id', '97', '--raw', '--subdir', 'DAGS_FOLDER/manufacturer_etl.py', '--cfg-path', '/tmp/tmpmv23s5m9']
[2024-12-09T17:31:23.468+0000] {standard_task_runner.py:85} INFO - Job 97: Subtask fetch_manufacturer_data
[2024-12-09T17:31:23.572+0000] {task_command.py:410} INFO - Running <TaskInstance: manufacturer_etl.fetch_manufacturer_data scheduled__2024-03-22T00:00:00+00:00 [running]> on host 916d98ee7a08
[2024-12-09T17:31:24.015+0000] {taskinstance.py:1547} INFO - Exporting env vars: AIRFLOW_CTX_DAG_OWNER='airflow' AIRFLOW_CTX_DAG_ID='manufacturer_etl' AIRFLOW_CTX_TASK_ID='fetch_manufacturer_data' AIRFLOW_CTX_EXECUTION_DATE='2024-03-22T00:00:00+00:00' AIRFLOW_CTX_TRY_NUMBER='1' AIRFLOW_CTX_DAG_RUN_ID='scheduled__2024-03-22T00:00:00+00:00'
[2024-12-09T17:31:24.017+0000] {manufacturer_etl.py:37} INFO - Fetching manufacturer details from the API.
[2024-12-09T17:31:25.734+0000] {manufacturer_etl.py:43} INFO - Successfully fetched 100 manufacturer records.
[2024-12-09T17:31:25.742+0000] {manufacturer_etl.py:48} INFO - Data saved to /opt/airflow/data/raw_manufacturer_data.json
[2024-12-09T17:31:25.745+0000] {python.py:183} INFO - Done. Returned value was: None
[2024-12-09T17:31:25.765+0000] {taskinstance.py:1350} INFO - Marking task as SUCCESS. dag_id=manufacturer_etl, task_id=fetch_manufacturer_data, execution_date=20240322T000000, start_date=20241209T173123, end_date=20241209T173125
[2024-12-09T17:31:25.816+0000] {local_task_job_runner.py:225} INFO - Task exited with return code 0
[2024-12-09T17:31:25.851+0000] {taskinstance.py:2653} INFO - 0 downstream tasks scheduled from follow-on schedule check
