[2024-12-09T15:38:48.400+0000] {taskinstance.py:1103} INFO - Dependencies all met for dep_context=non-requeueable deps ti=<TaskInstance: manufacturer_etl.fetch_manufacturer_data scheduled__2023-12-23T00:00:00+00:00 [queued]>
[2024-12-09T15:38:48.411+0000] {taskinstance.py:1103} INFO - Dependencies all met for dep_context=requeueable deps ti=<TaskInstance: manufacturer_etl.fetch_manufacturer_data scheduled__2023-12-23T00:00:00+00:00 [queued]>
[2024-12-09T15:38:48.411+0000] {taskinstance.py:1308} INFO - Starting attempt 1 of 1
[2024-12-09T15:38:48.427+0000] {taskinstance.py:1327} INFO - Executing <Task(PythonOperator): fetch_manufacturer_data> on 2023-12-23 00:00:00+00:00
[2024-12-09T15:38:48.431+0000] {standard_task_runner.py:57} INFO - Started process 66 to run task
[2024-12-09T15:38:48.434+0000] {standard_task_runner.py:84} INFO - Running: ['airflow', 'tasks', 'run', 'manufacturer_etl', 'fetch_manufacturer_data', 'scheduled__2023-12-23T00:00:00+00:00', '--job-id', '7', '--raw', '--subdir', 'DAGS_FOLDER/manufacturer_etl.py', '--cfg-path', '/tmp/tmpdkqy5ncw']
[2024-12-09T15:38:48.435+0000] {standard_task_runner.py:85} INFO - Job 7: Subtask fetch_manufacturer_data
[2024-12-09T15:38:48.490+0000] {task_command.py:410} INFO - Running <TaskInstance: manufacturer_etl.fetch_manufacturer_data scheduled__2023-12-23T00:00:00+00:00 [running]> on host 782927b5dd22
[2024-12-09T15:38:48.596+0000] {taskinstance.py:1547} INFO - Exporting env vars: AIRFLOW_CTX_DAG_OWNER='airflow' AIRFLOW_CTX_DAG_ID='manufacturer_etl' AIRFLOW_CTX_TASK_ID='fetch_manufacturer_data' AIRFLOW_CTX_EXECUTION_DATE='2023-12-23T00:00:00+00:00' AIRFLOW_CTX_TRY_NUMBER='1' AIRFLOW_CTX_DAG_RUN_ID='scheduled__2023-12-23T00:00:00+00:00'
[2024-12-09T15:38:48.597+0000] {manufacturer_etl.py:37} INFO - Fetching manufacturer details from the API.
[2024-12-09T15:38:53.572+0000] {manufacturer_etl.py:43} INFO - Successfully fetched 100 manufacturer records.
[2024-12-09T15:38:53.575+0000] {manufacturer_etl.py:48} INFO - Data saved to /opt/airflow/data/raw_manufacturer_data.json
[2024-12-09T15:38:53.577+0000] {python.py:183} INFO - Done. Returned value was: None
[2024-12-09T15:38:53.589+0000] {taskinstance.py:1350} INFO - Marking task as SUCCESS. dag_id=manufacturer_etl, task_id=fetch_manufacturer_data, execution_date=20231223T000000, start_date=20241209T153848, end_date=20241209T153853
[2024-12-09T15:38:53.614+0000] {local_task_job_runner.py:225} INFO - Task exited with return code 0
[2024-12-09T15:38:53.634+0000] {taskinstance.py:2653} INFO - 0 downstream tasks scheduled from follow-on schedule check
[2024-12-09T16:18:16.713+0000] {taskinstance.py:1103} INFO - Dependencies all met for dep_context=non-requeueable deps ti=<TaskInstance: manufacturer_etl.fetch_manufacturer_data scheduled__2023-12-23T00:00:00+00:00 [queued]>
[2024-12-09T16:18:16.732+0000] {taskinstance.py:1103} INFO - Dependencies all met for dep_context=requeueable deps ti=<TaskInstance: manufacturer_etl.fetch_manufacturer_data scheduled__2023-12-23T00:00:00+00:00 [queued]>
[2024-12-09T16:18:16.732+0000] {taskinstance.py:1308} INFO - Starting attempt 1 of 1
[2024-12-09T16:18:16.762+0000] {taskinstance.py:1327} INFO - Executing <Task(PythonOperator): fetch_manufacturer_data> on 2023-12-23 00:00:00+00:00
[2024-12-09T16:18:16.768+0000] {standard_task_runner.py:57} INFO - Started process 93 to run task
[2024-12-09T16:18:16.776+0000] {standard_task_runner.py:84} INFO - Running: ['airflow', 'tasks', 'run', 'manufacturer_etl', 'fetch_manufacturer_data', 'scheduled__2023-12-23T00:00:00+00:00', '--job-id', '112', '--raw', '--subdir', 'DAGS_FOLDER/manufacturer_etl.py', '--cfg-path', '/tmp/tmpzkmivgq5']
[2024-12-09T16:18:16.778+0000] {standard_task_runner.py:85} INFO - Job 112: Subtask fetch_manufacturer_data
[2024-12-09T16:18:16.878+0000] {task_command.py:410} INFO - Running <TaskInstance: manufacturer_etl.fetch_manufacturer_data scheduled__2023-12-23T00:00:00+00:00 [running]> on host 651f030c76c5
[2024-12-09T16:18:17.208+0000] {taskinstance.py:1547} INFO - Exporting env vars: AIRFLOW_CTX_DAG_OWNER='airflow' AIRFLOW_CTX_DAG_ID='manufacturer_etl' AIRFLOW_CTX_TASK_ID='fetch_manufacturer_data' AIRFLOW_CTX_EXECUTION_DATE='2023-12-23T00:00:00+00:00' AIRFLOW_CTX_TRY_NUMBER='1' AIRFLOW_CTX_DAG_RUN_ID='scheduled__2023-12-23T00:00:00+00:00'
[2024-12-09T16:18:17.211+0000] {manufacturer_etl.py:37} INFO - Fetching manufacturer details from the API.
[2024-12-09T16:18:23.412+0000] {manufacturer_etl.py:43} INFO - Successfully fetched 100 manufacturer records.
[2024-12-09T16:18:23.426+0000] {manufacturer_etl.py:48} INFO - Data saved to /opt/airflow/data/raw_manufacturer_data.json
[2024-12-09T16:18:23.431+0000] {python.py:183} INFO - Done. Returned value was: None
[2024-12-09T16:18:23.493+0000] {taskinstance.py:1350} INFO - Marking task as SUCCESS. dag_id=manufacturer_etl, task_id=fetch_manufacturer_data, execution_date=20231223T000000, start_date=20241209T161816, end_date=20241209T161823
[2024-12-09T16:18:23.578+0000] {local_task_job_runner.py:225} INFO - Task exited with return code 0
[2024-12-09T16:18:23.665+0000] {taskinstance.py:2653} INFO - 0 downstream tasks scheduled from follow-on schedule check
[2024-12-09T17:19:40.365+0000] {taskinstance.py:1103} INFO - Dependencies all met for dep_context=non-requeueable deps ti=<TaskInstance: manufacturer_etl.fetch_manufacturer_data scheduled__2023-12-23T00:00:00+00:00 [queued]>
[2024-12-09T17:19:40.385+0000] {taskinstance.py:1103} INFO - Dependencies all met for dep_context=requeueable deps ti=<TaskInstance: manufacturer_etl.fetch_manufacturer_data scheduled__2023-12-23T00:00:00+00:00 [queued]>
[2024-12-09T17:19:40.386+0000] {taskinstance.py:1308} INFO - Starting attempt 1 of 1
[2024-12-09T17:19:40.417+0000] {taskinstance.py:1327} INFO - Executing <Task(PythonOperator): fetch_manufacturer_data> on 2023-12-23 00:00:00+00:00
[2024-12-09T17:19:40.423+0000] {standard_task_runner.py:57} INFO - Started process 58 to run task
[2024-12-09T17:19:40.430+0000] {standard_task_runner.py:84} INFO - Running: ['airflow', 'tasks', 'run', 'manufacturer_etl', 'fetch_manufacturer_data', 'scheduled__2023-12-23T00:00:00+00:00', '--job-id', '7', '--raw', '--subdir', 'DAGS_FOLDER/manufacturer_etl.py', '--cfg-path', '/tmp/tmpxjrn1pad']
[2024-12-09T17:19:40.433+0000] {standard_task_runner.py:85} INFO - Job 7: Subtask fetch_manufacturer_data
[2024-12-09T17:19:40.543+0000] {task_command.py:410} INFO - Running <TaskInstance: manufacturer_etl.fetch_manufacturer_data scheduled__2023-12-23T00:00:00+00:00 [running]> on host 916d98ee7a08
[2024-12-09T17:19:40.756+0000] {taskinstance.py:1547} INFO - Exporting env vars: AIRFLOW_CTX_DAG_OWNER='airflow' AIRFLOW_CTX_DAG_ID='manufacturer_etl' AIRFLOW_CTX_TASK_ID='fetch_manufacturer_data' AIRFLOW_CTX_EXECUTION_DATE='2023-12-23T00:00:00+00:00' AIRFLOW_CTX_TRY_NUMBER='1' AIRFLOW_CTX_DAG_RUN_ID='scheduled__2023-12-23T00:00:00+00:00'
[2024-12-09T17:19:40.758+0000] {manufacturer_etl.py:37} INFO - Fetching manufacturer details from the API.
[2024-12-09T17:19:42.759+0000] {manufacturer_etl.py:43} INFO - Successfully fetched 100 manufacturer records.
[2024-12-09T17:19:42.768+0000] {manufacturer_etl.py:48} INFO - Data saved to /opt/airflow/data/raw_manufacturer_data.json
[2024-12-09T17:19:42.770+0000] {python.py:183} INFO - Done. Returned value was: None
[2024-12-09T17:19:42.791+0000] {taskinstance.py:1350} INFO - Marking task as SUCCESS. dag_id=manufacturer_etl, task_id=fetch_manufacturer_data, execution_date=20231223T000000, start_date=20241209T171940, end_date=20241209T171942
[2024-12-09T17:19:42.822+0000] {local_task_job_runner.py:225} INFO - Task exited with return code 0
[2024-12-09T17:19:42.870+0000] {taskinstance.py:2653} INFO - 0 downstream tasks scheduled from follow-on schedule check
