[2024-12-09T16:45:48.053+0000] {taskinstance.py:1103} INFO - Dependencies all met for dep_context=non-requeueable deps ti=<TaskInstance: manufacturer_etl.fetch_manufacturer_data scheduled__2024-04-18T00:00:00+00:00 [queued]>
[2024-12-09T16:45:48.073+0000] {taskinstance.py:1103} INFO - Dependencies all met for dep_context=requeueable deps ti=<TaskInstance: manufacturer_etl.fetch_manufacturer_data scheduled__2024-04-18T00:00:00+00:00 [queued]>
[2024-12-09T16:45:48.074+0000] {taskinstance.py:1308} INFO - Starting attempt 1 of 1
[2024-12-09T16:45:48.104+0000] {taskinstance.py:1327} INFO - Executing <Task(PythonOperator): fetch_manufacturer_data> on 2024-04-18 00:00:00+00:00
[2024-12-09T16:45:48.109+0000] {standard_task_runner.py:57} INFO - Started process 615 to run task
[2024-12-09T16:45:48.117+0000] {standard_task_runner.py:84} INFO - Running: ['airflow', 'tasks', 'run', 'manufacturer_etl', 'fetch_manufacturer_data', 'scheduled__2024-04-18T00:00:00+00:00', '--job-id', '229', '--raw', '--subdir', 'DAGS_FOLDER/manufacturer_etl.py', '--cfg-path', '/tmp/tmpew3rimvy']
[2024-12-09T16:45:48.120+0000] {standard_task_runner.py:85} INFO - Job 229: Subtask fetch_manufacturer_data
[2024-12-09T16:45:48.226+0000] {task_command.py:410} INFO - Running <TaskInstance: manufacturer_etl.fetch_manufacturer_data scheduled__2024-04-18T00:00:00+00:00 [running]> on host 651f030c76c5
[2024-12-09T16:45:48.477+0000] {taskinstance.py:1547} INFO - Exporting env vars: AIRFLOW_CTX_DAG_OWNER='airflow' AIRFLOW_CTX_DAG_ID='manufacturer_etl' AIRFLOW_CTX_TASK_ID='fetch_manufacturer_data' AIRFLOW_CTX_EXECUTION_DATE='2024-04-18T00:00:00+00:00' AIRFLOW_CTX_TRY_NUMBER='1' AIRFLOW_CTX_DAG_RUN_ID='scheduled__2024-04-18T00:00:00+00:00'
[2024-12-09T16:45:48.479+0000] {manufacturer_etl.py:37} INFO - Fetching manufacturer details from the API.
[2024-12-09T16:45:57.712+0000] {manufacturer_etl.py:43} INFO - Successfully fetched 100 manufacturer records.
[2024-12-09T16:45:57.728+0000] {manufacturer_etl.py:48} INFO - Data saved to /opt/airflow/data/raw_manufacturer_data.json
[2024-12-09T16:45:57.733+0000] {python.py:183} INFO - Done. Returned value was: None
[2024-12-09T16:45:57.793+0000] {taskinstance.py:1350} INFO - Marking task as SUCCESS. dag_id=manufacturer_etl, task_id=fetch_manufacturer_data, execution_date=20240418T000000, start_date=20241209T164548, end_date=20241209T164557
[2024-12-09T16:45:57.879+0000] {local_task_job_runner.py:225} INFO - Task exited with return code 0
[2024-12-09T16:45:57.981+0000] {taskinstance.py:2653} INFO - 0 downstream tasks scheduled from follow-on schedule check
[2024-12-09T17:34:46.598+0000] {taskinstance.py:1103} INFO - Dependencies all met for dep_context=non-requeueable deps ti=<TaskInstance: manufacturer_etl.fetch_manufacturer_data scheduled__2024-04-18T00:00:00+00:00 [queued]>
[2024-12-09T17:34:46.616+0000] {taskinstance.py:1103} INFO - Dependencies all met for dep_context=requeueable deps ti=<TaskInstance: manufacturer_etl.fetch_manufacturer_data scheduled__2024-04-18T00:00:00+00:00 [queued]>
[2024-12-09T17:34:46.617+0000] {taskinstance.py:1308} INFO - Starting attempt 1 of 1
[2024-12-09T17:34:46.645+0000] {taskinstance.py:1327} INFO - Executing <Task(PythonOperator): fetch_manufacturer_data> on 2024-04-18 00:00:00+00:00
[2024-12-09T17:34:46.651+0000] {standard_task_runner.py:57} INFO - Started process 556 to run task
[2024-12-09T17:34:46.657+0000] {standard_task_runner.py:84} INFO - Running: ['airflow', 'tasks', 'run', 'manufacturer_etl', 'fetch_manufacturer_data', 'scheduled__2024-04-18T00:00:00+00:00', '--job-id', '124', '--raw', '--subdir', 'DAGS_FOLDER/manufacturer_etl.py', '--cfg-path', '/tmp/tmpyru849il']
[2024-12-09T17:34:46.659+0000] {standard_task_runner.py:85} INFO - Job 124: Subtask fetch_manufacturer_data
[2024-12-09T17:34:46.759+0000] {task_command.py:410} INFO - Running <TaskInstance: manufacturer_etl.fetch_manufacturer_data scheduled__2024-04-18T00:00:00+00:00 [running]> on host 916d98ee7a08
[2024-12-09T17:34:46.952+0000] {taskinstance.py:1547} INFO - Exporting env vars: AIRFLOW_CTX_DAG_OWNER='airflow' AIRFLOW_CTX_DAG_ID='manufacturer_etl' AIRFLOW_CTX_TASK_ID='fetch_manufacturer_data' AIRFLOW_CTX_EXECUTION_DATE='2024-04-18T00:00:00+00:00' AIRFLOW_CTX_TRY_NUMBER='1' AIRFLOW_CTX_DAG_RUN_ID='scheduled__2024-04-18T00:00:00+00:00'
[2024-12-09T17:34:46.955+0000] {manufacturer_etl.py:37} INFO - Fetching manufacturer details from the API.
[2024-12-09T17:34:48.198+0000] {manufacturer_etl.py:43} INFO - Successfully fetched 100 manufacturer records.
[2024-12-09T17:34:48.205+0000] {manufacturer_etl.py:48} INFO - Data saved to /opt/airflow/data/raw_manufacturer_data.json
[2024-12-09T17:34:48.207+0000] {python.py:183} INFO - Done. Returned value was: None
[2024-12-09T17:34:48.227+0000] {taskinstance.py:1350} INFO - Marking task as SUCCESS. dag_id=manufacturer_etl, task_id=fetch_manufacturer_data, execution_date=20240418T000000, start_date=20241209T173446, end_date=20241209T173448
[2024-12-09T17:34:48.268+0000] {local_task_job_runner.py:225} INFO - Task exited with return code 0
[2024-12-09T17:34:48.303+0000] {taskinstance.py:2653} INFO - 0 downstream tasks scheduled from follow-on schedule check
