[2024-12-09T16:14:45.063+0000] {taskinstance.py:1103} INFO - Dependencies all met for dep_context=non-requeueable deps ti=<TaskInstance: manufacturer_etl.fetch_manufacturer_data scheduled__2024-03-12T00:00:00+00:00 [queued]>
[2024-12-09T16:14:45.086+0000] {taskinstance.py:1103} INFO - Dependencies all met for dep_context=requeueable deps ti=<TaskInstance: manufacturer_etl.fetch_manufacturer_data scheduled__2024-03-12T00:00:00+00:00 [queued]>
[2024-12-09T16:14:45.087+0000] {taskinstance.py:1308} INFO - Starting attempt 1 of 1
[2024-12-09T16:14:45.124+0000] {taskinstance.py:1327} INFO - Executing <Task(PythonOperator): fetch_manufacturer_data> on 2024-03-12 00:00:00+00:00
[2024-12-09T16:14:45.133+0000] {standard_task_runner.py:57} INFO - Started process 46 to run task
[2024-12-09T16:14:45.140+0000] {standard_task_runner.py:84} INFO - Running: ['airflow', 'tasks', 'run', 'manufacturer_etl', 'fetch_manufacturer_data', 'scheduled__2024-03-12T00:00:00+00:00', '--job-id', '102', '--raw', '--subdir', 'DAGS_FOLDER/manufacturer_etl.py', '--cfg-path', '/tmp/tmpb7ztarma']
[2024-12-09T16:14:45.142+0000] {standard_task_runner.py:85} INFO - Job 102: Subtask fetch_manufacturer_data
[2024-12-09T16:14:45.265+0000] {task_command.py:410} INFO - Running <TaskInstance: manufacturer_etl.fetch_manufacturer_data scheduled__2024-03-12T00:00:00+00:00 [running]> on host 651f030c76c5
[2024-12-09T16:14:45.488+0000] {taskinstance.py:1547} INFO - Exporting env vars: AIRFLOW_CTX_DAG_OWNER='airflow' AIRFLOW_CTX_DAG_ID='manufacturer_etl' AIRFLOW_CTX_TASK_ID='fetch_manufacturer_data' AIRFLOW_CTX_EXECUTION_DATE='2024-03-12T00:00:00+00:00' AIRFLOW_CTX_TRY_NUMBER='1' AIRFLOW_CTX_DAG_RUN_ID='scheduled__2024-03-12T00:00:00+00:00'
[2024-12-09T16:14:45.490+0000] {manufacturer_etl.py:37} INFO - Fetching manufacturer details from the API.
[2024-12-09T16:14:54.467+0000] {manufacturer_etl.py:43} INFO - Successfully fetched 100 manufacturer records.
[2024-12-09T16:14:54.475+0000] {manufacturer_etl.py:48} INFO - Data saved to /opt/airflow/data/raw_manufacturer_data.json
[2024-12-09T16:14:54.478+0000] {python.py:183} INFO - Done. Returned value was: None
[2024-12-09T16:14:54.509+0000] {taskinstance.py:1350} INFO - Marking task as SUCCESS. dag_id=manufacturer_etl, task_id=fetch_manufacturer_data, execution_date=20240312T000000, start_date=20241209T161445, end_date=20241209T161454
[2024-12-09T16:14:54.569+0000] {local_task_job_runner.py:225} INFO - Task exited with return code 0
[2024-12-09T16:14:54.607+0000] {taskinstance.py:2653} INFO - 0 downstream tasks scheduled from follow-on schedule check
[2024-12-09T16:37:10.840+0000] {taskinstance.py:1103} INFO - Dependencies all met for dep_context=non-requeueable deps ti=<TaskInstance: manufacturer_etl.fetch_manufacturer_data scheduled__2024-03-12T00:00:00+00:00 [queued]>
[2024-12-09T16:37:10.859+0000] {taskinstance.py:1103} INFO - Dependencies all met for dep_context=requeueable deps ti=<TaskInstance: manufacturer_etl.fetch_manufacturer_data scheduled__2024-03-12T00:00:00+00:00 [queued]>
[2024-12-09T16:37:10.859+0000] {taskinstance.py:1308} INFO - Starting attempt 1 of 1
[2024-12-09T16:37:10.888+0000] {taskinstance.py:1327} INFO - Executing <Task(PythonOperator): fetch_manufacturer_data> on 2024-03-12 00:00:00+00:00
[2024-12-09T16:37:10.894+0000] {standard_task_runner.py:57} INFO - Started process 450 to run task
[2024-12-09T16:37:10.900+0000] {standard_task_runner.py:84} INFO - Running: ['airflow', 'tasks', 'run', 'manufacturer_etl', 'fetch_manufacturer_data', 'scheduled__2024-03-12T00:00:00+00:00', '--job-id', '192', '--raw', '--subdir', 'DAGS_FOLDER/manufacturer_etl.py', '--cfg-path', '/tmp/tmpzhv_67m4']
[2024-12-09T16:37:10.902+0000] {standard_task_runner.py:85} INFO - Job 192: Subtask fetch_manufacturer_data
[2024-12-09T16:37:11.015+0000] {task_command.py:410} INFO - Running <TaskInstance: manufacturer_etl.fetch_manufacturer_data scheduled__2024-03-12T00:00:00+00:00 [running]> on host 651f030c76c5
[2024-12-09T16:37:11.255+0000] {taskinstance.py:1547} INFO - Exporting env vars: AIRFLOW_CTX_DAG_OWNER='airflow' AIRFLOW_CTX_DAG_ID='manufacturer_etl' AIRFLOW_CTX_TASK_ID='fetch_manufacturer_data' AIRFLOW_CTX_EXECUTION_DATE='2024-03-12T00:00:00+00:00' AIRFLOW_CTX_TRY_NUMBER='1' AIRFLOW_CTX_DAG_RUN_ID='scheduled__2024-03-12T00:00:00+00:00'
[2024-12-09T16:37:11.257+0000] {manufacturer_etl.py:37} INFO - Fetching manufacturer details from the API.
[2024-12-09T16:37:17.344+0000] {manufacturer_etl.py:43} INFO - Successfully fetched 100 manufacturer records.
[2024-12-09T16:37:17.358+0000] {manufacturer_etl.py:48} INFO - Data saved to /opt/airflow/data/raw_manufacturer_data.json
[2024-12-09T16:37:17.363+0000] {python.py:183} INFO - Done. Returned value was: None
[2024-12-09T16:37:17.419+0000] {taskinstance.py:1350} INFO - Marking task as SUCCESS. dag_id=manufacturer_etl, task_id=fetch_manufacturer_data, execution_date=20240312T000000, start_date=20241209T163710, end_date=20241209T163717
[2024-12-09T16:37:17.509+0000] {local_task_job_runner.py:225} INFO - Task exited with return code 0
[2024-12-09T16:37:17.604+0000] {taskinstance.py:2653} INFO - 0 downstream tasks scheduled from follow-on schedule check
[2024-12-09T17:30:06.104+0000] {taskinstance.py:1103} INFO - Dependencies all met for dep_context=non-requeueable deps ti=<TaskInstance: manufacturer_etl.fetch_manufacturer_data scheduled__2024-03-12T00:00:00+00:00 [queued]>
[2024-12-09T17:30:06.121+0000] {taskinstance.py:1103} INFO - Dependencies all met for dep_context=requeueable deps ti=<TaskInstance: manufacturer_etl.fetch_manufacturer_data scheduled__2024-03-12T00:00:00+00:00 [queued]>
[2024-12-09T17:30:06.122+0000] {taskinstance.py:1308} INFO - Starting attempt 1 of 1
[2024-12-09T17:30:06.151+0000] {taskinstance.py:1327} INFO - Executing <Task(PythonOperator): fetch_manufacturer_data> on 2024-03-12 00:00:00+00:00
[2024-12-09T17:30:06.157+0000] {standard_task_runner.py:57} INFO - Started process 399 to run task
[2024-12-09T17:30:06.163+0000] {standard_task_runner.py:84} INFO - Running: ['airflow', 'tasks', 'run', 'manufacturer_etl', 'fetch_manufacturer_data', 'scheduled__2024-03-12T00:00:00+00:00', '--job-id', '87', '--raw', '--subdir', 'DAGS_FOLDER/manufacturer_etl.py', '--cfg-path', '/tmp/tmpewwfc6jy']
[2024-12-09T17:30:06.165+0000] {standard_task_runner.py:85} INFO - Job 87: Subtask fetch_manufacturer_data
[2024-12-09T17:30:06.261+0000] {task_command.py:410} INFO - Running <TaskInstance: manufacturer_etl.fetch_manufacturer_data scheduled__2024-03-12T00:00:00+00:00 [running]> on host 916d98ee7a08
[2024-12-09T17:30:06.460+0000] {taskinstance.py:1547} INFO - Exporting env vars: AIRFLOW_CTX_DAG_OWNER='airflow' AIRFLOW_CTX_DAG_ID='manufacturer_etl' AIRFLOW_CTX_TASK_ID='fetch_manufacturer_data' AIRFLOW_CTX_EXECUTION_DATE='2024-03-12T00:00:00+00:00' AIRFLOW_CTX_TRY_NUMBER='1' AIRFLOW_CTX_DAG_RUN_ID='scheduled__2024-03-12T00:00:00+00:00'
[2024-12-09T17:30:06.462+0000] {manufacturer_etl.py:37} INFO - Fetching manufacturer details from the API.
[2024-12-09T17:30:08.729+0000] {manufacturer_etl.py:43} INFO - Successfully fetched 100 manufacturer records.
[2024-12-09T17:30:08.736+0000] {manufacturer_etl.py:48} INFO - Data saved to /opt/airflow/data/raw_manufacturer_data.json
[2024-12-09T17:30:08.738+0000] {python.py:183} INFO - Done. Returned value was: None
[2024-12-09T17:30:08.759+0000] {taskinstance.py:1350} INFO - Marking task as SUCCESS. dag_id=manufacturer_etl, task_id=fetch_manufacturer_data, execution_date=20240312T000000, start_date=20241209T173006, end_date=20241209T173008
[2024-12-09T17:30:08.800+0000] {local_task_job_runner.py:225} INFO - Task exited with return code 0
[2024-12-09T17:30:08.836+0000] {taskinstance.py:2653} INFO - 0 downstream tasks scheduled from follow-on schedule check
