[2024-12-09T15:48:26.544+0000] {taskinstance.py:1103} INFO - Dependencies all met for dep_context=non-requeueable deps ti=<TaskInstance: manufacturer_etl.fetch_manufacturer_data scheduled__2024-02-13T00:00:00+00:00 [queued]>
[2024-12-09T15:48:26.553+0000] {taskinstance.py:1103} INFO - Dependencies all met for dep_context=requeueable deps ti=<TaskInstance: manufacturer_etl.fetch_manufacturer_data scheduled__2024-02-13T00:00:00+00:00 [queued]>
[2024-12-09T15:48:26.554+0000] {taskinstance.py:1308} INFO - Starting attempt 1 of 1
[2024-12-09T15:48:26.569+0000] {taskinstance.py:1327} INFO - Executing <Task(PythonOperator): fetch_manufacturer_data> on 2024-02-13 00:00:00+00:00
[2024-12-09T15:48:26.573+0000] {standard_task_runner.py:57} INFO - Started process 293 to run task
[2024-12-09T15:48:26.576+0000] {standard_task_runner.py:84} INFO - Running: ['airflow', 'tasks', 'run', 'manufacturer_etl', 'fetch_manufacturer_data', 'scheduled__2024-02-13T00:00:00+00:00', '--job-id', '59', '--raw', '--subdir', 'DAGS_FOLDER/manufacturer_etl.py', '--cfg-path', '/tmp/tmp9emv9c4a']
[2024-12-09T15:48:26.578+0000] {standard_task_runner.py:85} INFO - Job 59: Subtask fetch_manufacturer_data
[2024-12-09T15:48:26.631+0000] {task_command.py:410} INFO - Running <TaskInstance: manufacturer_etl.fetch_manufacturer_data scheduled__2024-02-13T00:00:00+00:00 [running]> on host 782927b5dd22
[2024-12-09T15:48:26.734+0000] {taskinstance.py:1547} INFO - Exporting env vars: AIRFLOW_CTX_DAG_OWNER='airflow' AIRFLOW_CTX_DAG_ID='manufacturer_etl' AIRFLOW_CTX_TASK_ID='fetch_manufacturer_data' AIRFLOW_CTX_EXECUTION_DATE='2024-02-13T00:00:00+00:00' AIRFLOW_CTX_TRY_NUMBER='1' AIRFLOW_CTX_DAG_RUN_ID='scheduled__2024-02-13T00:00:00+00:00'
[2024-12-09T15:48:26.736+0000] {manufacturer_etl.py:37} INFO - Fetching manufacturer details from the API.
[2024-12-09T15:48:35.617+0000] {manufacturer_etl.py:43} INFO - Successfully fetched 100 manufacturer records.
[2024-12-09T15:48:35.621+0000] {manufacturer_etl.py:48} INFO - Data saved to /opt/airflow/data/raw_manufacturer_data.json
[2024-12-09T15:48:35.622+0000] {python.py:183} INFO - Done. Returned value was: None
[2024-12-09T15:48:35.633+0000] {taskinstance.py:1350} INFO - Marking task as SUCCESS. dag_id=manufacturer_etl, task_id=fetch_manufacturer_data, execution_date=20240213T000000, start_date=20241209T154826, end_date=20241209T154835
[2024-12-09T15:48:35.689+0000] {local_task_job_runner.py:225} INFO - Task exited with return code 0
[2024-12-09T15:48:35.708+0000] {taskinstance.py:2653} INFO - 0 downstream tasks scheduled from follow-on schedule check
[2024-12-09T16:30:36.236+0000] {taskinstance.py:1103} INFO - Dependencies all met for dep_context=non-requeueable deps ti=<TaskInstance: manufacturer_etl.fetch_manufacturer_data scheduled__2024-02-13T00:00:00+00:00 [queued]>
[2024-12-09T16:30:36.254+0000] {taskinstance.py:1103} INFO - Dependencies all met for dep_context=requeueable deps ti=<TaskInstance: manufacturer_etl.fetch_manufacturer_data scheduled__2024-02-13T00:00:00+00:00 [queued]>
[2024-12-09T16:30:36.255+0000] {taskinstance.py:1308} INFO - Starting attempt 1 of 1
[2024-12-09T16:30:36.285+0000] {taskinstance.py:1327} INFO - Executing <Task(PythonOperator): fetch_manufacturer_data> on 2024-02-13 00:00:00+00:00
[2024-12-09T16:30:36.293+0000] {standard_task_runner.py:57} INFO - Started process 325 to run task
[2024-12-09T16:30:36.299+0000] {standard_task_runner.py:84} INFO - Running: ['airflow', 'tasks', 'run', 'manufacturer_etl', 'fetch_manufacturer_data', 'scheduled__2024-02-13T00:00:00+00:00', '--job-id', '164', '--raw', '--subdir', 'DAGS_FOLDER/manufacturer_etl.py', '--cfg-path', '/tmp/tmpexygrqrv']
[2024-12-09T16:30:36.302+0000] {standard_task_runner.py:85} INFO - Job 164: Subtask fetch_manufacturer_data
[2024-12-09T16:30:36.416+0000] {task_command.py:410} INFO - Running <TaskInstance: manufacturer_etl.fetch_manufacturer_data scheduled__2024-02-13T00:00:00+00:00 [running]> on host 651f030c76c5
[2024-12-09T16:30:36.623+0000] {taskinstance.py:1547} INFO - Exporting env vars: AIRFLOW_CTX_DAG_OWNER='airflow' AIRFLOW_CTX_DAG_ID='manufacturer_etl' AIRFLOW_CTX_TASK_ID='fetch_manufacturer_data' AIRFLOW_CTX_EXECUTION_DATE='2024-02-13T00:00:00+00:00' AIRFLOW_CTX_TRY_NUMBER='1' AIRFLOW_CTX_DAG_RUN_ID='scheduled__2024-02-13T00:00:00+00:00'
[2024-12-09T16:30:36.626+0000] {manufacturer_etl.py:37} INFO - Fetching manufacturer details from the API.
[2024-12-09T16:30:45.400+0000] {manufacturer_etl.py:43} INFO - Successfully fetched 100 manufacturer records.
[2024-12-09T16:30:45.415+0000] {manufacturer_etl.py:48} INFO - Data saved to /opt/airflow/data/raw_manufacturer_data.json
[2024-12-09T16:30:45.420+0000] {python.py:183} INFO - Done. Returned value was: None
[2024-12-09T16:30:45.476+0000] {taskinstance.py:1350} INFO - Marking task as SUCCESS. dag_id=manufacturer_etl, task_id=fetch_manufacturer_data, execution_date=20240213T000000, start_date=20241209T163036, end_date=20241209T163045
[2024-12-09T16:30:45.562+0000] {local_task_job_runner.py:225} INFO - Task exited with return code 0
[2024-12-09T16:30:45.650+0000] {taskinstance.py:2653} INFO - 0 downstream tasks scheduled from follow-on schedule check
[2024-12-09T17:26:25.722+0000] {taskinstance.py:1103} INFO - Dependencies all met for dep_context=non-requeueable deps ti=<TaskInstance: manufacturer_etl.fetch_manufacturer_data scheduled__2024-02-13T00:00:00+00:00 [queued]>
[2024-12-09T17:26:25.741+0000] {taskinstance.py:1103} INFO - Dependencies all met for dep_context=requeueable deps ti=<TaskInstance: manufacturer_etl.fetch_manufacturer_data scheduled__2024-02-13T00:00:00+00:00 [queued]>
[2024-12-09T17:26:25.742+0000] {taskinstance.py:1308} INFO - Starting attempt 1 of 1
[2024-12-09T17:26:25.773+0000] {taskinstance.py:1327} INFO - Executing <Task(PythonOperator): fetch_manufacturer_data> on 2024-02-13 00:00:00+00:00
[2024-12-09T17:26:25.780+0000] {standard_task_runner.py:57} INFO - Started process 280 to run task
[2024-12-09T17:26:25.786+0000] {standard_task_runner.py:84} INFO - Running: ['airflow', 'tasks', 'run', 'manufacturer_etl', 'fetch_manufacturer_data', 'scheduled__2024-02-13T00:00:00+00:00', '--job-id', '59', '--raw', '--subdir', 'DAGS_FOLDER/manufacturer_etl.py', '--cfg-path', '/tmp/tmpl0knc26y']
[2024-12-09T17:26:25.788+0000] {standard_task_runner.py:85} INFO - Job 59: Subtask fetch_manufacturer_data
[2024-12-09T17:26:25.891+0000] {task_command.py:410} INFO - Running <TaskInstance: manufacturer_etl.fetch_manufacturer_data scheduled__2024-02-13T00:00:00+00:00 [running]> on host 916d98ee7a08
[2024-12-09T17:26:26.098+0000] {taskinstance.py:1547} INFO - Exporting env vars: AIRFLOW_CTX_DAG_OWNER='airflow' AIRFLOW_CTX_DAG_ID='manufacturer_etl' AIRFLOW_CTX_TASK_ID='fetch_manufacturer_data' AIRFLOW_CTX_EXECUTION_DATE='2024-02-13T00:00:00+00:00' AIRFLOW_CTX_TRY_NUMBER='1' AIRFLOW_CTX_DAG_RUN_ID='scheduled__2024-02-13T00:00:00+00:00'
[2024-12-09T17:26:26.100+0000] {manufacturer_etl.py:37} INFO - Fetching manufacturer details from the API.
[2024-12-09T17:26:27.551+0000] {manufacturer_etl.py:43} INFO - Successfully fetched 100 manufacturer records.
[2024-12-09T17:26:27.561+0000] {manufacturer_etl.py:48} INFO - Data saved to /opt/airflow/data/raw_manufacturer_data.json
[2024-12-09T17:26:27.564+0000] {python.py:183} INFO - Done. Returned value was: None
[2024-12-09T17:26:27.586+0000] {taskinstance.py:1350} INFO - Marking task as SUCCESS. dag_id=manufacturer_etl, task_id=fetch_manufacturer_data, execution_date=20240213T000000, start_date=20241209T172625, end_date=20241209T172627
[2024-12-09T17:26:27.644+0000] {local_task_job_runner.py:225} INFO - Task exited with return code 0
[2024-12-09T17:26:27.681+0000] {taskinstance.py:2653} INFO - 0 downstream tasks scheduled from follow-on schedule check
