[2024-12-09T17:00:31.730+0000] {taskinstance.py:1103} INFO - Dependencies all met for dep_context=non-requeueable deps ti=<TaskInstance: manufacturer_etl.fetch_manufacturer_data scheduled__2024-06-19T00:00:00+00:00 [queued]>
[2024-12-09T17:00:31.748+0000] {taskinstance.py:1103} INFO - Dependencies all met for dep_context=requeueable deps ti=<TaskInstance: manufacturer_etl.fetch_manufacturer_data scheduled__2024-06-19T00:00:00+00:00 [queued]>
[2024-12-09T17:00:31.749+0000] {taskinstance.py:1308} INFO - Starting attempt 1 of 1
[2024-12-09T17:00:31.778+0000] {taskinstance.py:1327} INFO - Executing <Task(PythonOperator): fetch_manufacturer_data> on 2024-06-19 00:00:00+00:00
[2024-12-09T17:00:31.784+0000] {standard_task_runner.py:57} INFO - Started process 892 to run task
[2024-12-09T17:00:31.790+0000] {standard_task_runner.py:84} INFO - Running: ['airflow', 'tasks', 'run', 'manufacturer_etl', 'fetch_manufacturer_data', 'scheduled__2024-06-19T00:00:00+00:00', '--job-id', '291', '--raw', '--subdir', 'DAGS_FOLDER/manufacturer_etl.py', '--cfg-path', '/tmp/tmp697_17g7']
[2024-12-09T17:00:31.793+0000] {standard_task_runner.py:85} INFO - Job 291: Subtask fetch_manufacturer_data
[2024-12-09T17:00:31.922+0000] {task_command.py:410} INFO - Running <TaskInstance: manufacturer_etl.fetch_manufacturer_data scheduled__2024-06-19T00:00:00+00:00 [running]> on host 651f030c76c5
[2024-12-09T17:00:32.138+0000] {taskinstance.py:1547} INFO - Exporting env vars: AIRFLOW_CTX_DAG_OWNER='airflow' AIRFLOW_CTX_DAG_ID='manufacturer_etl' AIRFLOW_CTX_TASK_ID='fetch_manufacturer_data' AIRFLOW_CTX_EXECUTION_DATE='2024-06-19T00:00:00+00:00' AIRFLOW_CTX_TRY_NUMBER='1' AIRFLOW_CTX_DAG_RUN_ID='scheduled__2024-06-19T00:00:00+00:00'
[2024-12-09T17:00:32.140+0000] {manufacturer_etl.py:37} INFO - Fetching manufacturer details from the API.
[2024-12-09T17:00:37.159+0000] {manufacturer_etl.py:43} INFO - Successfully fetched 100 manufacturer records.
[2024-12-09T17:00:37.172+0000] {manufacturer_etl.py:48} INFO - Data saved to /opt/airflow/data/raw_manufacturer_data.json
[2024-12-09T17:00:37.178+0000] {python.py:183} INFO - Done. Returned value was: None
[2024-12-09T17:00:37.239+0000] {taskinstance.py:1350} INFO - Marking task as SUCCESS. dag_id=manufacturer_etl, task_id=fetch_manufacturer_data, execution_date=20240619T000000, start_date=20241209T170031, end_date=20241209T170037
[2024-12-09T17:00:37.332+0000] {local_task_job_runner.py:225} INFO - Task exited with return code 0
[2024-12-09T17:00:37.420+0000] {taskinstance.py:2653} INFO - 0 downstream tasks scheduled from follow-on schedule check
[2024-12-09T17:43:00.756+0000] {taskinstance.py:1103} INFO - Dependencies all met for dep_context=non-requeueable deps ti=<TaskInstance: manufacturer_etl.fetch_manufacturer_data scheduled__2024-06-19T00:00:00+00:00 [queued]>
[2024-12-09T17:43:00.775+0000] {taskinstance.py:1103} INFO - Dependencies all met for dep_context=requeueable deps ti=<TaskInstance: manufacturer_etl.fetch_manufacturer_data scheduled__2024-06-19T00:00:00+00:00 [queued]>
[2024-12-09T17:43:00.775+0000] {taskinstance.py:1308} INFO - Starting attempt 1 of 1
[2024-12-09T17:43:00.804+0000] {taskinstance.py:1327} INFO - Executing <Task(PythonOperator): fetch_manufacturer_data> on 2024-06-19 00:00:00+00:00
[2024-12-09T17:43:00.812+0000] {standard_task_runner.py:57} INFO - Started process 820 to run task
[2024-12-09T17:43:00.817+0000] {standard_task_runner.py:84} INFO - Running: ['airflow', 'tasks', 'run', 'manufacturer_etl', 'fetch_manufacturer_data', 'scheduled__2024-06-19T00:00:00+00:00', '--job-id', '186', '--raw', '--subdir', 'DAGS_FOLDER/manufacturer_etl.py', '--cfg-path', '/tmp/tmpbkpxz4mw']
[2024-12-09T17:43:00.820+0000] {standard_task_runner.py:85} INFO - Job 186: Subtask fetch_manufacturer_data
[2024-12-09T17:43:00.917+0000] {task_command.py:410} INFO - Running <TaskInstance: manufacturer_etl.fetch_manufacturer_data scheduled__2024-06-19T00:00:00+00:00 [running]> on host 916d98ee7a08
[2024-12-09T17:43:01.117+0000] {taskinstance.py:1547} INFO - Exporting env vars: AIRFLOW_CTX_DAG_OWNER='airflow' AIRFLOW_CTX_DAG_ID='manufacturer_etl' AIRFLOW_CTX_TASK_ID='fetch_manufacturer_data' AIRFLOW_CTX_EXECUTION_DATE='2024-06-19T00:00:00+00:00' AIRFLOW_CTX_TRY_NUMBER='1' AIRFLOW_CTX_DAG_RUN_ID='scheduled__2024-06-19T00:00:00+00:00'
[2024-12-09T17:43:01.119+0000] {manufacturer_etl.py:37} INFO - Fetching manufacturer details from the API.
[2024-12-09T17:43:02.767+0000] {manufacturer_etl.py:43} INFO - Successfully fetched 100 manufacturer records.
[2024-12-09T17:43:02.774+0000] {manufacturer_etl.py:48} INFO - Data saved to /opt/airflow/data/raw_manufacturer_data.json
[2024-12-09T17:43:02.777+0000] {python.py:183} INFO - Done. Returned value was: None
[2024-12-09T17:43:02.797+0000] {taskinstance.py:1350} INFO - Marking task as SUCCESS. dag_id=manufacturer_etl, task_id=fetch_manufacturer_data, execution_date=20240619T000000, start_date=20241209T174300, end_date=20241209T174302
[2024-12-09T17:43:02.839+0000] {local_task_job_runner.py:225} INFO - Task exited with return code 0
[2024-12-09T17:43:02.875+0000] {taskinstance.py:2653} INFO - 0 downstream tasks scheduled from follow-on schedule check
