[2024-12-09T15:47:26.502+0000] {taskinstance.py:1103} INFO - Dependencies all met for dep_context=non-requeueable deps ti=<TaskInstance: manufacturer_etl.fetch_manufacturer_data scheduled__2024-02-08T00:00:00+00:00 [queued]>
[2024-12-09T15:47:26.511+0000] {taskinstance.py:1103} INFO - Dependencies all met for dep_context=requeueable deps ti=<TaskInstance: manufacturer_etl.fetch_manufacturer_data scheduled__2024-02-08T00:00:00+00:00 [queued]>
[2024-12-09T15:47:26.512+0000] {taskinstance.py:1308} INFO - Starting attempt 1 of 1
[2024-12-09T15:47:26.527+0000] {taskinstance.py:1327} INFO - Executing <Task(PythonOperator): fetch_manufacturer_data> on 2024-02-08 00:00:00+00:00
[2024-12-09T15:47:26.531+0000] {standard_task_runner.py:57} INFO - Started process 271 to run task
[2024-12-09T15:47:26.535+0000] {standard_task_runner.py:84} INFO - Running: ['airflow', 'tasks', 'run', 'manufacturer_etl', 'fetch_manufacturer_data', 'scheduled__2024-02-08T00:00:00+00:00', '--job-id', '54', '--raw', '--subdir', 'DAGS_FOLDER/manufacturer_etl.py', '--cfg-path', '/tmp/tmpskt7ok66']
[2024-12-09T15:47:26.536+0000] {standard_task_runner.py:85} INFO - Job 54: Subtask fetch_manufacturer_data
[2024-12-09T15:47:26.587+0000] {task_command.py:410} INFO - Running <TaskInstance: manufacturer_etl.fetch_manufacturer_data scheduled__2024-02-08T00:00:00+00:00 [running]> on host 782927b5dd22
[2024-12-09T15:47:26.691+0000] {taskinstance.py:1547} INFO - Exporting env vars: AIRFLOW_CTX_DAG_OWNER='airflow' AIRFLOW_CTX_DAG_ID='manufacturer_etl' AIRFLOW_CTX_TASK_ID='fetch_manufacturer_data' AIRFLOW_CTX_EXECUTION_DATE='2024-02-08T00:00:00+00:00' AIRFLOW_CTX_TRY_NUMBER='1' AIRFLOW_CTX_DAG_RUN_ID='scheduled__2024-02-08T00:00:00+00:00'
[2024-12-09T15:47:26.692+0000] {manufacturer_etl.py:37} INFO - Fetching manufacturer details from the API.
[2024-12-09T15:47:35.512+0000] {manufacturer_etl.py:43} INFO - Successfully fetched 100 manufacturer records.
[2024-12-09T15:47:35.521+0000] {manufacturer_etl.py:48} INFO - Data saved to /opt/airflow/data/raw_manufacturer_data.json
[2024-12-09T15:47:35.523+0000] {python.py:183} INFO - Done. Returned value was: None
[2024-12-09T15:47:35.534+0000] {taskinstance.py:1350} INFO - Marking task as SUCCESS. dag_id=manufacturer_etl, task_id=fetch_manufacturer_data, execution_date=20240208T000000, start_date=20241209T154726, end_date=20241209T154735
[2024-12-09T15:47:35.583+0000] {local_task_job_runner.py:225} INFO - Task exited with return code 0
[2024-12-09T15:47:35.601+0000] {taskinstance.py:2653} INFO - 0 downstream tasks scheduled from follow-on schedule check
[2024-12-09T16:29:22.205+0000] {taskinstance.py:1103} INFO - Dependencies all met for dep_context=non-requeueable deps ti=<TaskInstance: manufacturer_etl.fetch_manufacturer_data scheduled__2024-02-08T00:00:00+00:00 [queued]>
[2024-12-09T16:29:22.224+0000] {taskinstance.py:1103} INFO - Dependencies all met for dep_context=requeueable deps ti=<TaskInstance: manufacturer_etl.fetch_manufacturer_data scheduled__2024-02-08T00:00:00+00:00 [queued]>
[2024-12-09T16:29:22.225+0000] {taskinstance.py:1308} INFO - Starting attempt 1 of 1
[2024-12-09T16:29:22.259+0000] {taskinstance.py:1327} INFO - Executing <Task(PythonOperator): fetch_manufacturer_data> on 2024-02-08 00:00:00+00:00
[2024-12-09T16:29:22.267+0000] {standard_task_runner.py:57} INFO - Started process 302 to run task
[2024-12-09T16:29:22.274+0000] {standard_task_runner.py:84} INFO - Running: ['airflow', 'tasks', 'run', 'manufacturer_etl', 'fetch_manufacturer_data', 'scheduled__2024-02-08T00:00:00+00:00', '--job-id', '159', '--raw', '--subdir', 'DAGS_FOLDER/manufacturer_etl.py', '--cfg-path', '/tmp/tmp38qm42j0']
[2024-12-09T16:29:22.277+0000] {standard_task_runner.py:85} INFO - Job 159: Subtask fetch_manufacturer_data
[2024-12-09T16:29:22.391+0000] {task_command.py:410} INFO - Running <TaskInstance: manufacturer_etl.fetch_manufacturer_data scheduled__2024-02-08T00:00:00+00:00 [running]> on host 651f030c76c5
[2024-12-09T16:29:22.608+0000] {taskinstance.py:1547} INFO - Exporting env vars: AIRFLOW_CTX_DAG_OWNER='airflow' AIRFLOW_CTX_DAG_ID='manufacturer_etl' AIRFLOW_CTX_TASK_ID='fetch_manufacturer_data' AIRFLOW_CTX_EXECUTION_DATE='2024-02-08T00:00:00+00:00' AIRFLOW_CTX_TRY_NUMBER='1' AIRFLOW_CTX_DAG_RUN_ID='scheduled__2024-02-08T00:00:00+00:00'
[2024-12-09T16:29:22.610+0000] {manufacturer_etl.py:37} INFO - Fetching manufacturer details from the API.
[2024-12-09T16:29:31.498+0000] {manufacturer_etl.py:43} INFO - Successfully fetched 100 manufacturer records.
[2024-12-09T16:29:31.512+0000] {manufacturer_etl.py:48} INFO - Data saved to /opt/airflow/data/raw_manufacturer_data.json
[2024-12-09T16:29:31.517+0000] {python.py:183} INFO - Done. Returned value was: None
[2024-12-09T16:29:31.575+0000] {taskinstance.py:1350} INFO - Marking task as SUCCESS. dag_id=manufacturer_etl, task_id=fetch_manufacturer_data, execution_date=20240208T000000, start_date=20241209T162922, end_date=20241209T162931
[2024-12-09T16:29:31.667+0000] {local_task_job_runner.py:225} INFO - Task exited with return code 0
[2024-12-09T16:29:31.757+0000] {taskinstance.py:2653} INFO - 0 downstream tasks scheduled from follow-on schedule check
[2024-12-09T17:25:45.466+0000] {taskinstance.py:1103} INFO - Dependencies all met for dep_context=non-requeueable deps ti=<TaskInstance: manufacturer_etl.fetch_manufacturer_data scheduled__2024-02-08T00:00:00+00:00 [queued]>
[2024-12-09T17:25:45.485+0000] {taskinstance.py:1103} INFO - Dependencies all met for dep_context=requeueable deps ti=<TaskInstance: manufacturer_etl.fetch_manufacturer_data scheduled__2024-02-08T00:00:00+00:00 [queued]>
[2024-12-09T17:25:45.486+0000] {taskinstance.py:1308} INFO - Starting attempt 1 of 1
[2024-12-09T17:25:45.513+0000] {taskinstance.py:1327} INFO - Executing <Task(PythonOperator): fetch_manufacturer_data> on 2024-02-08 00:00:00+00:00
[2024-12-09T17:25:45.519+0000] {standard_task_runner.py:57} INFO - Started process 258 to run task
[2024-12-09T17:25:45.527+0000] {standard_task_runner.py:84} INFO - Running: ['airflow', 'tasks', 'run', 'manufacturer_etl', 'fetch_manufacturer_data', 'scheduled__2024-02-08T00:00:00+00:00', '--job-id', '54', '--raw', '--subdir', 'DAGS_FOLDER/manufacturer_etl.py', '--cfg-path', '/tmp/tmpv1ooy1i4']
[2024-12-09T17:25:45.529+0000] {standard_task_runner.py:85} INFO - Job 54: Subtask fetch_manufacturer_data
[2024-12-09T17:25:45.628+0000] {task_command.py:410} INFO - Running <TaskInstance: manufacturer_etl.fetch_manufacturer_data scheduled__2024-02-08T00:00:00+00:00 [running]> on host 916d98ee7a08
[2024-12-09T17:25:45.829+0000] {taskinstance.py:1547} INFO - Exporting env vars: AIRFLOW_CTX_DAG_OWNER='airflow' AIRFLOW_CTX_DAG_ID='manufacturer_etl' AIRFLOW_CTX_TASK_ID='fetch_manufacturer_data' AIRFLOW_CTX_EXECUTION_DATE='2024-02-08T00:00:00+00:00' AIRFLOW_CTX_TRY_NUMBER='1' AIRFLOW_CTX_DAG_RUN_ID='scheduled__2024-02-08T00:00:00+00:00'
[2024-12-09T17:25:45.831+0000] {manufacturer_etl.py:37} INFO - Fetching manufacturer details from the API.
[2024-12-09T17:25:47.409+0000] {manufacturer_etl.py:43} INFO - Successfully fetched 100 manufacturer records.
[2024-12-09T17:25:47.418+0000] {manufacturer_etl.py:48} INFO - Data saved to /opt/airflow/data/raw_manufacturer_data.json
[2024-12-09T17:25:47.422+0000] {python.py:183} INFO - Done. Returned value was: None
[2024-12-09T17:25:47.454+0000] {taskinstance.py:1350} INFO - Marking task as SUCCESS. dag_id=manufacturer_etl, task_id=fetch_manufacturer_data, execution_date=20240208T000000, start_date=20241209T172545, end_date=20241209T172547
[2024-12-09T17:25:47.508+0000] {local_task_job_runner.py:225} INFO - Task exited with return code 0
[2024-12-09T17:25:47.556+0000] {taskinstance.py:2653} INFO - 0 downstream tasks scheduled from follow-on schedule check
