[2024-12-09T15:46:32.882+0000] {taskinstance.py:1103} INFO - Dependencies all met for dep_context=non-requeueable deps ti=<TaskInstance: manufacturer_etl.fetch_manufacturer_data scheduled__2024-02-03T00:00:00+00:00 [queued]>
[2024-12-09T15:46:32.891+0000] {taskinstance.py:1103} INFO - Dependencies all met for dep_context=requeueable deps ti=<TaskInstance: manufacturer_etl.fetch_manufacturer_data scheduled__2024-02-03T00:00:00+00:00 [queued]>
[2024-12-09T15:46:32.891+0000] {taskinstance.py:1308} INFO - Starting attempt 1 of 1
[2024-12-09T15:46:32.906+0000] {taskinstance.py:1327} INFO - Executing <Task(PythonOperator): fetch_manufacturer_data> on 2024-02-03 00:00:00+00:00
[2024-12-09T15:46:32.910+0000] {standard_task_runner.py:57} INFO - Started process 249 to run task
[2024-12-09T15:46:32.913+0000] {standard_task_runner.py:84} INFO - Running: ['airflow', 'tasks', 'run', 'manufacturer_etl', 'fetch_manufacturer_data', 'scheduled__2024-02-03T00:00:00+00:00', '--job-id', '49', '--raw', '--subdir', 'DAGS_FOLDER/manufacturer_etl.py', '--cfg-path', '/tmp/tmp7_a1oilj']
[2024-12-09T15:46:32.914+0000] {standard_task_runner.py:85} INFO - Job 49: Subtask fetch_manufacturer_data
[2024-12-09T15:46:32.966+0000] {task_command.py:410} INFO - Running <TaskInstance: manufacturer_etl.fetch_manufacturer_data scheduled__2024-02-03T00:00:00+00:00 [running]> on host 782927b5dd22
[2024-12-09T15:46:33.066+0000] {taskinstance.py:1547} INFO - Exporting env vars: AIRFLOW_CTX_DAG_OWNER='airflow' AIRFLOW_CTX_DAG_ID='manufacturer_etl' AIRFLOW_CTX_TASK_ID='fetch_manufacturer_data' AIRFLOW_CTX_EXECUTION_DATE='2024-02-03T00:00:00+00:00' AIRFLOW_CTX_TRY_NUMBER='1' AIRFLOW_CTX_DAG_RUN_ID='scheduled__2024-02-03T00:00:00+00:00'
[2024-12-09T15:46:33.068+0000] {manufacturer_etl.py:37} INFO - Fetching manufacturer details from the API.
[2024-12-09T15:46:38.268+0000] {manufacturer_etl.py:43} INFO - Successfully fetched 100 manufacturer records.
[2024-12-09T15:46:38.279+0000] {manufacturer_etl.py:48} INFO - Data saved to /opt/airflow/data/raw_manufacturer_data.json
[2024-12-09T15:46:38.281+0000] {python.py:183} INFO - Done. Returned value was: None
[2024-12-09T15:46:38.292+0000] {taskinstance.py:1350} INFO - Marking task as SUCCESS. dag_id=manufacturer_etl, task_id=fetch_manufacturer_data, execution_date=20240203T000000, start_date=20241209T154632, end_date=20241209T154638
[2024-12-09T15:46:38.308+0000] {local_task_job_runner.py:225} INFO - Task exited with return code 0
[2024-12-09T15:46:38.326+0000] {taskinstance.py:2653} INFO - 0 downstream tasks scheduled from follow-on schedule check
[2024-12-09T16:28:09.310+0000] {taskinstance.py:1103} INFO - Dependencies all met for dep_context=non-requeueable deps ti=<TaskInstance: manufacturer_etl.fetch_manufacturer_data scheduled__2024-02-03T00:00:00+00:00 [queued]>
[2024-12-09T16:28:09.329+0000] {taskinstance.py:1103} INFO - Dependencies all met for dep_context=requeueable deps ti=<TaskInstance: manufacturer_etl.fetch_manufacturer_data scheduled__2024-02-03T00:00:00+00:00 [queued]>
[2024-12-09T16:28:09.329+0000] {taskinstance.py:1308} INFO - Starting attempt 1 of 1
[2024-12-09T16:28:09.359+0000] {taskinstance.py:1327} INFO - Executing <Task(PythonOperator): fetch_manufacturer_data> on 2024-02-03 00:00:00+00:00
[2024-12-09T16:28:09.367+0000] {standard_task_runner.py:57} INFO - Started process 280 to run task
[2024-12-09T16:28:09.373+0000] {standard_task_runner.py:84} INFO - Running: ['airflow', 'tasks', 'run', 'manufacturer_etl', 'fetch_manufacturer_data', 'scheduled__2024-02-03T00:00:00+00:00', '--job-id', '154', '--raw', '--subdir', 'DAGS_FOLDER/manufacturer_etl.py', '--cfg-path', '/tmp/tmp0hnn6arr']
[2024-12-09T16:28:09.375+0000] {standard_task_runner.py:85} INFO - Job 154: Subtask fetch_manufacturer_data
[2024-12-09T16:28:09.488+0000] {task_command.py:410} INFO - Running <TaskInstance: manufacturer_etl.fetch_manufacturer_data scheduled__2024-02-03T00:00:00+00:00 [running]> on host 651f030c76c5
[2024-12-09T16:28:09.699+0000] {taskinstance.py:1547} INFO - Exporting env vars: AIRFLOW_CTX_DAG_OWNER='airflow' AIRFLOW_CTX_DAG_ID='manufacturer_etl' AIRFLOW_CTX_TASK_ID='fetch_manufacturer_data' AIRFLOW_CTX_EXECUTION_DATE='2024-02-03T00:00:00+00:00' AIRFLOW_CTX_TRY_NUMBER='1' AIRFLOW_CTX_DAG_RUN_ID='scheduled__2024-02-03T00:00:00+00:00'
[2024-12-09T16:28:09.701+0000] {manufacturer_etl.py:37} INFO - Fetching manufacturer details from the API.
[2024-12-09T16:28:18.681+0000] {manufacturer_etl.py:43} INFO - Successfully fetched 100 manufacturer records.
[2024-12-09T16:28:18.696+0000] {manufacturer_etl.py:48} INFO - Data saved to /opt/airflow/data/raw_manufacturer_data.json
[2024-12-09T16:28:18.701+0000] {python.py:183} INFO - Done. Returned value was: None
[2024-12-09T16:28:18.757+0000] {taskinstance.py:1350} INFO - Marking task as SUCCESS. dag_id=manufacturer_etl, task_id=fetch_manufacturer_data, execution_date=20240203T000000, start_date=20241209T162809, end_date=20241209T162818
[2024-12-09T16:28:18.847+0000] {local_task_job_runner.py:225} INFO - Task exited with return code 0
[2024-12-09T16:28:18.938+0000] {taskinstance.py:2653} INFO - 0 downstream tasks scheduled from follow-on schedule check
[2024-12-09T17:25:09.055+0000] {taskinstance.py:1103} INFO - Dependencies all met for dep_context=non-requeueable deps ti=<TaskInstance: manufacturer_etl.fetch_manufacturer_data scheduled__2024-02-03T00:00:00+00:00 [queued]>
[2024-12-09T17:25:09.073+0000] {taskinstance.py:1103} INFO - Dependencies all met for dep_context=requeueable deps ti=<TaskInstance: manufacturer_etl.fetch_manufacturer_data scheduled__2024-02-03T00:00:00+00:00 [queued]>
[2024-12-09T17:25:09.074+0000] {taskinstance.py:1308} INFO - Starting attempt 1 of 1
[2024-12-09T17:25:09.102+0000] {taskinstance.py:1327} INFO - Executing <Task(PythonOperator): fetch_manufacturer_data> on 2024-02-03 00:00:00+00:00
[2024-12-09T17:25:09.107+0000] {standard_task_runner.py:57} INFO - Started process 237 to run task
[2024-12-09T17:25:09.113+0000] {standard_task_runner.py:84} INFO - Running: ['airflow', 'tasks', 'run', 'manufacturer_etl', 'fetch_manufacturer_data', 'scheduled__2024-02-03T00:00:00+00:00', '--job-id', '49', '--raw', '--subdir', 'DAGS_FOLDER/manufacturer_etl.py', '--cfg-path', '/tmp/tmpjr8lh2sk']
[2024-12-09T17:25:09.116+0000] {standard_task_runner.py:85} INFO - Job 49: Subtask fetch_manufacturer_data
[2024-12-09T17:25:09.214+0000] {task_command.py:410} INFO - Running <TaskInstance: manufacturer_etl.fetch_manufacturer_data scheduled__2024-02-03T00:00:00+00:00 [running]> on host 916d98ee7a08
[2024-12-09T17:25:09.413+0000] {taskinstance.py:1547} INFO - Exporting env vars: AIRFLOW_CTX_DAG_OWNER='airflow' AIRFLOW_CTX_DAG_ID='manufacturer_etl' AIRFLOW_CTX_TASK_ID='fetch_manufacturer_data' AIRFLOW_CTX_EXECUTION_DATE='2024-02-03T00:00:00+00:00' AIRFLOW_CTX_TRY_NUMBER='1' AIRFLOW_CTX_DAG_RUN_ID='scheduled__2024-02-03T00:00:00+00:00'
[2024-12-09T17:25:09.415+0000] {manufacturer_etl.py:37} INFO - Fetching manufacturer details from the API.
[2024-12-09T17:25:10.848+0000] {manufacturer_etl.py:43} INFO - Successfully fetched 100 manufacturer records.
[2024-12-09T17:25:10.856+0000] {manufacturer_etl.py:48} INFO - Data saved to /opt/airflow/data/raw_manufacturer_data.json
[2024-12-09T17:25:10.858+0000] {python.py:183} INFO - Done. Returned value was: None
[2024-12-09T17:25:10.878+0000] {taskinstance.py:1350} INFO - Marking task as SUCCESS. dag_id=manufacturer_etl, task_id=fetch_manufacturer_data, execution_date=20240203T000000, start_date=20241209T172509, end_date=20241209T172510
[2024-12-09T17:25:10.931+0000] {local_task_job_runner.py:225} INFO - Task exited with return code 0
[2024-12-09T17:25:10.968+0000] {taskinstance.py:2653} INFO - 0 downstream tasks scheduled from follow-on schedule check
