[2024-12-09T15:45:43.498+0000] {taskinstance.py:1103} INFO - Dependencies all met for dep_context=non-requeueable deps ti=<TaskInstance: manufacturer_etl.fetch_manufacturer_data scheduled__2024-01-30T00:00:00+00:00 [queued]>
[2024-12-09T15:45:43.508+0000] {taskinstance.py:1103} INFO - Dependencies all met for dep_context=requeueable deps ti=<TaskInstance: manufacturer_etl.fetch_manufacturer_data scheduled__2024-01-30T00:00:00+00:00 [queued]>
[2024-12-09T15:45:43.508+0000] {taskinstance.py:1308} INFO - Starting attempt 1 of 1
[2024-12-09T15:45:43.523+0000] {taskinstance.py:1327} INFO - Executing <Task(PythonOperator): fetch_manufacturer_data> on 2024-01-30 00:00:00+00:00
[2024-12-09T15:45:43.528+0000] {standard_task_runner.py:57} INFO - Started process 231 to run task
[2024-12-09T15:45:43.531+0000] {standard_task_runner.py:84} INFO - Running: ['airflow', 'tasks', 'run', 'manufacturer_etl', 'fetch_manufacturer_data', 'scheduled__2024-01-30T00:00:00+00:00', '--job-id', '45', '--raw', '--subdir', 'DAGS_FOLDER/manufacturer_etl.py', '--cfg-path', '/tmp/tmpzqwolo20']
[2024-12-09T15:45:43.532+0000] {standard_task_runner.py:85} INFO - Job 45: Subtask fetch_manufacturer_data
[2024-12-09T15:45:43.582+0000] {task_command.py:410} INFO - Running <TaskInstance: manufacturer_etl.fetch_manufacturer_data scheduled__2024-01-30T00:00:00+00:00 [running]> on host 782927b5dd22
[2024-12-09T15:45:43.686+0000] {taskinstance.py:1547} INFO - Exporting env vars: AIRFLOW_CTX_DAG_OWNER='airflow' AIRFLOW_CTX_DAG_ID='manufacturer_etl' AIRFLOW_CTX_TASK_ID='fetch_manufacturer_data' AIRFLOW_CTX_EXECUTION_DATE='2024-01-30T00:00:00+00:00' AIRFLOW_CTX_TRY_NUMBER='1' AIRFLOW_CTX_DAG_RUN_ID='scheduled__2024-01-30T00:00:00+00:00'
[2024-12-09T15:45:43.687+0000] {manufacturer_etl.py:37} INFO - Fetching manufacturer details from the API.
[2024-12-09T15:45:52.498+0000] {manufacturer_etl.py:43} INFO - Successfully fetched 100 manufacturer records.
[2024-12-09T15:45:52.502+0000] {manufacturer_etl.py:48} INFO - Data saved to /opt/airflow/data/raw_manufacturer_data.json
[2024-12-09T15:45:52.503+0000] {python.py:183} INFO - Done. Returned value was: None
[2024-12-09T15:45:52.514+0000] {taskinstance.py:1350} INFO - Marking task as SUCCESS. dag_id=manufacturer_etl, task_id=fetch_manufacturer_data, execution_date=20240130T000000, start_date=20241209T154543, end_date=20241209T154552
[2024-12-09T15:45:52.554+0000] {local_task_job_runner.py:225} INFO - Task exited with return code 0
[2024-12-09T15:45:52.572+0000] {taskinstance.py:2653} INFO - 0 downstream tasks scheduled from follow-on schedule check
[2024-12-09T16:27:12.780+0000] {taskinstance.py:1103} INFO - Dependencies all met for dep_context=non-requeueable deps ti=<TaskInstance: manufacturer_etl.fetch_manufacturer_data scheduled__2024-01-30T00:00:00+00:00 [queued]>
[2024-12-09T16:27:12.798+0000] {taskinstance.py:1103} INFO - Dependencies all met for dep_context=requeueable deps ti=<TaskInstance: manufacturer_etl.fetch_manufacturer_data scheduled__2024-01-30T00:00:00+00:00 [queued]>
[2024-12-09T16:27:12.799+0000] {taskinstance.py:1308} INFO - Starting attempt 1 of 1
[2024-12-09T16:27:12.827+0000] {taskinstance.py:1327} INFO - Executing <Task(PythonOperator): fetch_manufacturer_data> on 2024-01-30 00:00:00+00:00
[2024-12-09T16:27:12.836+0000] {standard_task_runner.py:57} INFO - Started process 262 to run task
[2024-12-09T16:27:12.841+0000] {standard_task_runner.py:84} INFO - Running: ['airflow', 'tasks', 'run', 'manufacturer_etl', 'fetch_manufacturer_data', 'scheduled__2024-01-30T00:00:00+00:00', '--job-id', '150', '--raw', '--subdir', 'DAGS_FOLDER/manufacturer_etl.py', '--cfg-path', '/tmp/tmpvqbj2cd8']
[2024-12-09T16:27:12.844+0000] {standard_task_runner.py:85} INFO - Job 150: Subtask fetch_manufacturer_data
[2024-12-09T16:27:12.956+0000] {task_command.py:410} INFO - Running <TaskInstance: manufacturer_etl.fetch_manufacturer_data scheduled__2024-01-30T00:00:00+00:00 [running]> on host 651f030c76c5
[2024-12-09T16:27:13.170+0000] {taskinstance.py:1547} INFO - Exporting env vars: AIRFLOW_CTX_DAG_OWNER='airflow' AIRFLOW_CTX_DAG_ID='manufacturer_etl' AIRFLOW_CTX_TASK_ID='fetch_manufacturer_data' AIRFLOW_CTX_EXECUTION_DATE='2024-01-30T00:00:00+00:00' AIRFLOW_CTX_TRY_NUMBER='1' AIRFLOW_CTX_DAG_RUN_ID='scheduled__2024-01-30T00:00:00+00:00'
[2024-12-09T16:27:13.172+0000] {manufacturer_etl.py:37} INFO - Fetching manufacturer details from the API.
[2024-12-09T16:27:18.062+0000] {manufacturer_etl.py:43} INFO - Successfully fetched 100 manufacturer records.
[2024-12-09T16:27:18.076+0000] {manufacturer_etl.py:48} INFO - Data saved to /opt/airflow/data/raw_manufacturer_data.json
[2024-12-09T16:27:18.082+0000] {python.py:183} INFO - Done. Returned value was: None
[2024-12-09T16:27:18.131+0000] {taskinstance.py:1350} INFO - Marking task as SUCCESS. dag_id=manufacturer_etl, task_id=fetch_manufacturer_data, execution_date=20240130T000000, start_date=20241209T162712, end_date=20241209T162718
[2024-12-09T16:27:18.216+0000] {local_task_job_runner.py:225} INFO - Task exited with return code 0
[2024-12-09T16:27:18.296+0000] {taskinstance.py:2653} INFO - 0 downstream tasks scheduled from follow-on schedule check
[2024-12-09T17:24:37.084+0000] {taskinstance.py:1103} INFO - Dependencies all met for dep_context=non-requeueable deps ti=<TaskInstance: manufacturer_etl.fetch_manufacturer_data scheduled__2024-01-30T00:00:00+00:00 [queued]>
[2024-12-09T17:24:37.101+0000] {taskinstance.py:1103} INFO - Dependencies all met for dep_context=requeueable deps ti=<TaskInstance: manufacturer_etl.fetch_manufacturer_data scheduled__2024-01-30T00:00:00+00:00 [queued]>
[2024-12-09T17:24:37.102+0000] {taskinstance.py:1308} INFO - Starting attempt 1 of 1
[2024-12-09T17:24:37.130+0000] {taskinstance.py:1327} INFO - Executing <Task(PythonOperator): fetch_manufacturer_data> on 2024-01-30 00:00:00+00:00
[2024-12-09T17:24:37.135+0000] {standard_task_runner.py:57} INFO - Started process 220 to run task
[2024-12-09T17:24:37.141+0000] {standard_task_runner.py:84} INFO - Running: ['airflow', 'tasks', 'run', 'manufacturer_etl', 'fetch_manufacturer_data', 'scheduled__2024-01-30T00:00:00+00:00', '--job-id', '45', '--raw', '--subdir', 'DAGS_FOLDER/manufacturer_etl.py', '--cfg-path', '/tmp/tmp5ckb6vd8']
[2024-12-09T17:24:37.144+0000] {standard_task_runner.py:85} INFO - Job 45: Subtask fetch_manufacturer_data
[2024-12-09T17:24:37.239+0000] {task_command.py:410} INFO - Running <TaskInstance: manufacturer_etl.fetch_manufacturer_data scheduled__2024-01-30T00:00:00+00:00 [running]> on host 916d98ee7a08
[2024-12-09T17:24:37.435+0000] {taskinstance.py:1547} INFO - Exporting env vars: AIRFLOW_CTX_DAG_OWNER='airflow' AIRFLOW_CTX_DAG_ID='manufacturer_etl' AIRFLOW_CTX_TASK_ID='fetch_manufacturer_data' AIRFLOW_CTX_EXECUTION_DATE='2024-01-30T00:00:00+00:00' AIRFLOW_CTX_TRY_NUMBER='1' AIRFLOW_CTX_DAG_RUN_ID='scheduled__2024-01-30T00:00:00+00:00'
[2024-12-09T17:24:37.438+0000] {manufacturer_etl.py:37} INFO - Fetching manufacturer details from the API.
[2024-12-09T17:24:39.514+0000] {manufacturer_etl.py:43} INFO - Successfully fetched 100 manufacturer records.
[2024-12-09T17:24:39.522+0000] {manufacturer_etl.py:48} INFO - Data saved to /opt/airflow/data/raw_manufacturer_data.json
[2024-12-09T17:24:39.524+0000] {python.py:183} INFO - Done. Returned value was: None
[2024-12-09T17:24:39.544+0000] {taskinstance.py:1350} INFO - Marking task as SUCCESS. dag_id=manufacturer_etl, task_id=fetch_manufacturer_data, execution_date=20240130T000000, start_date=20241209T172437, end_date=20241209T172439
[2024-12-09T17:24:39.574+0000] {local_task_job_runner.py:225} INFO - Task exited with return code 0
[2024-12-09T17:24:39.619+0000] {taskinstance.py:2653} INFO - 0 downstream tasks scheduled from follow-on schedule check
