[2024-12-09T16:41:49.943+0000] {taskinstance.py:1103} INFO - Dependencies all met for dep_context=non-requeueable deps ti=<TaskInstance: manufacturer_etl.fetch_manufacturer_data scheduled__2024-04-01T00:00:00+00:00 [queued]>
[2024-12-09T16:41:49.964+0000] {taskinstance.py:1103} INFO - Dependencies all met for dep_context=requeueable deps ti=<TaskInstance: manufacturer_etl.fetch_manufacturer_data scheduled__2024-04-01T00:00:00+00:00 [queued]>
[2024-12-09T16:41:49.964+0000] {taskinstance.py:1308} INFO - Starting attempt 1 of 1
[2024-12-09T16:41:49.997+0000] {taskinstance.py:1327} INFO - Executing <Task(PythonOperator): fetch_manufacturer_data> on 2024-04-01 00:00:00+00:00
[2024-12-09T16:41:50.004+0000] {standard_task_runner.py:57} INFO - Started process 539 to run task
[2024-12-09T16:41:50.010+0000] {standard_task_runner.py:84} INFO - Running: ['airflow', 'tasks', 'run', 'manufacturer_etl', 'fetch_manufacturer_data', 'scheduled__2024-04-01T00:00:00+00:00', '--job-id', '212', '--raw', '--subdir', 'DAGS_FOLDER/manufacturer_etl.py', '--cfg-path', '/tmp/tmp_nf4jzwi']
[2024-12-09T16:41:50.013+0000] {standard_task_runner.py:85} INFO - Job 212: Subtask fetch_manufacturer_data
[2024-12-09T16:41:50.128+0000] {task_command.py:410} INFO - Running <TaskInstance: manufacturer_etl.fetch_manufacturer_data scheduled__2024-04-01T00:00:00+00:00 [running]> on host 651f030c76c5
[2024-12-09T16:41:50.363+0000] {taskinstance.py:1547} INFO - Exporting env vars: AIRFLOW_CTX_DAG_OWNER='airflow' AIRFLOW_CTX_DAG_ID='manufacturer_etl' AIRFLOW_CTX_TASK_ID='fetch_manufacturer_data' AIRFLOW_CTX_EXECUTION_DATE='2024-04-01T00:00:00+00:00' AIRFLOW_CTX_TRY_NUMBER='1' AIRFLOW_CTX_DAG_RUN_ID='scheduled__2024-04-01T00:00:00+00:00'
[2024-12-09T16:41:50.365+0000] {manufacturer_etl.py:37} INFO - Fetching manufacturer details from the API.
[2024-12-09T16:41:55.317+0000] {manufacturer_etl.py:43} INFO - Successfully fetched 100 manufacturer records.
[2024-12-09T16:41:55.331+0000] {manufacturer_etl.py:48} INFO - Data saved to /opt/airflow/data/raw_manufacturer_data.json
[2024-12-09T16:41:55.336+0000] {python.py:183} INFO - Done. Returned value was: None
[2024-12-09T16:41:55.388+0000] {taskinstance.py:1350} INFO - Marking task as SUCCESS. dag_id=manufacturer_etl, task_id=fetch_manufacturer_data, execution_date=20240401T000000, start_date=20241209T164149, end_date=20241209T164155
[2024-12-09T16:41:55.474+0000] {local_task_job_runner.py:225} INFO - Task exited with return code 0
[2024-12-09T16:41:55.559+0000] {taskinstance.py:2653} INFO - 0 downstream tasks scheduled from follow-on schedule check
[2024-12-09T17:32:39.206+0000] {taskinstance.py:1103} INFO - Dependencies all met for dep_context=non-requeueable deps ti=<TaskInstance: manufacturer_etl.fetch_manufacturer_data scheduled__2024-04-01T00:00:00+00:00 [queued]>
[2024-12-09T17:32:39.224+0000] {taskinstance.py:1103} INFO - Dependencies all met for dep_context=requeueable deps ti=<TaskInstance: manufacturer_etl.fetch_manufacturer_data scheduled__2024-04-01T00:00:00+00:00 [queued]>
[2024-12-09T17:32:39.225+0000] {taskinstance.py:1308} INFO - Starting attempt 1 of 1
[2024-12-09T17:32:39.253+0000] {taskinstance.py:1327} INFO - Executing <Task(PythonOperator): fetch_manufacturer_data> on 2024-04-01 00:00:00+00:00
[2024-12-09T17:32:39.260+0000] {standard_task_runner.py:57} INFO - Started process 484 to run task
[2024-12-09T17:32:39.266+0000] {standard_task_runner.py:84} INFO - Running: ['airflow', 'tasks', 'run', 'manufacturer_etl', 'fetch_manufacturer_data', 'scheduled__2024-04-01T00:00:00+00:00', '--job-id', '107', '--raw', '--subdir', 'DAGS_FOLDER/manufacturer_etl.py', '--cfg-path', '/tmp/tmpqd4dezcy']
[2024-12-09T17:32:39.268+0000] {standard_task_runner.py:85} INFO - Job 107: Subtask fetch_manufacturer_data
[2024-12-09T17:32:39.371+0000] {task_command.py:410} INFO - Running <TaskInstance: manufacturer_etl.fetch_manufacturer_data scheduled__2024-04-01T00:00:00+00:00 [running]> on host 916d98ee7a08
[2024-12-09T17:32:39.572+0000] {taskinstance.py:1547} INFO - Exporting env vars: AIRFLOW_CTX_DAG_OWNER='airflow' AIRFLOW_CTX_DAG_ID='manufacturer_etl' AIRFLOW_CTX_TASK_ID='fetch_manufacturer_data' AIRFLOW_CTX_EXECUTION_DATE='2024-04-01T00:00:00+00:00' AIRFLOW_CTX_TRY_NUMBER='1' AIRFLOW_CTX_DAG_RUN_ID='scheduled__2024-04-01T00:00:00+00:00'
[2024-12-09T17:32:39.574+0000] {manufacturer_etl.py:37} INFO - Fetching manufacturer details from the API.
[2024-12-09T17:32:40.996+0000] {manufacturer_etl.py:43} INFO - Successfully fetched 100 manufacturer records.
[2024-12-09T17:32:41.004+0000] {manufacturer_etl.py:48} INFO - Data saved to /opt/airflow/data/raw_manufacturer_data.json
[2024-12-09T17:32:41.007+0000] {python.py:183} INFO - Done. Returned value was: None
[2024-12-09T17:32:41.028+0000] {taskinstance.py:1350} INFO - Marking task as SUCCESS. dag_id=manufacturer_etl, task_id=fetch_manufacturer_data, execution_date=20240401T000000, start_date=20241209T173239, end_date=20241209T173241
[2024-12-09T17:32:41.083+0000] {local_task_job_runner.py:225} INFO - Task exited with return code 0
[2024-12-09T17:32:41.121+0000] {taskinstance.py:2653} INFO - 0 downstream tasks scheduled from follow-on schedule check
