[2024-12-09T16:56:05.832+0000] {taskinstance.py:1103} INFO - Dependencies all met for dep_context=non-requeueable deps ti=<TaskInstance: manufacturer_etl.fetch_manufacturer_data scheduled__2024-05-31T00:00:00+00:00 [queued]>
[2024-12-09T16:56:05.854+0000] {taskinstance.py:1103} INFO - Dependencies all met for dep_context=requeueable deps ti=<TaskInstance: manufacturer_etl.fetch_manufacturer_data scheduled__2024-05-31T00:00:00+00:00 [queued]>
[2024-12-09T16:56:05.855+0000] {taskinstance.py:1308} INFO - Starting attempt 1 of 1
[2024-12-09T16:56:05.894+0000] {taskinstance.py:1327} INFO - Executing <Task(PythonOperator): fetch_manufacturer_data> on 2024-05-31 00:00:00+00:00
[2024-12-09T16:56:05.902+0000] {standard_task_runner.py:57} INFO - Started process 807 to run task
[2024-12-09T16:56:05.908+0000] {standard_task_runner.py:84} INFO - Running: ['airflow', 'tasks', 'run', 'manufacturer_etl', 'fetch_manufacturer_data', 'scheduled__2024-05-31T00:00:00+00:00', '--job-id', '272', '--raw', '--subdir', 'DAGS_FOLDER/manufacturer_etl.py', '--cfg-path', '/tmp/tmpjbnj3gj6']
[2024-12-09T16:56:05.910+0000] {standard_task_runner.py:85} INFO - Job 272: Subtask fetch_manufacturer_data
[2024-12-09T16:56:06.038+0000] {task_command.py:410} INFO - Running <TaskInstance: manufacturer_etl.fetch_manufacturer_data scheduled__2024-05-31T00:00:00+00:00 [running]> on host 651f030c76c5
[2024-12-09T16:56:06.299+0000] {taskinstance.py:1547} INFO - Exporting env vars: AIRFLOW_CTX_DAG_OWNER='airflow' AIRFLOW_CTX_DAG_ID='manufacturer_etl' AIRFLOW_CTX_TASK_ID='fetch_manufacturer_data' AIRFLOW_CTX_EXECUTION_DATE='2024-05-31T00:00:00+00:00' AIRFLOW_CTX_TRY_NUMBER='1' AIRFLOW_CTX_DAG_RUN_ID='scheduled__2024-05-31T00:00:00+00:00'
[2024-12-09T16:56:06.302+0000] {manufacturer_etl.py:37} INFO - Fetching manufacturer details from the API.
[2024-12-09T16:56:11.478+0000] {manufacturer_etl.py:43} INFO - Successfully fetched 100 manufacturer records.
[2024-12-09T16:56:11.495+0000] {manufacturer_etl.py:48} INFO - Data saved to /opt/airflow/data/raw_manufacturer_data.json
[2024-12-09T16:56:11.501+0000] {python.py:183} INFO - Done. Returned value was: None
[2024-12-09T16:56:11.560+0000] {taskinstance.py:1350} INFO - Marking task as SUCCESS. dag_id=manufacturer_etl, task_id=fetch_manufacturer_data, execution_date=20240531T000000, start_date=20241209T165605, end_date=20241209T165611
[2024-12-09T16:56:11.650+0000] {local_task_job_runner.py:225} INFO - Task exited with return code 0
[2024-12-09T16:56:11.742+0000] {taskinstance.py:2653} INFO - 0 downstream tasks scheduled from follow-on schedule check
[2024-12-09T17:40:28.187+0000] {taskinstance.py:1103} INFO - Dependencies all met for dep_context=non-requeueable deps ti=<TaskInstance: manufacturer_etl.fetch_manufacturer_data scheduled__2024-05-31T00:00:00+00:00 [queued]>
[2024-12-09T17:40:28.206+0000] {taskinstance.py:1103} INFO - Dependencies all met for dep_context=requeueable deps ti=<TaskInstance: manufacturer_etl.fetch_manufacturer_data scheduled__2024-05-31T00:00:00+00:00 [queued]>
[2024-12-09T17:40:28.207+0000] {taskinstance.py:1308} INFO - Starting attempt 1 of 1
[2024-12-09T17:40:28.236+0000] {taskinstance.py:1327} INFO - Executing <Task(PythonOperator): fetch_manufacturer_data> on 2024-05-31 00:00:00+00:00
[2024-12-09T17:40:28.242+0000] {standard_task_runner.py:57} INFO - Started process 739 to run task
[2024-12-09T17:40:28.249+0000] {standard_task_runner.py:84} INFO - Running: ['airflow', 'tasks', 'run', 'manufacturer_etl', 'fetch_manufacturer_data', 'scheduled__2024-05-31T00:00:00+00:00', '--job-id', '167', '--raw', '--subdir', 'DAGS_FOLDER/manufacturer_etl.py', '--cfg-path', '/tmp/tmpayzo_8_8']
[2024-12-09T17:40:28.251+0000] {standard_task_runner.py:85} INFO - Job 167: Subtask fetch_manufacturer_data
[2024-12-09T17:40:28.360+0000] {task_command.py:410} INFO - Running <TaskInstance: manufacturer_etl.fetch_manufacturer_data scheduled__2024-05-31T00:00:00+00:00 [running]> on host 916d98ee7a08
[2024-12-09T17:40:28.565+0000] {taskinstance.py:1547} INFO - Exporting env vars: AIRFLOW_CTX_DAG_OWNER='airflow' AIRFLOW_CTX_DAG_ID='manufacturer_etl' AIRFLOW_CTX_TASK_ID='fetch_manufacturer_data' AIRFLOW_CTX_EXECUTION_DATE='2024-05-31T00:00:00+00:00' AIRFLOW_CTX_TRY_NUMBER='1' AIRFLOW_CTX_DAG_RUN_ID='scheduled__2024-05-31T00:00:00+00:00'
[2024-12-09T17:40:28.567+0000] {manufacturer_etl.py:37} INFO - Fetching manufacturer details from the API.
[2024-12-09T17:40:30.499+0000] {manufacturer_etl.py:43} INFO - Successfully fetched 100 manufacturer records.
[2024-12-09T17:40:30.506+0000] {manufacturer_etl.py:48} INFO - Data saved to /opt/airflow/data/raw_manufacturer_data.json
[2024-12-09T17:40:30.509+0000] {python.py:183} INFO - Done. Returned value was: None
[2024-12-09T17:40:30.529+0000] {taskinstance.py:1350} INFO - Marking task as SUCCESS. dag_id=manufacturer_etl, task_id=fetch_manufacturer_data, execution_date=20240531T000000, start_date=20241209T174028, end_date=20241209T174030
[2024-12-09T17:40:30.559+0000] {local_task_job_runner.py:225} INFO - Task exited with return code 0
[2024-12-09T17:40:30.595+0000] {taskinstance.py:2653} INFO - 0 downstream tasks scheduled from follow-on schedule check
