[2024-12-09T16:58:20.235+0000] {taskinstance.py:1103} INFO - Dependencies all met for dep_context=non-requeueable deps ti=<TaskInstance: manufacturer_etl.fetch_manufacturer_data scheduled__2024-06-10T00:00:00+00:00 [queued]>
[2024-12-09T16:58:20.254+0000] {taskinstance.py:1103} INFO - Dependencies all met for dep_context=requeueable deps ti=<TaskInstance: manufacturer_etl.fetch_manufacturer_data scheduled__2024-06-10T00:00:00+00:00 [queued]>
[2024-12-09T16:58:20.254+0000] {taskinstance.py:1308} INFO - Starting attempt 1 of 1
[2024-12-09T16:58:20.284+0000] {taskinstance.py:1327} INFO - Executing <Task(PythonOperator): fetch_manufacturer_data> on 2024-06-10 00:00:00+00:00
[2024-12-09T16:58:20.290+0000] {standard_task_runner.py:57} INFO - Started process 851 to run task
[2024-12-09T16:58:20.298+0000] {standard_task_runner.py:84} INFO - Running: ['airflow', 'tasks', 'run', 'manufacturer_etl', 'fetch_manufacturer_data', 'scheduled__2024-06-10T00:00:00+00:00', '--job-id', '282', '--raw', '--subdir', 'DAGS_FOLDER/manufacturer_etl.py', '--cfg-path', '/tmp/tmpy4zupfy8']
[2024-12-09T16:58:20.300+0000] {standard_task_runner.py:85} INFO - Job 282: Subtask fetch_manufacturer_data
[2024-12-09T16:58:20.406+0000] {task_command.py:410} INFO - Running <TaskInstance: manufacturer_etl.fetch_manufacturer_data scheduled__2024-06-10T00:00:00+00:00 [running]> on host 651f030c76c5
[2024-12-09T16:58:20.701+0000] {taskinstance.py:1547} INFO - Exporting env vars: AIRFLOW_CTX_DAG_OWNER='airflow' AIRFLOW_CTX_DAG_ID='manufacturer_etl' AIRFLOW_CTX_TASK_ID='fetch_manufacturer_data' AIRFLOW_CTX_EXECUTION_DATE='2024-06-10T00:00:00+00:00' AIRFLOW_CTX_TRY_NUMBER='1' AIRFLOW_CTX_DAG_RUN_ID='scheduled__2024-06-10T00:00:00+00:00'
[2024-12-09T16:58:20.704+0000] {manufacturer_etl.py:37} INFO - Fetching manufacturer details from the API.
[2024-12-09T16:58:26.245+0000] {manufacturer_etl.py:43} INFO - Successfully fetched 100 manufacturer records.
[2024-12-09T16:58:26.259+0000] {manufacturer_etl.py:48} INFO - Data saved to /opt/airflow/data/raw_manufacturer_data.json
[2024-12-09T16:58:26.265+0000] {python.py:183} INFO - Done. Returned value was: None
[2024-12-09T16:58:26.322+0000] {taskinstance.py:1350} INFO - Marking task as SUCCESS. dag_id=manufacturer_etl, task_id=fetch_manufacturer_data, execution_date=20240610T000000, start_date=20241209T165820, end_date=20241209T165826
[2024-12-09T16:58:26.420+0000] {local_task_job_runner.py:225} INFO - Task exited with return code 0
[2024-12-09T16:58:26.513+0000] {taskinstance.py:2653} INFO - 0 downstream tasks scheduled from follow-on schedule check
[2024-12-09T17:41:45.497+0000] {taskinstance.py:1103} INFO - Dependencies all met for dep_context=non-requeueable deps ti=<TaskInstance: manufacturer_etl.fetch_manufacturer_data scheduled__2024-06-10T00:00:00+00:00 [queued]>
[2024-12-09T17:41:45.514+0000] {taskinstance.py:1103} INFO - Dependencies all met for dep_context=requeueable deps ti=<TaskInstance: manufacturer_etl.fetch_manufacturer_data scheduled__2024-06-10T00:00:00+00:00 [queued]>
[2024-12-09T17:41:45.515+0000] {taskinstance.py:1308} INFO - Starting attempt 1 of 1
[2024-12-09T17:41:45.545+0000] {taskinstance.py:1327} INFO - Executing <Task(PythonOperator): fetch_manufacturer_data> on 2024-06-10 00:00:00+00:00
[2024-12-09T17:41:45.550+0000] {standard_task_runner.py:57} INFO - Started process 782 to run task
[2024-12-09T17:41:45.556+0000] {standard_task_runner.py:84} INFO - Running: ['airflow', 'tasks', 'run', 'manufacturer_etl', 'fetch_manufacturer_data', 'scheduled__2024-06-10T00:00:00+00:00', '--job-id', '177', '--raw', '--subdir', 'DAGS_FOLDER/manufacturer_etl.py', '--cfg-path', '/tmp/tmp31n_egfh']
[2024-12-09T17:41:45.559+0000] {standard_task_runner.py:85} INFO - Job 177: Subtask fetch_manufacturer_data
[2024-12-09T17:41:45.654+0000] {task_command.py:410} INFO - Running <TaskInstance: manufacturer_etl.fetch_manufacturer_data scheduled__2024-06-10T00:00:00+00:00 [running]> on host 916d98ee7a08
[2024-12-09T17:41:45.855+0000] {taskinstance.py:1547} INFO - Exporting env vars: AIRFLOW_CTX_DAG_OWNER='airflow' AIRFLOW_CTX_DAG_ID='manufacturer_etl' AIRFLOW_CTX_TASK_ID='fetch_manufacturer_data' AIRFLOW_CTX_EXECUTION_DATE='2024-06-10T00:00:00+00:00' AIRFLOW_CTX_TRY_NUMBER='1' AIRFLOW_CTX_DAG_RUN_ID='scheduled__2024-06-10T00:00:00+00:00'
[2024-12-09T17:41:45.858+0000] {manufacturer_etl.py:37} INFO - Fetching manufacturer details from the API.
[2024-12-09T17:41:47.097+0000] {manufacturer_etl.py:43} INFO - Successfully fetched 100 manufacturer records.
[2024-12-09T17:41:47.104+0000] {manufacturer_etl.py:48} INFO - Data saved to /opt/airflow/data/raw_manufacturer_data.json
[2024-12-09T17:41:47.107+0000] {python.py:183} INFO - Done. Returned value was: None
[2024-12-09T17:41:47.127+0000] {taskinstance.py:1350} INFO - Marking task as SUCCESS. dag_id=manufacturer_etl, task_id=fetch_manufacturer_data, execution_date=20240610T000000, start_date=20241209T174145, end_date=20241209T174147
[2024-12-09T17:41:47.169+0000] {local_task_job_runner.py:225} INFO - Task exited with return code 0
[2024-12-09T17:41:47.205+0000] {taskinstance.py:2653} INFO - 0 downstream tasks scheduled from follow-on schedule check
