[2024-12-09T16:43:01.068+0000] {taskinstance.py:1103} INFO - Dependencies all met for dep_context=non-requeueable deps ti=<TaskInstance: manufacturer_etl.fetch_manufacturer_data scheduled__2024-04-06T00:00:00+00:00 [queued]>
[2024-12-09T16:43:01.086+0000] {taskinstance.py:1103} INFO - Dependencies all met for dep_context=requeueable deps ti=<TaskInstance: manufacturer_etl.fetch_manufacturer_data scheduled__2024-04-06T00:00:00+00:00 [queued]>
[2024-12-09T16:43:01.087+0000] {taskinstance.py:1308} INFO - Starting attempt 1 of 1
[2024-12-09T16:43:01.115+0000] {taskinstance.py:1327} INFO - Executing <Task(PythonOperator): fetch_manufacturer_data> on 2024-04-06 00:00:00+00:00
[2024-12-09T16:43:01.120+0000] {standard_task_runner.py:57} INFO - Started process 561 to run task
[2024-12-09T16:43:01.128+0000] {standard_task_runner.py:84} INFO - Running: ['airflow', 'tasks', 'run', 'manufacturer_etl', 'fetch_manufacturer_data', 'scheduled__2024-04-06T00:00:00+00:00', '--job-id', '217', '--raw', '--subdir', 'DAGS_FOLDER/manufacturer_etl.py', '--cfg-path', '/tmp/tmpe1g6vjx1']
[2024-12-09T16:43:01.130+0000] {standard_task_runner.py:85} INFO - Job 217: Subtask fetch_manufacturer_data
[2024-12-09T16:43:01.231+0000] {task_command.py:410} INFO - Running <TaskInstance: manufacturer_etl.fetch_manufacturer_data scheduled__2024-04-06T00:00:00+00:00 [running]> on host 651f030c76c5
[2024-12-09T16:43:01.454+0000] {taskinstance.py:1547} INFO - Exporting env vars: AIRFLOW_CTX_DAG_OWNER='airflow' AIRFLOW_CTX_DAG_ID='manufacturer_etl' AIRFLOW_CTX_TASK_ID='fetch_manufacturer_data' AIRFLOW_CTX_EXECUTION_DATE='2024-04-06T00:00:00+00:00' AIRFLOW_CTX_TRY_NUMBER='1' AIRFLOW_CTX_DAG_RUN_ID='scheduled__2024-04-06T00:00:00+00:00'
[2024-12-09T16:43:01.456+0000] {manufacturer_etl.py:37} INFO - Fetching manufacturer details from the API.
[2024-12-09T16:43:10.521+0000] {manufacturer_etl.py:43} INFO - Successfully fetched 100 manufacturer records.
[2024-12-09T16:43:10.535+0000] {manufacturer_etl.py:48} INFO - Data saved to /opt/airflow/data/raw_manufacturer_data.json
[2024-12-09T16:43:10.540+0000] {python.py:183} INFO - Done. Returned value was: None
[2024-12-09T16:43:10.598+0000] {taskinstance.py:1350} INFO - Marking task as SUCCESS. dag_id=manufacturer_etl, task_id=fetch_manufacturer_data, execution_date=20240406T000000, start_date=20241209T164301, end_date=20241209T164310
[2024-12-09T16:43:10.689+0000] {local_task_job_runner.py:225} INFO - Task exited with return code 0
[2024-12-09T16:43:10.777+0000] {taskinstance.py:2653} INFO - 0 downstream tasks scheduled from follow-on schedule check
[2024-12-09T17:33:17.135+0000] {taskinstance.py:1103} INFO - Dependencies all met for dep_context=non-requeueable deps ti=<TaskInstance: manufacturer_etl.fetch_manufacturer_data scheduled__2024-04-06T00:00:00+00:00 [queued]>
[2024-12-09T17:33:17.152+0000] {taskinstance.py:1103} INFO - Dependencies all met for dep_context=requeueable deps ti=<TaskInstance: manufacturer_etl.fetch_manufacturer_data scheduled__2024-04-06T00:00:00+00:00 [queued]>
[2024-12-09T17:33:17.153+0000] {taskinstance.py:1308} INFO - Starting attempt 1 of 1
[2024-12-09T17:33:17.181+0000] {taskinstance.py:1327} INFO - Executing <Task(PythonOperator): fetch_manufacturer_data> on 2024-04-06 00:00:00+00:00
[2024-12-09T17:33:17.187+0000] {standard_task_runner.py:57} INFO - Started process 505 to run task
[2024-12-09T17:33:17.194+0000] {standard_task_runner.py:84} INFO - Running: ['airflow', 'tasks', 'run', 'manufacturer_etl', 'fetch_manufacturer_data', 'scheduled__2024-04-06T00:00:00+00:00', '--job-id', '112', '--raw', '--subdir', 'DAGS_FOLDER/manufacturer_etl.py', '--cfg-path', '/tmp/tmpckimuq0g']
[2024-12-09T17:33:17.196+0000] {standard_task_runner.py:85} INFO - Job 112: Subtask fetch_manufacturer_data
[2024-12-09T17:33:17.291+0000] {task_command.py:410} INFO - Running <TaskInstance: manufacturer_etl.fetch_manufacturer_data scheduled__2024-04-06T00:00:00+00:00 [running]> on host 916d98ee7a08
[2024-12-09T17:33:17.492+0000] {taskinstance.py:1547} INFO - Exporting env vars: AIRFLOW_CTX_DAG_OWNER='airflow' AIRFLOW_CTX_DAG_ID='manufacturer_etl' AIRFLOW_CTX_TASK_ID='fetch_manufacturer_data' AIRFLOW_CTX_EXECUTION_DATE='2024-04-06T00:00:00+00:00' AIRFLOW_CTX_TRY_NUMBER='1' AIRFLOW_CTX_DAG_RUN_ID='scheduled__2024-04-06T00:00:00+00:00'
[2024-12-09T17:33:17.494+0000] {manufacturer_etl.py:37} INFO - Fetching manufacturer details from the API.
[2024-12-09T17:33:19.375+0000] {manufacturer_etl.py:43} INFO - Successfully fetched 100 manufacturer records.
[2024-12-09T17:33:19.384+0000] {manufacturer_etl.py:48} INFO - Data saved to /opt/airflow/data/raw_manufacturer_data.json
[2024-12-09T17:33:19.386+0000] {python.py:183} INFO - Done. Returned value was: None
[2024-12-09T17:33:19.407+0000] {taskinstance.py:1350} INFO - Marking task as SUCCESS. dag_id=manufacturer_etl, task_id=fetch_manufacturer_data, execution_date=20240406T000000, start_date=20241209T173317, end_date=20241209T173319
[2024-12-09T17:33:19.462+0000] {local_task_job_runner.py:225} INFO - Task exited with return code 0
[2024-12-09T17:33:19.498+0000] {taskinstance.py:2653} INFO - 0 downstream tasks scheduled from follow-on schedule check
