[2024-12-09T17:04:31.863+0000] {taskinstance.py:1103} INFO - Dependencies all met for dep_context=non-requeueable deps ti=<TaskInstance: manufacturer_etl.fetch_manufacturer_data scheduled__2024-07-06T00:00:00+00:00 [queued]>
[2024-12-09T17:04:31.891+0000] {taskinstance.py:1103} INFO - Dependencies all met for dep_context=requeueable deps ti=<TaskInstance: manufacturer_etl.fetch_manufacturer_data scheduled__2024-07-06T00:00:00+00:00 [queued]>
[2024-12-09T17:04:31.892+0000] {taskinstance.py:1308} INFO - Starting attempt 1 of 1
[2024-12-09T17:04:31.937+0000] {taskinstance.py:1327} INFO - Executing <Task(PythonOperator): fetch_manufacturer_data> on 2024-07-06 00:00:00+00:00
[2024-12-09T17:04:31.946+0000] {standard_task_runner.py:57} INFO - Started process 968 to run task
[2024-12-09T17:04:31.955+0000] {standard_task_runner.py:84} INFO - Running: ['airflow', 'tasks', 'run', 'manufacturer_etl', 'fetch_manufacturer_data', 'scheduled__2024-07-06T00:00:00+00:00', '--job-id', '308', '--raw', '--subdir', 'DAGS_FOLDER/manufacturer_etl.py', '--cfg-path', '/tmp/tmpf7ubmgrk']
[2024-12-09T17:04:31.958+0000] {standard_task_runner.py:85} INFO - Job 308: Subtask fetch_manufacturer_data
[2024-12-09T17:04:32.122+0000] {task_command.py:410} INFO - Running <TaskInstance: manufacturer_etl.fetch_manufacturer_data scheduled__2024-07-06T00:00:00+00:00 [running]> on host 651f030c76c5
[2024-12-09T17:04:32.382+0000] {taskinstance.py:1547} INFO - Exporting env vars: AIRFLOW_CTX_DAG_OWNER='airflow' AIRFLOW_CTX_DAG_ID='manufacturer_etl' AIRFLOW_CTX_TASK_ID='fetch_manufacturer_data' AIRFLOW_CTX_EXECUTION_DATE='2024-07-06T00:00:00+00:00' AIRFLOW_CTX_TRY_NUMBER='1' AIRFLOW_CTX_DAG_RUN_ID='scheduled__2024-07-06T00:00:00+00:00'
[2024-12-09T17:04:32.384+0000] {manufacturer_etl.py:37} INFO - Fetching manufacturer details from the API.
[2024-12-09T17:04:42.158+0000] {manufacturer_etl.py:43} INFO - Successfully fetched 100 manufacturer records.
[2024-12-09T17:04:42.179+0000] {manufacturer_etl.py:48} INFO - Data saved to /opt/airflow/data/raw_manufacturer_data.json
[2024-12-09T17:04:42.188+0000] {python.py:183} INFO - Done. Returned value was: None
[2024-12-09T17:04:42.251+0000] {taskinstance.py:1350} INFO - Marking task as SUCCESS. dag_id=manufacturer_etl, task_id=fetch_manufacturer_data, execution_date=20240706T000000, start_date=20241209T170431, end_date=20241209T170442
[2024-12-09T17:04:42.336+0000] {local_task_job_runner.py:225} INFO - Task exited with return code 0
[2024-12-09T17:04:42.439+0000] {taskinstance.py:2653} INFO - 0 downstream tasks scheduled from follow-on schedule check
[2024-12-09T17:45:24.719+0000] {taskinstance.py:1103} INFO - Dependencies all met for dep_context=non-requeueable deps ti=<TaskInstance: manufacturer_etl.fetch_manufacturer_data scheduled__2024-07-06T00:00:00+00:00 [queued]>
[2024-12-09T17:45:24.737+0000] {taskinstance.py:1103} INFO - Dependencies all met for dep_context=requeueable deps ti=<TaskInstance: manufacturer_etl.fetch_manufacturer_data scheduled__2024-07-06T00:00:00+00:00 [queued]>
[2024-12-09T17:45:24.738+0000] {taskinstance.py:1308} INFO - Starting attempt 1 of 1
[2024-12-09T17:45:24.767+0000] {taskinstance.py:1327} INFO - Executing <Task(PythonOperator): fetch_manufacturer_data> on 2024-07-06 00:00:00+00:00
[2024-12-09T17:45:24.774+0000] {standard_task_runner.py:57} INFO - Started process 893 to run task
[2024-12-09T17:45:24.781+0000] {standard_task_runner.py:84} INFO - Running: ['airflow', 'tasks', 'run', 'manufacturer_etl', 'fetch_manufacturer_data', 'scheduled__2024-07-06T00:00:00+00:00', '--job-id', '203', '--raw', '--subdir', 'DAGS_FOLDER/manufacturer_etl.py', '--cfg-path', '/tmp/tmp1xoqomv5']
[2024-12-09T17:45:24.784+0000] {standard_task_runner.py:85} INFO - Job 203: Subtask fetch_manufacturer_data
[2024-12-09T17:45:24.887+0000] {task_command.py:410} INFO - Running <TaskInstance: manufacturer_etl.fetch_manufacturer_data scheduled__2024-07-06T00:00:00+00:00 [running]> on host 916d98ee7a08
[2024-12-09T17:45:25.091+0000] {taskinstance.py:1547} INFO - Exporting env vars: AIRFLOW_CTX_DAG_OWNER='airflow' AIRFLOW_CTX_DAG_ID='manufacturer_etl' AIRFLOW_CTX_TASK_ID='fetch_manufacturer_data' AIRFLOW_CTX_EXECUTION_DATE='2024-07-06T00:00:00+00:00' AIRFLOW_CTX_TRY_NUMBER='1' AIRFLOW_CTX_DAG_RUN_ID='scheduled__2024-07-06T00:00:00+00:00'
[2024-12-09T17:45:25.093+0000] {manufacturer_etl.py:37} INFO - Fetching manufacturer details from the API.
[2024-12-09T17:45:27.462+0000] {manufacturer_etl.py:43} INFO - Successfully fetched 100 manufacturer records.
[2024-12-09T17:45:27.474+0000] {manufacturer_etl.py:48} INFO - Data saved to /opt/airflow/data/raw_manufacturer_data.json
[2024-12-09T17:45:27.477+0000] {python.py:183} INFO - Done. Returned value was: None
[2024-12-09T17:45:27.499+0000] {taskinstance.py:1350} INFO - Marking task as SUCCESS. dag_id=manufacturer_etl, task_id=fetch_manufacturer_data, execution_date=20240706T000000, start_date=20241209T174524, end_date=20241209T174527
[2024-12-09T17:45:27.542+0000] {local_task_job_runner.py:225} INFO - Task exited with return code 0
[2024-12-09T17:45:27.584+0000] {taskinstance.py:2653} INFO - 0 downstream tasks scheduled from follow-on schedule check
