[2024-12-09T15:49:38.538+0000] {taskinstance.py:1103} INFO - Dependencies all met for dep_context=non-requeueable deps ti=<TaskInstance: manufacturer_etl.fetch_manufacturer_data scheduled__2024-02-19T00:00:00+00:00 [queued]>
[2024-12-09T15:49:38.547+0000] {taskinstance.py:1103} INFO - Dependencies all met for dep_context=requeueable deps ti=<TaskInstance: manufacturer_etl.fetch_manufacturer_data scheduled__2024-02-19T00:00:00+00:00 [queued]>
[2024-12-09T15:49:38.548+0000] {taskinstance.py:1308} INFO - Starting attempt 1 of 1
[2024-12-09T15:49:38.562+0000] {taskinstance.py:1327} INFO - Executing <Task(PythonOperator): fetch_manufacturer_data> on 2024-02-19 00:00:00+00:00
[2024-12-09T15:49:38.566+0000] {standard_task_runner.py:57} INFO - Started process 319 to run task
[2024-12-09T15:49:38.569+0000] {standard_task_runner.py:84} INFO - Running: ['airflow', 'tasks', 'run', 'manufacturer_etl', 'fetch_manufacturer_data', 'scheduled__2024-02-19T00:00:00+00:00', '--job-id', '65', '--raw', '--subdir', 'DAGS_FOLDER/manufacturer_etl.py', '--cfg-path', '/tmp/tmp_vpwzhqu']
[2024-12-09T15:49:38.570+0000] {standard_task_runner.py:85} INFO - Job 65: Subtask fetch_manufacturer_data
[2024-12-09T15:49:38.621+0000] {task_command.py:410} INFO - Running <TaskInstance: manufacturer_etl.fetch_manufacturer_data scheduled__2024-02-19T00:00:00+00:00 [running]> on host 782927b5dd22
[2024-12-09T15:49:38.725+0000] {taskinstance.py:1547} INFO - Exporting env vars: AIRFLOW_CTX_DAG_OWNER='airflow' AIRFLOW_CTX_DAG_ID='manufacturer_etl' AIRFLOW_CTX_TASK_ID='fetch_manufacturer_data' AIRFLOW_CTX_EXECUTION_DATE='2024-02-19T00:00:00+00:00' AIRFLOW_CTX_TRY_NUMBER='1' AIRFLOW_CTX_DAG_RUN_ID='scheduled__2024-02-19T00:00:00+00:00'
[2024-12-09T15:49:38.726+0000] {manufacturer_etl.py:37} INFO - Fetching manufacturer details from the API.
[2024-12-09T15:49:47.713+0000] {manufacturer_etl.py:43} INFO - Successfully fetched 100 manufacturer records.
[2024-12-09T15:49:47.721+0000] {manufacturer_etl.py:48} INFO - Data saved to /opt/airflow/data/raw_manufacturer_data.json
[2024-12-09T15:49:47.723+0000] {python.py:183} INFO - Done. Returned value was: None
[2024-12-09T15:49:47.734+0000] {taskinstance.py:1350} INFO - Marking task as SUCCESS. dag_id=manufacturer_etl, task_id=fetch_manufacturer_data, execution_date=20240219T000000, start_date=20241209T154938, end_date=20241209T154947
[2024-12-09T15:49:47.780+0000] {local_task_job_runner.py:225} INFO - Task exited with return code 0
[2024-12-09T15:49:47.818+0000] {taskinstance.py:2653} INFO - 0 downstream tasks scheduled from follow-on schedule check
[2024-12-09T16:32:00.150+0000] {taskinstance.py:1103} INFO - Dependencies all met for dep_context=non-requeueable deps ti=<TaskInstance: manufacturer_etl.fetch_manufacturer_data scheduled__2024-02-19T00:00:00+00:00 [queued]>
[2024-12-09T16:32:00.170+0000] {taskinstance.py:1103} INFO - Dependencies all met for dep_context=requeueable deps ti=<TaskInstance: manufacturer_etl.fetch_manufacturer_data scheduled__2024-02-19T00:00:00+00:00 [queued]>
[2024-12-09T16:32:00.171+0000] {taskinstance.py:1308} INFO - Starting attempt 1 of 1
[2024-12-09T16:32:00.204+0000] {taskinstance.py:1327} INFO - Executing <Task(PythonOperator): fetch_manufacturer_data> on 2024-02-19 00:00:00+00:00
[2024-12-09T16:32:00.211+0000] {standard_task_runner.py:57} INFO - Started process 352 to run task
[2024-12-09T16:32:00.217+0000] {standard_task_runner.py:84} INFO - Running: ['airflow', 'tasks', 'run', 'manufacturer_etl', 'fetch_manufacturer_data', 'scheduled__2024-02-19T00:00:00+00:00', '--job-id', '170', '--raw', '--subdir', 'DAGS_FOLDER/manufacturer_etl.py', '--cfg-path', '/tmp/tmpgnq8y9z4']
[2024-12-09T16:32:00.220+0000] {standard_task_runner.py:85} INFO - Job 170: Subtask fetch_manufacturer_data
[2024-12-09T16:32:00.326+0000] {task_command.py:410} INFO - Running <TaskInstance: manufacturer_etl.fetch_manufacturer_data scheduled__2024-02-19T00:00:00+00:00 [running]> on host 651f030c76c5
[2024-12-09T16:32:00.552+0000] {taskinstance.py:1547} INFO - Exporting env vars: AIRFLOW_CTX_DAG_OWNER='airflow' AIRFLOW_CTX_DAG_ID='manufacturer_etl' AIRFLOW_CTX_TASK_ID='fetch_manufacturer_data' AIRFLOW_CTX_EXECUTION_DATE='2024-02-19T00:00:00+00:00' AIRFLOW_CTX_TRY_NUMBER='1' AIRFLOW_CTX_DAG_RUN_ID='scheduled__2024-02-19T00:00:00+00:00'
[2024-12-09T16:32:00.554+0000] {manufacturer_etl.py:37} INFO - Fetching manufacturer details from the API.
[2024-12-09T16:32:09.464+0000] {manufacturer_etl.py:43} INFO - Successfully fetched 100 manufacturer records.
[2024-12-09T16:32:09.477+0000] {manufacturer_etl.py:48} INFO - Data saved to /opt/airflow/data/raw_manufacturer_data.json
[2024-12-09T16:32:09.481+0000] {python.py:183} INFO - Done. Returned value was: None
[2024-12-09T16:32:09.530+0000] {taskinstance.py:1350} INFO - Marking task as SUCCESS. dag_id=manufacturer_etl, task_id=fetch_manufacturer_data, execution_date=20240219T000000, start_date=20241209T163200, end_date=20241209T163209
[2024-12-09T16:32:09.612+0000] {local_task_job_runner.py:225} INFO - Task exited with return code 0
[2024-12-09T16:32:09.687+0000] {taskinstance.py:2653} INFO - 0 downstream tasks scheduled from follow-on schedule check
[2024-12-09T17:27:13.185+0000] {taskinstance.py:1103} INFO - Dependencies all met for dep_context=non-requeueable deps ti=<TaskInstance: manufacturer_etl.fetch_manufacturer_data scheduled__2024-02-19T00:00:00+00:00 [queued]>
[2024-12-09T17:27:13.205+0000] {taskinstance.py:1103} INFO - Dependencies all met for dep_context=requeueable deps ti=<TaskInstance: manufacturer_etl.fetch_manufacturer_data scheduled__2024-02-19T00:00:00+00:00 [queued]>
[2024-12-09T17:27:13.206+0000] {taskinstance.py:1308} INFO - Starting attempt 1 of 1
[2024-12-09T17:27:13.236+0000] {taskinstance.py:1327} INFO - Executing <Task(PythonOperator): fetch_manufacturer_data> on 2024-02-19 00:00:00+00:00
[2024-12-09T17:27:13.242+0000] {standard_task_runner.py:57} INFO - Started process 305 to run task
[2024-12-09T17:27:13.249+0000] {standard_task_runner.py:84} INFO - Running: ['airflow', 'tasks', 'run', 'manufacturer_etl', 'fetch_manufacturer_data', 'scheduled__2024-02-19T00:00:00+00:00', '--job-id', '65', '--raw', '--subdir', 'DAGS_FOLDER/manufacturer_etl.py', '--cfg-path', '/tmp/tmpttlzjkhk']
[2024-12-09T17:27:13.251+0000] {standard_task_runner.py:85} INFO - Job 65: Subtask fetch_manufacturer_data
[2024-12-09T17:27:13.350+0000] {task_command.py:410} INFO - Running <TaskInstance: manufacturer_etl.fetch_manufacturer_data scheduled__2024-02-19T00:00:00+00:00 [running]> on host 916d98ee7a08
[2024-12-09T17:27:13.560+0000] {taskinstance.py:1547} INFO - Exporting env vars: AIRFLOW_CTX_DAG_OWNER='airflow' AIRFLOW_CTX_DAG_ID='manufacturer_etl' AIRFLOW_CTX_TASK_ID='fetch_manufacturer_data' AIRFLOW_CTX_EXECUTION_DATE='2024-02-19T00:00:00+00:00' AIRFLOW_CTX_TRY_NUMBER='1' AIRFLOW_CTX_DAG_RUN_ID='scheduled__2024-02-19T00:00:00+00:00'
[2024-12-09T17:27:13.562+0000] {manufacturer_etl.py:37} INFO - Fetching manufacturer details from the API.
[2024-12-09T17:27:14.853+0000] {manufacturer_etl.py:43} INFO - Successfully fetched 100 manufacturer records.
[2024-12-09T17:27:14.860+0000] {manufacturer_etl.py:48} INFO - Data saved to /opt/airflow/data/raw_manufacturer_data.json
[2024-12-09T17:27:14.862+0000] {python.py:183} INFO - Done. Returned value was: None
[2024-12-09T17:27:14.888+0000] {taskinstance.py:1350} INFO - Marking task as SUCCESS. dag_id=manufacturer_etl, task_id=fetch_manufacturer_data, execution_date=20240219T000000, start_date=20241209T172713, end_date=20241209T172714
[2024-12-09T17:27:14.943+0000] {local_task_job_runner.py:225} INFO - Task exited with return code 0
[2024-12-09T17:27:14.982+0000] {taskinstance.py:2653} INFO - 0 downstream tasks scheduled from follow-on schedule check
