[2024-12-09T16:52:52.202+0000] {taskinstance.py:1103} INFO - Dependencies all met for dep_context=non-requeueable deps ti=<TaskInstance: manufacturer_etl.fetch_manufacturer_data scheduled__2024-05-18T00:00:00+00:00 [queued]>
[2024-12-09T16:52:52.220+0000] {taskinstance.py:1103} INFO - Dependencies all met for dep_context=requeueable deps ti=<TaskInstance: manufacturer_etl.fetch_manufacturer_data scheduled__2024-05-18T00:00:00+00:00 [queued]>
[2024-12-09T16:52:52.221+0000] {taskinstance.py:1308} INFO - Starting attempt 1 of 1
[2024-12-09T16:52:52.249+0000] {taskinstance.py:1327} INFO - Executing <Task(PythonOperator): fetch_manufacturer_data> on 2024-05-18 00:00:00+00:00
[2024-12-09T16:52:52.255+0000] {standard_task_runner.py:57} INFO - Started process 749 to run task
[2024-12-09T16:52:52.261+0000] {standard_task_runner.py:84} INFO - Running: ['airflow', 'tasks', 'run', 'manufacturer_etl', 'fetch_manufacturer_data', 'scheduled__2024-05-18T00:00:00+00:00', '--job-id', '259', '--raw', '--subdir', 'DAGS_FOLDER/manufacturer_etl.py', '--cfg-path', '/tmp/tmpr5oyksyn']
[2024-12-09T16:52:52.263+0000] {standard_task_runner.py:85} INFO - Job 259: Subtask fetch_manufacturer_data
[2024-12-09T16:52:52.370+0000] {task_command.py:410} INFO - Running <TaskInstance: manufacturer_etl.fetch_manufacturer_data scheduled__2024-05-18T00:00:00+00:00 [running]> on host 651f030c76c5
[2024-12-09T16:52:52.598+0000] {taskinstance.py:1547} INFO - Exporting env vars: AIRFLOW_CTX_DAG_OWNER='airflow' AIRFLOW_CTX_DAG_ID='manufacturer_etl' AIRFLOW_CTX_TASK_ID='fetch_manufacturer_data' AIRFLOW_CTX_EXECUTION_DATE='2024-05-18T00:00:00+00:00' AIRFLOW_CTX_TRY_NUMBER='1' AIRFLOW_CTX_DAG_RUN_ID='scheduled__2024-05-18T00:00:00+00:00'
[2024-12-09T16:52:52.601+0000] {manufacturer_etl.py:37} INFO - Fetching manufacturer details from the API.
[2024-12-09T16:53:01.743+0000] {manufacturer_etl.py:43} INFO - Successfully fetched 100 manufacturer records.
[2024-12-09T16:53:01.758+0000] {manufacturer_etl.py:48} INFO - Data saved to /opt/airflow/data/raw_manufacturer_data.json
[2024-12-09T16:53:01.764+0000] {python.py:183} INFO - Done. Returned value was: None
[2024-12-09T16:53:01.822+0000] {taskinstance.py:1350} INFO - Marking task as SUCCESS. dag_id=manufacturer_etl, task_id=fetch_manufacturer_data, execution_date=20240518T000000, start_date=20241209T165252, end_date=20241209T165301
[2024-12-09T16:53:01.917+0000] {local_task_job_runner.py:225} INFO - Task exited with return code 0
[2024-12-09T16:53:02.007+0000] {taskinstance.py:2653} INFO - 0 downstream tasks scheduled from follow-on schedule check
[2024-12-09T17:38:39.377+0000] {taskinstance.py:1103} INFO - Dependencies all met for dep_context=non-requeueable deps ti=<TaskInstance: manufacturer_etl.fetch_manufacturer_data scheduled__2024-05-18T00:00:00+00:00 [queued]>
[2024-12-09T17:38:39.396+0000] {taskinstance.py:1103} INFO - Dependencies all met for dep_context=requeueable deps ti=<TaskInstance: manufacturer_etl.fetch_manufacturer_data scheduled__2024-05-18T00:00:00+00:00 [queued]>
[2024-12-09T17:38:39.397+0000] {taskinstance.py:1308} INFO - Starting attempt 1 of 1
[2024-12-09T17:38:39.426+0000] {taskinstance.py:1327} INFO - Executing <Task(PythonOperator): fetch_manufacturer_data> on 2024-05-18 00:00:00+00:00
[2024-12-09T17:38:39.433+0000] {standard_task_runner.py:57} INFO - Started process 684 to run task
[2024-12-09T17:38:39.439+0000] {standard_task_runner.py:84} INFO - Running: ['airflow', 'tasks', 'run', 'manufacturer_etl', 'fetch_manufacturer_data', 'scheduled__2024-05-18T00:00:00+00:00', '--job-id', '154', '--raw', '--subdir', 'DAGS_FOLDER/manufacturer_etl.py', '--cfg-path', '/tmp/tmpyivcs9mj']
[2024-12-09T17:38:39.441+0000] {standard_task_runner.py:85} INFO - Job 154: Subtask fetch_manufacturer_data
[2024-12-09T17:38:39.541+0000] {task_command.py:410} INFO - Running <TaskInstance: manufacturer_etl.fetch_manufacturer_data scheduled__2024-05-18T00:00:00+00:00 [running]> on host 916d98ee7a08
[2024-12-09T17:38:39.743+0000] {taskinstance.py:1547} INFO - Exporting env vars: AIRFLOW_CTX_DAG_OWNER='airflow' AIRFLOW_CTX_DAG_ID='manufacturer_etl' AIRFLOW_CTX_TASK_ID='fetch_manufacturer_data' AIRFLOW_CTX_EXECUTION_DATE='2024-05-18T00:00:00+00:00' AIRFLOW_CTX_TRY_NUMBER='1' AIRFLOW_CTX_DAG_RUN_ID='scheduled__2024-05-18T00:00:00+00:00'
[2024-12-09T17:38:39.746+0000] {manufacturer_etl.py:37} INFO - Fetching manufacturer details from the API.
[2024-12-09T17:38:41.546+0000] {manufacturer_etl.py:43} INFO - Successfully fetched 100 manufacturer records.
[2024-12-09T17:38:41.555+0000] {manufacturer_etl.py:48} INFO - Data saved to /opt/airflow/data/raw_manufacturer_data.json
[2024-12-09T17:38:41.558+0000] {python.py:183} INFO - Done. Returned value was: None
[2024-12-09T17:38:41.578+0000] {taskinstance.py:1350} INFO - Marking task as SUCCESS. dag_id=manufacturer_etl, task_id=fetch_manufacturer_data, execution_date=20240518T000000, start_date=20241209T173839, end_date=20241209T173841
[2024-12-09T17:38:41.624+0000] {local_task_job_runner.py:225} INFO - Task exited with return code 0
[2024-12-09T17:38:41.661+0000] {taskinstance.py:2653} INFO - 0 downstream tasks scheduled from follow-on schedule check
