[2024-12-09T16:39:20.474+0000] {taskinstance.py:1103} INFO - Dependencies all met for dep_context=non-requeueable deps ti=<TaskInstance: manufacturer_etl.fetch_manufacturer_data scheduled__2024-03-21T00:00:00+00:00 [queued]>
[2024-12-09T16:39:20.492+0000] {taskinstance.py:1103} INFO - Dependencies all met for dep_context=requeueable deps ti=<TaskInstance: manufacturer_etl.fetch_manufacturer_data scheduled__2024-03-21T00:00:00+00:00 [queued]>
[2024-12-09T16:39:20.493+0000] {taskinstance.py:1308} INFO - Starting attempt 1 of 1
[2024-12-09T16:39:20.522+0000] {taskinstance.py:1327} INFO - Executing <Task(PythonOperator): fetch_manufacturer_data> on 2024-03-21 00:00:00+00:00
[2024-12-09T16:39:20.529+0000] {standard_task_runner.py:57} INFO - Started process 490 to run task
[2024-12-09T16:39:20.537+0000] {standard_task_runner.py:84} INFO - Running: ['airflow', 'tasks', 'run', 'manufacturer_etl', 'fetch_manufacturer_data', 'scheduled__2024-03-21T00:00:00+00:00', '--job-id', '201', '--raw', '--subdir', 'DAGS_FOLDER/manufacturer_etl.py', '--cfg-path', '/tmp/tmp4xcn510s']
[2024-12-09T16:39:20.540+0000] {standard_task_runner.py:85} INFO - Job 201: Subtask fetch_manufacturer_data
[2024-12-09T16:39:20.652+0000] {task_command.py:410} INFO - Running <TaskInstance: manufacturer_etl.fetch_manufacturer_data scheduled__2024-03-21T00:00:00+00:00 [running]> on host 651f030c76c5
[2024-12-09T16:39:20.868+0000] {taskinstance.py:1547} INFO - Exporting env vars: AIRFLOW_CTX_DAG_OWNER='airflow' AIRFLOW_CTX_DAG_ID='manufacturer_etl' AIRFLOW_CTX_TASK_ID='fetch_manufacturer_data' AIRFLOW_CTX_EXECUTION_DATE='2024-03-21T00:00:00+00:00' AIRFLOW_CTX_TRY_NUMBER='1' AIRFLOW_CTX_DAG_RUN_ID='scheduled__2024-03-21T00:00:00+00:00'
[2024-12-09T16:39:20.870+0000] {manufacturer_etl.py:37} INFO - Fetching manufacturer details from the API.
[2024-12-09T16:39:25.779+0000] {manufacturer_etl.py:43} INFO - Successfully fetched 100 manufacturer records.
[2024-12-09T16:39:25.793+0000] {manufacturer_etl.py:48} INFO - Data saved to /opt/airflow/data/raw_manufacturer_data.json
[2024-12-09T16:39:25.798+0000] {python.py:183} INFO - Done. Returned value was: None
[2024-12-09T16:39:25.848+0000] {taskinstance.py:1350} INFO - Marking task as SUCCESS. dag_id=manufacturer_etl, task_id=fetch_manufacturer_data, execution_date=20240321T000000, start_date=20241209T163920, end_date=20241209T163925
[2024-12-09T16:39:25.923+0000] {local_task_job_runner.py:225} INFO - Task exited with return code 0
[2024-12-09T16:39:26.009+0000] {taskinstance.py:2653} INFO - 0 downstream tasks scheduled from follow-on schedule check
[2024-12-09T17:31:16.924+0000] {taskinstance.py:1103} INFO - Dependencies all met for dep_context=non-requeueable deps ti=<TaskInstance: manufacturer_etl.fetch_manufacturer_data scheduled__2024-03-21T00:00:00+00:00 [queued]>
[2024-12-09T17:31:16.942+0000] {taskinstance.py:1103} INFO - Dependencies all met for dep_context=requeueable deps ti=<TaskInstance: manufacturer_etl.fetch_manufacturer_data scheduled__2024-03-21T00:00:00+00:00 [queued]>
[2024-12-09T17:31:16.943+0000] {taskinstance.py:1308} INFO - Starting attempt 1 of 1
[2024-12-09T17:31:16.972+0000] {taskinstance.py:1327} INFO - Executing <Task(PythonOperator): fetch_manufacturer_data> on 2024-03-21 00:00:00+00:00
[2024-12-09T17:31:16.978+0000] {standard_task_runner.py:57} INFO - Started process 437 to run task
[2024-12-09T17:31:16.985+0000] {standard_task_runner.py:84} INFO - Running: ['airflow', 'tasks', 'run', 'manufacturer_etl', 'fetch_manufacturer_data', 'scheduled__2024-03-21T00:00:00+00:00', '--job-id', '96', '--raw', '--subdir', 'DAGS_FOLDER/manufacturer_etl.py', '--cfg-path', '/tmp/tmp31pzp_1c']
[2024-12-09T17:31:16.987+0000] {standard_task_runner.py:85} INFO - Job 96: Subtask fetch_manufacturer_data
[2024-12-09T17:31:17.084+0000] {task_command.py:410} INFO - Running <TaskInstance: manufacturer_etl.fetch_manufacturer_data scheduled__2024-03-21T00:00:00+00:00 [running]> on host 916d98ee7a08
[2024-12-09T17:31:17.279+0000] {taskinstance.py:1547} INFO - Exporting env vars: AIRFLOW_CTX_DAG_OWNER='airflow' AIRFLOW_CTX_DAG_ID='manufacturer_etl' AIRFLOW_CTX_TASK_ID='fetch_manufacturer_data' AIRFLOW_CTX_EXECUTION_DATE='2024-03-21T00:00:00+00:00' AIRFLOW_CTX_TRY_NUMBER='1' AIRFLOW_CTX_DAG_RUN_ID='scheduled__2024-03-21T00:00:00+00:00'
[2024-12-09T17:31:17.281+0000] {manufacturer_etl.py:37} INFO - Fetching manufacturer details from the API.
[2024-12-09T17:31:18.359+0000] {manufacturer_etl.py:43} INFO - Successfully fetched 100 manufacturer records.
[2024-12-09T17:31:18.366+0000] {manufacturer_etl.py:48} INFO - Data saved to /opt/airflow/data/raw_manufacturer_data.json
[2024-12-09T17:31:18.368+0000] {python.py:183} INFO - Done. Returned value was: None
[2024-12-09T17:31:18.387+0000] {taskinstance.py:1350} INFO - Marking task as SUCCESS. dag_id=manufacturer_etl, task_id=fetch_manufacturer_data, execution_date=20240321T000000, start_date=20241209T173116, end_date=20241209T173118
[2024-12-09T17:31:18.433+0000] {local_task_job_runner.py:225} INFO - Task exited with return code 0
[2024-12-09T17:31:18.474+0000] {taskinstance.py:2653} INFO - 0 downstream tasks scheduled from follow-on schedule check
