[2024-12-09T15:38:03.486+0000] {taskinstance.py:1103} INFO - Dependencies all met for dep_context=non-requeueable deps ti=<TaskInstance: manufacturer_etl.fetch_manufacturer_data scheduled__2023-12-19T00:00:00+00:00 [queued]>
[2024-12-09T15:38:03.497+0000] {taskinstance.py:1103} INFO - Dependencies all met for dep_context=requeueable deps ti=<TaskInstance: manufacturer_etl.fetch_manufacturer_data scheduled__2023-12-19T00:00:00+00:00 [queued]>
[2024-12-09T15:38:03.497+0000] {taskinstance.py:1308} INFO - Starting attempt 1 of 1
[2024-12-09T15:38:03.513+0000] {taskinstance.py:1327} INFO - Executing <Task(PythonOperator): fetch_manufacturer_data> on 2023-12-19 00:00:00+00:00
[2024-12-09T15:38:03.517+0000] {standard_task_runner.py:57} INFO - Started process 48 to run task
[2024-12-09T15:38:03.521+0000] {standard_task_runner.py:84} INFO - Running: ['airflow', 'tasks', 'run', 'manufacturer_etl', 'fetch_manufacturer_data', 'scheduled__2023-12-19T00:00:00+00:00', '--job-id', '3', '--raw', '--subdir', 'DAGS_FOLDER/manufacturer_etl.py', '--cfg-path', '/tmp/tmp3faii_0k']
[2024-12-09T15:38:03.522+0000] {standard_task_runner.py:85} INFO - Job 3: Subtask fetch_manufacturer_data
[2024-12-09T15:38:03.578+0000] {task_command.py:410} INFO - Running <TaskInstance: manufacturer_etl.fetch_manufacturer_data scheduled__2023-12-19T00:00:00+00:00 [running]> on host 782927b5dd22
[2024-12-09T15:38:03.675+0000] {taskinstance.py:1547} INFO - Exporting env vars: AIRFLOW_CTX_DAG_OWNER='airflow' AIRFLOW_CTX_DAG_ID='manufacturer_etl' AIRFLOW_CTX_TASK_ID='fetch_manufacturer_data' AIRFLOW_CTX_EXECUTION_DATE='2023-12-19T00:00:00+00:00' AIRFLOW_CTX_TRY_NUMBER='1' AIRFLOW_CTX_DAG_RUN_ID='scheduled__2023-12-19T00:00:00+00:00'
[2024-12-09T15:38:03.676+0000] {manufacturer_etl.py:37} INFO - Fetching manufacturer details from the API.
[2024-12-09T15:38:12.586+0000] {manufacturer_etl.py:43} INFO - Successfully fetched 100 manufacturer records.
[2024-12-09T15:38:12.589+0000] {manufacturer_etl.py:48} INFO - Data saved to /opt/airflow/data/raw_manufacturer_data.json
[2024-12-09T15:38:12.590+0000] {python.py:183} INFO - Done. Returned value was: None
[2024-12-09T15:38:12.601+0000] {taskinstance.py:1350} INFO - Marking task as SUCCESS. dag_id=manufacturer_etl, task_id=fetch_manufacturer_data, execution_date=20231219T000000, start_date=20241209T153803, end_date=20241209T153812
[2024-12-09T15:38:12.649+0000] {local_task_job_runner.py:225} INFO - Task exited with return code 0
[2024-12-09T15:38:12.667+0000] {taskinstance.py:2653} INFO - 0 downstream tasks scheduled from follow-on schedule check
[2024-12-09T16:17:21.858+0000] {taskinstance.py:1103} INFO - Dependencies all met for dep_context=non-requeueable deps ti=<TaskInstance: manufacturer_etl.fetch_manufacturer_data scheduled__2023-12-19T00:00:00+00:00 [queued]>
[2024-12-09T16:17:21.879+0000] {taskinstance.py:1103} INFO - Dependencies all met for dep_context=requeueable deps ti=<TaskInstance: manufacturer_etl.fetch_manufacturer_data scheduled__2023-12-19T00:00:00+00:00 [queued]>
[2024-12-09T16:17:21.880+0000] {taskinstance.py:1308} INFO - Starting attempt 1 of 1
[2024-12-09T16:17:21.908+0000] {taskinstance.py:1327} INFO - Executing <Task(PythonOperator): fetch_manufacturer_data> on 2023-12-19 00:00:00+00:00
[2024-12-09T16:17:21.914+0000] {standard_task_runner.py:57} INFO - Started process 75 to run task
[2024-12-09T16:17:21.921+0000] {standard_task_runner.py:84} INFO - Running: ['airflow', 'tasks', 'run', 'manufacturer_etl', 'fetch_manufacturer_data', 'scheduled__2023-12-19T00:00:00+00:00', '--job-id', '108', '--raw', '--subdir', 'DAGS_FOLDER/manufacturer_etl.py', '--cfg-path', '/tmp/tmpwuy4qac6']
[2024-12-09T16:17:21.923+0000] {standard_task_runner.py:85} INFO - Job 108: Subtask fetch_manufacturer_data
[2024-12-09T16:17:22.079+0000] {task_command.py:410} INFO - Running <TaskInstance: manufacturer_etl.fetch_manufacturer_data scheduled__2023-12-19T00:00:00+00:00 [running]> on host 651f030c76c5
[2024-12-09T16:17:22.297+0000] {taskinstance.py:1547} INFO - Exporting env vars: AIRFLOW_CTX_DAG_OWNER='airflow' AIRFLOW_CTX_DAG_ID='manufacturer_etl' AIRFLOW_CTX_TASK_ID='fetch_manufacturer_data' AIRFLOW_CTX_EXECUTION_DATE='2023-12-19T00:00:00+00:00' AIRFLOW_CTX_TRY_NUMBER='1' AIRFLOW_CTX_DAG_RUN_ID='scheduled__2023-12-19T00:00:00+00:00'
[2024-12-09T16:17:22.299+0000] {manufacturer_etl.py:37} INFO - Fetching manufacturer details from the API.
[2024-12-09T16:17:27.049+0000] {manufacturer_etl.py:43} INFO - Successfully fetched 100 manufacturer records.
[2024-12-09T16:17:27.063+0000] {manufacturer_etl.py:48} INFO - Data saved to /opt/airflow/data/raw_manufacturer_data.json
[2024-12-09T16:17:27.068+0000] {python.py:183} INFO - Done. Returned value was: None
[2024-12-09T16:17:27.117+0000] {taskinstance.py:1350} INFO - Marking task as SUCCESS. dag_id=manufacturer_etl, task_id=fetch_manufacturer_data, execution_date=20231219T000000, start_date=20241209T161721, end_date=20241209T161727
[2024-12-09T16:17:27.204+0000] {local_task_job_runner.py:225} INFO - Task exited with return code 0
[2024-12-09T16:17:27.281+0000] {taskinstance.py:2653} INFO - 0 downstream tasks scheduled from follow-on schedule check
[2024-12-09T17:19:08.228+0000] {taskinstance.py:1103} INFO - Dependencies all met for dep_context=non-requeueable deps ti=<TaskInstance: manufacturer_etl.fetch_manufacturer_data scheduled__2023-12-19T00:00:00+00:00 [queued]>
[2024-12-09T17:19:08.249+0000] {taskinstance.py:1103} INFO - Dependencies all met for dep_context=requeueable deps ti=<TaskInstance: manufacturer_etl.fetch_manufacturer_data scheduled__2023-12-19T00:00:00+00:00 [queued]>
[2024-12-09T17:19:08.249+0000] {taskinstance.py:1308} INFO - Starting attempt 1 of 1
[2024-12-09T17:19:08.281+0000] {taskinstance.py:1327} INFO - Executing <Task(PythonOperator): fetch_manufacturer_data> on 2023-12-19 00:00:00+00:00
[2024-12-09T17:19:08.288+0000] {standard_task_runner.py:57} INFO - Started process 41 to run task
[2024-12-09T17:19:08.298+0000] {standard_task_runner.py:84} INFO - Running: ['airflow', 'tasks', 'run', 'manufacturer_etl', 'fetch_manufacturer_data', 'scheduled__2023-12-19T00:00:00+00:00', '--job-id', '3', '--raw', '--subdir', 'DAGS_FOLDER/manufacturer_etl.py', '--cfg-path', '/tmp/tmpk71okxcn']
[2024-12-09T17:19:08.302+0000] {standard_task_runner.py:85} INFO - Job 3: Subtask fetch_manufacturer_data
[2024-12-09T17:19:08.430+0000] {task_command.py:410} INFO - Running <TaskInstance: manufacturer_etl.fetch_manufacturer_data scheduled__2023-12-19T00:00:00+00:00 [running]> on host 916d98ee7a08
[2024-12-09T17:19:08.653+0000] {taskinstance.py:1547} INFO - Exporting env vars: AIRFLOW_CTX_DAG_OWNER='airflow' AIRFLOW_CTX_DAG_ID='manufacturer_etl' AIRFLOW_CTX_TASK_ID='fetch_manufacturer_data' AIRFLOW_CTX_EXECUTION_DATE='2023-12-19T00:00:00+00:00' AIRFLOW_CTX_TRY_NUMBER='1' AIRFLOW_CTX_DAG_RUN_ID='scheduled__2023-12-19T00:00:00+00:00'
[2024-12-09T17:19:08.656+0000] {manufacturer_etl.py:37} INFO - Fetching manufacturer details from the API.
[2024-12-09T17:19:10.916+0000] {manufacturer_etl.py:43} INFO - Successfully fetched 100 manufacturer records.
[2024-12-09T17:19:10.925+0000] {manufacturer_etl.py:48} INFO - Data saved to /opt/airflow/data/raw_manufacturer_data.json
[2024-12-09T17:19:10.928+0000] {python.py:183} INFO - Done. Returned value was: None
[2024-12-09T17:19:10.951+0000] {taskinstance.py:1350} INFO - Marking task as SUCCESS. dag_id=manufacturer_etl, task_id=fetch_manufacturer_data, execution_date=20231219T000000, start_date=20241209T171908, end_date=20241209T171910
[2024-12-09T17:19:11.018+0000] {local_task_job_runner.py:225} INFO - Task exited with return code 0
[2024-12-09T17:19:11.053+0000] {taskinstance.py:2653} INFO - 0 downstream tasks scheduled from follow-on schedule check
