[2024-12-09T16:54:24.373+0000] {taskinstance.py:1103} INFO - Dependencies all met for dep_context=non-requeueable deps ti=<TaskInstance: manufacturer_etl.fetch_manufacturer_data scheduled__2024-05-24T00:00:00+00:00 [queued]>
[2024-12-09T16:54:24.397+0000] {taskinstance.py:1103} INFO - Dependencies all met for dep_context=requeueable deps ti=<TaskInstance: manufacturer_etl.fetch_manufacturer_data scheduled__2024-05-24T00:00:00+00:00 [queued]>
[2024-12-09T16:54:24.397+0000] {taskinstance.py:1308} INFO - Starting attempt 1 of 1
[2024-12-09T16:54:24.429+0000] {taskinstance.py:1327} INFO - Executing <Task(PythonOperator): fetch_manufacturer_data> on 2024-05-24 00:00:00+00:00
[2024-12-09T16:54:24.437+0000] {standard_task_runner.py:57} INFO - Started process 776 to run task
[2024-12-09T16:54:24.443+0000] {standard_task_runner.py:84} INFO - Running: ['airflow', 'tasks', 'run', 'manufacturer_etl', 'fetch_manufacturer_data', 'scheduled__2024-05-24T00:00:00+00:00', '--job-id', '265', '--raw', '--subdir', 'DAGS_FOLDER/manufacturer_etl.py', '--cfg-path', '/tmp/tmp3q8v1iyq']
[2024-12-09T16:54:24.446+0000] {standard_task_runner.py:85} INFO - Job 265: Subtask fetch_manufacturer_data
[2024-12-09T16:54:24.573+0000] {task_command.py:410} INFO - Running <TaskInstance: manufacturer_etl.fetch_manufacturer_data scheduled__2024-05-24T00:00:00+00:00 [running]> on host 651f030c76c5
[2024-12-09T16:54:24.803+0000] {taskinstance.py:1547} INFO - Exporting env vars: AIRFLOW_CTX_DAG_OWNER='airflow' AIRFLOW_CTX_DAG_ID='manufacturer_etl' AIRFLOW_CTX_TASK_ID='fetch_manufacturer_data' AIRFLOW_CTX_EXECUTION_DATE='2024-05-24T00:00:00+00:00' AIRFLOW_CTX_TRY_NUMBER='1' AIRFLOW_CTX_DAG_RUN_ID='scheduled__2024-05-24T00:00:00+00:00'
[2024-12-09T16:54:24.805+0000] {manufacturer_etl.py:37} INFO - Fetching manufacturer details from the API.
[2024-12-09T16:54:33.898+0000] {manufacturer_etl.py:43} INFO - Successfully fetched 100 manufacturer records.
[2024-12-09T16:54:33.905+0000] {manufacturer_etl.py:48} INFO - Data saved to /opt/airflow/data/raw_manufacturer_data.json
[2024-12-09T16:54:33.909+0000] {python.py:183} INFO - Done. Returned value was: None
[2024-12-09T16:54:33.935+0000] {taskinstance.py:1350} INFO - Marking task as SUCCESS. dag_id=manufacturer_etl, task_id=fetch_manufacturer_data, execution_date=20240524T000000, start_date=20241209T165424, end_date=20241209T165433
[2024-12-09T16:54:33.987+0000] {local_task_job_runner.py:225} INFO - Task exited with return code 0
[2024-12-09T16:54:34.054+0000] {taskinstance.py:2653} INFO - 0 downstream tasks scheduled from follow-on schedule check
[2024-12-09T17:39:30.059+0000] {taskinstance.py:1103} INFO - Dependencies all met for dep_context=non-requeueable deps ti=<TaskInstance: manufacturer_etl.fetch_manufacturer_data scheduled__2024-05-24T00:00:00+00:00 [queued]>
[2024-12-09T17:39:30.077+0000] {taskinstance.py:1103} INFO - Dependencies all met for dep_context=requeueable deps ti=<TaskInstance: manufacturer_etl.fetch_manufacturer_data scheduled__2024-05-24T00:00:00+00:00 [queued]>
[2024-12-09T17:39:30.078+0000] {taskinstance.py:1308} INFO - Starting attempt 1 of 1
[2024-12-09T17:39:30.106+0000] {taskinstance.py:1327} INFO - Executing <Task(PythonOperator): fetch_manufacturer_data> on 2024-05-24 00:00:00+00:00
[2024-12-09T17:39:30.113+0000] {standard_task_runner.py:57} INFO - Started process 709 to run task
[2024-12-09T17:39:30.119+0000] {standard_task_runner.py:84} INFO - Running: ['airflow', 'tasks', 'run', 'manufacturer_etl', 'fetch_manufacturer_data', 'scheduled__2024-05-24T00:00:00+00:00', '--job-id', '160', '--raw', '--subdir', 'DAGS_FOLDER/manufacturer_etl.py', '--cfg-path', '/tmp/tmpdspfkuk9']
[2024-12-09T17:39:30.121+0000] {standard_task_runner.py:85} INFO - Job 160: Subtask fetch_manufacturer_data
[2024-12-09T17:39:30.218+0000] {task_command.py:410} INFO - Running <TaskInstance: manufacturer_etl.fetch_manufacturer_data scheduled__2024-05-24T00:00:00+00:00 [running]> on host 916d98ee7a08
[2024-12-09T17:39:30.419+0000] {taskinstance.py:1547} INFO - Exporting env vars: AIRFLOW_CTX_DAG_OWNER='airflow' AIRFLOW_CTX_DAG_ID='manufacturer_etl' AIRFLOW_CTX_TASK_ID='fetch_manufacturer_data' AIRFLOW_CTX_EXECUTION_DATE='2024-05-24T00:00:00+00:00' AIRFLOW_CTX_TRY_NUMBER='1' AIRFLOW_CTX_DAG_RUN_ID='scheduled__2024-05-24T00:00:00+00:00'
[2024-12-09T17:39:30.421+0000] {manufacturer_etl.py:37} INFO - Fetching manufacturer details from the API.
[2024-12-09T17:39:35.411+0000] {manufacturer_etl.py:43} INFO - Successfully fetched 100 manufacturer records.
[2024-12-09T17:39:35.427+0000] {manufacturer_etl.py:48} INFO - Data saved to /opt/airflow/data/raw_manufacturer_data.json
[2024-12-09T17:39:35.435+0000] {python.py:183} INFO - Done. Returned value was: None
[2024-12-09T17:39:35.464+0000] {taskinstance.py:1350} INFO - Marking task as SUCCESS. dag_id=manufacturer_etl, task_id=fetch_manufacturer_data, execution_date=20240524T000000, start_date=20241209T173930, end_date=20241209T173935
[2024-12-09T17:39:35.512+0000] {local_task_job_runner.py:225} INFO - Task exited with return code 0
[2024-12-09T17:39:35.546+0000] {taskinstance.py:2653} INFO - 0 downstream tasks scheduled from follow-on schedule check
