[2024-12-09T15:45:11.671+0000] {taskinstance.py:1103} INFO - Dependencies all met for dep_context=non-requeueable deps ti=<TaskInstance: manufacturer_etl.fetch_manufacturer_data scheduled__2024-01-27T00:00:00+00:00 [queued]>
[2024-12-09T15:45:11.681+0000] {taskinstance.py:1103} INFO - Dependencies all met for dep_context=requeueable deps ti=<TaskInstance: manufacturer_etl.fetch_manufacturer_data scheduled__2024-01-27T00:00:00+00:00 [queued]>
[2024-12-09T15:45:11.681+0000] {taskinstance.py:1308} INFO - Starting attempt 1 of 1
[2024-12-09T15:45:11.696+0000] {taskinstance.py:1327} INFO - Executing <Task(PythonOperator): fetch_manufacturer_data> on 2024-01-27 00:00:00+00:00
[2024-12-09T15:45:11.700+0000] {standard_task_runner.py:57} INFO - Started process 218 to run task
[2024-12-09T15:45:11.703+0000] {standard_task_runner.py:84} INFO - Running: ['airflow', 'tasks', 'run', 'manufacturer_etl', 'fetch_manufacturer_data', 'scheduled__2024-01-27T00:00:00+00:00', '--job-id', '42', '--raw', '--subdir', 'DAGS_FOLDER/manufacturer_etl.py', '--cfg-path', '/tmp/tmph2f6bp3d']
[2024-12-09T15:45:11.704+0000] {standard_task_runner.py:85} INFO - Job 42: Subtask fetch_manufacturer_data
[2024-12-09T15:45:11.754+0000] {task_command.py:410} INFO - Running <TaskInstance: manufacturer_etl.fetch_manufacturer_data scheduled__2024-01-27T00:00:00+00:00 [running]> on host 782927b5dd22
[2024-12-09T15:45:11.862+0000] {taskinstance.py:1547} INFO - Exporting env vars: AIRFLOW_CTX_DAG_OWNER='airflow' AIRFLOW_CTX_DAG_ID='manufacturer_etl' AIRFLOW_CTX_TASK_ID='fetch_manufacturer_data' AIRFLOW_CTX_EXECUTION_DATE='2024-01-27T00:00:00+00:00' AIRFLOW_CTX_TRY_NUMBER='1' AIRFLOW_CTX_DAG_RUN_ID='scheduled__2024-01-27T00:00:00+00:00'
[2024-12-09T15:45:11.863+0000] {manufacturer_etl.py:37} INFO - Fetching manufacturer details from the API.
[2024-12-09T15:45:16.703+0000] {manufacturer_etl.py:43} INFO - Successfully fetched 100 manufacturer records.
[2024-12-09T15:45:16.716+0000] {manufacturer_etl.py:48} INFO - Data saved to /opt/airflow/data/raw_manufacturer_data.json
[2024-12-09T15:45:16.721+0000] {python.py:183} INFO - Done. Returned value was: None
[2024-12-09T15:45:16.733+0000] {taskinstance.py:1350} INFO - Marking task as SUCCESS. dag_id=manufacturer_etl, task_id=fetch_manufacturer_data, execution_date=20240127T000000, start_date=20241209T154511, end_date=20241209T154516
[2024-12-09T15:45:16.751+0000] {local_task_job_runner.py:225} INFO - Task exited with return code 0
[2024-12-09T15:45:16.770+0000] {taskinstance.py:2653} INFO - 0 downstream tasks scheduled from follow-on schedule check
[2024-12-09T16:26:30.281+0000] {taskinstance.py:1103} INFO - Dependencies all met for dep_context=non-requeueable deps ti=<TaskInstance: manufacturer_etl.fetch_manufacturer_data scheduled__2024-01-27T00:00:00+00:00 [queued]>
[2024-12-09T16:26:30.301+0000] {taskinstance.py:1103} INFO - Dependencies all met for dep_context=requeueable deps ti=<TaskInstance: manufacturer_etl.fetch_manufacturer_data scheduled__2024-01-27T00:00:00+00:00 [queued]>
[2024-12-09T16:26:30.301+0000] {taskinstance.py:1308} INFO - Starting attempt 1 of 1
[2024-12-09T16:26:30.332+0000] {taskinstance.py:1327} INFO - Executing <Task(PythonOperator): fetch_manufacturer_data> on 2024-01-27 00:00:00+00:00
[2024-12-09T16:26:30.338+0000] {standard_task_runner.py:57} INFO - Started process 249 to run task
[2024-12-09T16:26:30.344+0000] {standard_task_runner.py:84} INFO - Running: ['airflow', 'tasks', 'run', 'manufacturer_etl', 'fetch_manufacturer_data', 'scheduled__2024-01-27T00:00:00+00:00', '--job-id', '147', '--raw', '--subdir', 'DAGS_FOLDER/manufacturer_etl.py', '--cfg-path', '/tmp/tmpf7rw2k2i']
[2024-12-09T16:26:30.346+0000] {standard_task_runner.py:85} INFO - Job 147: Subtask fetch_manufacturer_data
[2024-12-09T16:26:30.453+0000] {task_command.py:410} INFO - Running <TaskInstance: manufacturer_etl.fetch_manufacturer_data scheduled__2024-01-27T00:00:00+00:00 [running]> on host 651f030c76c5
[2024-12-09T16:26:30.668+0000] {taskinstance.py:1547} INFO - Exporting env vars: AIRFLOW_CTX_DAG_OWNER='airflow' AIRFLOW_CTX_DAG_ID='manufacturer_etl' AIRFLOW_CTX_TASK_ID='fetch_manufacturer_data' AIRFLOW_CTX_EXECUTION_DATE='2024-01-27T00:00:00+00:00' AIRFLOW_CTX_TRY_NUMBER='1' AIRFLOW_CTX_DAG_RUN_ID='scheduled__2024-01-27T00:00:00+00:00'
[2024-12-09T16:26:30.670+0000] {manufacturer_etl.py:37} INFO - Fetching manufacturer details from the API.
[2024-12-09T16:26:39.721+0000] {manufacturer_etl.py:43} INFO - Successfully fetched 100 manufacturer records.
[2024-12-09T16:26:39.732+0000] {manufacturer_etl.py:48} INFO - Data saved to /opt/airflow/data/raw_manufacturer_data.json
[2024-12-09T16:26:39.738+0000] {python.py:183} INFO - Done. Returned value was: None
[2024-12-09T16:26:39.783+0000] {taskinstance.py:1350} INFO - Marking task as SUCCESS. dag_id=manufacturer_etl, task_id=fetch_manufacturer_data, execution_date=20240127T000000, start_date=20241209T162630, end_date=20241209T162639
[2024-12-09T16:26:39.859+0000] {local_task_job_runner.py:225} INFO - Task exited with return code 0
[2024-12-09T16:26:39.940+0000] {taskinstance.py:2653} INFO - 0 downstream tasks scheduled from follow-on schedule check
[2024-12-09T17:24:09.090+0000] {taskinstance.py:1103} INFO - Dependencies all met for dep_context=non-requeueable deps ti=<TaskInstance: manufacturer_etl.fetch_manufacturer_data scheduled__2024-01-27T00:00:00+00:00 [queued]>
[2024-12-09T17:24:09.108+0000] {taskinstance.py:1103} INFO - Dependencies all met for dep_context=requeueable deps ti=<TaskInstance: manufacturer_etl.fetch_manufacturer_data scheduled__2024-01-27T00:00:00+00:00 [queued]>
[2024-12-09T17:24:09.108+0000] {taskinstance.py:1308} INFO - Starting attempt 1 of 1
[2024-12-09T17:24:09.136+0000] {taskinstance.py:1327} INFO - Executing <Task(PythonOperator): fetch_manufacturer_data> on 2024-01-27 00:00:00+00:00
[2024-12-09T17:24:09.142+0000] {standard_task_runner.py:57} INFO - Started process 207 to run task
[2024-12-09T17:24:09.148+0000] {standard_task_runner.py:84} INFO - Running: ['airflow', 'tasks', 'run', 'manufacturer_etl', 'fetch_manufacturer_data', 'scheduled__2024-01-27T00:00:00+00:00', '--job-id', '42', '--raw', '--subdir', 'DAGS_FOLDER/manufacturer_etl.py', '--cfg-path', '/tmp/tmp8511o_r6']
[2024-12-09T17:24:09.150+0000] {standard_task_runner.py:85} INFO - Job 42: Subtask fetch_manufacturer_data
[2024-12-09T17:24:09.244+0000] {task_command.py:410} INFO - Running <TaskInstance: manufacturer_etl.fetch_manufacturer_data scheduled__2024-01-27T00:00:00+00:00 [running]> on host 916d98ee7a08
[2024-12-09T17:24:09.440+0000] {taskinstance.py:1547} INFO - Exporting env vars: AIRFLOW_CTX_DAG_OWNER='airflow' AIRFLOW_CTX_DAG_ID='manufacturer_etl' AIRFLOW_CTX_TASK_ID='fetch_manufacturer_data' AIRFLOW_CTX_EXECUTION_DATE='2024-01-27T00:00:00+00:00' AIRFLOW_CTX_TRY_NUMBER='1' AIRFLOW_CTX_DAG_RUN_ID='scheduled__2024-01-27T00:00:00+00:00'
[2024-12-09T17:24:09.442+0000] {manufacturer_etl.py:37} INFO - Fetching manufacturer details from the API.
[2024-12-09T17:24:15.145+0000] {manufacturer_etl.py:43} INFO - Successfully fetched 100 manufacturer records.
[2024-12-09T17:24:15.158+0000] {manufacturer_etl.py:48} INFO - Data saved to /opt/airflow/data/raw_manufacturer_data.json
[2024-12-09T17:24:15.160+0000] {python.py:183} INFO - Done. Returned value was: None
[2024-12-09T17:24:15.181+0000] {taskinstance.py:1350} INFO - Marking task as SUCCESS. dag_id=manufacturer_etl, task_id=fetch_manufacturer_data, execution_date=20240127T000000, start_date=20241209T172409, end_date=20241209T172415
[2024-12-09T17:24:15.216+0000] {local_task_job_runner.py:225} INFO - Task exited with return code 0
[2024-12-09T17:24:15.250+0000] {taskinstance.py:2653} INFO - 0 downstream tasks scheduled from follow-on schedule check
