[2024-12-09T16:55:50.703+0000] {taskinstance.py:1103} INFO - Dependencies all met for dep_context=non-requeueable deps ti=<TaskInstance: manufacturer_etl.fetch_manufacturer_data scheduled__2024-05-30T00:00:00+00:00 [queued]>
[2024-12-09T16:55:50.732+0000] {taskinstance.py:1103} INFO - Dependencies all met for dep_context=requeueable deps ti=<TaskInstance: manufacturer_etl.fetch_manufacturer_data scheduled__2024-05-30T00:00:00+00:00 [queued]>
[2024-12-09T16:55:50.733+0000] {taskinstance.py:1308} INFO - Starting attempt 1 of 1
[2024-12-09T16:55:50.774+0000] {taskinstance.py:1327} INFO - Executing <Task(PythonOperator): fetch_manufacturer_data> on 2024-05-30 00:00:00+00:00
[2024-12-09T16:55:50.784+0000] {standard_task_runner.py:57} INFO - Started process 803 to run task
[2024-12-09T16:55:50.794+0000] {standard_task_runner.py:84} INFO - Running: ['airflow', 'tasks', 'run', 'manufacturer_etl', 'fetch_manufacturer_data', 'scheduled__2024-05-30T00:00:00+00:00', '--job-id', '271', '--raw', '--subdir', 'DAGS_FOLDER/manufacturer_etl.py', '--cfg-path', '/tmp/tmple9cobhf']
[2024-12-09T16:55:50.798+0000] {standard_task_runner.py:85} INFO - Job 271: Subtask fetch_manufacturer_data
[2024-12-09T16:55:50.957+0000] {task_command.py:410} INFO - Running <TaskInstance: manufacturer_etl.fetch_manufacturer_data scheduled__2024-05-30T00:00:00+00:00 [running]> on host 651f030c76c5
[2024-12-09T16:55:51.301+0000] {taskinstance.py:1547} INFO - Exporting env vars: AIRFLOW_CTX_DAG_OWNER='airflow' AIRFLOW_CTX_DAG_ID='manufacturer_etl' AIRFLOW_CTX_TASK_ID='fetch_manufacturer_data' AIRFLOW_CTX_EXECUTION_DATE='2024-05-30T00:00:00+00:00' AIRFLOW_CTX_TRY_NUMBER='1' AIRFLOW_CTX_DAG_RUN_ID='scheduled__2024-05-30T00:00:00+00:00'
[2024-12-09T16:55:51.305+0000] {manufacturer_etl.py:37} INFO - Fetching manufacturer details from the API.
[2024-12-09T16:56:00.324+0000] {manufacturer_etl.py:43} INFO - Successfully fetched 100 manufacturer records.
[2024-12-09T16:56:00.338+0000] {manufacturer_etl.py:48} INFO - Data saved to /opt/airflow/data/raw_manufacturer_data.json
[2024-12-09T16:56:00.344+0000] {python.py:183} INFO - Done. Returned value was: None
[2024-12-09T16:56:00.401+0000] {taskinstance.py:1350} INFO - Marking task as SUCCESS. dag_id=manufacturer_etl, task_id=fetch_manufacturer_data, execution_date=20240530T000000, start_date=20241209T165550, end_date=20241209T165600
[2024-12-09T16:56:00.517+0000] {local_task_job_runner.py:225} INFO - Task exited with return code 0
[2024-12-09T16:56:00.606+0000] {taskinstance.py:2653} INFO - 0 downstream tasks scheduled from follow-on schedule check
[2024-12-09T17:40:20.919+0000] {taskinstance.py:1103} INFO - Dependencies all met for dep_context=non-requeueable deps ti=<TaskInstance: manufacturer_etl.fetch_manufacturer_data scheduled__2024-05-30T00:00:00+00:00 [queued]>
[2024-12-09T17:40:20.936+0000] {taskinstance.py:1103} INFO - Dependencies all met for dep_context=requeueable deps ti=<TaskInstance: manufacturer_etl.fetch_manufacturer_data scheduled__2024-05-30T00:00:00+00:00 [queued]>
[2024-12-09T17:40:20.937+0000] {taskinstance.py:1308} INFO - Starting attempt 1 of 1
[2024-12-09T17:40:20.965+0000] {taskinstance.py:1327} INFO - Executing <Task(PythonOperator): fetch_manufacturer_data> on 2024-05-30 00:00:00+00:00
[2024-12-09T17:40:20.971+0000] {standard_task_runner.py:57} INFO - Started process 735 to run task
[2024-12-09T17:40:20.978+0000] {standard_task_runner.py:84} INFO - Running: ['airflow', 'tasks', 'run', 'manufacturer_etl', 'fetch_manufacturer_data', 'scheduled__2024-05-30T00:00:00+00:00', '--job-id', '166', '--raw', '--subdir', 'DAGS_FOLDER/manufacturer_etl.py', '--cfg-path', '/tmp/tmpf1orokkj']
[2024-12-09T17:40:20.980+0000] {standard_task_runner.py:85} INFO - Job 166: Subtask fetch_manufacturer_data
[2024-12-09T17:40:21.081+0000] {task_command.py:410} INFO - Running <TaskInstance: manufacturer_etl.fetch_manufacturer_data scheduled__2024-05-30T00:00:00+00:00 [running]> on host 916d98ee7a08
[2024-12-09T17:40:21.279+0000] {taskinstance.py:1547} INFO - Exporting env vars: AIRFLOW_CTX_DAG_OWNER='airflow' AIRFLOW_CTX_DAG_ID='manufacturer_etl' AIRFLOW_CTX_TASK_ID='fetch_manufacturer_data' AIRFLOW_CTX_EXECUTION_DATE='2024-05-30T00:00:00+00:00' AIRFLOW_CTX_TRY_NUMBER='1' AIRFLOW_CTX_DAG_RUN_ID='scheduled__2024-05-30T00:00:00+00:00'
[2024-12-09T17:40:21.282+0000] {manufacturer_etl.py:37} INFO - Fetching manufacturer details from the API.
[2024-12-09T17:40:23.023+0000] {manufacturer_etl.py:43} INFO - Successfully fetched 100 manufacturer records.
[2024-12-09T17:40:23.033+0000] {manufacturer_etl.py:48} INFO - Data saved to /opt/airflow/data/raw_manufacturer_data.json
[2024-12-09T17:40:23.036+0000] {python.py:183} INFO - Done. Returned value was: None
[2024-12-09T17:40:23.058+0000] {taskinstance.py:1350} INFO - Marking task as SUCCESS. dag_id=manufacturer_etl, task_id=fetch_manufacturer_data, execution_date=20240530T000000, start_date=20241209T174020, end_date=20241209T174023
[2024-12-09T17:40:23.123+0000] {local_task_job_runner.py:225} INFO - Task exited with return code 0
[2024-12-09T17:40:23.159+0000] {taskinstance.py:2653} INFO - 0 downstream tasks scheduled from follow-on schedule check
