[2024-12-09T16:59:49.346+0000] {taskinstance.py:1103} INFO - Dependencies all met for dep_context=non-requeueable deps ti=<TaskInstance: manufacturer_etl.fetch_manufacturer_data scheduled__2024-06-16T00:00:00+00:00 [queued]>
[2024-12-09T16:59:49.371+0000] {taskinstance.py:1103} INFO - Dependencies all met for dep_context=requeueable deps ti=<TaskInstance: manufacturer_etl.fetch_manufacturer_data scheduled__2024-06-16T00:00:00+00:00 [queued]>
[2024-12-09T16:59:49.372+0000] {taskinstance.py:1308} INFO - Starting attempt 1 of 1
[2024-12-09T16:59:49.412+0000] {taskinstance.py:1327} INFO - Executing <Task(PythonOperator): fetch_manufacturer_data> on 2024-06-16 00:00:00+00:00
[2024-12-09T16:59:49.422+0000] {standard_task_runner.py:57} INFO - Started process 878 to run task
[2024-12-09T16:59:49.433+0000] {standard_task_runner.py:84} INFO - Running: ['airflow', 'tasks', 'run', 'manufacturer_etl', 'fetch_manufacturer_data', 'scheduled__2024-06-16T00:00:00+00:00', '--job-id', '288', '--raw', '--subdir', 'DAGS_FOLDER/manufacturer_etl.py', '--cfg-path', '/tmp/tmpayx46h8m']
[2024-12-09T16:59:49.437+0000] {standard_task_runner.py:85} INFO - Job 288: Subtask fetch_manufacturer_data
[2024-12-09T16:59:49.581+0000] {task_command.py:410} INFO - Running <TaskInstance: manufacturer_etl.fetch_manufacturer_data scheduled__2024-06-16T00:00:00+00:00 [running]> on host 651f030c76c5
[2024-12-09T16:59:49.810+0000] {taskinstance.py:1547} INFO - Exporting env vars: AIRFLOW_CTX_DAG_OWNER='airflow' AIRFLOW_CTX_DAG_ID='manufacturer_etl' AIRFLOW_CTX_TASK_ID='fetch_manufacturer_data' AIRFLOW_CTX_EXECUTION_DATE='2024-06-16T00:00:00+00:00' AIRFLOW_CTX_TRY_NUMBER='1' AIRFLOW_CTX_DAG_RUN_ID='scheduled__2024-06-16T00:00:00+00:00'
[2024-12-09T16:59:49.812+0000] {manufacturer_etl.py:37} INFO - Fetching manufacturer details from the API.
[2024-12-09T16:59:54.823+0000] {manufacturer_etl.py:43} INFO - Successfully fetched 100 manufacturer records.
[2024-12-09T16:59:54.842+0000] {manufacturer_etl.py:48} INFO - Data saved to /opt/airflow/data/raw_manufacturer_data.json
[2024-12-09T16:59:54.850+0000] {python.py:183} INFO - Done. Returned value was: None
[2024-12-09T16:59:54.914+0000] {taskinstance.py:1350} INFO - Marking task as SUCCESS. dag_id=manufacturer_etl, task_id=fetch_manufacturer_data, execution_date=20240616T000000, start_date=20241209T165949, end_date=20241209T165954
[2024-12-09T16:59:55.014+0000] {local_task_job_runner.py:225} INFO - Task exited with return code 0
[2024-12-09T16:59:55.112+0000] {taskinstance.py:2653} INFO - 0 downstream tasks scheduled from follow-on schedule check
[2024-12-09T17:42:36.019+0000] {taskinstance.py:1103} INFO - Dependencies all met for dep_context=non-requeueable deps ti=<TaskInstance: manufacturer_etl.fetch_manufacturer_data scheduled__2024-06-16T00:00:00+00:00 [queued]>
[2024-12-09T17:42:36.038+0000] {taskinstance.py:1103} INFO - Dependencies all met for dep_context=requeueable deps ti=<TaskInstance: manufacturer_etl.fetch_manufacturer_data scheduled__2024-06-16T00:00:00+00:00 [queued]>
[2024-12-09T17:42:36.039+0000] {taskinstance.py:1308} INFO - Starting attempt 1 of 1
[2024-12-09T17:42:36.068+0000] {taskinstance.py:1327} INFO - Executing <Task(PythonOperator): fetch_manufacturer_data> on 2024-06-16 00:00:00+00:00
[2024-12-09T17:42:36.074+0000] {standard_task_runner.py:57} INFO - Started process 807 to run task
[2024-12-09T17:42:36.082+0000] {standard_task_runner.py:84} INFO - Running: ['airflow', 'tasks', 'run', 'manufacturer_etl', 'fetch_manufacturer_data', 'scheduled__2024-06-16T00:00:00+00:00', '--job-id', '183', '--raw', '--subdir', 'DAGS_FOLDER/manufacturer_etl.py', '--cfg-path', '/tmp/tmp0hvv1brx']
[2024-12-09T17:42:36.084+0000] {standard_task_runner.py:85} INFO - Job 183: Subtask fetch_manufacturer_data
[2024-12-09T17:42:36.182+0000] {task_command.py:410} INFO - Running <TaskInstance: manufacturer_etl.fetch_manufacturer_data scheduled__2024-06-16T00:00:00+00:00 [running]> on host 916d98ee7a08
[2024-12-09T17:42:36.385+0000] {taskinstance.py:1547} INFO - Exporting env vars: AIRFLOW_CTX_DAG_OWNER='airflow' AIRFLOW_CTX_DAG_ID='manufacturer_etl' AIRFLOW_CTX_TASK_ID='fetch_manufacturer_data' AIRFLOW_CTX_EXECUTION_DATE='2024-06-16T00:00:00+00:00' AIRFLOW_CTX_TRY_NUMBER='1' AIRFLOW_CTX_DAG_RUN_ID='scheduled__2024-06-16T00:00:00+00:00'
[2024-12-09T17:42:36.387+0000] {manufacturer_etl.py:37} INFO - Fetching manufacturer details from the API.
[2024-12-09T17:42:39.725+0000] {manufacturer_etl.py:43} INFO - Successfully fetched 100 manufacturer records.
[2024-12-09T17:42:39.735+0000] {manufacturer_etl.py:48} INFO - Data saved to /opt/airflow/data/raw_manufacturer_data.json
[2024-12-09T17:42:39.737+0000] {python.py:183} INFO - Done. Returned value was: None
[2024-12-09T17:42:39.758+0000] {taskinstance.py:1350} INFO - Marking task as SUCCESS. dag_id=manufacturer_etl, task_id=fetch_manufacturer_data, execution_date=20240616T000000, start_date=20241209T174236, end_date=20241209T174239
[2024-12-09T17:42:39.827+0000] {local_task_job_runner.py:225} INFO - Task exited with return code 0
[2024-12-09T17:42:39.872+0000] {taskinstance.py:2653} INFO - 0 downstream tasks scheduled from follow-on schedule check
