[2024-12-09T15:38:27.953+0000] {taskinstance.py:1103} INFO - Dependencies all met for dep_context=non-requeueable deps ti=<TaskInstance: manufacturer_etl.fetch_manufacturer_data scheduled__2023-12-21T00:00:00+00:00 [queued]>
[2024-12-09T15:38:27.964+0000] {taskinstance.py:1103} INFO - Dependencies all met for dep_context=requeueable deps ti=<TaskInstance: manufacturer_etl.fetch_manufacturer_data scheduled__2023-12-21T00:00:00+00:00 [queued]>
[2024-12-09T15:38:27.964+0000] {taskinstance.py:1308} INFO - Starting attempt 1 of 1
[2024-12-09T15:38:27.980+0000] {taskinstance.py:1327} INFO - Executing <Task(PythonOperator): fetch_manufacturer_data> on 2023-12-21 00:00:00+00:00
[2024-12-09T15:38:27.983+0000] {standard_task_runner.py:57} INFO - Started process 57 to run task
[2024-12-09T15:38:27.986+0000] {standard_task_runner.py:84} INFO - Running: ['airflow', 'tasks', 'run', 'manufacturer_etl', 'fetch_manufacturer_data', 'scheduled__2023-12-21T00:00:00+00:00', '--job-id', '5', '--raw', '--subdir', 'DAGS_FOLDER/manufacturer_etl.py', '--cfg-path', '/tmp/tmpdy_y2prn']
[2024-12-09T15:38:27.988+0000] {standard_task_runner.py:85} INFO - Job 5: Subtask fetch_manufacturer_data
[2024-12-09T15:38:28.040+0000] {task_command.py:410} INFO - Running <TaskInstance: manufacturer_etl.fetch_manufacturer_data scheduled__2023-12-21T00:00:00+00:00 [running]> on host 782927b5dd22
[2024-12-09T15:38:28.148+0000] {taskinstance.py:1547} INFO - Exporting env vars: AIRFLOW_CTX_DAG_OWNER='airflow' AIRFLOW_CTX_DAG_ID='manufacturer_etl' AIRFLOW_CTX_TASK_ID='fetch_manufacturer_data' AIRFLOW_CTX_EXECUTION_DATE='2023-12-21T00:00:00+00:00' AIRFLOW_CTX_TRY_NUMBER='1' AIRFLOW_CTX_DAG_RUN_ID='scheduled__2023-12-21T00:00:00+00:00'
[2024-12-09T15:38:28.150+0000] {manufacturer_etl.py:37} INFO - Fetching manufacturer details from the API.
[2024-12-09T15:38:33.104+0000] {manufacturer_etl.py:43} INFO - Successfully fetched 100 manufacturer records.
[2024-12-09T15:38:33.109+0000] {manufacturer_etl.py:48} INFO - Data saved to /opt/airflow/data/raw_manufacturer_data.json
[2024-12-09T15:38:33.110+0000] {python.py:183} INFO - Done. Returned value was: None
[2024-12-09T15:38:33.121+0000] {taskinstance.py:1350} INFO - Marking task as SUCCESS. dag_id=manufacturer_etl, task_id=fetch_manufacturer_data, execution_date=20231221T000000, start_date=20241209T153827, end_date=20241209T153833
[2024-12-09T15:38:33.166+0000] {local_task_job_runner.py:225} INFO - Task exited with return code 0
[2024-12-09T15:38:33.185+0000] {taskinstance.py:2653} INFO - 0 downstream tasks scheduled from follow-on schedule check
[2024-12-09T16:17:49.233+0000] {taskinstance.py:1103} INFO - Dependencies all met for dep_context=non-requeueable deps ti=<TaskInstance: manufacturer_etl.fetch_manufacturer_data scheduled__2023-12-21T00:00:00+00:00 [queued]>
[2024-12-09T16:17:49.252+0000] {taskinstance.py:1103} INFO - Dependencies all met for dep_context=requeueable deps ti=<TaskInstance: manufacturer_etl.fetch_manufacturer_data scheduled__2023-12-21T00:00:00+00:00 [queued]>
[2024-12-09T16:17:49.253+0000] {taskinstance.py:1308} INFO - Starting attempt 1 of 1
[2024-12-09T16:17:49.285+0000] {taskinstance.py:1327} INFO - Executing <Task(PythonOperator): fetch_manufacturer_data> on 2023-12-21 00:00:00+00:00
[2024-12-09T16:17:49.291+0000] {standard_task_runner.py:57} INFO - Started process 84 to run task
[2024-12-09T16:17:49.298+0000] {standard_task_runner.py:84} INFO - Running: ['airflow', 'tasks', 'run', 'manufacturer_etl', 'fetch_manufacturer_data', 'scheduled__2023-12-21T00:00:00+00:00', '--job-id', '110', '--raw', '--subdir', 'DAGS_FOLDER/manufacturer_etl.py', '--cfg-path', '/tmp/tmpcdwtc696']
[2024-12-09T16:17:49.300+0000] {standard_task_runner.py:85} INFO - Job 110: Subtask fetch_manufacturer_data
[2024-12-09T16:17:49.410+0000] {task_command.py:410} INFO - Running <TaskInstance: manufacturer_etl.fetch_manufacturer_data scheduled__2023-12-21T00:00:00+00:00 [running]> on host 651f030c76c5
[2024-12-09T16:17:49.633+0000] {taskinstance.py:1547} INFO - Exporting env vars: AIRFLOW_CTX_DAG_OWNER='airflow' AIRFLOW_CTX_DAG_ID='manufacturer_etl' AIRFLOW_CTX_TASK_ID='fetch_manufacturer_data' AIRFLOW_CTX_EXECUTION_DATE='2023-12-21T00:00:00+00:00' AIRFLOW_CTX_TRY_NUMBER='1' AIRFLOW_CTX_DAG_RUN_ID='scheduled__2023-12-21T00:00:00+00:00'
[2024-12-09T16:17:49.636+0000] {manufacturer_etl.py:37} INFO - Fetching manufacturer details from the API.
[2024-12-09T16:17:54.411+0000] {manufacturer_etl.py:43} INFO - Successfully fetched 100 manufacturer records.
[2024-12-09T16:17:54.424+0000] {manufacturer_etl.py:48} INFO - Data saved to /opt/airflow/data/raw_manufacturer_data.json
[2024-12-09T16:17:54.430+0000] {python.py:183} INFO - Done. Returned value was: None
[2024-12-09T16:17:54.481+0000] {taskinstance.py:1350} INFO - Marking task as SUCCESS. dag_id=manufacturer_etl, task_id=fetch_manufacturer_data, execution_date=20231221T000000, start_date=20241209T161749, end_date=20241209T161754
[2024-12-09T16:17:54.544+0000] {local_task_job_runner.py:225} INFO - Task exited with return code 0
[2024-12-09T16:17:54.625+0000] {taskinstance.py:2653} INFO - 0 downstream tasks scheduled from follow-on schedule check
[2024-12-09T17:19:24.550+0000] {taskinstance.py:1103} INFO - Dependencies all met for dep_context=non-requeueable deps ti=<TaskInstance: manufacturer_etl.fetch_manufacturer_data scheduled__2023-12-21T00:00:00+00:00 [queued]>
[2024-12-09T17:19:24.568+0000] {taskinstance.py:1103} INFO - Dependencies all met for dep_context=requeueable deps ti=<TaskInstance: manufacturer_etl.fetch_manufacturer_data scheduled__2023-12-21T00:00:00+00:00 [queued]>
[2024-12-09T17:19:24.568+0000] {taskinstance.py:1308} INFO - Starting attempt 1 of 1
[2024-12-09T17:19:24.597+0000] {taskinstance.py:1327} INFO - Executing <Task(PythonOperator): fetch_manufacturer_data> on 2023-12-21 00:00:00+00:00
[2024-12-09T17:19:24.603+0000] {standard_task_runner.py:57} INFO - Started process 50 to run task
[2024-12-09T17:19:24.608+0000] {standard_task_runner.py:84} INFO - Running: ['airflow', 'tasks', 'run', 'manufacturer_etl', 'fetch_manufacturer_data', 'scheduled__2023-12-21T00:00:00+00:00', '--job-id', '5', '--raw', '--subdir', 'DAGS_FOLDER/manufacturer_etl.py', '--cfg-path', '/tmp/tmp_d9p7mun']
[2024-12-09T17:19:24.611+0000] {standard_task_runner.py:85} INFO - Job 5: Subtask fetch_manufacturer_data
[2024-12-09T17:19:24.707+0000] {task_command.py:410} INFO - Running <TaskInstance: manufacturer_etl.fetch_manufacturer_data scheduled__2023-12-21T00:00:00+00:00 [running]> on host 916d98ee7a08
[2024-12-09T17:19:24.942+0000] {taskinstance.py:1547} INFO - Exporting env vars: AIRFLOW_CTX_DAG_OWNER='airflow' AIRFLOW_CTX_DAG_ID='manufacturer_etl' AIRFLOW_CTX_TASK_ID='fetch_manufacturer_data' AIRFLOW_CTX_EXECUTION_DATE='2023-12-21T00:00:00+00:00' AIRFLOW_CTX_TRY_NUMBER='1' AIRFLOW_CTX_DAG_RUN_ID='scheduled__2023-12-21T00:00:00+00:00'
[2024-12-09T17:19:24.944+0000] {manufacturer_etl.py:37} INFO - Fetching manufacturer details from the API.
[2024-12-09T17:19:26.479+0000] {manufacturer_etl.py:43} INFO - Successfully fetched 100 manufacturer records.
[2024-12-09T17:19:26.491+0000] {manufacturer_etl.py:48} INFO - Data saved to /opt/airflow/data/raw_manufacturer_data.json
[2024-12-09T17:19:26.494+0000] {python.py:183} INFO - Done. Returned value was: None
[2024-12-09T17:19:26.518+0000] {taskinstance.py:1350} INFO - Marking task as SUCCESS. dag_id=manufacturer_etl, task_id=fetch_manufacturer_data, execution_date=20231221T000000, start_date=20241209T171924, end_date=20241209T171926
[2024-12-09T17:19:26.549+0000] {local_task_job_runner.py:225} INFO - Task exited with return code 0
[2024-12-09T17:19:26.587+0000] {taskinstance.py:2653} INFO - 0 downstream tasks scheduled from follow-on schedule check
