[2024-12-09T15:44:34.851+0000] {taskinstance.py:1103} INFO - Dependencies all met for dep_context=non-requeueable deps ti=<TaskInstance: manufacturer_etl.fetch_manufacturer_data scheduled__2024-01-24T00:00:00+00:00 [queued]>
[2024-12-09T15:44:34.860+0000] {taskinstance.py:1103} INFO - Dependencies all met for dep_context=requeueable deps ti=<TaskInstance: manufacturer_etl.fetch_manufacturer_data scheduled__2024-01-24T00:00:00+00:00 [queued]>
[2024-12-09T15:44:34.861+0000] {taskinstance.py:1308} INFO - Starting attempt 1 of 1
[2024-12-09T15:44:34.876+0000] {taskinstance.py:1327} INFO - Executing <Task(PythonOperator): fetch_manufacturer_data> on 2024-01-24 00:00:00+00:00
[2024-12-09T15:44:34.880+0000] {standard_task_runner.py:57} INFO - Started process 205 to run task
[2024-12-09T15:44:34.883+0000] {standard_task_runner.py:84} INFO - Running: ['airflow', 'tasks', 'run', 'manufacturer_etl', 'fetch_manufacturer_data', 'scheduled__2024-01-24T00:00:00+00:00', '--job-id', '39', '--raw', '--subdir', 'DAGS_FOLDER/manufacturer_etl.py', '--cfg-path', '/tmp/tmpsx0hommw']
[2024-12-09T15:44:34.884+0000] {standard_task_runner.py:85} INFO - Job 39: Subtask fetch_manufacturer_data
[2024-12-09T15:44:34.935+0000] {task_command.py:410} INFO - Running <TaskInstance: manufacturer_etl.fetch_manufacturer_data scheduled__2024-01-24T00:00:00+00:00 [running]> on host 782927b5dd22
[2024-12-09T15:44:35.040+0000] {taskinstance.py:1547} INFO - Exporting env vars: AIRFLOW_CTX_DAG_OWNER='airflow' AIRFLOW_CTX_DAG_ID='manufacturer_etl' AIRFLOW_CTX_TASK_ID='fetch_manufacturer_data' AIRFLOW_CTX_EXECUTION_DATE='2024-01-24T00:00:00+00:00' AIRFLOW_CTX_TRY_NUMBER='1' AIRFLOW_CTX_DAG_RUN_ID='scheduled__2024-01-24T00:00:00+00:00'
[2024-12-09T15:44:35.041+0000] {manufacturer_etl.py:37} INFO - Fetching manufacturer details from the API.
[2024-12-09T15:44:44.058+0000] {manufacturer_etl.py:43} INFO - Successfully fetched 100 manufacturer records.
[2024-12-09T15:44:44.072+0000] {manufacturer_etl.py:48} INFO - Data saved to /opt/airflow/data/raw_manufacturer_data.json
[2024-12-09T15:44:44.077+0000] {python.py:183} INFO - Done. Returned value was: None
[2024-12-09T15:44:44.092+0000] {taskinstance.py:1350} INFO - Marking task as SUCCESS. dag_id=manufacturer_etl, task_id=fetch_manufacturer_data, execution_date=20240124T000000, start_date=20241209T154434, end_date=20241209T154444
[2024-12-09T15:44:44.124+0000] {local_task_job_runner.py:225} INFO - Task exited with return code 0
[2024-12-09T15:44:44.143+0000] {taskinstance.py:2653} INFO - 0 downstream tasks scheduled from follow-on schedule check
[2024-12-09T16:25:52.697+0000] {taskinstance.py:1103} INFO - Dependencies all met for dep_context=non-requeueable deps ti=<TaskInstance: manufacturer_etl.fetch_manufacturer_data scheduled__2024-01-24T00:00:00+00:00 [queued]>
[2024-12-09T16:25:52.715+0000] {taskinstance.py:1103} INFO - Dependencies all met for dep_context=requeueable deps ti=<TaskInstance: manufacturer_etl.fetch_manufacturer_data scheduled__2024-01-24T00:00:00+00:00 [queued]>
[2024-12-09T16:25:52.716+0000] {taskinstance.py:1308} INFO - Starting attempt 1 of 1
[2024-12-09T16:25:52.744+0000] {taskinstance.py:1327} INFO - Executing <Task(PythonOperator): fetch_manufacturer_data> on 2024-01-24 00:00:00+00:00
[2024-12-09T16:25:52.752+0000] {standard_task_runner.py:57} INFO - Started process 236 to run task
[2024-12-09T16:25:52.759+0000] {standard_task_runner.py:84} INFO - Running: ['airflow', 'tasks', 'run', 'manufacturer_etl', 'fetch_manufacturer_data', 'scheduled__2024-01-24T00:00:00+00:00', '--job-id', '144', '--raw', '--subdir', 'DAGS_FOLDER/manufacturer_etl.py', '--cfg-path', '/tmp/tmp69sk7sbj']
[2024-12-09T16:25:52.762+0000] {standard_task_runner.py:85} INFO - Job 144: Subtask fetch_manufacturer_data
[2024-12-09T16:25:52.897+0000] {task_command.py:410} INFO - Running <TaskInstance: manufacturer_etl.fetch_manufacturer_data scheduled__2024-01-24T00:00:00+00:00 [running]> on host 651f030c76c5
[2024-12-09T16:25:53.129+0000] {taskinstance.py:1547} INFO - Exporting env vars: AIRFLOW_CTX_DAG_OWNER='airflow' AIRFLOW_CTX_DAG_ID='manufacturer_etl' AIRFLOW_CTX_TASK_ID='fetch_manufacturer_data' AIRFLOW_CTX_EXECUTION_DATE='2024-01-24T00:00:00+00:00' AIRFLOW_CTX_TRY_NUMBER='1' AIRFLOW_CTX_DAG_RUN_ID='scheduled__2024-01-24T00:00:00+00:00'
[2024-12-09T16:25:53.136+0000] {manufacturer_etl.py:37} INFO - Fetching manufacturer details from the API.
[2024-12-09T16:25:58.085+0000] {manufacturer_etl.py:43} INFO - Successfully fetched 100 manufacturer records.
[2024-12-09T16:25:58.100+0000] {manufacturer_etl.py:48} INFO - Data saved to /opt/airflow/data/raw_manufacturer_data.json
[2024-12-09T16:25:58.105+0000] {python.py:183} INFO - Done. Returned value was: None
[2024-12-09T16:25:58.154+0000] {taskinstance.py:1350} INFO - Marking task as SUCCESS. dag_id=manufacturer_etl, task_id=fetch_manufacturer_data, execution_date=20240124T000000, start_date=20241209T162552, end_date=20241209T162558
[2024-12-09T16:25:58.251+0000] {local_task_job_runner.py:225} INFO - Task exited with return code 0
[2024-12-09T16:25:58.332+0000] {taskinstance.py:2653} INFO - 0 downstream tasks scheduled from follow-on schedule check
[2024-12-09T17:23:47.567+0000] {taskinstance.py:1103} INFO - Dependencies all met for dep_context=non-requeueable deps ti=<TaskInstance: manufacturer_etl.fetch_manufacturer_data scheduled__2024-01-24T00:00:00+00:00 [queued]>
[2024-12-09T17:23:47.585+0000] {taskinstance.py:1103} INFO - Dependencies all met for dep_context=requeueable deps ti=<TaskInstance: manufacturer_etl.fetch_manufacturer_data scheduled__2024-01-24T00:00:00+00:00 [queued]>
[2024-12-09T17:23:47.586+0000] {taskinstance.py:1308} INFO - Starting attempt 1 of 1
[2024-12-09T17:23:47.615+0000] {taskinstance.py:1327} INFO - Executing <Task(PythonOperator): fetch_manufacturer_data> on 2024-01-24 00:00:00+00:00
[2024-12-09T17:23:47.620+0000] {standard_task_runner.py:57} INFO - Started process 194 to run task
[2024-12-09T17:23:47.626+0000] {standard_task_runner.py:84} INFO - Running: ['airflow', 'tasks', 'run', 'manufacturer_etl', 'fetch_manufacturer_data', 'scheduled__2024-01-24T00:00:00+00:00', '--job-id', '39', '--raw', '--subdir', 'DAGS_FOLDER/manufacturer_etl.py', '--cfg-path', '/tmp/tmpp5xlcppb']
[2024-12-09T17:23:47.629+0000] {standard_task_runner.py:85} INFO - Job 39: Subtask fetch_manufacturer_data
[2024-12-09T17:23:47.727+0000] {task_command.py:410} INFO - Running <TaskInstance: manufacturer_etl.fetch_manufacturer_data scheduled__2024-01-24T00:00:00+00:00 [running]> on host 916d98ee7a08
[2024-12-09T17:23:47.927+0000] {taskinstance.py:1547} INFO - Exporting env vars: AIRFLOW_CTX_DAG_OWNER='airflow' AIRFLOW_CTX_DAG_ID='manufacturer_etl' AIRFLOW_CTX_TASK_ID='fetch_manufacturer_data' AIRFLOW_CTX_EXECUTION_DATE='2024-01-24T00:00:00+00:00' AIRFLOW_CTX_TRY_NUMBER='1' AIRFLOW_CTX_DAG_RUN_ID='scheduled__2024-01-24T00:00:00+00:00'
[2024-12-09T17:23:47.929+0000] {manufacturer_etl.py:37} INFO - Fetching manufacturer details from the API.
[2024-12-09T17:23:49.133+0000] {manufacturer_etl.py:43} INFO - Successfully fetched 100 manufacturer records.
[2024-12-09T17:23:49.141+0000] {manufacturer_etl.py:48} INFO - Data saved to /opt/airflow/data/raw_manufacturer_data.json
[2024-12-09T17:23:49.143+0000] {python.py:183} INFO - Done. Returned value was: None
[2024-12-09T17:23:49.164+0000] {taskinstance.py:1350} INFO - Marking task as SUCCESS. dag_id=manufacturer_etl, task_id=fetch_manufacturer_data, execution_date=20240124T000000, start_date=20241209T172347, end_date=20241209T172349
[2024-12-09T17:23:49.198+0000] {local_task_job_runner.py:225} INFO - Task exited with return code 0
[2024-12-09T17:23:49.233+0000] {taskinstance.py:2653} INFO - 0 downstream tasks scheduled from follow-on schedule check
