[2024-12-09T16:51:34.510+0000] {taskinstance.py:1103} INFO - Dependencies all met for dep_context=non-requeueable deps ti=<TaskInstance: manufacturer_etl.fetch_manufacturer_data scheduled__2024-05-13T00:00:00+00:00 [queued]>
[2024-12-09T16:51:34.534+0000] {taskinstance.py:1103} INFO - Dependencies all met for dep_context=requeueable deps ti=<TaskInstance: manufacturer_etl.fetch_manufacturer_data scheduled__2024-05-13T00:00:00+00:00 [queued]>
[2024-12-09T16:51:34.535+0000] {taskinstance.py:1308} INFO - Starting attempt 1 of 1
[2024-12-09T16:51:34.572+0000] {taskinstance.py:1327} INFO - Executing <Task(PythonOperator): fetch_manufacturer_data> on 2024-05-13 00:00:00+00:00
[2024-12-09T16:51:34.580+0000] {standard_task_runner.py:57} INFO - Started process 726 to run task
[2024-12-09T16:51:34.586+0000] {standard_task_runner.py:84} INFO - Running: ['airflow', 'tasks', 'run', 'manufacturer_etl', 'fetch_manufacturer_data', 'scheduled__2024-05-13T00:00:00+00:00', '--job-id', '254', '--raw', '--subdir', 'DAGS_FOLDER/manufacturer_etl.py', '--cfg-path', '/tmp/tmp3zrj2y5z']
[2024-12-09T16:51:34.589+0000] {standard_task_runner.py:85} INFO - Job 254: Subtask fetch_manufacturer_data
[2024-12-09T16:51:34.714+0000] {task_command.py:410} INFO - Running <TaskInstance: manufacturer_etl.fetch_manufacturer_data scheduled__2024-05-13T00:00:00+00:00 [running]> on host 651f030c76c5
[2024-12-09T16:51:34.947+0000] {taskinstance.py:1547} INFO - Exporting env vars: AIRFLOW_CTX_DAG_OWNER='airflow' AIRFLOW_CTX_DAG_ID='manufacturer_etl' AIRFLOW_CTX_TASK_ID='fetch_manufacturer_data' AIRFLOW_CTX_EXECUTION_DATE='2024-05-13T00:00:00+00:00' AIRFLOW_CTX_TRY_NUMBER='1' AIRFLOW_CTX_DAG_RUN_ID='scheduled__2024-05-13T00:00:00+00:00'
[2024-12-09T16:51:34.949+0000] {manufacturer_etl.py:37} INFO - Fetching manufacturer details from the API.
[2024-12-09T16:51:43.819+0000] {manufacturer_etl.py:43} INFO - Successfully fetched 100 manufacturer records.
[2024-12-09T16:51:43.833+0000] {manufacturer_etl.py:48} INFO - Data saved to /opt/airflow/data/raw_manufacturer_data.json
[2024-12-09T16:51:43.838+0000] {python.py:183} INFO - Done. Returned value was: None
[2024-12-09T16:51:43.897+0000] {taskinstance.py:1350} INFO - Marking task as SUCCESS. dag_id=manufacturer_etl, task_id=fetch_manufacturer_data, execution_date=20240513T000000, start_date=20241209T165134, end_date=20241209T165143
[2024-12-09T16:51:44.014+0000] {local_task_job_runner.py:225} INFO - Task exited with return code 0
[2024-12-09T16:51:44.105+0000] {taskinstance.py:2653} INFO - 0 downstream tasks scheduled from follow-on schedule check
[2024-12-09T17:38:00.488+0000] {taskinstance.py:1103} INFO - Dependencies all met for dep_context=non-requeueable deps ti=<TaskInstance: manufacturer_etl.fetch_manufacturer_data scheduled__2024-05-13T00:00:00+00:00 [queued]>
[2024-12-09T17:38:00.506+0000] {taskinstance.py:1103} INFO - Dependencies all met for dep_context=requeueable deps ti=<TaskInstance: manufacturer_etl.fetch_manufacturer_data scheduled__2024-05-13T00:00:00+00:00 [queued]>
[2024-12-09T17:38:00.507+0000] {taskinstance.py:1308} INFO - Starting attempt 1 of 1
[2024-12-09T17:38:00.536+0000] {taskinstance.py:1327} INFO - Executing <Task(PythonOperator): fetch_manufacturer_data> on 2024-05-13 00:00:00+00:00
[2024-12-09T17:38:00.543+0000] {standard_task_runner.py:57} INFO - Started process 662 to run task
[2024-12-09T17:38:00.549+0000] {standard_task_runner.py:84} INFO - Running: ['airflow', 'tasks', 'run', 'manufacturer_etl', 'fetch_manufacturer_data', 'scheduled__2024-05-13T00:00:00+00:00', '--job-id', '149', '--raw', '--subdir', 'DAGS_FOLDER/manufacturer_etl.py', '--cfg-path', '/tmp/tmp42mdel_3']
[2024-12-09T17:38:00.552+0000] {standard_task_runner.py:85} INFO - Job 149: Subtask fetch_manufacturer_data
[2024-12-09T17:38:00.650+0000] {task_command.py:410} INFO - Running <TaskInstance: manufacturer_etl.fetch_manufacturer_data scheduled__2024-05-13T00:00:00+00:00 [running]> on host 916d98ee7a08
[2024-12-09T17:38:00.854+0000] {taskinstance.py:1547} INFO - Exporting env vars: AIRFLOW_CTX_DAG_OWNER='airflow' AIRFLOW_CTX_DAG_ID='manufacturer_etl' AIRFLOW_CTX_TASK_ID='fetch_manufacturer_data' AIRFLOW_CTX_EXECUTION_DATE='2024-05-13T00:00:00+00:00' AIRFLOW_CTX_TRY_NUMBER='1' AIRFLOW_CTX_DAG_RUN_ID='scheduled__2024-05-13T00:00:00+00:00'
[2024-12-09T17:38:00.857+0000] {manufacturer_etl.py:37} INFO - Fetching manufacturer details from the API.
[2024-12-09T17:38:02.539+0000] {manufacturer_etl.py:43} INFO - Successfully fetched 100 manufacturer records.
[2024-12-09T17:38:02.548+0000] {manufacturer_etl.py:48} INFO - Data saved to /opt/airflow/data/raw_manufacturer_data.json
[2024-12-09T17:38:02.551+0000] {python.py:183} INFO - Done. Returned value was: None
[2024-12-09T17:38:02.571+0000] {taskinstance.py:1350} INFO - Marking task as SUCCESS. dag_id=manufacturer_etl, task_id=fetch_manufacturer_data, execution_date=20240513T000000, start_date=20241209T173800, end_date=20241209T173802
[2024-12-09T17:38:02.612+0000] {local_task_job_runner.py:225} INFO - Task exited with return code 0
[2024-12-09T17:38:02.649+0000] {taskinstance.py:2653} INFO - 0 downstream tasks scheduled from follow-on schedule check
