[2024-12-09T16:40:52.597+0000] {taskinstance.py:1103} INFO - Dependencies all met for dep_context=non-requeueable deps ti=<TaskInstance: manufacturer_etl.fetch_manufacturer_data scheduled__2024-03-28T00:00:00+00:00 [queued]>
[2024-12-09T16:40:52.616+0000] {taskinstance.py:1103} INFO - Dependencies all met for dep_context=requeueable deps ti=<TaskInstance: manufacturer_etl.fetch_manufacturer_data scheduled__2024-03-28T00:00:00+00:00 [queued]>
[2024-12-09T16:40:52.617+0000] {taskinstance.py:1308} INFO - Starting attempt 1 of 1
[2024-12-09T16:40:52.649+0000] {taskinstance.py:1327} INFO - Executing <Task(PythonOperator): fetch_manufacturer_data> on 2024-03-28 00:00:00+00:00
[2024-12-09T16:40:52.655+0000] {standard_task_runner.py:57} INFO - Started process 521 to run task
[2024-12-09T16:40:52.661+0000] {standard_task_runner.py:84} INFO - Running: ['airflow', 'tasks', 'run', 'manufacturer_etl', 'fetch_manufacturer_data', 'scheduled__2024-03-28T00:00:00+00:00', '--job-id', '208', '--raw', '--subdir', 'DAGS_FOLDER/manufacturer_etl.py', '--cfg-path', '/tmp/tmp8q9gmi2j']
[2024-12-09T16:40:52.664+0000] {standard_task_runner.py:85} INFO - Job 208: Subtask fetch_manufacturer_data
[2024-12-09T16:40:52.768+0000] {task_command.py:410} INFO - Running <TaskInstance: manufacturer_etl.fetch_manufacturer_data scheduled__2024-03-28T00:00:00+00:00 [running]> on host 651f030c76c5
[2024-12-09T16:40:52.987+0000] {taskinstance.py:1547} INFO - Exporting env vars: AIRFLOW_CTX_DAG_OWNER='airflow' AIRFLOW_CTX_DAG_ID='manufacturer_etl' AIRFLOW_CTX_TASK_ID='fetch_manufacturer_data' AIRFLOW_CTX_EXECUTION_DATE='2024-03-28T00:00:00+00:00' AIRFLOW_CTX_TRY_NUMBER='1' AIRFLOW_CTX_DAG_RUN_ID='scheduled__2024-03-28T00:00:00+00:00'
[2024-12-09T16:40:52.990+0000] {manufacturer_etl.py:37} INFO - Fetching manufacturer details from the API.
[2024-12-09T16:41:01.765+0000] {manufacturer_etl.py:43} INFO - Successfully fetched 100 manufacturer records.
[2024-12-09T16:41:01.780+0000] {manufacturer_etl.py:48} INFO - Data saved to /opt/airflow/data/raw_manufacturer_data.json
[2024-12-09T16:41:01.785+0000] {python.py:183} INFO - Done. Returned value was: None
[2024-12-09T16:41:01.838+0000] {taskinstance.py:1350} INFO - Marking task as SUCCESS. dag_id=manufacturer_etl, task_id=fetch_manufacturer_data, execution_date=20240328T000000, start_date=20241209T164052, end_date=20241209T164101
[2024-12-09T16:41:01.936+0000] {local_task_job_runner.py:225} INFO - Task exited with return code 0
[2024-12-09T16:41:02.021+0000] {taskinstance.py:2653} INFO - 0 downstream tasks scheduled from follow-on schedule check
[2024-12-09T17:32:09.291+0000] {taskinstance.py:1103} INFO - Dependencies all met for dep_context=non-requeueable deps ti=<TaskInstance: manufacturer_etl.fetch_manufacturer_data scheduled__2024-03-28T00:00:00+00:00 [queued]>
[2024-12-09T17:32:09.308+0000] {taskinstance.py:1103} INFO - Dependencies all met for dep_context=requeueable deps ti=<TaskInstance: manufacturer_etl.fetch_manufacturer_data scheduled__2024-03-28T00:00:00+00:00 [queued]>
[2024-12-09T17:32:09.309+0000] {taskinstance.py:1308} INFO - Starting attempt 1 of 1
[2024-12-09T17:32:09.336+0000] {taskinstance.py:1327} INFO - Executing <Task(PythonOperator): fetch_manufacturer_data> on 2024-03-28 00:00:00+00:00
[2024-12-09T17:32:09.342+0000] {standard_task_runner.py:57} INFO - Started process 467 to run task
[2024-12-09T17:32:09.350+0000] {standard_task_runner.py:84} INFO - Running: ['airflow', 'tasks', 'run', 'manufacturer_etl', 'fetch_manufacturer_data', 'scheduled__2024-03-28T00:00:00+00:00', '--job-id', '103', '--raw', '--subdir', 'DAGS_FOLDER/manufacturer_etl.py', '--cfg-path', '/tmp/tmpt_8pflp3']
[2024-12-09T17:32:09.352+0000] {standard_task_runner.py:85} INFO - Job 103: Subtask fetch_manufacturer_data
[2024-12-09T17:32:09.448+0000] {task_command.py:410} INFO - Running <TaskInstance: manufacturer_etl.fetch_manufacturer_data scheduled__2024-03-28T00:00:00+00:00 [running]> on host 916d98ee7a08
[2024-12-09T17:32:09.645+0000] {taskinstance.py:1547} INFO - Exporting env vars: AIRFLOW_CTX_DAG_OWNER='airflow' AIRFLOW_CTX_DAG_ID='manufacturer_etl' AIRFLOW_CTX_TASK_ID='fetch_manufacturer_data' AIRFLOW_CTX_EXECUTION_DATE='2024-03-28T00:00:00+00:00' AIRFLOW_CTX_TRY_NUMBER='1' AIRFLOW_CTX_DAG_RUN_ID='scheduled__2024-03-28T00:00:00+00:00'
[2024-12-09T17:32:09.647+0000] {manufacturer_etl.py:37} INFO - Fetching manufacturer details from the API.
[2024-12-09T17:32:10.686+0000] {manufacturer_etl.py:43} INFO - Successfully fetched 100 manufacturer records.
[2024-12-09T17:32:10.693+0000] {manufacturer_etl.py:48} INFO - Data saved to /opt/airflow/data/raw_manufacturer_data.json
[2024-12-09T17:32:10.695+0000] {python.py:183} INFO - Done. Returned value was: None
[2024-12-09T17:32:10.716+0000] {taskinstance.py:1350} INFO - Marking task as SUCCESS. dag_id=manufacturer_etl, task_id=fetch_manufacturer_data, execution_date=20240328T000000, start_date=20241209T173209, end_date=20241209T173210
[2024-12-09T17:32:10.757+0000] {local_task_job_runner.py:225} INFO - Task exited with return code 0
[2024-12-09T17:32:10.793+0000] {taskinstance.py:2653} INFO - 0 downstream tasks scheduled from follow-on schedule check
