[2024-12-09T18:27:07.020+0000] {processor.py:157} INFO - Started process (PID=53) to work on /opt/airflow/dags/loading_data.py
[2024-12-09T18:27:07.020+0000] {processor.py:826} INFO - Processing file /opt/airflow/dags/loading_data.py for tasks to queue
[2024-12-09T18:27:07.021+0000] {logging_mixin.py:149} INFO - [2024-12-09T18:27:07.021+0000] {dagbag.py:541} INFO - Filling up the DagBag from /opt/airflow/dags/loading_data.py
[2024-12-09T18:27:07.038+0000] {processor.py:836} INFO - DAG(s) dict_keys(['load_data_to_postgres']) retrieved from /opt/airflow/dags/loading_data.py
[2024-12-09T18:27:07.352+0000] {logging_mixin.py:149} INFO - [2024-12-09T18:27:07.352+0000] {manager.py:504} INFO - Created Permission View: can read on DAG:load_data_to_postgres
[2024-12-09T18:27:07.371+0000] {logging_mixin.py:149} INFO - [2024-12-09T18:27:07.371+0000] {manager.py:504} INFO - Created Permission View: can edit on DAG:load_data_to_postgres
[2024-12-09T18:27:07.385+0000] {logging_mixin.py:149} INFO - [2024-12-09T18:27:07.384+0000] {manager.py:504} INFO - Created Permission View: can delete on DAG:load_data_to_postgres
[2024-12-09T18:27:07.404+0000] {logging_mixin.py:149} INFO - [2024-12-09T18:27:07.404+0000] {dag.py:2726} INFO - Sync 1 DAGs
[2024-12-09T18:27:07.421+0000] {logging_mixin.py:149} INFO - [2024-12-09T18:27:07.421+0000] {dag.py:2747} INFO - Creating ORM DAG for load_data_to_postgres
[2024-12-09T18:27:07.439+0000] {logging_mixin.py:149} INFO - [2024-12-09T18:27:07.439+0000] {dag.py:3490} INFO - Setting next_dagrun for load_data_to_postgres to 2023-12-18T00:00:00+00:00, run_after=2023-12-19T00:00:00+00:00
[2024-12-09T18:27:07.464+0000] {processor.py:179} INFO - Processing /opt/airflow/dags/loading_data.py took 0.448 seconds
[2024-12-09T18:27:37.545+0000] {processor.py:157} INFO - Started process (PID=55) to work on /opt/airflow/dags/loading_data.py
[2024-12-09T18:27:37.546+0000] {processor.py:826} INFO - Processing file /opt/airflow/dags/loading_data.py for tasks to queue
[2024-12-09T18:27:37.548+0000] {logging_mixin.py:149} INFO - [2024-12-09T18:27:37.547+0000] {dagbag.py:541} INFO - Filling up the DagBag from /opt/airflow/dags/loading_data.py
[2024-12-09T18:27:37.571+0000] {processor.py:836} INFO - DAG(s) dict_keys(['load_data_to_postgres']) retrieved from /opt/airflow/dags/loading_data.py
[2024-12-09T18:27:37.637+0000] {logging_mixin.py:149} INFO - [2024-12-09T18:27:37.637+0000] {dag.py:2726} INFO - Sync 1 DAGs
[2024-12-09T18:27:37.865+0000] {logging_mixin.py:149} INFO - [2024-12-09T18:27:37.865+0000] {dag.py:3490} INFO - Setting next_dagrun for load_data_to_postgres to 2023-12-18T00:00:00+00:00, run_after=2023-12-19T00:00:00+00:00
[2024-12-09T18:27:37.895+0000] {processor.py:179} INFO - Processing /opt/airflow/dags/loading_data.py took 0.356 seconds
[2024-12-09T18:28:07.980+0000] {processor.py:157} INFO - Started process (PID=57) to work on /opt/airflow/dags/loading_data.py
[2024-12-09T18:28:07.981+0000] {processor.py:826} INFO - Processing file /opt/airflow/dags/loading_data.py for tasks to queue
[2024-12-09T18:28:07.982+0000] {logging_mixin.py:149} INFO - [2024-12-09T18:28:07.982+0000] {dagbag.py:541} INFO - Filling up the DagBag from /opt/airflow/dags/loading_data.py
[2024-12-09T18:28:07.995+0000] {processor.py:836} INFO - DAG(s) dict_keys(['load_data_to_postgres']) retrieved from /opt/airflow/dags/loading_data.py
[2024-12-09T18:28:08.030+0000] {logging_mixin.py:149} INFO - [2024-12-09T18:28:08.029+0000] {dag.py:2726} INFO - Sync 1 DAGs
[2024-12-09T18:28:08.169+0000] {logging_mixin.py:149} INFO - [2024-12-09T18:28:08.169+0000] {dag.py:3490} INFO - Setting next_dagrun for load_data_to_postgres to 2023-12-18T00:00:00+00:00, run_after=2023-12-19T00:00:00+00:00
[2024-12-09T18:28:08.198+0000] {processor.py:179} INFO - Processing /opt/airflow/dags/loading_data.py took 0.222 seconds
[2024-12-09T18:28:38.469+0000] {processor.py:157} INFO - Started process (PID=59) to work on /opt/airflow/dags/loading_data.py
[2024-12-09T18:28:38.471+0000] {processor.py:826} INFO - Processing file /opt/airflow/dags/loading_data.py for tasks to queue
[2024-12-09T18:28:38.472+0000] {logging_mixin.py:149} INFO - [2024-12-09T18:28:38.472+0000] {dagbag.py:541} INFO - Filling up the DagBag from /opt/airflow/dags/loading_data.py
[2024-12-09T18:28:38.485+0000] {processor.py:836} INFO - DAG(s) dict_keys(['load_data_to_postgres']) retrieved from /opt/airflow/dags/loading_data.py
[2024-12-09T18:28:38.516+0000] {logging_mixin.py:149} INFO - [2024-12-09T18:28:38.516+0000] {dag.py:2726} INFO - Sync 1 DAGs
[2024-12-09T18:28:38.642+0000] {logging_mixin.py:149} INFO - [2024-12-09T18:28:38.642+0000] {dag.py:3490} INFO - Setting next_dagrun for load_data_to_postgres to 2023-12-18T00:00:00+00:00, run_after=2023-12-19T00:00:00+00:00
[2024-12-09T18:28:38.666+0000] {processor.py:179} INFO - Processing /opt/airflow/dags/loading_data.py took 0.212 seconds
[2024-12-09T18:29:08.930+0000] {processor.py:157} INFO - Started process (PID=61) to work on /opt/airflow/dags/loading_data.py
[2024-12-09T18:29:08.931+0000] {processor.py:826} INFO - Processing file /opt/airflow/dags/loading_data.py for tasks to queue
[2024-12-09T18:29:08.932+0000] {logging_mixin.py:149} INFO - [2024-12-09T18:29:08.932+0000] {dagbag.py:541} INFO - Filling up the DagBag from /opt/airflow/dags/loading_data.py
[2024-12-09T18:29:08.945+0000] {processor.py:836} INFO - DAG(s) dict_keys(['load_data_to_postgres']) retrieved from /opt/airflow/dags/loading_data.py
[2024-12-09T18:29:09.068+0000] {logging_mixin.py:149} INFO - [2024-12-09T18:29:09.068+0000] {dag.py:2726} INFO - Sync 1 DAGs
[2024-12-09T18:29:09.103+0000] {logging_mixin.py:149} INFO - [2024-12-09T18:29:09.103+0000] {dag.py:3490} INFO - Setting next_dagrun for load_data_to_postgres to 2023-12-18T00:00:00+00:00, run_after=2023-12-19T00:00:00+00:00
[2024-12-09T18:29:09.123+0000] {processor.py:179} INFO - Processing /opt/airflow/dags/loading_data.py took 0.196 seconds
[2024-12-09T18:29:39.410+0000] {processor.py:157} INFO - Started process (PID=63) to work on /opt/airflow/dags/loading_data.py
[2024-12-09T18:29:39.411+0000] {processor.py:826} INFO - Processing file /opt/airflow/dags/loading_data.py for tasks to queue
[2024-12-09T18:29:39.412+0000] {logging_mixin.py:149} INFO - [2024-12-09T18:29:39.412+0000] {dagbag.py:541} INFO - Filling up the DagBag from /opt/airflow/dags/loading_data.py
[2024-12-09T18:29:39.424+0000] {processor.py:836} INFO - DAG(s) dict_keys(['load_data_to_postgres']) retrieved from /opt/airflow/dags/loading_data.py
[2024-12-09T18:29:39.454+0000] {logging_mixin.py:149} INFO - [2024-12-09T18:29:39.454+0000] {dag.py:2726} INFO - Sync 1 DAGs
[2024-12-09T18:29:39.485+0000] {logging_mixin.py:149} INFO - [2024-12-09T18:29:39.484+0000] {dag.py:3490} INFO - Setting next_dagrun for load_data_to_postgres to 2023-12-18T00:00:00+00:00, run_after=2023-12-19T00:00:00+00:00
[2024-12-09T18:29:39.505+0000] {processor.py:179} INFO - Processing /opt/airflow/dags/loading_data.py took 0.098 seconds
[2024-12-09T18:30:09.782+0000] {processor.py:157} INFO - Started process (PID=65) to work on /opt/airflow/dags/loading_data.py
[2024-12-09T18:30:09.783+0000] {processor.py:826} INFO - Processing file /opt/airflow/dags/loading_data.py for tasks to queue
[2024-12-09T18:30:09.784+0000] {logging_mixin.py:149} INFO - [2024-12-09T18:30:09.784+0000] {dagbag.py:541} INFO - Filling up the DagBag from /opt/airflow/dags/loading_data.py
[2024-12-09T18:30:09.800+0000] {processor.py:836} INFO - DAG(s) dict_keys(['load_data_to_postgres']) retrieved from /opt/airflow/dags/loading_data.py
[2024-12-09T18:30:09.838+0000] {logging_mixin.py:149} INFO - [2024-12-09T18:30:09.838+0000] {dag.py:2726} INFO - Sync 1 DAGs
[2024-12-09T18:30:09.872+0000] {logging_mixin.py:149} INFO - [2024-12-09T18:30:09.872+0000] {dag.py:3490} INFO - Setting next_dagrun for load_data_to_postgres to 2023-12-18T00:00:00+00:00, run_after=2023-12-19T00:00:00+00:00
[2024-12-09T18:30:10.007+0000] {processor.py:179} INFO - Processing /opt/airflow/dags/loading_data.py took 0.231 seconds
[2024-12-09T18:30:40.216+0000] {processor.py:157} INFO - Started process (PID=67) to work on /opt/airflow/dags/loading_data.py
[2024-12-09T18:30:40.217+0000] {processor.py:826} INFO - Processing file /opt/airflow/dags/loading_data.py for tasks to queue
[2024-12-09T18:30:40.218+0000] {logging_mixin.py:149} INFO - [2024-12-09T18:30:40.218+0000] {dagbag.py:541} INFO - Filling up the DagBag from /opt/airflow/dags/loading_data.py
[2024-12-09T18:30:40.232+0000] {processor.py:836} INFO - DAG(s) dict_keys(['load_data_to_postgres']) retrieved from /opt/airflow/dags/loading_data.py
[2024-12-09T18:30:40.265+0000] {logging_mixin.py:149} INFO - [2024-12-09T18:30:40.264+0000] {dag.py:2726} INFO - Sync 1 DAGs
[2024-12-09T18:30:40.408+0000] {logging_mixin.py:149} INFO - [2024-12-09T18:30:40.408+0000] {dag.py:3490} INFO - Setting next_dagrun for load_data_to_postgres to 2023-12-18T00:00:00+00:00, run_after=2023-12-19T00:00:00+00:00
[2024-12-09T18:30:40.435+0000] {processor.py:179} INFO - Processing /opt/airflow/dags/loading_data.py took 0.223 seconds
[2024-12-09T18:31:10.660+0000] {processor.py:157} INFO - Started process (PID=69) to work on /opt/airflow/dags/loading_data.py
[2024-12-09T18:31:10.662+0000] {processor.py:826} INFO - Processing file /opt/airflow/dags/loading_data.py for tasks to queue
[2024-12-09T18:31:10.664+0000] {logging_mixin.py:149} INFO - [2024-12-09T18:31:10.664+0000] {dagbag.py:541} INFO - Filling up the DagBag from /opt/airflow/dags/loading_data.py
[2024-12-09T18:31:10.677+0000] {processor.py:836} INFO - DAG(s) dict_keys(['load_data_to_postgres']) retrieved from /opt/airflow/dags/loading_data.py
[2024-12-09T18:31:10.708+0000] {logging_mixin.py:149} INFO - [2024-12-09T18:31:10.708+0000] {dag.py:2726} INFO - Sync 1 DAGs
[2024-12-09T18:31:10.839+0000] {logging_mixin.py:149} INFO - [2024-12-09T18:31:10.838+0000] {dag.py:3490} INFO - Setting next_dagrun for load_data_to_postgres to 2023-12-18T00:00:00+00:00, run_after=2023-12-19T00:00:00+00:00
[2024-12-09T18:31:10.860+0000] {processor.py:179} INFO - Processing /opt/airflow/dags/loading_data.py took 0.206 seconds
[2024-12-09T18:31:41.125+0000] {processor.py:157} INFO - Started process (PID=71) to work on /opt/airflow/dags/loading_data.py
[2024-12-09T18:31:41.126+0000] {processor.py:826} INFO - Processing file /opt/airflow/dags/loading_data.py for tasks to queue
[2024-12-09T18:31:41.128+0000] {logging_mixin.py:149} INFO - [2024-12-09T18:31:41.128+0000] {dagbag.py:541} INFO - Filling up the DagBag from /opt/airflow/dags/loading_data.py
[2024-12-09T18:31:41.142+0000] {processor.py:836} INFO - DAG(s) dict_keys(['load_data_to_postgres']) retrieved from /opt/airflow/dags/loading_data.py
[2024-12-09T18:31:41.267+0000] {logging_mixin.py:149} INFO - [2024-12-09T18:31:41.267+0000] {dag.py:2726} INFO - Sync 1 DAGs
[2024-12-09T18:31:41.300+0000] {logging_mixin.py:149} INFO - [2024-12-09T18:31:41.300+0000] {dag.py:3490} INFO - Setting next_dagrun for load_data_to_postgres to 2023-12-18T00:00:00+00:00, run_after=2023-12-19T00:00:00+00:00
[2024-12-09T18:31:41.323+0000] {processor.py:179} INFO - Processing /opt/airflow/dags/loading_data.py took 0.207 seconds
[2024-12-09T18:32:11.588+0000] {processor.py:157} INFO - Started process (PID=73) to work on /opt/airflow/dags/loading_data.py
[2024-12-09T18:32:11.589+0000] {processor.py:826} INFO - Processing file /opt/airflow/dags/loading_data.py for tasks to queue
[2024-12-09T18:32:11.590+0000] {logging_mixin.py:149} INFO - [2024-12-09T18:32:11.590+0000] {dagbag.py:541} INFO - Filling up the DagBag from /opt/airflow/dags/loading_data.py
[2024-12-09T18:32:11.706+0000] {processor.py:836} INFO - DAG(s) dict_keys(['load_data_to_postgres']) retrieved from /opt/airflow/dags/loading_data.py
[2024-12-09T18:32:11.738+0000] {logging_mixin.py:149} INFO - [2024-12-09T18:32:11.738+0000] {dag.py:2726} INFO - Sync 1 DAGs
[2024-12-09T18:32:11.766+0000] {logging_mixin.py:149} INFO - [2024-12-09T18:32:11.766+0000] {dag.py:3490} INFO - Setting next_dagrun for load_data_to_postgres to 2023-12-18T00:00:00+00:00, run_after=2023-12-19T00:00:00+00:00
[2024-12-09T18:32:11.785+0000] {processor.py:179} INFO - Processing /opt/airflow/dags/loading_data.py took 0.200 seconds
[2024-12-09T18:32:42.119+0000] {processor.py:157} INFO - Started process (PID=75) to work on /opt/airflow/dags/loading_data.py
[2024-12-09T18:32:42.123+0000] {processor.py:826} INFO - Processing file /opt/airflow/dags/loading_data.py for tasks to queue
[2024-12-09T18:32:42.126+0000] {logging_mixin.py:149} INFO - [2024-12-09T18:32:42.125+0000] {dagbag.py:541} INFO - Filling up the DagBag from /opt/airflow/dags/loading_data.py
[2024-12-09T18:32:42.139+0000] {processor.py:836} INFO - DAG(s) dict_keys(['load_data_to_postgres']) retrieved from /opt/airflow/dags/loading_data.py
[2024-12-09T18:32:42.171+0000] {logging_mixin.py:149} INFO - [2024-12-09T18:32:42.171+0000] {dag.py:2726} INFO - Sync 1 DAGs
[2024-12-09T18:32:42.203+0000] {logging_mixin.py:149} INFO - [2024-12-09T18:32:42.203+0000] {dag.py:3490} INFO - Setting next_dagrun for load_data_to_postgres to 2023-12-18T00:00:00+00:00, run_after=2023-12-19T00:00:00+00:00
[2024-12-09T18:32:42.224+0000] {processor.py:179} INFO - Processing /opt/airflow/dags/loading_data.py took 0.119 seconds
[2024-12-09T18:33:12.503+0000] {processor.py:157} INFO - Started process (PID=77) to work on /opt/airflow/dags/loading_data.py
[2024-12-09T18:33:12.505+0000] {processor.py:826} INFO - Processing file /opt/airflow/dags/loading_data.py for tasks to queue
[2024-12-09T18:33:12.508+0000] {logging_mixin.py:149} INFO - [2024-12-09T18:33:12.507+0000] {dagbag.py:541} INFO - Filling up the DagBag from /opt/airflow/dags/loading_data.py
[2024-12-09T18:33:12.521+0000] {processor.py:836} INFO - DAG(s) dict_keys(['load_data_to_postgres']) retrieved from /opt/airflow/dags/loading_data.py
[2024-12-09T18:33:12.553+0000] {logging_mixin.py:149} INFO - [2024-12-09T18:33:12.552+0000] {dag.py:2726} INFO - Sync 1 DAGs
[2024-12-09T18:33:12.585+0000] {logging_mixin.py:149} INFO - [2024-12-09T18:33:12.584+0000] {dag.py:3490} INFO - Setting next_dagrun for load_data_to_postgres to 2023-12-18T00:00:00+00:00, run_after=2023-12-19T00:00:00+00:00
[2024-12-09T18:33:12.604+0000] {processor.py:179} INFO - Processing /opt/airflow/dags/loading_data.py took 0.115 seconds
[2024-12-09T18:33:42.946+0000] {processor.py:157} INFO - Started process (PID=79) to work on /opt/airflow/dags/loading_data.py
[2024-12-09T18:33:42.948+0000] {processor.py:826} INFO - Processing file /opt/airflow/dags/loading_data.py for tasks to queue
[2024-12-09T18:33:42.950+0000] {logging_mixin.py:149} INFO - [2024-12-09T18:33:42.949+0000] {dagbag.py:541} INFO - Filling up the DagBag from /opt/airflow/dags/loading_data.py
[2024-12-09T18:33:42.965+0000] {processor.py:836} INFO - DAG(s) dict_keys(['load_data_to_postgres']) retrieved from /opt/airflow/dags/loading_data.py
[2024-12-09T18:33:42.996+0000] {logging_mixin.py:149} INFO - [2024-12-09T18:33:42.996+0000] {dag.py:2726} INFO - Sync 1 DAGs
[2024-12-09T18:33:43.027+0000] {logging_mixin.py:149} INFO - [2024-12-09T18:33:43.027+0000] {dag.py:3490} INFO - Setting next_dagrun for load_data_to_postgres to 2023-12-18T00:00:00+00:00, run_after=2023-12-19T00:00:00+00:00
[2024-12-09T18:33:43.049+0000] {processor.py:179} INFO - Processing /opt/airflow/dags/loading_data.py took 0.110 seconds
[2024-12-09T18:34:13.342+0000] {processor.py:157} INFO - Started process (PID=81) to work on /opt/airflow/dags/loading_data.py
[2024-12-09T18:34:13.346+0000] {processor.py:826} INFO - Processing file /opt/airflow/dags/loading_data.py for tasks to queue
[2024-12-09T18:34:13.349+0000] {logging_mixin.py:149} INFO - [2024-12-09T18:34:13.348+0000] {dagbag.py:541} INFO - Filling up the DagBag from /opt/airflow/dags/loading_data.py
[2024-12-09T18:34:13.363+0000] {processor.py:836} INFO - DAG(s) dict_keys(['load_data_to_postgres']) retrieved from /opt/airflow/dags/loading_data.py
[2024-12-09T18:34:13.395+0000] {logging_mixin.py:149} INFO - [2024-12-09T18:34:13.395+0000] {dag.py:2726} INFO - Sync 1 DAGs
[2024-12-09T18:34:13.427+0000] {logging_mixin.py:149} INFO - [2024-12-09T18:34:13.426+0000] {dag.py:3490} INFO - Setting next_dagrun for load_data_to_postgres to 2023-12-18T00:00:00+00:00, run_after=2023-12-19T00:00:00+00:00
[2024-12-09T18:34:13.448+0000] {processor.py:179} INFO - Processing /opt/airflow/dags/loading_data.py took 0.119 seconds
[2024-12-09T18:34:43.772+0000] {processor.py:157} INFO - Started process (PID=83) to work on /opt/airflow/dags/loading_data.py
[2024-12-09T18:34:43.773+0000] {processor.py:826} INFO - Processing file /opt/airflow/dags/loading_data.py for tasks to queue
[2024-12-09T18:34:43.775+0000] {logging_mixin.py:149} INFO - [2024-12-09T18:34:43.774+0000] {dagbag.py:541} INFO - Filling up the DagBag from /opt/airflow/dags/loading_data.py
[2024-12-09T18:34:43.788+0000] {processor.py:836} INFO - DAG(s) dict_keys(['load_data_to_postgres']) retrieved from /opt/airflow/dags/loading_data.py
[2024-12-09T18:34:43.819+0000] {logging_mixin.py:149} INFO - [2024-12-09T18:34:43.819+0000] {dag.py:2726} INFO - Sync 1 DAGs
[2024-12-09T18:34:43.850+0000] {logging_mixin.py:149} INFO - [2024-12-09T18:34:43.850+0000] {dag.py:3490} INFO - Setting next_dagrun for load_data_to_postgres to 2023-12-18T00:00:00+00:00, run_after=2023-12-19T00:00:00+00:00
[2024-12-09T18:34:43.870+0000] {processor.py:179} INFO - Processing /opt/airflow/dags/loading_data.py took 0.103 seconds
[2024-12-09T18:35:14.209+0000] {processor.py:157} INFO - Started process (PID=85) to work on /opt/airflow/dags/loading_data.py
[2024-12-09T18:35:14.211+0000] {processor.py:826} INFO - Processing file /opt/airflow/dags/loading_data.py for tasks to queue
[2024-12-09T18:35:14.213+0000] {logging_mixin.py:149} INFO - [2024-12-09T18:35:14.212+0000] {dagbag.py:541} INFO - Filling up the DagBag from /opt/airflow/dags/loading_data.py
[2024-12-09T18:35:14.227+0000] {processor.py:836} INFO - DAG(s) dict_keys(['load_data_to_postgres']) retrieved from /opt/airflow/dags/loading_data.py
[2024-12-09T18:35:14.257+0000] {logging_mixin.py:149} INFO - [2024-12-09T18:35:14.257+0000] {dag.py:2726} INFO - Sync 1 DAGs
[2024-12-09T18:35:14.301+0000] {logging_mixin.py:149} INFO - [2024-12-09T18:35:14.300+0000] {dag.py:3490} INFO - Setting next_dagrun for load_data_to_postgres to 2023-12-18T00:00:00+00:00, run_after=2023-12-19T00:00:00+00:00
[2024-12-09T18:35:14.329+0000] {processor.py:179} INFO - Processing /opt/airflow/dags/loading_data.py took 0.131 seconds
[2024-12-09T18:35:44.651+0000] {processor.py:157} INFO - Started process (PID=87) to work on /opt/airflow/dags/loading_data.py
[2024-12-09T18:35:44.653+0000] {processor.py:826} INFO - Processing file /opt/airflow/dags/loading_data.py for tasks to queue
[2024-12-09T18:35:44.654+0000] {logging_mixin.py:149} INFO - [2024-12-09T18:35:44.654+0000] {dagbag.py:541} INFO - Filling up the DagBag from /opt/airflow/dags/loading_data.py
[2024-12-09T18:35:44.667+0000] {processor.py:836} INFO - DAG(s) dict_keys(['load_data_to_postgres']) retrieved from /opt/airflow/dags/loading_data.py
[2024-12-09T18:35:44.697+0000] {logging_mixin.py:149} INFO - [2024-12-09T18:35:44.697+0000] {dag.py:2726} INFO - Sync 1 DAGs
[2024-12-09T18:35:44.729+0000] {logging_mixin.py:149} INFO - [2024-12-09T18:35:44.729+0000] {dag.py:3490} INFO - Setting next_dagrun for load_data_to_postgres to 2023-12-18T00:00:00+00:00, run_after=2023-12-19T00:00:00+00:00
[2024-12-09T18:35:44.751+0000] {processor.py:179} INFO - Processing /opt/airflow/dags/loading_data.py took 0.109 seconds
[2024-12-09T18:36:15.059+0000] {processor.py:157} INFO - Started process (PID=89) to work on /opt/airflow/dags/loading_data.py
[2024-12-09T18:36:15.061+0000] {processor.py:826} INFO - Processing file /opt/airflow/dags/loading_data.py for tasks to queue
[2024-12-09T18:36:15.063+0000] {logging_mixin.py:149} INFO - [2024-12-09T18:36:15.062+0000] {dagbag.py:541} INFO - Filling up the DagBag from /opt/airflow/dags/loading_data.py
[2024-12-09T18:36:15.077+0000] {processor.py:836} INFO - DAG(s) dict_keys(['load_data_to_postgres']) retrieved from /opt/airflow/dags/loading_data.py
[2024-12-09T18:36:15.107+0000] {logging_mixin.py:149} INFO - [2024-12-09T18:36:15.107+0000] {dag.py:2726} INFO - Sync 1 DAGs
[2024-12-09T18:36:15.140+0000] {logging_mixin.py:149} INFO - [2024-12-09T18:36:15.139+0000] {dag.py:3490} INFO - Setting next_dagrun for load_data_to_postgres to 2023-12-18T00:00:00+00:00, run_after=2023-12-19T00:00:00+00:00
[2024-12-09T18:36:15.161+0000] {processor.py:179} INFO - Processing /opt/airflow/dags/loading_data.py took 0.110 seconds
[2024-12-09T18:36:45.442+0000] {processor.py:157} INFO - Started process (PID=91) to work on /opt/airflow/dags/loading_data.py
[2024-12-09T18:36:45.443+0000] {processor.py:826} INFO - Processing file /opt/airflow/dags/loading_data.py for tasks to queue
[2024-12-09T18:36:45.444+0000] {logging_mixin.py:149} INFO - [2024-12-09T18:36:45.444+0000] {dagbag.py:541} INFO - Filling up the DagBag from /opt/airflow/dags/loading_data.py
[2024-12-09T18:36:45.457+0000] {processor.py:836} INFO - DAG(s) dict_keys(['load_data_to_postgres']) retrieved from /opt/airflow/dags/loading_data.py
[2024-12-09T18:36:45.488+0000] {logging_mixin.py:149} INFO - [2024-12-09T18:36:45.488+0000] {dag.py:2726} INFO - Sync 1 DAGs
[2024-12-09T18:36:45.520+0000] {logging_mixin.py:149} INFO - [2024-12-09T18:36:45.519+0000] {dag.py:3490} INFO - Setting next_dagrun for load_data_to_postgres to 2023-12-18T00:00:00+00:00, run_after=2023-12-19T00:00:00+00:00
[2024-12-09T18:36:45.539+0000] {processor.py:179} INFO - Processing /opt/airflow/dags/loading_data.py took 0.101 seconds
[2024-12-09T18:37:15.751+0000] {processor.py:157} INFO - Started process (PID=93) to work on /opt/airflow/dags/loading_data.py
[2024-12-09T18:37:15.752+0000] {processor.py:826} INFO - Processing file /opt/airflow/dags/loading_data.py for tasks to queue
[2024-12-09T18:37:15.754+0000] {logging_mixin.py:149} INFO - [2024-12-09T18:37:15.753+0000] {dagbag.py:541} INFO - Filling up the DagBag from /opt/airflow/dags/loading_data.py
[2024-12-09T18:37:15.770+0000] {processor.py:836} INFO - DAG(s) dict_keys(['load_data_to_postgres']) retrieved from /opt/airflow/dags/loading_data.py
[2024-12-09T18:37:15.803+0000] {logging_mixin.py:149} INFO - [2024-12-09T18:37:15.803+0000] {dag.py:2726} INFO - Sync 1 DAGs
[2024-12-09T18:37:15.837+0000] {logging_mixin.py:149} INFO - [2024-12-09T18:37:15.837+0000] {dag.py:3490} INFO - Setting next_dagrun for load_data_to_postgres to 2023-12-18T00:00:00+00:00, run_after=2023-12-19T00:00:00+00:00
[2024-12-09T18:37:15.861+0000] {processor.py:179} INFO - Processing /opt/airflow/dags/loading_data.py took 0.114 seconds
[2024-12-09T18:37:46.034+0000] {processor.py:157} INFO - Started process (PID=95) to work on /opt/airflow/dags/loading_data.py
[2024-12-09T18:37:46.035+0000] {processor.py:826} INFO - Processing file /opt/airflow/dags/loading_data.py for tasks to queue
[2024-12-09T18:37:46.036+0000] {logging_mixin.py:149} INFO - [2024-12-09T18:37:46.036+0000] {dagbag.py:541} INFO - Filling up the DagBag from /opt/airflow/dags/loading_data.py
[2024-12-09T18:37:46.050+0000] {processor.py:836} INFO - DAG(s) dict_keys(['load_data_to_postgres']) retrieved from /opt/airflow/dags/loading_data.py
[2024-12-09T18:37:46.083+0000] {logging_mixin.py:149} INFO - [2024-12-09T18:37:46.083+0000] {dag.py:2726} INFO - Sync 1 DAGs
[2024-12-09T18:37:46.117+0000] {logging_mixin.py:149} INFO - [2024-12-09T18:37:46.116+0000] {dag.py:3490} INFO - Setting next_dagrun for load_data_to_postgres to 2023-12-18T00:00:00+00:00, run_after=2023-12-19T00:00:00+00:00
[2024-12-09T18:37:46.142+0000] {processor.py:179} INFO - Processing /opt/airflow/dags/loading_data.py took 0.112 seconds
[2024-12-09T18:38:16.301+0000] {processor.py:157} INFO - Started process (PID=97) to work on /opt/airflow/dags/loading_data.py
[2024-12-09T18:38:16.302+0000] {processor.py:826} INFO - Processing file /opt/airflow/dags/loading_data.py for tasks to queue
[2024-12-09T18:38:16.303+0000] {logging_mixin.py:149} INFO - [2024-12-09T18:38:16.303+0000] {dagbag.py:541} INFO - Filling up the DagBag from /opt/airflow/dags/loading_data.py
[2024-12-09T18:38:16.317+0000] {processor.py:836} INFO - DAG(s) dict_keys(['load_data_to_postgres']) retrieved from /opt/airflow/dags/loading_data.py
[2024-12-09T18:38:16.356+0000] {logging_mixin.py:149} INFO - [2024-12-09T18:38:16.356+0000] {dag.py:2726} INFO - Sync 1 DAGs
[2024-12-09T18:38:16.402+0000] {logging_mixin.py:149} INFO - [2024-12-09T18:38:16.402+0000] {dag.py:3490} INFO - Setting next_dagrun for load_data_to_postgres to 2023-12-18T00:00:00+00:00, run_after=2023-12-19T00:00:00+00:00
[2024-12-09T18:38:16.429+0000] {processor.py:179} INFO - Processing /opt/airflow/dags/loading_data.py took 0.132 seconds
[2024-12-09T18:38:46.640+0000] {processor.py:157} INFO - Started process (PID=99) to work on /opt/airflow/dags/loading_data.py
[2024-12-09T18:38:46.641+0000] {processor.py:826} INFO - Processing file /opt/airflow/dags/loading_data.py for tasks to queue
[2024-12-09T18:38:46.642+0000] {logging_mixin.py:149} INFO - [2024-12-09T18:38:46.642+0000] {dagbag.py:541} INFO - Filling up the DagBag from /opt/airflow/dags/loading_data.py
[2024-12-09T18:38:46.655+0000] {processor.py:836} INFO - DAG(s) dict_keys(['load_data_to_postgres']) retrieved from /opt/airflow/dags/loading_data.py
[2024-12-09T18:38:46.686+0000] {logging_mixin.py:149} INFO - [2024-12-09T18:38:46.686+0000] {dag.py:2726} INFO - Sync 1 DAGs
[2024-12-09T18:38:46.720+0000] {logging_mixin.py:149} INFO - [2024-12-09T18:38:46.719+0000] {dag.py:3490} INFO - Setting next_dagrun for load_data_to_postgres to 2023-12-18T00:00:00+00:00, run_after=2023-12-19T00:00:00+00:00
[2024-12-09T18:38:46.741+0000] {processor.py:179} INFO - Processing /opt/airflow/dags/loading_data.py took 0.104 seconds
[2024-12-09T18:39:16.958+0000] {processor.py:157} INFO - Started process (PID=101) to work on /opt/airflow/dags/loading_data.py
[2024-12-09T18:39:16.959+0000] {processor.py:826} INFO - Processing file /opt/airflow/dags/loading_data.py for tasks to queue
[2024-12-09T18:39:16.960+0000] {logging_mixin.py:149} INFO - [2024-12-09T18:39:16.960+0000] {dagbag.py:541} INFO - Filling up the DagBag from /opt/airflow/dags/loading_data.py
[2024-12-09T18:39:16.974+0000] {processor.py:836} INFO - DAG(s) dict_keys(['load_data_to_postgres']) retrieved from /opt/airflow/dags/loading_data.py
[2024-12-09T18:39:17.010+0000] {logging_mixin.py:149} INFO - [2024-12-09T18:39:17.010+0000] {dag.py:2726} INFO - Sync 1 DAGs
[2024-12-09T18:39:17.046+0000] {logging_mixin.py:149} INFO - [2024-12-09T18:39:17.045+0000] {dag.py:3490} INFO - Setting next_dagrun for load_data_to_postgres to 2023-12-18T00:00:00+00:00, run_after=2023-12-19T00:00:00+00:00
[2024-12-09T18:39:17.068+0000] {processor.py:179} INFO - Processing /opt/airflow/dags/loading_data.py took 0.114 seconds
[2024-12-09T18:39:47.300+0000] {processor.py:157} INFO - Started process (PID=103) to work on /opt/airflow/dags/loading_data.py
[2024-12-09T18:39:47.301+0000] {processor.py:826} INFO - Processing file /opt/airflow/dags/loading_data.py for tasks to queue
[2024-12-09T18:39:47.302+0000] {logging_mixin.py:149} INFO - [2024-12-09T18:39:47.302+0000] {dagbag.py:541} INFO - Filling up the DagBag from /opt/airflow/dags/loading_data.py
[2024-12-09T18:39:47.316+0000] {processor.py:836} INFO - DAG(s) dict_keys(['load_data_to_postgres']) retrieved from /opt/airflow/dags/loading_data.py
[2024-12-09T18:39:47.349+0000] {logging_mixin.py:149} INFO - [2024-12-09T18:39:47.349+0000] {dag.py:2726} INFO - Sync 1 DAGs
[2024-12-09T18:39:47.385+0000] {logging_mixin.py:149} INFO - [2024-12-09T18:39:47.384+0000] {dag.py:3490} INFO - Setting next_dagrun for load_data_to_postgres to 2023-12-18T00:00:00+00:00, run_after=2023-12-19T00:00:00+00:00
[2024-12-09T18:39:47.409+0000] {processor.py:179} INFO - Processing /opt/airflow/dags/loading_data.py took 0.113 seconds
[2024-12-09T18:40:17.640+0000] {processor.py:157} INFO - Started process (PID=105) to work on /opt/airflow/dags/loading_data.py
[2024-12-09T18:40:17.641+0000] {processor.py:826} INFO - Processing file /opt/airflow/dags/loading_data.py for tasks to queue
[2024-12-09T18:40:17.642+0000] {logging_mixin.py:149} INFO - [2024-12-09T18:40:17.642+0000] {dagbag.py:541} INFO - Filling up the DagBag from /opt/airflow/dags/loading_data.py
[2024-12-09T18:40:17.655+0000] {processor.py:836} INFO - DAG(s) dict_keys(['load_data_to_postgres']) retrieved from /opt/airflow/dags/loading_data.py
[2024-12-09T18:40:17.687+0000] {logging_mixin.py:149} INFO - [2024-12-09T18:40:17.687+0000] {dag.py:2726} INFO - Sync 1 DAGs
[2024-12-09T18:40:17.719+0000] {logging_mixin.py:149} INFO - [2024-12-09T18:40:17.719+0000] {dag.py:3490} INFO - Setting next_dagrun for load_data_to_postgres to 2023-12-18T00:00:00+00:00, run_after=2023-12-19T00:00:00+00:00
[2024-12-09T18:40:17.740+0000] {processor.py:179} INFO - Processing /opt/airflow/dags/loading_data.py took 0.104 seconds
[2024-12-09T18:40:48.042+0000] {processor.py:157} INFO - Started process (PID=107) to work on /opt/airflow/dags/loading_data.py
[2024-12-09T18:40:48.043+0000] {processor.py:826} INFO - Processing file /opt/airflow/dags/loading_data.py for tasks to queue
[2024-12-09T18:40:48.044+0000] {logging_mixin.py:149} INFO - [2024-12-09T18:40:48.044+0000] {dagbag.py:541} INFO - Filling up the DagBag from /opt/airflow/dags/loading_data.py
[2024-12-09T18:40:48.058+0000] {processor.py:836} INFO - DAG(s) dict_keys(['load_data_to_postgres']) retrieved from /opt/airflow/dags/loading_data.py
[2024-12-09T18:40:48.092+0000] {logging_mixin.py:149} INFO - [2024-12-09T18:40:48.092+0000] {dag.py:2726} INFO - Sync 1 DAGs
[2024-12-09T18:40:48.125+0000] {logging_mixin.py:149} INFO - [2024-12-09T18:40:48.124+0000] {dag.py:3490} INFO - Setting next_dagrun for load_data_to_postgres to 2023-12-18T00:00:00+00:00, run_after=2023-12-19T00:00:00+00:00
[2024-12-09T18:40:48.148+0000] {processor.py:179} INFO - Processing /opt/airflow/dags/loading_data.py took 0.109 seconds
[2024-12-09T18:41:18.473+0000] {processor.py:157} INFO - Started process (PID=109) to work on /opt/airflow/dags/loading_data.py
[2024-12-09T18:41:18.475+0000] {processor.py:826} INFO - Processing file /opt/airflow/dags/loading_data.py for tasks to queue
[2024-12-09T18:41:18.477+0000] {logging_mixin.py:149} INFO - [2024-12-09T18:41:18.477+0000] {dagbag.py:541} INFO - Filling up the DagBag from /opt/airflow/dags/loading_data.py
[2024-12-09T18:41:18.496+0000] {processor.py:836} INFO - DAG(s) dict_keys(['load_data_to_postgres']) retrieved from /opt/airflow/dags/loading_data.py
[2024-12-09T18:41:18.526+0000] {logging_mixin.py:149} INFO - [2024-12-09T18:41:18.526+0000] {dag.py:2726} INFO - Sync 1 DAGs
[2024-12-09T18:41:18.558+0000] {logging_mixin.py:149} INFO - [2024-12-09T18:41:18.558+0000] {dag.py:3490} INFO - Setting next_dagrun for load_data_to_postgres to 2023-12-18T00:00:00+00:00, run_after=2023-12-19T00:00:00+00:00
[2024-12-09T18:41:18.578+0000] {processor.py:179} INFO - Processing /opt/airflow/dags/loading_data.py took 0.112 seconds
[2024-12-09T18:41:48.875+0000] {processor.py:157} INFO - Started process (PID=111) to work on /opt/airflow/dags/loading_data.py
[2024-12-09T18:41:48.877+0000] {processor.py:826} INFO - Processing file /opt/airflow/dags/loading_data.py for tasks to queue
[2024-12-09T18:41:48.878+0000] {logging_mixin.py:149} INFO - [2024-12-09T18:41:48.878+0000] {dagbag.py:541} INFO - Filling up the DagBag from /opt/airflow/dags/loading_data.py
[2024-12-09T18:41:48.891+0000] {processor.py:836} INFO - DAG(s) dict_keys(['load_data_to_postgres']) retrieved from /opt/airflow/dags/loading_data.py
[2024-12-09T18:41:48.921+0000] {logging_mixin.py:149} INFO - [2024-12-09T18:41:48.921+0000] {dag.py:2726} INFO - Sync 1 DAGs
[2024-12-09T18:41:48.954+0000] {logging_mixin.py:149} INFO - [2024-12-09T18:41:48.953+0000] {dag.py:3490} INFO - Setting next_dagrun for load_data_to_postgres to 2023-12-18T00:00:00+00:00, run_after=2023-12-19T00:00:00+00:00
[2024-12-09T18:41:48.976+0000] {processor.py:179} INFO - Processing /opt/airflow/dags/loading_data.py took 0.106 seconds
[2024-12-09T18:42:19.302+0000] {processor.py:157} INFO - Started process (PID=113) to work on /opt/airflow/dags/loading_data.py
[2024-12-09T18:42:19.303+0000] {processor.py:826} INFO - Processing file /opt/airflow/dags/loading_data.py for tasks to queue
[2024-12-09T18:42:19.304+0000] {logging_mixin.py:149} INFO - [2024-12-09T18:42:19.304+0000] {dagbag.py:541} INFO - Filling up the DagBag from /opt/airflow/dags/loading_data.py
[2024-12-09T18:42:19.317+0000] {processor.py:836} INFO - DAG(s) dict_keys(['load_data_to_postgres']) retrieved from /opt/airflow/dags/loading_data.py
[2024-12-09T18:42:19.348+0000] {logging_mixin.py:149} INFO - [2024-12-09T18:42:19.348+0000] {dag.py:2726} INFO - Sync 1 DAGs
[2024-12-09T18:42:19.380+0000] {logging_mixin.py:149} INFO - [2024-12-09T18:42:19.380+0000] {dag.py:3490} INFO - Setting next_dagrun for load_data_to_postgres to 2023-12-18T00:00:00+00:00, run_after=2023-12-19T00:00:00+00:00
[2024-12-09T18:42:19.401+0000] {processor.py:179} INFO - Processing /opt/airflow/dags/loading_data.py took 0.102 seconds
[2024-12-09T18:42:49.731+0000] {processor.py:157} INFO - Started process (PID=115) to work on /opt/airflow/dags/loading_data.py
[2024-12-09T18:42:49.732+0000] {processor.py:826} INFO - Processing file /opt/airflow/dags/loading_data.py for tasks to queue
[2024-12-09T18:42:49.734+0000] {logging_mixin.py:149} INFO - [2024-12-09T18:42:49.734+0000] {dagbag.py:541} INFO - Filling up the DagBag from /opt/airflow/dags/loading_data.py
[2024-12-09T18:42:49.749+0000] {processor.py:836} INFO - DAG(s) dict_keys(['load_data_to_postgres']) retrieved from /opt/airflow/dags/loading_data.py
[2024-12-09T18:42:49.779+0000] {logging_mixin.py:149} INFO - [2024-12-09T18:42:49.778+0000] {dag.py:2726} INFO - Sync 1 DAGs
[2024-12-09T18:42:49.810+0000] {logging_mixin.py:149} INFO - [2024-12-09T18:42:49.810+0000] {dag.py:3490} INFO - Setting next_dagrun for load_data_to_postgres to 2023-12-18T00:00:00+00:00, run_after=2023-12-19T00:00:00+00:00
[2024-12-09T18:42:49.831+0000] {processor.py:179} INFO - Processing /opt/airflow/dags/loading_data.py took 0.111 seconds
[2024-12-09T18:43:20.160+0000] {processor.py:157} INFO - Started process (PID=117) to work on /opt/airflow/dags/loading_data.py
[2024-12-09T18:43:20.162+0000] {processor.py:826} INFO - Processing file /opt/airflow/dags/loading_data.py for tasks to queue
[2024-12-09T18:43:20.164+0000] {logging_mixin.py:149} INFO - [2024-12-09T18:43:20.163+0000] {dagbag.py:541} INFO - Filling up the DagBag from /opt/airflow/dags/loading_data.py
[2024-12-09T18:43:20.177+0000] {processor.py:836} INFO - DAG(s) dict_keys(['load_data_to_postgres']) retrieved from /opt/airflow/dags/loading_data.py
[2024-12-09T18:43:20.206+0000] {logging_mixin.py:149} INFO - [2024-12-09T18:43:20.206+0000] {dag.py:2726} INFO - Sync 1 DAGs
[2024-12-09T18:43:20.237+0000] {logging_mixin.py:149} INFO - [2024-12-09T18:43:20.236+0000] {dag.py:3490} INFO - Setting next_dagrun for load_data_to_postgres to 2023-12-18T00:00:00+00:00, run_after=2023-12-19T00:00:00+00:00
[2024-12-09T18:43:20.260+0000] {processor.py:179} INFO - Processing /opt/airflow/dags/loading_data.py took 0.109 seconds
[2024-12-09T18:43:50.536+0000] {processor.py:157} INFO - Started process (PID=119) to work on /opt/airflow/dags/loading_data.py
[2024-12-09T18:43:50.537+0000] {processor.py:826} INFO - Processing file /opt/airflow/dags/loading_data.py for tasks to queue
[2024-12-09T18:43:50.538+0000] {logging_mixin.py:149} INFO - [2024-12-09T18:43:50.538+0000] {dagbag.py:541} INFO - Filling up the DagBag from /opt/airflow/dags/loading_data.py
[2024-12-09T18:43:50.555+0000] {processor.py:836} INFO - DAG(s) dict_keys(['load_data_to_postgres']) retrieved from /opt/airflow/dags/loading_data.py
[2024-12-09T18:43:50.598+0000] {logging_mixin.py:149} INFO - [2024-12-09T18:43:50.598+0000] {dag.py:2726} INFO - Sync 1 DAGs
[2024-12-09T18:43:50.640+0000] {logging_mixin.py:149} INFO - [2024-12-09T18:43:50.640+0000] {dag.py:3490} INFO - Setting next_dagrun for load_data_to_postgres to 2023-12-18T00:00:00+00:00, run_after=2023-12-19T00:00:00+00:00
[2024-12-09T18:43:50.664+0000] {processor.py:179} INFO - Processing /opt/airflow/dags/loading_data.py took 0.133 seconds
[2024-12-09T18:44:20.996+0000] {processor.py:157} INFO - Started process (PID=121) to work on /opt/airflow/dags/loading_data.py
[2024-12-09T18:44:20.998+0000] {processor.py:826} INFO - Processing file /opt/airflow/dags/loading_data.py for tasks to queue
[2024-12-09T18:44:21.000+0000] {logging_mixin.py:149} INFO - [2024-12-09T18:44:20.999+0000] {dagbag.py:541} INFO - Filling up the DagBag from /opt/airflow/dags/loading_data.py
[2024-12-09T18:44:21.013+0000] {processor.py:836} INFO - DAG(s) dict_keys(['load_data_to_postgres']) retrieved from /opt/airflow/dags/loading_data.py
[2024-12-09T18:44:21.043+0000] {logging_mixin.py:149} INFO - [2024-12-09T18:44:21.043+0000] {dag.py:2726} INFO - Sync 1 DAGs
[2024-12-09T18:44:21.075+0000] {logging_mixin.py:149} INFO - [2024-12-09T18:44:21.075+0000] {dag.py:3490} INFO - Setting next_dagrun for load_data_to_postgres to 2023-12-18T00:00:00+00:00, run_after=2023-12-19T00:00:00+00:00
[2024-12-09T18:44:21.096+0000] {processor.py:179} INFO - Processing /opt/airflow/dags/loading_data.py took 0.107 seconds
[2024-12-09T18:44:51.397+0000] {processor.py:157} INFO - Started process (PID=123) to work on /opt/airflow/dags/loading_data.py
[2024-12-09T18:44:51.398+0000] {processor.py:826} INFO - Processing file /opt/airflow/dags/loading_data.py for tasks to queue
[2024-12-09T18:44:51.399+0000] {logging_mixin.py:149} INFO - [2024-12-09T18:44:51.399+0000] {dagbag.py:541} INFO - Filling up the DagBag from /opt/airflow/dags/loading_data.py
[2024-12-09T18:44:51.412+0000] {processor.py:836} INFO - DAG(s) dict_keys(['load_data_to_postgres']) retrieved from /opt/airflow/dags/loading_data.py
[2024-12-09T18:44:51.443+0000] {logging_mixin.py:149} INFO - [2024-12-09T18:44:51.443+0000] {dag.py:2726} INFO - Sync 1 DAGs
[2024-12-09T18:44:51.476+0000] {logging_mixin.py:149} INFO - [2024-12-09T18:44:51.476+0000] {dag.py:3490} INFO - Setting next_dagrun for load_data_to_postgres to 2023-12-18T00:00:00+00:00, run_after=2023-12-19T00:00:00+00:00
[2024-12-09T18:44:51.496+0000] {processor.py:179} INFO - Processing /opt/airflow/dags/loading_data.py took 0.103 seconds
[2024-12-09T18:45:21.803+0000] {processor.py:157} INFO - Started process (PID=125) to work on /opt/airflow/dags/loading_data.py
[2024-12-09T18:45:21.804+0000] {processor.py:826} INFO - Processing file /opt/airflow/dags/loading_data.py for tasks to queue
[2024-12-09T18:45:21.805+0000] {logging_mixin.py:149} INFO - [2024-12-09T18:45:21.805+0000] {dagbag.py:541} INFO - Filling up the DagBag from /opt/airflow/dags/loading_data.py
[2024-12-09T18:45:21.818+0000] {processor.py:836} INFO - DAG(s) dict_keys(['load_data_to_postgres']) retrieved from /opt/airflow/dags/loading_data.py
[2024-12-09T18:45:21.849+0000] {logging_mixin.py:149} INFO - [2024-12-09T18:45:21.849+0000] {dag.py:2726} INFO - Sync 1 DAGs
[2024-12-09T18:45:21.880+0000] {logging_mixin.py:149} INFO - [2024-12-09T18:45:21.880+0000] {dag.py:3490} INFO - Setting next_dagrun for load_data_to_postgres to 2023-12-18T00:00:00+00:00, run_after=2023-12-19T00:00:00+00:00
[2024-12-09T18:45:21.901+0000] {processor.py:179} INFO - Processing /opt/airflow/dags/loading_data.py took 0.101 seconds
[2024-12-09T18:45:52.186+0000] {processor.py:157} INFO - Started process (PID=127) to work on /opt/airflow/dags/loading_data.py
[2024-12-09T18:45:52.187+0000] {processor.py:826} INFO - Processing file /opt/airflow/dags/loading_data.py for tasks to queue
[2024-12-09T18:45:52.188+0000] {logging_mixin.py:149} INFO - [2024-12-09T18:45:52.188+0000] {dagbag.py:541} INFO - Filling up the DagBag from /opt/airflow/dags/loading_data.py
[2024-12-09T18:45:52.201+0000] {processor.py:836} INFO - DAG(s) dict_keys(['load_data_to_postgres']) retrieved from /opt/airflow/dags/loading_data.py
[2024-12-09T18:45:52.233+0000] {logging_mixin.py:149} INFO - [2024-12-09T18:45:52.233+0000] {dag.py:2726} INFO - Sync 1 DAGs
[2024-12-09T18:45:52.264+0000] {logging_mixin.py:149} INFO - [2024-12-09T18:45:52.264+0000] {dag.py:3490} INFO - Setting next_dagrun for load_data_to_postgres to 2023-12-18T00:00:00+00:00, run_after=2023-12-19T00:00:00+00:00
[2024-12-09T18:45:52.285+0000] {processor.py:179} INFO - Processing /opt/airflow/dags/loading_data.py took 0.103 seconds
[2024-12-09T18:46:22.617+0000] {processor.py:157} INFO - Started process (PID=129) to work on /opt/airflow/dags/loading_data.py
[2024-12-09T18:46:22.619+0000] {processor.py:826} INFO - Processing file /opt/airflow/dags/loading_data.py for tasks to queue
[2024-12-09T18:46:22.621+0000] {logging_mixin.py:149} INFO - [2024-12-09T18:46:22.620+0000] {dagbag.py:541} INFO - Filling up the DagBag from /opt/airflow/dags/loading_data.py
[2024-12-09T18:46:22.634+0000] {processor.py:836} INFO - DAG(s) dict_keys(['load_data_to_postgres']) retrieved from /opt/airflow/dags/loading_data.py
[2024-12-09T18:46:22.664+0000] {logging_mixin.py:149} INFO - [2024-12-09T18:46:22.664+0000] {dag.py:2726} INFO - Sync 1 DAGs
[2024-12-09T18:46:22.695+0000] {logging_mixin.py:149} INFO - [2024-12-09T18:46:22.695+0000] {dag.py:3490} INFO - Setting next_dagrun for load_data_to_postgres to 2023-12-18T00:00:00+00:00, run_after=2023-12-19T00:00:00+00:00
[2024-12-09T18:46:22.717+0000] {processor.py:179} INFO - Processing /opt/airflow/dags/loading_data.py took 0.107 seconds
[2024-12-09T18:46:53.039+0000] {processor.py:157} INFO - Started process (PID=131) to work on /opt/airflow/dags/loading_data.py
[2024-12-09T18:46:53.040+0000] {processor.py:826} INFO - Processing file /opt/airflow/dags/loading_data.py for tasks to queue
[2024-12-09T18:46:53.042+0000] {logging_mixin.py:149} INFO - [2024-12-09T18:46:53.042+0000] {dagbag.py:541} INFO - Filling up the DagBag from /opt/airflow/dags/loading_data.py
[2024-12-09T18:46:53.055+0000] {processor.py:836} INFO - DAG(s) dict_keys(['load_data_to_postgres']) retrieved from /opt/airflow/dags/loading_data.py
[2024-12-09T18:46:53.085+0000] {logging_mixin.py:149} INFO - [2024-12-09T18:46:53.084+0000] {dag.py:2726} INFO - Sync 1 DAGs
[2024-12-09T18:46:53.117+0000] {logging_mixin.py:149} INFO - [2024-12-09T18:46:53.117+0000] {dag.py:3490} INFO - Setting next_dagrun for load_data_to_postgres to 2023-12-18T00:00:00+00:00, run_after=2023-12-19T00:00:00+00:00
[2024-12-09T18:46:53.138+0000] {processor.py:179} INFO - Processing /opt/airflow/dags/loading_data.py took 0.109 seconds
[2024-12-09T18:47:23.524+0000] {processor.py:157} INFO - Started process (PID=133) to work on /opt/airflow/dags/loading_data.py
[2024-12-09T18:47:23.526+0000] {processor.py:826} INFO - Processing file /opt/airflow/dags/loading_data.py for tasks to queue
[2024-12-09T18:47:23.527+0000] {logging_mixin.py:149} INFO - [2024-12-09T18:47:23.527+0000] {dagbag.py:541} INFO - Filling up the DagBag from /opt/airflow/dags/loading_data.py
[2024-12-09T18:47:23.541+0000] {processor.py:836} INFO - DAG(s) dict_keys(['load_data_to_postgres']) retrieved from /opt/airflow/dags/loading_data.py
[2024-12-09T18:47:23.571+0000] {logging_mixin.py:149} INFO - [2024-12-09T18:47:23.571+0000] {dag.py:2726} INFO - Sync 1 DAGs
[2024-12-09T18:47:23.604+0000] {logging_mixin.py:149} INFO - [2024-12-09T18:47:23.604+0000] {dag.py:3490} INFO - Setting next_dagrun for load_data_to_postgres to 2023-12-18T00:00:00+00:00, run_after=2023-12-19T00:00:00+00:00
[2024-12-09T18:47:23.625+0000] {processor.py:179} INFO - Processing /opt/airflow/dags/loading_data.py took 0.108 seconds
[2024-12-09T18:47:53.970+0000] {processor.py:157} INFO - Started process (PID=135) to work on /opt/airflow/dags/loading_data.py
[2024-12-09T18:47:53.972+0000] {processor.py:826} INFO - Processing file /opt/airflow/dags/loading_data.py for tasks to queue
[2024-12-09T18:47:53.973+0000] {logging_mixin.py:149} INFO - [2024-12-09T18:47:53.973+0000] {dagbag.py:541} INFO - Filling up the DagBag from /opt/airflow/dags/loading_data.py
[2024-12-09T18:47:53.986+0000] {processor.py:836} INFO - DAG(s) dict_keys(['load_data_to_postgres']) retrieved from /opt/airflow/dags/loading_data.py
[2024-12-09T18:47:54.017+0000] {logging_mixin.py:149} INFO - [2024-12-09T18:47:54.017+0000] {dag.py:2726} INFO - Sync 1 DAGs
[2024-12-09T18:47:54.049+0000] {logging_mixin.py:149} INFO - [2024-12-09T18:47:54.049+0000] {dag.py:3490} INFO - Setting next_dagrun for load_data_to_postgres to 2023-12-18T00:00:00+00:00, run_after=2023-12-19T00:00:00+00:00
[2024-12-09T18:47:54.070+0000] {processor.py:179} INFO - Processing /opt/airflow/dags/loading_data.py took 0.109 seconds
[2024-12-09T18:48:24.375+0000] {processor.py:157} INFO - Started process (PID=137) to work on /opt/airflow/dags/loading_data.py
[2024-12-09T18:48:24.376+0000] {processor.py:826} INFO - Processing file /opt/airflow/dags/loading_data.py for tasks to queue
[2024-12-09T18:48:24.377+0000] {logging_mixin.py:149} INFO - [2024-12-09T18:48:24.377+0000] {dagbag.py:541} INFO - Filling up the DagBag from /opt/airflow/dags/loading_data.py
[2024-12-09T18:48:24.393+0000] {processor.py:836} INFO - DAG(s) dict_keys(['load_data_to_postgres']) retrieved from /opt/airflow/dags/loading_data.py
[2024-12-09T18:48:24.431+0000] {logging_mixin.py:149} INFO - [2024-12-09T18:48:24.431+0000] {dag.py:2726} INFO - Sync 1 DAGs
[2024-12-09T18:48:24.464+0000] {logging_mixin.py:149} INFO - [2024-12-09T18:48:24.464+0000] {dag.py:3490} INFO - Setting next_dagrun for load_data_to_postgres to 2023-12-18T00:00:00+00:00, run_after=2023-12-19T00:00:00+00:00
[2024-12-09T18:48:24.485+0000] {processor.py:179} INFO - Processing /opt/airflow/dags/loading_data.py took 0.114 seconds
[2024-12-09T18:48:54.800+0000] {processor.py:157} INFO - Started process (PID=139) to work on /opt/airflow/dags/loading_data.py
[2024-12-09T18:48:54.804+0000] {processor.py:826} INFO - Processing file /opt/airflow/dags/loading_data.py for tasks to queue
[2024-12-09T18:48:54.807+0000] {logging_mixin.py:149} INFO - [2024-12-09T18:48:54.806+0000] {dagbag.py:541} INFO - Filling up the DagBag from /opt/airflow/dags/loading_data.py
[2024-12-09T18:48:54.821+0000] {processor.py:836} INFO - DAG(s) dict_keys(['load_data_to_postgres']) retrieved from /opt/airflow/dags/loading_data.py
[2024-12-09T18:48:54.851+0000] {logging_mixin.py:149} INFO - [2024-12-09T18:48:54.851+0000] {dag.py:2726} INFO - Sync 1 DAGs
[2024-12-09T18:48:54.882+0000] {logging_mixin.py:149} INFO - [2024-12-09T18:48:54.882+0000] {dag.py:3490} INFO - Setting next_dagrun for load_data_to_postgres to 2023-12-18T00:00:00+00:00, run_after=2023-12-19T00:00:00+00:00
[2024-12-09T18:48:54.903+0000] {processor.py:179} INFO - Processing /opt/airflow/dags/loading_data.py took 0.118 seconds
[2024-12-09T18:49:25.230+0000] {processor.py:157} INFO - Started process (PID=141) to work on /opt/airflow/dags/loading_data.py
[2024-12-09T18:49:25.231+0000] {processor.py:826} INFO - Processing file /opt/airflow/dags/loading_data.py for tasks to queue
[2024-12-09T18:49:25.232+0000] {logging_mixin.py:149} INFO - [2024-12-09T18:49:25.232+0000] {dagbag.py:541} INFO - Filling up the DagBag from /opt/airflow/dags/loading_data.py
[2024-12-09T18:49:25.244+0000] {processor.py:836} INFO - DAG(s) dict_keys(['load_data_to_postgres']) retrieved from /opt/airflow/dags/loading_data.py
[2024-12-09T18:49:25.274+0000] {logging_mixin.py:149} INFO - [2024-12-09T18:49:25.274+0000] {dag.py:2726} INFO - Sync 1 DAGs
[2024-12-09T18:49:25.306+0000] {logging_mixin.py:149} INFO - [2024-12-09T18:49:25.305+0000] {dag.py:3490} INFO - Setting next_dagrun for load_data_to_postgres to 2023-12-18T00:00:00+00:00, run_after=2023-12-19T00:00:00+00:00
[2024-12-09T18:49:25.326+0000] {processor.py:179} INFO - Processing /opt/airflow/dags/loading_data.py took 0.100 seconds
[2024-12-09T18:49:55.618+0000] {processor.py:157} INFO - Started process (PID=143) to work on /opt/airflow/dags/loading_data.py
[2024-12-09T18:49:55.619+0000] {processor.py:826} INFO - Processing file /opt/airflow/dags/loading_data.py for tasks to queue
[2024-12-09T18:49:55.620+0000] {logging_mixin.py:149} INFO - [2024-12-09T18:49:55.620+0000] {dagbag.py:541} INFO - Filling up the DagBag from /opt/airflow/dags/loading_data.py
[2024-12-09T18:49:55.633+0000] {processor.py:836} INFO - DAG(s) dict_keys(['load_data_to_postgres']) retrieved from /opt/airflow/dags/loading_data.py
[2024-12-09T18:49:55.664+0000] {logging_mixin.py:149} INFO - [2024-12-09T18:49:55.664+0000] {dag.py:2726} INFO - Sync 1 DAGs
[2024-12-09T18:49:55.695+0000] {logging_mixin.py:149} INFO - [2024-12-09T18:49:55.694+0000] {dag.py:3490} INFO - Setting next_dagrun for load_data_to_postgres to 2023-12-18T00:00:00+00:00, run_after=2023-12-19T00:00:00+00:00
[2024-12-09T18:49:55.715+0000] {processor.py:179} INFO - Processing /opt/airflow/dags/loading_data.py took 0.100 seconds
[2024-12-09T18:50:26.058+0000] {processor.py:157} INFO - Started process (PID=145) to work on /opt/airflow/dags/loading_data.py
[2024-12-09T18:50:26.060+0000] {processor.py:826} INFO - Processing file /opt/airflow/dags/loading_data.py for tasks to queue
[2024-12-09T18:50:26.063+0000] {logging_mixin.py:149} INFO - [2024-12-09T18:50:26.062+0000] {dagbag.py:541} INFO - Filling up the DagBag from /opt/airflow/dags/loading_data.py
[2024-12-09T18:50:26.077+0000] {processor.py:836} INFO - DAG(s) dict_keys(['load_data_to_postgres']) retrieved from /opt/airflow/dags/loading_data.py
[2024-12-09T18:50:26.109+0000] {logging_mixin.py:149} INFO - [2024-12-09T18:50:26.109+0000] {dag.py:2726} INFO - Sync 1 DAGs
[2024-12-09T18:50:26.139+0000] {logging_mixin.py:149} INFO - [2024-12-09T18:50:26.139+0000] {dag.py:3490} INFO - Setting next_dagrun for load_data_to_postgres to 2023-12-18T00:00:00+00:00, run_after=2023-12-19T00:00:00+00:00
[2024-12-09T18:50:26.161+0000] {processor.py:179} INFO - Processing /opt/airflow/dags/loading_data.py took 0.118 seconds
[2024-12-09T18:50:56.503+0000] {processor.py:157} INFO - Started process (PID=147) to work on /opt/airflow/dags/loading_data.py
[2024-12-09T18:50:56.506+0000] {processor.py:826} INFO - Processing file /opt/airflow/dags/loading_data.py for tasks to queue
[2024-12-09T18:50:56.509+0000] {logging_mixin.py:149} INFO - [2024-12-09T18:50:56.509+0000] {dagbag.py:541} INFO - Filling up the DagBag from /opt/airflow/dags/loading_data.py
[2024-12-09T18:50:56.524+0000] {processor.py:836} INFO - DAG(s) dict_keys(['load_data_to_postgres']) retrieved from /opt/airflow/dags/loading_data.py
[2024-12-09T18:50:56.554+0000] {logging_mixin.py:149} INFO - [2024-12-09T18:50:56.554+0000] {dag.py:2726} INFO - Sync 1 DAGs
[2024-12-09T18:50:56.584+0000] {logging_mixin.py:149} INFO - [2024-12-09T18:50:56.584+0000] {dag.py:3490} INFO - Setting next_dagrun for load_data_to_postgres to 2023-12-18T00:00:00+00:00, run_after=2023-12-19T00:00:00+00:00
[2024-12-09T18:50:56.605+0000] {processor.py:179} INFO - Processing /opt/airflow/dags/loading_data.py took 0.118 seconds
[2024-12-09T18:51:26.905+0000] {processor.py:157} INFO - Started process (PID=149) to work on /opt/airflow/dags/loading_data.py
[2024-12-09T18:51:26.906+0000] {processor.py:826} INFO - Processing file /opt/airflow/dags/loading_data.py for tasks to queue
[2024-12-09T18:51:26.907+0000] {logging_mixin.py:149} INFO - [2024-12-09T18:51:26.907+0000] {dagbag.py:541} INFO - Filling up the DagBag from /opt/airflow/dags/loading_data.py
[2024-12-09T18:51:26.920+0000] {processor.py:836} INFO - DAG(s) dict_keys(['load_data_to_postgres']) retrieved from /opt/airflow/dags/loading_data.py
[2024-12-09T18:51:26.950+0000] {logging_mixin.py:149} INFO - [2024-12-09T18:51:26.950+0000] {dag.py:2726} INFO - Sync 1 DAGs
[2024-12-09T18:51:26.980+0000] {logging_mixin.py:149} INFO - [2024-12-09T18:51:26.980+0000] {dag.py:3490} INFO - Setting next_dagrun for load_data_to_postgres to 2023-12-18T00:00:00+00:00, run_after=2023-12-19T00:00:00+00:00
[2024-12-09T18:51:27.001+0000] {processor.py:179} INFO - Processing /opt/airflow/dags/loading_data.py took 0.099 seconds
[2024-12-09T18:51:57.327+0000] {processor.py:157} INFO - Started process (PID=151) to work on /opt/airflow/dags/loading_data.py
[2024-12-09T18:51:57.328+0000] {processor.py:826} INFO - Processing file /opt/airflow/dags/loading_data.py for tasks to queue
[2024-12-09T18:51:57.329+0000] {logging_mixin.py:149} INFO - [2024-12-09T18:51:57.329+0000] {dagbag.py:541} INFO - Filling up the DagBag from /opt/airflow/dags/loading_data.py
[2024-12-09T18:51:57.345+0000] {processor.py:836} INFO - DAG(s) dict_keys(['load_data_to_postgres']) retrieved from /opt/airflow/dags/loading_data.py
[2024-12-09T18:51:57.374+0000] {logging_mixin.py:149} INFO - [2024-12-09T18:51:57.374+0000] {dag.py:2726} INFO - Sync 1 DAGs
[2024-12-09T18:51:57.405+0000] {logging_mixin.py:149} INFO - [2024-12-09T18:51:57.404+0000] {dag.py:3490} INFO - Setting next_dagrun for load_data_to_postgres to 2023-12-18T00:00:00+00:00, run_after=2023-12-19T00:00:00+00:00
[2024-12-09T18:51:57.425+0000] {processor.py:179} INFO - Processing /opt/airflow/dags/loading_data.py took 0.102 seconds
[2024-12-09T18:52:27.773+0000] {processor.py:157} INFO - Started process (PID=153) to work on /opt/airflow/dags/loading_data.py
[2024-12-09T18:52:27.775+0000] {processor.py:826} INFO - Processing file /opt/airflow/dags/loading_data.py for tasks to queue
[2024-12-09T18:52:27.776+0000] {logging_mixin.py:149} INFO - [2024-12-09T18:52:27.776+0000] {dagbag.py:541} INFO - Filling up the DagBag from /opt/airflow/dags/loading_data.py
[2024-12-09T18:52:27.790+0000] {processor.py:836} INFO - DAG(s) dict_keys(['load_data_to_postgres']) retrieved from /opt/airflow/dags/loading_data.py
[2024-12-09T18:52:27.821+0000] {logging_mixin.py:149} INFO - [2024-12-09T18:52:27.821+0000] {dag.py:2726} INFO - Sync 1 DAGs
[2024-12-09T18:52:27.852+0000] {logging_mixin.py:149} INFO - [2024-12-09T18:52:27.851+0000] {dag.py:3490} INFO - Setting next_dagrun for load_data_to_postgres to 2023-12-18T00:00:00+00:00, run_after=2023-12-19T00:00:00+00:00
[2024-12-09T18:52:27.872+0000] {processor.py:179} INFO - Processing /opt/airflow/dags/loading_data.py took 0.107 seconds
[2024-12-09T18:52:58.176+0000] {processor.py:157} INFO - Started process (PID=155) to work on /opt/airflow/dags/loading_data.py
[2024-12-09T18:52:58.177+0000] {processor.py:826} INFO - Processing file /opt/airflow/dags/loading_data.py for tasks to queue
[2024-12-09T18:52:58.178+0000] {logging_mixin.py:149} INFO - [2024-12-09T18:52:58.178+0000] {dagbag.py:541} INFO - Filling up the DagBag from /opt/airflow/dags/loading_data.py
[2024-12-09T18:52:58.191+0000] {processor.py:836} INFO - DAG(s) dict_keys(['load_data_to_postgres']) retrieved from /opt/airflow/dags/loading_data.py
[2024-12-09T18:52:58.221+0000] {logging_mixin.py:149} INFO - [2024-12-09T18:52:58.221+0000] {dag.py:2726} INFO - Sync 1 DAGs
[2024-12-09T18:52:58.252+0000] {logging_mixin.py:149} INFO - [2024-12-09T18:52:58.252+0000] {dag.py:3490} INFO - Setting next_dagrun for load_data_to_postgres to 2023-12-18T00:00:00+00:00, run_after=2023-12-19T00:00:00+00:00
[2024-12-09T18:52:58.272+0000] {processor.py:179} INFO - Processing /opt/airflow/dags/loading_data.py took 0.099 seconds
[2024-12-09T18:53:28.599+0000] {processor.py:157} INFO - Started process (PID=157) to work on /opt/airflow/dags/loading_data.py
[2024-12-09T18:53:28.602+0000] {processor.py:826} INFO - Processing file /opt/airflow/dags/loading_data.py for tasks to queue
[2024-12-09T18:53:28.604+0000] {logging_mixin.py:149} INFO - [2024-12-09T18:53:28.604+0000] {dagbag.py:541} INFO - Filling up the DagBag from /opt/airflow/dags/loading_data.py
[2024-12-09T18:53:28.623+0000] {processor.py:836} INFO - DAG(s) dict_keys(['load_data_to_postgres']) retrieved from /opt/airflow/dags/loading_data.py
[2024-12-09T18:53:28.655+0000] {logging_mixin.py:149} INFO - [2024-12-09T18:53:28.655+0000] {dag.py:2726} INFO - Sync 1 DAGs
[2024-12-09T18:53:28.686+0000] {logging_mixin.py:149} INFO - [2024-12-09T18:53:28.685+0000] {dag.py:3490} INFO - Setting next_dagrun for load_data_to_postgres to 2023-12-18T00:00:00+00:00, run_after=2023-12-19T00:00:00+00:00
[2024-12-09T18:53:28.706+0000] {processor.py:179} INFO - Processing /opt/airflow/dags/loading_data.py took 0.122 seconds
[2024-12-09T18:53:59.028+0000] {processor.py:157} INFO - Started process (PID=159) to work on /opt/airflow/dags/loading_data.py
[2024-12-09T18:53:59.031+0000] {processor.py:826} INFO - Processing file /opt/airflow/dags/loading_data.py for tasks to queue
[2024-12-09T18:53:59.033+0000] {logging_mixin.py:149} INFO - [2024-12-09T18:53:59.033+0000] {dagbag.py:541} INFO - Filling up the DagBag from /opt/airflow/dags/loading_data.py
[2024-12-09T18:53:59.047+0000] {processor.py:836} INFO - DAG(s) dict_keys(['load_data_to_postgres']) retrieved from /opt/airflow/dags/loading_data.py
[2024-12-09T18:53:59.077+0000] {logging_mixin.py:149} INFO - [2024-12-09T18:53:59.077+0000] {dag.py:2726} INFO - Sync 1 DAGs
[2024-12-09T18:53:59.108+0000] {logging_mixin.py:149} INFO - [2024-12-09T18:53:59.108+0000] {dag.py:3490} INFO - Setting next_dagrun for load_data_to_postgres to 2023-12-18T00:00:00+00:00, run_after=2023-12-19T00:00:00+00:00
[2024-12-09T18:53:59.129+0000] {processor.py:179} INFO - Processing /opt/airflow/dags/loading_data.py took 0.113 seconds
[2024-12-09T18:54:29.428+0000] {processor.py:157} INFO - Started process (PID=161) to work on /opt/airflow/dags/loading_data.py
[2024-12-09T18:54:29.428+0000] {processor.py:826} INFO - Processing file /opt/airflow/dags/loading_data.py for tasks to queue
[2024-12-09T18:54:29.429+0000] {logging_mixin.py:149} INFO - [2024-12-09T18:54:29.429+0000] {dagbag.py:541} INFO - Filling up the DagBag from /opt/airflow/dags/loading_data.py
[2024-12-09T18:54:29.442+0000] {processor.py:836} INFO - DAG(s) dict_keys(['load_data_to_postgres']) retrieved from /opt/airflow/dags/loading_data.py
[2024-12-09T18:54:29.471+0000] {logging_mixin.py:149} INFO - [2024-12-09T18:54:29.471+0000] {dag.py:2726} INFO - Sync 1 DAGs
[2024-12-09T18:54:29.501+0000] {logging_mixin.py:149} INFO - [2024-12-09T18:54:29.501+0000] {dag.py:3490} INFO - Setting next_dagrun for load_data_to_postgres to 2023-12-18T00:00:00+00:00, run_after=2023-12-19T00:00:00+00:00
[2024-12-09T18:54:29.522+0000] {processor.py:179} INFO - Processing /opt/airflow/dags/loading_data.py took 0.098 seconds
[2024-12-09T18:54:59.832+0000] {processor.py:157} INFO - Started process (PID=163) to work on /opt/airflow/dags/loading_data.py
[2024-12-09T18:54:59.833+0000] {processor.py:826} INFO - Processing file /opt/airflow/dags/loading_data.py for tasks to queue
[2024-12-09T18:54:59.834+0000] {logging_mixin.py:149} INFO - [2024-12-09T18:54:59.834+0000] {dagbag.py:541} INFO - Filling up the DagBag from /opt/airflow/dags/loading_data.py
[2024-12-09T18:54:59.847+0000] {processor.py:836} INFO - DAG(s) dict_keys(['load_data_to_postgres']) retrieved from /opt/airflow/dags/loading_data.py
[2024-12-09T18:54:59.876+0000] {logging_mixin.py:149} INFO - [2024-12-09T18:54:59.876+0000] {dag.py:2726} INFO - Sync 1 DAGs
[2024-12-09T18:54:59.908+0000] {logging_mixin.py:149} INFO - [2024-12-09T18:54:59.908+0000] {dag.py:3490} INFO - Setting next_dagrun for load_data_to_postgres to 2023-12-18T00:00:00+00:00, run_after=2023-12-19T00:00:00+00:00
[2024-12-09T18:54:59.929+0000] {processor.py:179} INFO - Processing /opt/airflow/dags/loading_data.py took 0.100 seconds
[2024-12-09T18:55:23.171+0000] {processor.py:157} INFO - Started process (PID=165) to work on /opt/airflow/dags/loading_data.py
[2024-12-09T18:55:23.173+0000] {processor.py:826} INFO - Processing file /opt/airflow/dags/loading_data.py for tasks to queue
[2024-12-09T18:55:23.175+0000] {logging_mixin.py:149} INFO - [2024-12-09T18:55:23.175+0000] {dagbag.py:541} INFO - Filling up the DagBag from /opt/airflow/dags/loading_data.py
[2024-12-09T18:55:23.191+0000] {processor.py:836} INFO - DAG(s) dict_keys(['load_data_to_postgres']) retrieved from /opt/airflow/dags/loading_data.py
[2024-12-09T18:55:23.220+0000] {logging_mixin.py:149} INFO - [2024-12-09T18:55:23.220+0000] {dag.py:2726} INFO - Sync 1 DAGs
[2024-12-09T18:55:23.251+0000] {logging_mixin.py:149} INFO - [2024-12-09T18:55:23.251+0000] {dag.py:3490} INFO - Setting next_dagrun for load_data_to_postgres to 2023-12-18T00:00:00+00:00, run_after=2023-12-19T00:00:00+00:00
[2024-12-09T18:55:23.274+0000] {processor.py:179} INFO - Processing /opt/airflow/dags/loading_data.py took 0.110 seconds
