[2024-12-09T16:56:29.100+0000] {taskinstance.py:1103} INFO - Dependencies all met for dep_context=non-requeueable deps ti=<TaskInstance: manufacturer_etl.fetch_manufacturer_data scheduled__2024-06-02T00:00:00+00:00 [queued]>
[2024-12-09T16:56:29.121+0000] {taskinstance.py:1103} INFO - Dependencies all met for dep_context=requeueable deps ti=<TaskInstance: manufacturer_etl.fetch_manufacturer_data scheduled__2024-06-02T00:00:00+00:00 [queued]>
[2024-12-09T16:56:29.122+0000] {taskinstance.py:1308} INFO - Starting attempt 1 of 1
[2024-12-09T16:56:29.154+0000] {taskinstance.py:1327} INFO - Executing <Task(PythonOperator): fetch_manufacturer_data> on 2024-06-02 00:00:00+00:00
[2024-12-09T16:56:29.161+0000] {standard_task_runner.py:57} INFO - Started process 816 to run task
[2024-12-09T16:56:29.167+0000] {standard_task_runner.py:84} INFO - Running: ['airflow', 'tasks', 'run', 'manufacturer_etl', 'fetch_manufacturer_data', 'scheduled__2024-06-02T00:00:00+00:00', '--job-id', '274', '--raw', '--subdir', 'DAGS_FOLDER/manufacturer_etl.py', '--cfg-path', '/tmp/tmp6h18d796']
[2024-12-09T16:56:29.170+0000] {standard_task_runner.py:85} INFO - Job 274: Subtask fetch_manufacturer_data
[2024-12-09T16:56:29.269+0000] {task_command.py:410} INFO - Running <TaskInstance: manufacturer_etl.fetch_manufacturer_data scheduled__2024-06-02T00:00:00+00:00 [running]> on host 651f030c76c5
[2024-12-09T16:56:29.477+0000] {taskinstance.py:1547} INFO - Exporting env vars: AIRFLOW_CTX_DAG_OWNER='airflow' AIRFLOW_CTX_DAG_ID='manufacturer_etl' AIRFLOW_CTX_TASK_ID='fetch_manufacturer_data' AIRFLOW_CTX_EXECUTION_DATE='2024-06-02T00:00:00+00:00' AIRFLOW_CTX_TRY_NUMBER='1' AIRFLOW_CTX_DAG_RUN_ID='scheduled__2024-06-02T00:00:00+00:00'
[2024-12-09T16:56:29.479+0000] {manufacturer_etl.py:37} INFO - Fetching manufacturer details from the API.
[2024-12-09T16:56:38.414+0000] {manufacturer_etl.py:43} INFO - Successfully fetched 100 manufacturer records.
[2024-12-09T16:56:38.423+0000] {manufacturer_etl.py:48} INFO - Data saved to /opt/airflow/data/raw_manufacturer_data.json
[2024-12-09T16:56:38.426+0000] {python.py:183} INFO - Done. Returned value was: None
[2024-12-09T16:56:38.451+0000] {taskinstance.py:1350} INFO - Marking task as SUCCESS. dag_id=manufacturer_etl, task_id=fetch_manufacturer_data, execution_date=20240602T000000, start_date=20241209T165629, end_date=20241209T165638
[2024-12-09T16:56:38.485+0000] {local_task_job_runner.py:225} INFO - Task exited with return code 0
[2024-12-09T16:56:38.523+0000] {taskinstance.py:2653} INFO - 0 downstream tasks scheduled from follow-on schedule check
[2024-12-09T17:40:45.257+0000] {taskinstance.py:1103} INFO - Dependencies all met for dep_context=non-requeueable deps ti=<TaskInstance: manufacturer_etl.fetch_manufacturer_data scheduled__2024-06-02T00:00:00+00:00 [queued]>
[2024-12-09T17:40:45.275+0000] {taskinstance.py:1103} INFO - Dependencies all met for dep_context=requeueable deps ti=<TaskInstance: manufacturer_etl.fetch_manufacturer_data scheduled__2024-06-02T00:00:00+00:00 [queued]>
[2024-12-09T17:40:45.276+0000] {taskinstance.py:1308} INFO - Starting attempt 1 of 1
[2024-12-09T17:40:45.303+0000] {taskinstance.py:1327} INFO - Executing <Task(PythonOperator): fetch_manufacturer_data> on 2024-06-02 00:00:00+00:00
[2024-12-09T17:40:45.309+0000] {standard_task_runner.py:57} INFO - Started process 748 to run task
[2024-12-09T17:40:45.315+0000] {standard_task_runner.py:84} INFO - Running: ['airflow', 'tasks', 'run', 'manufacturer_etl', 'fetch_manufacturer_data', 'scheduled__2024-06-02T00:00:00+00:00', '--job-id', '169', '--raw', '--subdir', 'DAGS_FOLDER/manufacturer_etl.py', '--cfg-path', '/tmp/tmpprd3u1p4']
[2024-12-09T17:40:45.317+0000] {standard_task_runner.py:85} INFO - Job 169: Subtask fetch_manufacturer_data
[2024-12-09T17:40:45.415+0000] {task_command.py:410} INFO - Running <TaskInstance: manufacturer_etl.fetch_manufacturer_data scheduled__2024-06-02T00:00:00+00:00 [running]> on host 916d98ee7a08
[2024-12-09T17:40:45.614+0000] {taskinstance.py:1547} INFO - Exporting env vars: AIRFLOW_CTX_DAG_OWNER='airflow' AIRFLOW_CTX_DAG_ID='manufacturer_etl' AIRFLOW_CTX_TASK_ID='fetch_manufacturer_data' AIRFLOW_CTX_EXECUTION_DATE='2024-06-02T00:00:00+00:00' AIRFLOW_CTX_TRY_NUMBER='1' AIRFLOW_CTX_DAG_RUN_ID='scheduled__2024-06-02T00:00:00+00:00'
[2024-12-09T17:40:45.616+0000] {manufacturer_etl.py:37} INFO - Fetching manufacturer details from the API.
[2024-12-09T17:40:46.888+0000] {manufacturer_etl.py:43} INFO - Successfully fetched 100 manufacturer records.
[2024-12-09T17:40:46.897+0000] {manufacturer_etl.py:48} INFO - Data saved to /opt/airflow/data/raw_manufacturer_data.json
[2024-12-09T17:40:46.900+0000] {python.py:183} INFO - Done. Returned value was: None
[2024-12-09T17:40:46.920+0000] {taskinstance.py:1350} INFO - Marking task as SUCCESS. dag_id=manufacturer_etl, task_id=fetch_manufacturer_data, execution_date=20240602T000000, start_date=20241209T174045, end_date=20241209T174046
[2024-12-09T17:40:46.968+0000] {local_task_job_runner.py:225} INFO - Task exited with return code 0
[2024-12-09T17:40:47.006+0000] {taskinstance.py:2653} INFO - 0 downstream tasks scheduled from follow-on schedule check
