[2024-12-09T16:40:40.821+0000] {taskinstance.py:1103} INFO - Dependencies all met for dep_context=non-requeueable deps ti=<TaskInstance: manufacturer_etl.fetch_manufacturer_data scheduled__2024-03-27T00:00:00+00:00 [queued]>
[2024-12-09T16:40:40.840+0000] {taskinstance.py:1103} INFO - Dependencies all met for dep_context=requeueable deps ti=<TaskInstance: manufacturer_etl.fetch_manufacturer_data scheduled__2024-03-27T00:00:00+00:00 [queued]>
[2024-12-09T16:40:40.840+0000] {taskinstance.py:1308} INFO - Starting attempt 1 of 1
[2024-12-09T16:40:40.871+0000] {taskinstance.py:1327} INFO - Executing <Task(PythonOperator): fetch_manufacturer_data> on 2024-03-27 00:00:00+00:00
[2024-12-09T16:40:40.877+0000] {standard_task_runner.py:57} INFO - Started process 517 to run task
[2024-12-09T16:40:40.885+0000] {standard_task_runner.py:84} INFO - Running: ['airflow', 'tasks', 'run', 'manufacturer_etl', 'fetch_manufacturer_data', 'scheduled__2024-03-27T00:00:00+00:00', '--job-id', '207', '--raw', '--subdir', 'DAGS_FOLDER/manufacturer_etl.py', '--cfg-path', '/tmp/tmpciuqets5']
[2024-12-09T16:40:40.888+0000] {standard_task_runner.py:85} INFO - Job 207: Subtask fetch_manufacturer_data
[2024-12-09T16:40:41.023+0000] {task_command.py:410} INFO - Running <TaskInstance: manufacturer_etl.fetch_manufacturer_data scheduled__2024-03-27T00:00:00+00:00 [running]> on host 651f030c76c5
[2024-12-09T16:40:41.238+0000] {taskinstance.py:1547} INFO - Exporting env vars: AIRFLOW_CTX_DAG_OWNER='airflow' AIRFLOW_CTX_DAG_ID='manufacturer_etl' AIRFLOW_CTX_TASK_ID='fetch_manufacturer_data' AIRFLOW_CTX_EXECUTION_DATE='2024-03-27T00:00:00+00:00' AIRFLOW_CTX_TRY_NUMBER='1' AIRFLOW_CTX_DAG_RUN_ID='scheduled__2024-03-27T00:00:00+00:00'
[2024-12-09T16:40:41.241+0000] {manufacturer_etl.py:37} INFO - Fetching manufacturer details from the API.
[2024-12-09T16:40:45.990+0000] {manufacturer_etl.py:43} INFO - Successfully fetched 100 manufacturer records.
[2024-12-09T16:40:46.006+0000] {manufacturer_etl.py:48} INFO - Data saved to /opt/airflow/data/raw_manufacturer_data.json
[2024-12-09T16:40:46.011+0000] {python.py:183} INFO - Done. Returned value was: None
[2024-12-09T16:40:46.061+0000] {taskinstance.py:1350} INFO - Marking task as SUCCESS. dag_id=manufacturer_etl, task_id=fetch_manufacturer_data, execution_date=20240327T000000, start_date=20241209T164040, end_date=20241209T164046
[2024-12-09T16:40:46.137+0000] {local_task_job_runner.py:225} INFO - Task exited with return code 0
[2024-12-09T16:40:46.213+0000] {taskinstance.py:2653} INFO - 0 downstream tasks scheduled from follow-on schedule check
[2024-12-09T17:32:02.714+0000] {taskinstance.py:1103} INFO - Dependencies all met for dep_context=non-requeueable deps ti=<TaskInstance: manufacturer_etl.fetch_manufacturer_data scheduled__2024-03-27T00:00:00+00:00 [queued]>
[2024-12-09T17:32:02.731+0000] {taskinstance.py:1103} INFO - Dependencies all met for dep_context=requeueable deps ti=<TaskInstance: manufacturer_etl.fetch_manufacturer_data scheduled__2024-03-27T00:00:00+00:00 [queued]>
[2024-12-09T17:32:02.732+0000] {taskinstance.py:1308} INFO - Starting attempt 1 of 1
[2024-12-09T17:32:02.760+0000] {taskinstance.py:1327} INFO - Executing <Task(PythonOperator): fetch_manufacturer_data> on 2024-03-27 00:00:00+00:00
[2024-12-09T17:32:02.767+0000] {standard_task_runner.py:57} INFO - Started process 463 to run task
[2024-12-09T17:32:02.773+0000] {standard_task_runner.py:84} INFO - Running: ['airflow', 'tasks', 'run', 'manufacturer_etl', 'fetch_manufacturer_data', 'scheduled__2024-03-27T00:00:00+00:00', '--job-id', '102', '--raw', '--subdir', 'DAGS_FOLDER/manufacturer_etl.py', '--cfg-path', '/tmp/tmpxzo7884e']
[2024-12-09T17:32:02.775+0000] {standard_task_runner.py:85} INFO - Job 102: Subtask fetch_manufacturer_data
[2024-12-09T17:32:02.872+0000] {task_command.py:410} INFO - Running <TaskInstance: manufacturer_etl.fetch_manufacturer_data scheduled__2024-03-27T00:00:00+00:00 [running]> on host 916d98ee7a08
[2024-12-09T17:32:03.071+0000] {taskinstance.py:1547} INFO - Exporting env vars: AIRFLOW_CTX_DAG_OWNER='airflow' AIRFLOW_CTX_DAG_ID='manufacturer_etl' AIRFLOW_CTX_TASK_ID='fetch_manufacturer_data' AIRFLOW_CTX_EXECUTION_DATE='2024-03-27T00:00:00+00:00' AIRFLOW_CTX_TRY_NUMBER='1' AIRFLOW_CTX_DAG_RUN_ID='scheduled__2024-03-27T00:00:00+00:00'
[2024-12-09T17:32:03.073+0000] {manufacturer_etl.py:37} INFO - Fetching manufacturer details from the API.
[2024-12-09T17:32:04.234+0000] {manufacturer_etl.py:43} INFO - Successfully fetched 100 manufacturer records.
[2024-12-09T17:32:04.241+0000] {manufacturer_etl.py:48} INFO - Data saved to /opt/airflow/data/raw_manufacturer_data.json
[2024-12-09T17:32:04.244+0000] {python.py:183} INFO - Done. Returned value was: None
[2024-12-09T17:32:04.264+0000] {taskinstance.py:1350} INFO - Marking task as SUCCESS. dag_id=manufacturer_etl, task_id=fetch_manufacturer_data, execution_date=20240327T000000, start_date=20241209T173202, end_date=20241209T173204
[2024-12-09T17:32:04.303+0000] {local_task_job_runner.py:225} INFO - Task exited with return code 0
[2024-12-09T17:32:04.339+0000] {taskinstance.py:2653} INFO - 0 downstream tasks scheduled from follow-on schedule check
