[2024-12-09T16:48:12.754+0000] {taskinstance.py:1103} INFO - Dependencies all met for dep_context=non-requeueable deps ti=<TaskInstance: manufacturer_etl.fetch_manufacturer_data scheduled__2024-04-28T00:00:00+00:00 [queued]>
[2024-12-09T16:48:12.778+0000] {taskinstance.py:1103} INFO - Dependencies all met for dep_context=requeueable deps ti=<TaskInstance: manufacturer_etl.fetch_manufacturer_data scheduled__2024-04-28T00:00:00+00:00 [queued]>
[2024-12-09T16:48:12.779+0000] {taskinstance.py:1308} INFO - Starting attempt 1 of 1
[2024-12-09T16:48:12.812+0000] {taskinstance.py:1327} INFO - Executing <Task(PythonOperator): fetch_manufacturer_data> on 2024-04-28 00:00:00+00:00
[2024-12-09T16:48:12.818+0000] {standard_task_runner.py:57} INFO - Started process 660 to run task
[2024-12-09T16:48:12.824+0000] {standard_task_runner.py:84} INFO - Running: ['airflow', 'tasks', 'run', 'manufacturer_etl', 'fetch_manufacturer_data', 'scheduled__2024-04-28T00:00:00+00:00', '--job-id', '239', '--raw', '--subdir', 'DAGS_FOLDER/manufacturer_etl.py', '--cfg-path', '/tmp/tmpnf82397h']
[2024-12-09T16:48:12.827+0000] {standard_task_runner.py:85} INFO - Job 239: Subtask fetch_manufacturer_data
[2024-12-09T16:48:12.933+0000] {task_command.py:410} INFO - Running <TaskInstance: manufacturer_etl.fetch_manufacturer_data scheduled__2024-04-28T00:00:00+00:00 [running]> on host 651f030c76c5
[2024-12-09T16:48:13.156+0000] {taskinstance.py:1547} INFO - Exporting env vars: AIRFLOW_CTX_DAG_OWNER='airflow' AIRFLOW_CTX_DAG_ID='manufacturer_etl' AIRFLOW_CTX_TASK_ID='fetch_manufacturer_data' AIRFLOW_CTX_EXECUTION_DATE='2024-04-28T00:00:00+00:00' AIRFLOW_CTX_TRY_NUMBER='1' AIRFLOW_CTX_DAG_RUN_ID='scheduled__2024-04-28T00:00:00+00:00'
[2024-12-09T16:48:13.158+0000] {manufacturer_etl.py:37} INFO - Fetching manufacturer details from the API.
[2024-12-09T16:48:22.078+0000] {manufacturer_etl.py:43} INFO - Successfully fetched 100 manufacturer records.
[2024-12-09T16:48:22.085+0000] {manufacturer_etl.py:48} INFO - Data saved to /opt/airflow/data/raw_manufacturer_data.json
[2024-12-09T16:48:22.088+0000] {python.py:183} INFO - Done. Returned value was: None
[2024-12-09T16:48:22.111+0000] {taskinstance.py:1350} INFO - Marking task as SUCCESS. dag_id=manufacturer_etl, task_id=fetch_manufacturer_data, execution_date=20240428T000000, start_date=20241209T164812, end_date=20241209T164822
[2024-12-09T16:48:22.168+0000] {local_task_job_runner.py:225} INFO - Task exited with return code 0
[2024-12-09T16:48:22.205+0000] {taskinstance.py:2653} INFO - 0 downstream tasks scheduled from follow-on schedule check
[2024-12-09T17:36:02.012+0000] {taskinstance.py:1103} INFO - Dependencies all met for dep_context=non-requeueable deps ti=<TaskInstance: manufacturer_etl.fetch_manufacturer_data scheduled__2024-04-28T00:00:00+00:00 [queued]>
[2024-12-09T17:36:02.031+0000] {taskinstance.py:1103} INFO - Dependencies all met for dep_context=requeueable deps ti=<TaskInstance: manufacturer_etl.fetch_manufacturer_data scheduled__2024-04-28T00:00:00+00:00 [queued]>
[2024-12-09T17:36:02.031+0000] {taskinstance.py:1308} INFO - Starting attempt 1 of 1
[2024-12-09T17:36:02.059+0000] {taskinstance.py:1327} INFO - Executing <Task(PythonOperator): fetch_manufacturer_data> on 2024-04-28 00:00:00+00:00
[2024-12-09T17:36:02.065+0000] {standard_task_runner.py:57} INFO - Started process 599 to run task
[2024-12-09T17:36:02.072+0000] {standard_task_runner.py:84} INFO - Running: ['airflow', 'tasks', 'run', 'manufacturer_etl', 'fetch_manufacturer_data', 'scheduled__2024-04-28T00:00:00+00:00', '--job-id', '134', '--raw', '--subdir', 'DAGS_FOLDER/manufacturer_etl.py', '--cfg-path', '/tmp/tmpa5nihkim']
[2024-12-09T17:36:02.074+0000] {standard_task_runner.py:85} INFO - Job 134: Subtask fetch_manufacturer_data
[2024-12-09T17:36:02.172+0000] {task_command.py:410} INFO - Running <TaskInstance: manufacturer_etl.fetch_manufacturer_data scheduled__2024-04-28T00:00:00+00:00 [running]> on host 916d98ee7a08
[2024-12-09T17:36:02.375+0000] {taskinstance.py:1547} INFO - Exporting env vars: AIRFLOW_CTX_DAG_OWNER='airflow' AIRFLOW_CTX_DAG_ID='manufacturer_etl' AIRFLOW_CTX_TASK_ID='fetch_manufacturer_data' AIRFLOW_CTX_EXECUTION_DATE='2024-04-28T00:00:00+00:00' AIRFLOW_CTX_TRY_NUMBER='1' AIRFLOW_CTX_DAG_RUN_ID='scheduled__2024-04-28T00:00:00+00:00'
[2024-12-09T17:36:02.378+0000] {manufacturer_etl.py:37} INFO - Fetching manufacturer details from the API.
[2024-12-09T17:36:03.645+0000] {manufacturer_etl.py:43} INFO - Successfully fetched 100 manufacturer records.
[2024-12-09T17:36:03.652+0000] {manufacturer_etl.py:48} INFO - Data saved to /opt/airflow/data/raw_manufacturer_data.json
[2024-12-09T17:36:03.654+0000] {python.py:183} INFO - Done. Returned value was: None
[2024-12-09T17:36:03.675+0000] {taskinstance.py:1350} INFO - Marking task as SUCCESS. dag_id=manufacturer_etl, task_id=fetch_manufacturer_data, execution_date=20240428T000000, start_date=20241209T173602, end_date=20241209T173603
[2024-12-09T17:36:03.725+0000] {local_task_job_runner.py:225} INFO - Task exited with return code 0
[2024-12-09T17:36:03.760+0000] {taskinstance.py:2653} INFO - 0 downstream tasks scheduled from follow-on schedule check
