[2024-12-09T16:39:47.903+0000] {taskinstance.py:1103} INFO - Dependencies all met for dep_context=non-requeueable deps ti=<TaskInstance: manufacturer_etl.fetch_manufacturer_data scheduled__2024-03-23T00:00:00+00:00 [queued]>
[2024-12-09T16:39:47.921+0000] {taskinstance.py:1103} INFO - Dependencies all met for dep_context=requeueable deps ti=<TaskInstance: manufacturer_etl.fetch_manufacturer_data scheduled__2024-03-23T00:00:00+00:00 [queued]>
[2024-12-09T16:39:47.922+0000] {taskinstance.py:1308} INFO - Starting attempt 1 of 1
[2024-12-09T16:39:47.950+0000] {taskinstance.py:1327} INFO - Executing <Task(PythonOperator): fetch_manufacturer_data> on 2024-03-23 00:00:00+00:00
[2024-12-09T16:39:47.957+0000] {standard_task_runner.py:57} INFO - Started process 499 to run task
[2024-12-09T16:39:47.965+0000] {standard_task_runner.py:84} INFO - Running: ['airflow', 'tasks', 'run', 'manufacturer_etl', 'fetch_manufacturer_data', 'scheduled__2024-03-23T00:00:00+00:00', '--job-id', '203', '--raw', '--subdir', 'DAGS_FOLDER/manufacturer_etl.py', '--cfg-path', '/tmp/tmpofxn56mt']
[2024-12-09T16:39:47.967+0000] {standard_task_runner.py:85} INFO - Job 203: Subtask fetch_manufacturer_data
[2024-12-09T16:39:48.073+0000] {task_command.py:410} INFO - Running <TaskInstance: manufacturer_etl.fetch_manufacturer_data scheduled__2024-03-23T00:00:00+00:00 [running]> on host 651f030c76c5
[2024-12-09T16:39:48.284+0000] {taskinstance.py:1547} INFO - Exporting env vars: AIRFLOW_CTX_DAG_OWNER='airflow' AIRFLOW_CTX_DAG_ID='manufacturer_etl' AIRFLOW_CTX_TASK_ID='fetch_manufacturer_data' AIRFLOW_CTX_EXECUTION_DATE='2024-03-23T00:00:00+00:00' AIRFLOW_CTX_TRY_NUMBER='1' AIRFLOW_CTX_DAG_RUN_ID='scheduled__2024-03-23T00:00:00+00:00'
[2024-12-09T16:39:48.286+0000] {manufacturer_etl.py:37} INFO - Fetching manufacturer details from the API.
[2024-12-09T16:39:54.047+0000] {manufacturer_etl.py:43} INFO - Successfully fetched 100 manufacturer records.
[2024-12-09T16:39:54.061+0000] {manufacturer_etl.py:48} INFO - Data saved to /opt/airflow/data/raw_manufacturer_data.json
[2024-12-09T16:39:54.066+0000] {python.py:183} INFO - Done. Returned value was: None
[2024-12-09T16:39:54.122+0000] {taskinstance.py:1350} INFO - Marking task as SUCCESS. dag_id=manufacturer_etl, task_id=fetch_manufacturer_data, execution_date=20240323T000000, start_date=20241209T163947, end_date=20241209T163954
[2024-12-09T16:39:54.198+0000] {local_task_job_runner.py:225} INFO - Task exited with return code 0
[2024-12-09T16:39:54.286+0000] {taskinstance.py:2653} INFO - 0 downstream tasks scheduled from follow-on schedule check
[2024-12-09T17:31:32.091+0000] {taskinstance.py:1103} INFO - Dependencies all met for dep_context=non-requeueable deps ti=<TaskInstance: manufacturer_etl.fetch_manufacturer_data scheduled__2024-03-23T00:00:00+00:00 [queued]>
[2024-12-09T17:31:32.109+0000] {taskinstance.py:1103} INFO - Dependencies all met for dep_context=requeueable deps ti=<TaskInstance: manufacturer_etl.fetch_manufacturer_data scheduled__2024-03-23T00:00:00+00:00 [queued]>
[2024-12-09T17:31:32.110+0000] {taskinstance.py:1308} INFO - Starting attempt 1 of 1
[2024-12-09T17:31:32.138+0000] {taskinstance.py:1327} INFO - Executing <Task(PythonOperator): fetch_manufacturer_data> on 2024-03-23 00:00:00+00:00
[2024-12-09T17:31:32.144+0000] {standard_task_runner.py:57} INFO - Started process 446 to run task
[2024-12-09T17:31:32.151+0000] {standard_task_runner.py:84} INFO - Running: ['airflow', 'tasks', 'run', 'manufacturer_etl', 'fetch_manufacturer_data', 'scheduled__2024-03-23T00:00:00+00:00', '--job-id', '98', '--raw', '--subdir', 'DAGS_FOLDER/manufacturer_etl.py', '--cfg-path', '/tmp/tmpkbjfvc3n']
[2024-12-09T17:31:32.153+0000] {standard_task_runner.py:85} INFO - Job 98: Subtask fetch_manufacturer_data
[2024-12-09T17:31:32.248+0000] {task_command.py:410} INFO - Running <TaskInstance: manufacturer_etl.fetch_manufacturer_data scheduled__2024-03-23T00:00:00+00:00 [running]> on host 916d98ee7a08
[2024-12-09T17:31:32.443+0000] {taskinstance.py:1547} INFO - Exporting env vars: AIRFLOW_CTX_DAG_OWNER='airflow' AIRFLOW_CTX_DAG_ID='manufacturer_etl' AIRFLOW_CTX_TASK_ID='fetch_manufacturer_data' AIRFLOW_CTX_EXECUTION_DATE='2024-03-23T00:00:00+00:00' AIRFLOW_CTX_TRY_NUMBER='1' AIRFLOW_CTX_DAG_RUN_ID='scheduled__2024-03-23T00:00:00+00:00'
[2024-12-09T17:31:32.446+0000] {manufacturer_etl.py:37} INFO - Fetching manufacturer details from the API.
[2024-12-09T17:31:33.514+0000] {manufacturer_etl.py:43} INFO - Successfully fetched 100 manufacturer records.
[2024-12-09T17:31:33.521+0000] {manufacturer_etl.py:48} INFO - Data saved to /opt/airflow/data/raw_manufacturer_data.json
[2024-12-09T17:31:33.524+0000] {python.py:183} INFO - Done. Returned value was: None
[2024-12-09T17:31:33.544+0000] {taskinstance.py:1350} INFO - Marking task as SUCCESS. dag_id=manufacturer_etl, task_id=fetch_manufacturer_data, execution_date=20240323T000000, start_date=20241209T173132, end_date=20241209T173133
[2024-12-09T17:31:33.598+0000] {local_task_job_runner.py:225} INFO - Task exited with return code 0
[2024-12-09T17:31:33.633+0000] {taskinstance.py:2653} INFO - 0 downstream tasks scheduled from follow-on schedule check
