[2024-12-09T16:56:44.121+0000] {taskinstance.py:1103} INFO - Dependencies all met for dep_context=non-requeueable deps ti=<TaskInstance: manufacturer_etl.fetch_manufacturer_data scheduled__2024-06-03T00:00:00+00:00 [queued]>
[2024-12-09T16:56:44.141+0000] {taskinstance.py:1103} INFO - Dependencies all met for dep_context=requeueable deps ti=<TaskInstance: manufacturer_etl.fetch_manufacturer_data scheduled__2024-06-03T00:00:00+00:00 [queued]>
[2024-12-09T16:56:44.142+0000] {taskinstance.py:1308} INFO - Starting attempt 1 of 1
[2024-12-09T16:56:44.174+0000] {taskinstance.py:1327} INFO - Executing <Task(PythonOperator): fetch_manufacturer_data> on 2024-06-03 00:00:00+00:00
[2024-12-09T16:56:44.183+0000] {standard_task_runner.py:57} INFO - Started process 820 to run task
[2024-12-09T16:56:44.191+0000] {standard_task_runner.py:84} INFO - Running: ['airflow', 'tasks', 'run', 'manufacturer_etl', 'fetch_manufacturer_data', 'scheduled__2024-06-03T00:00:00+00:00', '--job-id', '275', '--raw', '--subdir', 'DAGS_FOLDER/manufacturer_etl.py', '--cfg-path', '/tmp/tmpgabwmj0g']
[2024-12-09T16:56:44.194+0000] {standard_task_runner.py:85} INFO - Job 275: Subtask fetch_manufacturer_data
[2024-12-09T16:56:44.327+0000] {task_command.py:410} INFO - Running <TaskInstance: manufacturer_etl.fetch_manufacturer_data scheduled__2024-06-03T00:00:00+00:00 [running]> on host 651f030c76c5
[2024-12-09T16:56:44.563+0000] {taskinstance.py:1547} INFO - Exporting env vars: AIRFLOW_CTX_DAG_OWNER='airflow' AIRFLOW_CTX_DAG_ID='manufacturer_etl' AIRFLOW_CTX_TASK_ID='fetch_manufacturer_data' AIRFLOW_CTX_EXECUTION_DATE='2024-06-03T00:00:00+00:00' AIRFLOW_CTX_TRY_NUMBER='1' AIRFLOW_CTX_DAG_RUN_ID='scheduled__2024-06-03T00:00:00+00:00'
[2024-12-09T16:56:44.566+0000] {manufacturer_etl.py:37} INFO - Fetching manufacturer details from the API.
[2024-12-09T16:56:49.582+0000] {manufacturer_etl.py:43} INFO - Successfully fetched 100 manufacturer records.
[2024-12-09T16:56:49.596+0000] {manufacturer_etl.py:48} INFO - Data saved to /opt/airflow/data/raw_manufacturer_data.json
[2024-12-09T16:56:49.601+0000] {python.py:183} INFO - Done. Returned value was: None
[2024-12-09T16:56:49.656+0000] {taskinstance.py:1350} INFO - Marking task as SUCCESS. dag_id=manufacturer_etl, task_id=fetch_manufacturer_data, execution_date=20240603T000000, start_date=20241209T165644, end_date=20241209T165649
[2024-12-09T16:56:49.726+0000] {local_task_job_runner.py:225} INFO - Task exited with return code 0
[2024-12-09T16:56:49.814+0000] {taskinstance.py:2653} INFO - 0 downstream tasks scheduled from follow-on schedule check
[2024-12-09T17:40:53.045+0000] {taskinstance.py:1103} INFO - Dependencies all met for dep_context=non-requeueable deps ti=<TaskInstance: manufacturer_etl.fetch_manufacturer_data scheduled__2024-06-03T00:00:00+00:00 [queued]>
[2024-12-09T17:40:53.064+0000] {taskinstance.py:1103} INFO - Dependencies all met for dep_context=requeueable deps ti=<TaskInstance: manufacturer_etl.fetch_manufacturer_data scheduled__2024-06-03T00:00:00+00:00 [queued]>
[2024-12-09T17:40:53.064+0000] {taskinstance.py:1308} INFO - Starting attempt 1 of 1
[2024-12-09T17:40:53.091+0000] {taskinstance.py:1327} INFO - Executing <Task(PythonOperator): fetch_manufacturer_data> on 2024-06-03 00:00:00+00:00
[2024-12-09T17:40:53.097+0000] {standard_task_runner.py:57} INFO - Started process 752 to run task
[2024-12-09T17:40:53.102+0000] {standard_task_runner.py:84} INFO - Running: ['airflow', 'tasks', 'run', 'manufacturer_etl', 'fetch_manufacturer_data', 'scheduled__2024-06-03T00:00:00+00:00', '--job-id', '170', '--raw', '--subdir', 'DAGS_FOLDER/manufacturer_etl.py', '--cfg-path', '/tmp/tmpjv6sisq_']
[2024-12-09T17:40:53.105+0000] {standard_task_runner.py:85} INFO - Job 170: Subtask fetch_manufacturer_data
[2024-12-09T17:40:53.204+0000] {task_command.py:410} INFO - Running <TaskInstance: manufacturer_etl.fetch_manufacturer_data scheduled__2024-06-03T00:00:00+00:00 [running]> on host 916d98ee7a08
[2024-12-09T17:40:53.404+0000] {taskinstance.py:1547} INFO - Exporting env vars: AIRFLOW_CTX_DAG_OWNER='airflow' AIRFLOW_CTX_DAG_ID='manufacturer_etl' AIRFLOW_CTX_TASK_ID='fetch_manufacturer_data' AIRFLOW_CTX_EXECUTION_DATE='2024-06-03T00:00:00+00:00' AIRFLOW_CTX_TRY_NUMBER='1' AIRFLOW_CTX_DAG_RUN_ID='scheduled__2024-06-03T00:00:00+00:00'
[2024-12-09T17:40:53.406+0000] {manufacturer_etl.py:37} INFO - Fetching manufacturer details from the API.
[2024-12-09T17:40:54.772+0000] {manufacturer_etl.py:43} INFO - Successfully fetched 100 manufacturer records.
[2024-12-09T17:40:54.778+0000] {manufacturer_etl.py:48} INFO - Data saved to /opt/airflow/data/raw_manufacturer_data.json
[2024-12-09T17:40:54.781+0000] {python.py:183} INFO - Done. Returned value was: None
[2024-12-09T17:40:54.801+0000] {taskinstance.py:1350} INFO - Marking task as SUCCESS. dag_id=manufacturer_etl, task_id=fetch_manufacturer_data, execution_date=20240603T000000, start_date=20241209T174053, end_date=20241209T174054
[2024-12-09T17:40:54.838+0000] {local_task_job_runner.py:225} INFO - Task exited with return code 0
[2024-12-09T17:40:54.874+0000] {taskinstance.py:2653} INFO - 0 downstream tasks scheduled from follow-on schedule check
