[2024-12-09T15:44:58.836+0000] {taskinstance.py:1103} INFO - Dependencies all met for dep_context=non-requeueable deps ti=<TaskInstance: manufacturer_etl.fetch_manufacturer_data scheduled__2024-01-26T00:00:00+00:00 [queued]>
[2024-12-09T15:44:58.845+0000] {taskinstance.py:1103} INFO - Dependencies all met for dep_context=requeueable deps ti=<TaskInstance: manufacturer_etl.fetch_manufacturer_data scheduled__2024-01-26T00:00:00+00:00 [queued]>
[2024-12-09T15:44:58.846+0000] {taskinstance.py:1308} INFO - Starting attempt 1 of 1
[2024-12-09T15:44:58.861+0000] {taskinstance.py:1327} INFO - Executing <Task(PythonOperator): fetch_manufacturer_data> on 2024-01-26 00:00:00+00:00
[2024-12-09T15:44:58.864+0000] {standard_task_runner.py:57} INFO - Started process 214 to run task
[2024-12-09T15:44:58.867+0000] {standard_task_runner.py:84} INFO - Running: ['airflow', 'tasks', 'run', 'manufacturer_etl', 'fetch_manufacturer_data', 'scheduled__2024-01-26T00:00:00+00:00', '--job-id', '41', '--raw', '--subdir', 'DAGS_FOLDER/manufacturer_etl.py', '--cfg-path', '/tmp/tmp4aomh5rr']
[2024-12-09T15:44:58.869+0000] {standard_task_runner.py:85} INFO - Job 41: Subtask fetch_manufacturer_data
[2024-12-09T15:44:58.919+0000] {task_command.py:410} INFO - Running <TaskInstance: manufacturer_etl.fetch_manufacturer_data scheduled__2024-01-26T00:00:00+00:00 [running]> on host 782927b5dd22
[2024-12-09T15:44:59.022+0000] {taskinstance.py:1547} INFO - Exporting env vars: AIRFLOW_CTX_DAG_OWNER='airflow' AIRFLOW_CTX_DAG_ID='manufacturer_etl' AIRFLOW_CTX_TASK_ID='fetch_manufacturer_data' AIRFLOW_CTX_EXECUTION_DATE='2024-01-26T00:00:00+00:00' AIRFLOW_CTX_TRY_NUMBER='1' AIRFLOW_CTX_DAG_RUN_ID='scheduled__2024-01-26T00:00:00+00:00'
[2024-12-09T15:44:59.023+0000] {manufacturer_etl.py:37} INFO - Fetching manufacturer details from the API.
[2024-12-09T15:45:07.739+0000] {manufacturer_etl.py:43} INFO - Successfully fetched 100 manufacturer records.
[2024-12-09T15:45:07.752+0000] {manufacturer_etl.py:48} INFO - Data saved to /opt/airflow/data/raw_manufacturer_data.json
[2024-12-09T15:45:07.754+0000] {python.py:183} INFO - Done. Returned value was: None
[2024-12-09T15:45:07.764+0000] {taskinstance.py:1350} INFO - Marking task as SUCCESS. dag_id=manufacturer_etl, task_id=fetch_manufacturer_data, execution_date=20240126T000000, start_date=20241209T154458, end_date=20241209T154507
[2024-12-09T15:45:07.781+0000] {local_task_job_runner.py:225} INFO - Task exited with return code 0
[2024-12-09T15:45:07.799+0000] {taskinstance.py:2653} INFO - 0 downstream tasks scheduled from follow-on schedule check
[2024-12-09T16:26:19.677+0000] {taskinstance.py:1103} INFO - Dependencies all met for dep_context=non-requeueable deps ti=<TaskInstance: manufacturer_etl.fetch_manufacturer_data scheduled__2024-01-26T00:00:00+00:00 [queued]>
[2024-12-09T16:26:19.695+0000] {taskinstance.py:1103} INFO - Dependencies all met for dep_context=requeueable deps ti=<TaskInstance: manufacturer_etl.fetch_manufacturer_data scheduled__2024-01-26T00:00:00+00:00 [queued]>
[2024-12-09T16:26:19.696+0000] {taskinstance.py:1308} INFO - Starting attempt 1 of 1
[2024-12-09T16:26:19.727+0000] {taskinstance.py:1327} INFO - Executing <Task(PythonOperator): fetch_manufacturer_data> on 2024-01-26 00:00:00+00:00
[2024-12-09T16:26:19.733+0000] {standard_task_runner.py:57} INFO - Started process 244 to run task
[2024-12-09T16:26:19.741+0000] {standard_task_runner.py:84} INFO - Running: ['airflow', 'tasks', 'run', 'manufacturer_etl', 'fetch_manufacturer_data', 'scheduled__2024-01-26T00:00:00+00:00', '--job-id', '146', '--raw', '--subdir', 'DAGS_FOLDER/manufacturer_etl.py', '--cfg-path', '/tmp/tmplwu7jnmw']
[2024-12-09T16:26:19.744+0000] {standard_task_runner.py:85} INFO - Job 146: Subtask fetch_manufacturer_data
[2024-12-09T16:26:19.879+0000] {task_command.py:410} INFO - Running <TaskInstance: manufacturer_etl.fetch_manufacturer_data scheduled__2024-01-26T00:00:00+00:00 [running]> on host 651f030c76c5
[2024-12-09T16:26:20.157+0000] {taskinstance.py:1547} INFO - Exporting env vars: AIRFLOW_CTX_DAG_OWNER='airflow' AIRFLOW_CTX_DAG_ID='manufacturer_etl' AIRFLOW_CTX_TASK_ID='fetch_manufacturer_data' AIRFLOW_CTX_EXECUTION_DATE='2024-01-26T00:00:00+00:00' AIRFLOW_CTX_TRY_NUMBER='1' AIRFLOW_CTX_DAG_RUN_ID='scheduled__2024-01-26T00:00:00+00:00'
[2024-12-09T16:26:20.159+0000] {manufacturer_etl.py:37} INFO - Fetching manufacturer details from the API.
[2024-12-09T16:26:25.015+0000] {manufacturer_etl.py:43} INFO - Successfully fetched 100 manufacturer records.
[2024-12-09T16:26:25.026+0000] {manufacturer_etl.py:48} INFO - Data saved to /opt/airflow/data/raw_manufacturer_data.json
[2024-12-09T16:26:25.030+0000] {python.py:183} INFO - Done. Returned value was: None
[2024-12-09T16:26:25.071+0000] {taskinstance.py:1350} INFO - Marking task as SUCCESS. dag_id=manufacturer_etl, task_id=fetch_manufacturer_data, execution_date=20240126T000000, start_date=20241209T162619, end_date=20241209T162625
[2024-12-09T16:26:25.139+0000] {local_task_job_runner.py:225} INFO - Task exited with return code 0
[2024-12-09T16:26:25.215+0000] {taskinstance.py:2653} INFO - 0 downstream tasks scheduled from follow-on schedule check
[2024-12-09T17:24:01.343+0000] {taskinstance.py:1103} INFO - Dependencies all met for dep_context=non-requeueable deps ti=<TaskInstance: manufacturer_etl.fetch_manufacturer_data scheduled__2024-01-26T00:00:00+00:00 [queued]>
[2024-12-09T17:24:01.361+0000] {taskinstance.py:1103} INFO - Dependencies all met for dep_context=requeueable deps ti=<TaskInstance: manufacturer_etl.fetch_manufacturer_data scheduled__2024-01-26T00:00:00+00:00 [queued]>
[2024-12-09T17:24:01.362+0000] {taskinstance.py:1308} INFO - Starting attempt 1 of 1
[2024-12-09T17:24:01.392+0000] {taskinstance.py:1327} INFO - Executing <Task(PythonOperator): fetch_manufacturer_data> on 2024-01-26 00:00:00+00:00
[2024-12-09T17:24:01.397+0000] {standard_task_runner.py:57} INFO - Started process 203 to run task
[2024-12-09T17:24:01.405+0000] {standard_task_runner.py:84} INFO - Running: ['airflow', 'tasks', 'run', 'manufacturer_etl', 'fetch_manufacturer_data', 'scheduled__2024-01-26T00:00:00+00:00', '--job-id', '41', '--raw', '--subdir', 'DAGS_FOLDER/manufacturer_etl.py', '--cfg-path', '/tmp/tmpqk660g8y']
[2024-12-09T17:24:01.407+0000] {standard_task_runner.py:85} INFO - Job 41: Subtask fetch_manufacturer_data
[2024-12-09T17:24:01.506+0000] {task_command.py:410} INFO - Running <TaskInstance: manufacturer_etl.fetch_manufacturer_data scheduled__2024-01-26T00:00:00+00:00 [running]> on host 916d98ee7a08
[2024-12-09T17:24:01.706+0000] {taskinstance.py:1547} INFO - Exporting env vars: AIRFLOW_CTX_DAG_OWNER='airflow' AIRFLOW_CTX_DAG_ID='manufacturer_etl' AIRFLOW_CTX_TASK_ID='fetch_manufacturer_data' AIRFLOW_CTX_EXECUTION_DATE='2024-01-26T00:00:00+00:00' AIRFLOW_CTX_TRY_NUMBER='1' AIRFLOW_CTX_DAG_RUN_ID='scheduled__2024-01-26T00:00:00+00:00'
[2024-12-09T17:24:01.708+0000] {manufacturer_etl.py:37} INFO - Fetching manufacturer details from the API.
[2024-12-09T17:24:02.854+0000] {manufacturer_etl.py:43} INFO - Successfully fetched 100 manufacturer records.
[2024-12-09T17:24:02.861+0000] {manufacturer_etl.py:48} INFO - Data saved to /opt/airflow/data/raw_manufacturer_data.json
[2024-12-09T17:24:02.863+0000] {python.py:183} INFO - Done. Returned value was: None
[2024-12-09T17:24:02.884+0000] {taskinstance.py:1350} INFO - Marking task as SUCCESS. dag_id=manufacturer_etl, task_id=fetch_manufacturer_data, execution_date=20240126T000000, start_date=20241209T172401, end_date=20241209T172402
[2024-12-09T17:24:02.935+0000] {local_task_job_runner.py:225} INFO - Task exited with return code 0
[2024-12-09T17:24:02.971+0000] {taskinstance.py:2653} INFO - 0 downstream tasks scheduled from follow-on schedule check
