[2024-12-09T16:47:43.634+0000] {taskinstance.py:1103} INFO - Dependencies all met for dep_context=non-requeueable deps ti=<TaskInstance: manufacturer_etl.fetch_manufacturer_data scheduled__2024-04-26T00:00:00+00:00 [queued]>
[2024-12-09T16:47:43.656+0000] {taskinstance.py:1103} INFO - Dependencies all met for dep_context=requeueable deps ti=<TaskInstance: manufacturer_etl.fetch_manufacturer_data scheduled__2024-04-26T00:00:00+00:00 [queued]>
[2024-12-09T16:47:43.657+0000] {taskinstance.py:1308} INFO - Starting attempt 1 of 1
[2024-12-09T16:47:43.689+0000] {taskinstance.py:1327} INFO - Executing <Task(PythonOperator): fetch_manufacturer_data> on 2024-04-26 00:00:00+00:00
[2024-12-09T16:47:43.695+0000] {standard_task_runner.py:57} INFO - Started process 651 to run task
[2024-12-09T16:47:43.702+0000] {standard_task_runner.py:84} INFO - Running: ['airflow', 'tasks', 'run', 'manufacturer_etl', 'fetch_manufacturer_data', 'scheduled__2024-04-26T00:00:00+00:00', '--job-id', '237', '--raw', '--subdir', 'DAGS_FOLDER/manufacturer_etl.py', '--cfg-path', '/tmp/tmpx88dkngm']
[2024-12-09T16:47:43.705+0000] {standard_task_runner.py:85} INFO - Job 237: Subtask fetch_manufacturer_data
[2024-12-09T16:47:43.824+0000] {task_command.py:410} INFO - Running <TaskInstance: manufacturer_etl.fetch_manufacturer_data scheduled__2024-04-26T00:00:00+00:00 [running]> on host 651f030c76c5
[2024-12-09T16:47:44.096+0000] {taskinstance.py:1547} INFO - Exporting env vars: AIRFLOW_CTX_DAG_OWNER='airflow' AIRFLOW_CTX_DAG_ID='manufacturer_etl' AIRFLOW_CTX_TASK_ID='fetch_manufacturer_data' AIRFLOW_CTX_EXECUTION_DATE='2024-04-26T00:00:00+00:00' AIRFLOW_CTX_TRY_NUMBER='1' AIRFLOW_CTX_DAG_RUN_ID='scheduled__2024-04-26T00:00:00+00:00'
[2024-12-09T16:47:44.102+0000] {manufacturer_etl.py:37} INFO - Fetching manufacturer details from the API.
[2024-12-09T16:47:54.539+0000] {manufacturer_etl.py:43} INFO - Successfully fetched 100 manufacturer records.
[2024-12-09T16:47:54.546+0000] {manufacturer_etl.py:48} INFO - Data saved to /opt/airflow/data/raw_manufacturer_data.json
[2024-12-09T16:47:54.550+0000] {python.py:183} INFO - Done. Returned value was: None
[2024-12-09T16:47:54.576+0000] {taskinstance.py:1350} INFO - Marking task as SUCCESS. dag_id=manufacturer_etl, task_id=fetch_manufacturer_data, execution_date=20240426T000000, start_date=20241209T164743, end_date=20241209T164754
[2024-12-09T16:47:54.651+0000] {local_task_job_runner.py:225} INFO - Task exited with return code 0
[2024-12-09T16:47:54.689+0000] {taskinstance.py:2653} INFO - 0 downstream tasks scheduled from follow-on schedule check
[2024-12-09T17:35:44.620+0000] {taskinstance.py:1103} INFO - Dependencies all met for dep_context=non-requeueable deps ti=<TaskInstance: manufacturer_etl.fetch_manufacturer_data scheduled__2024-04-26T00:00:00+00:00 [queued]>
[2024-12-09T17:35:44.640+0000] {taskinstance.py:1103} INFO - Dependencies all met for dep_context=requeueable deps ti=<TaskInstance: manufacturer_etl.fetch_manufacturer_data scheduled__2024-04-26T00:00:00+00:00 [queued]>
[2024-12-09T17:35:44.640+0000] {taskinstance.py:1308} INFO - Starting attempt 1 of 1
[2024-12-09T17:35:44.668+0000] {taskinstance.py:1327} INFO - Executing <Task(PythonOperator): fetch_manufacturer_data> on 2024-04-26 00:00:00+00:00
[2024-12-09T17:35:44.674+0000] {standard_task_runner.py:57} INFO - Started process 590 to run task
[2024-12-09T17:35:44.681+0000] {standard_task_runner.py:84} INFO - Running: ['airflow', 'tasks', 'run', 'manufacturer_etl', 'fetch_manufacturer_data', 'scheduled__2024-04-26T00:00:00+00:00', '--job-id', '132', '--raw', '--subdir', 'DAGS_FOLDER/manufacturer_etl.py', '--cfg-path', '/tmp/tmp8fhj0uhu']
[2024-12-09T17:35:44.683+0000] {standard_task_runner.py:85} INFO - Job 132: Subtask fetch_manufacturer_data
[2024-12-09T17:35:44.782+0000] {task_command.py:410} INFO - Running <TaskInstance: manufacturer_etl.fetch_manufacturer_data scheduled__2024-04-26T00:00:00+00:00 [running]> on host 916d98ee7a08
[2024-12-09T17:35:44.984+0000] {taskinstance.py:1547} INFO - Exporting env vars: AIRFLOW_CTX_DAG_OWNER='airflow' AIRFLOW_CTX_DAG_ID='manufacturer_etl' AIRFLOW_CTX_TASK_ID='fetch_manufacturer_data' AIRFLOW_CTX_EXECUTION_DATE='2024-04-26T00:00:00+00:00' AIRFLOW_CTX_TRY_NUMBER='1' AIRFLOW_CTX_DAG_RUN_ID='scheduled__2024-04-26T00:00:00+00:00'
[2024-12-09T17:35:44.986+0000] {manufacturer_etl.py:37} INFO - Fetching manufacturer details from the API.
[2024-12-09T17:35:48.389+0000] {manufacturer_etl.py:43} INFO - Successfully fetched 100 manufacturer records.
[2024-12-09T17:35:48.399+0000] {manufacturer_etl.py:48} INFO - Data saved to /opt/airflow/data/raw_manufacturer_data.json
[2024-12-09T17:35:48.401+0000] {python.py:183} INFO - Done. Returned value was: None
[2024-12-09T17:35:48.423+0000] {taskinstance.py:1350} INFO - Marking task as SUCCESS. dag_id=manufacturer_etl, task_id=fetch_manufacturer_data, execution_date=20240426T000000, start_date=20241209T173544, end_date=20241209T173548
[2024-12-09T17:35:48.466+0000] {local_task_job_runner.py:225} INFO - Task exited with return code 0
[2024-12-09T17:35:48.516+0000] {taskinstance.py:2653} INFO - 0 downstream tasks scheduled from follow-on schedule check
