[2024-12-09T16:57:10.269+0000] {taskinstance.py:1103} INFO - Dependencies all met for dep_context=non-requeueable deps ti=<TaskInstance: manufacturer_etl.fetch_manufacturer_data scheduled__2024-06-05T00:00:00+00:00 [queued]>
[2024-12-09T16:57:10.287+0000] {taskinstance.py:1103} INFO - Dependencies all met for dep_context=requeueable deps ti=<TaskInstance: manufacturer_etl.fetch_manufacturer_data scheduled__2024-06-05T00:00:00+00:00 [queued]>
[2024-12-09T16:57:10.288+0000] {taskinstance.py:1308} INFO - Starting attempt 1 of 1
[2024-12-09T16:57:10.318+0000] {taskinstance.py:1327} INFO - Executing <Task(PythonOperator): fetch_manufacturer_data> on 2024-06-05 00:00:00+00:00
[2024-12-09T16:57:10.324+0000] {standard_task_runner.py:57} INFO - Started process 829 to run task
[2024-12-09T16:57:10.330+0000] {standard_task_runner.py:84} INFO - Running: ['airflow', 'tasks', 'run', 'manufacturer_etl', 'fetch_manufacturer_data', 'scheduled__2024-06-05T00:00:00+00:00', '--job-id', '277', '--raw', '--subdir', 'DAGS_FOLDER/manufacturer_etl.py', '--cfg-path', '/tmp/tmptyjhq7xm']
[2024-12-09T16:57:10.332+0000] {standard_task_runner.py:85} INFO - Job 277: Subtask fetch_manufacturer_data
[2024-12-09T16:57:10.448+0000] {task_command.py:410} INFO - Running <TaskInstance: manufacturer_etl.fetch_manufacturer_data scheduled__2024-06-05T00:00:00+00:00 [running]> on host 651f030c76c5
[2024-12-09T16:57:10.698+0000] {taskinstance.py:1547} INFO - Exporting env vars: AIRFLOW_CTX_DAG_OWNER='airflow' AIRFLOW_CTX_DAG_ID='manufacturer_etl' AIRFLOW_CTX_TASK_ID='fetch_manufacturer_data' AIRFLOW_CTX_EXECUTION_DATE='2024-06-05T00:00:00+00:00' AIRFLOW_CTX_TRY_NUMBER='1' AIRFLOW_CTX_DAG_RUN_ID='scheduled__2024-06-05T00:00:00+00:00'
[2024-12-09T16:57:10.700+0000] {manufacturer_etl.py:37} INFO - Fetching manufacturer details from the API.
[2024-12-09T16:57:15.857+0000] {manufacturer_etl.py:43} INFO - Successfully fetched 100 manufacturer records.
[2024-12-09T16:57:15.877+0000] {manufacturer_etl.py:48} INFO - Data saved to /opt/airflow/data/raw_manufacturer_data.json
[2024-12-09T16:57:15.887+0000] {python.py:183} INFO - Done. Returned value was: None
[2024-12-09T16:57:15.959+0000] {taskinstance.py:1350} INFO - Marking task as SUCCESS. dag_id=manufacturer_etl, task_id=fetch_manufacturer_data, execution_date=20240605T000000, start_date=20241209T165710, end_date=20241209T165715
[2024-12-09T16:57:16.039+0000] {local_task_job_runner.py:225} INFO - Task exited with return code 0
[2024-12-09T16:57:16.126+0000] {taskinstance.py:2653} INFO - 0 downstream tasks scheduled from follow-on schedule check
[2024-12-09T17:41:07.916+0000] {taskinstance.py:1103} INFO - Dependencies all met for dep_context=non-requeueable deps ti=<TaskInstance: manufacturer_etl.fetch_manufacturer_data scheduled__2024-06-05T00:00:00+00:00 [queued]>
[2024-12-09T17:41:07.935+0000] {taskinstance.py:1103} INFO - Dependencies all met for dep_context=requeueable deps ti=<TaskInstance: manufacturer_etl.fetch_manufacturer_data scheduled__2024-06-05T00:00:00+00:00 [queued]>
[2024-12-09T17:41:07.936+0000] {taskinstance.py:1308} INFO - Starting attempt 1 of 1
[2024-12-09T17:41:07.963+0000] {taskinstance.py:1327} INFO - Executing <Task(PythonOperator): fetch_manufacturer_data> on 2024-06-05 00:00:00+00:00
[2024-12-09T17:41:07.969+0000] {standard_task_runner.py:57} INFO - Started process 761 to run task
[2024-12-09T17:41:07.975+0000] {standard_task_runner.py:84} INFO - Running: ['airflow', 'tasks', 'run', 'manufacturer_etl', 'fetch_manufacturer_data', 'scheduled__2024-06-05T00:00:00+00:00', '--job-id', '172', '--raw', '--subdir', 'DAGS_FOLDER/manufacturer_etl.py', '--cfg-path', '/tmp/tmp4umtzioc']
[2024-12-09T17:41:07.977+0000] {standard_task_runner.py:85} INFO - Job 172: Subtask fetch_manufacturer_data
[2024-12-09T17:41:08.072+0000] {task_command.py:410} INFO - Running <TaskInstance: manufacturer_etl.fetch_manufacturer_data scheduled__2024-06-05T00:00:00+00:00 [running]> on host 916d98ee7a08
[2024-12-09T17:41:08.274+0000] {taskinstance.py:1547} INFO - Exporting env vars: AIRFLOW_CTX_DAG_OWNER='airflow' AIRFLOW_CTX_DAG_ID='manufacturer_etl' AIRFLOW_CTX_TASK_ID='fetch_manufacturer_data' AIRFLOW_CTX_EXECUTION_DATE='2024-06-05T00:00:00+00:00' AIRFLOW_CTX_TRY_NUMBER='1' AIRFLOW_CTX_DAG_RUN_ID='scheduled__2024-06-05T00:00:00+00:00'
[2024-12-09T17:41:08.276+0000] {manufacturer_etl.py:37} INFO - Fetching manufacturer details from the API.
[2024-12-09T17:41:09.820+0000] {manufacturer_etl.py:43} INFO - Successfully fetched 100 manufacturer records.
[2024-12-09T17:41:09.828+0000] {manufacturer_etl.py:48} INFO - Data saved to /opt/airflow/data/raw_manufacturer_data.json
[2024-12-09T17:41:09.831+0000] {python.py:183} INFO - Done. Returned value was: None
[2024-12-09T17:41:09.852+0000] {taskinstance.py:1350} INFO - Marking task as SUCCESS. dag_id=manufacturer_etl, task_id=fetch_manufacturer_data, execution_date=20240605T000000, start_date=20241209T174107, end_date=20241209T174109
[2024-12-09T17:41:09.915+0000] {local_task_job_runner.py:225} INFO - Task exited with return code 0
[2024-12-09T17:41:09.951+0000] {taskinstance.py:2653} INFO - 0 downstream tasks scheduled from follow-on schedule check
