[2024-12-09T16:58:03.807+0000] {taskinstance.py:1103} INFO - Dependencies all met for dep_context=non-requeueable deps ti=<TaskInstance: manufacturer_etl.fetch_manufacturer_data scheduled__2024-06-09T00:00:00+00:00 [queued]>
[2024-12-09T16:58:03.829+0000] {taskinstance.py:1103} INFO - Dependencies all met for dep_context=requeueable deps ti=<TaskInstance: manufacturer_etl.fetch_manufacturer_data scheduled__2024-06-09T00:00:00+00:00 [queued]>
[2024-12-09T16:58:03.830+0000] {taskinstance.py:1308} INFO - Starting attempt 1 of 1
[2024-12-09T16:58:03.864+0000] {taskinstance.py:1327} INFO - Executing <Task(PythonOperator): fetch_manufacturer_data> on 2024-06-09 00:00:00+00:00
[2024-12-09T16:58:03.870+0000] {standard_task_runner.py:57} INFO - Started process 847 to run task
[2024-12-09T16:58:03.877+0000] {standard_task_runner.py:84} INFO - Running: ['airflow', 'tasks', 'run', 'manufacturer_etl', 'fetch_manufacturer_data', 'scheduled__2024-06-09T00:00:00+00:00', '--job-id', '281', '--raw', '--subdir', 'DAGS_FOLDER/manufacturer_etl.py', '--cfg-path', '/tmp/tmpr6f9pb2c']
[2024-12-09T16:58:03.880+0000] {standard_task_runner.py:85} INFO - Job 281: Subtask fetch_manufacturer_data
[2024-12-09T16:58:04.003+0000] {task_command.py:410} INFO - Running <TaskInstance: manufacturer_etl.fetch_manufacturer_data scheduled__2024-06-09T00:00:00+00:00 [running]> on host 651f030c76c5
[2024-12-09T16:58:04.244+0000] {taskinstance.py:1547} INFO - Exporting env vars: AIRFLOW_CTX_DAG_OWNER='airflow' AIRFLOW_CTX_DAG_ID='manufacturer_etl' AIRFLOW_CTX_TASK_ID='fetch_manufacturer_data' AIRFLOW_CTX_EXECUTION_DATE='2024-06-09T00:00:00+00:00' AIRFLOW_CTX_TRY_NUMBER='1' AIRFLOW_CTX_DAG_RUN_ID='scheduled__2024-06-09T00:00:00+00:00'
[2024-12-09T16:58:04.246+0000] {manufacturer_etl.py:37} INFO - Fetching manufacturer details from the API.
[2024-12-09T16:58:13.546+0000] {manufacturer_etl.py:43} INFO - Successfully fetched 100 manufacturer records.
[2024-12-09T16:58:13.561+0000] {manufacturer_etl.py:48} INFO - Data saved to /opt/airflow/data/raw_manufacturer_data.json
[2024-12-09T16:58:13.566+0000] {python.py:183} INFO - Done. Returned value was: None
[2024-12-09T16:58:13.624+0000] {taskinstance.py:1350} INFO - Marking task as SUCCESS. dag_id=manufacturer_etl, task_id=fetch_manufacturer_data, execution_date=20240609T000000, start_date=20241209T165803, end_date=20241209T165813
[2024-12-09T16:58:13.696+0000] {local_task_job_runner.py:225} INFO - Task exited with return code 0
[2024-12-09T16:58:13.788+0000] {taskinstance.py:2653} INFO - 0 downstream tasks scheduled from follow-on schedule check
[2024-12-09T17:41:38.380+0000] {taskinstance.py:1103} INFO - Dependencies all met for dep_context=non-requeueable deps ti=<TaskInstance: manufacturer_etl.fetch_manufacturer_data scheduled__2024-06-09T00:00:00+00:00 [queued]>
[2024-12-09T17:41:38.399+0000] {taskinstance.py:1103} INFO - Dependencies all met for dep_context=requeueable deps ti=<TaskInstance: manufacturer_etl.fetch_manufacturer_data scheduled__2024-06-09T00:00:00+00:00 [queued]>
[2024-12-09T17:41:38.399+0000] {taskinstance.py:1308} INFO - Starting attempt 1 of 1
[2024-12-09T17:41:38.429+0000] {taskinstance.py:1327} INFO - Executing <Task(PythonOperator): fetch_manufacturer_data> on 2024-06-09 00:00:00+00:00
[2024-12-09T17:41:38.435+0000] {standard_task_runner.py:57} INFO - Started process 778 to run task
[2024-12-09T17:41:38.441+0000] {standard_task_runner.py:84} INFO - Running: ['airflow', 'tasks', 'run', 'manufacturer_etl', 'fetch_manufacturer_data', 'scheduled__2024-06-09T00:00:00+00:00', '--job-id', '176', '--raw', '--subdir', 'DAGS_FOLDER/manufacturer_etl.py', '--cfg-path', '/tmp/tmp4spr0q9x']
[2024-12-09T17:41:38.444+0000] {standard_task_runner.py:85} INFO - Job 176: Subtask fetch_manufacturer_data
[2024-12-09T17:41:38.544+0000] {task_command.py:410} INFO - Running <TaskInstance: manufacturer_etl.fetch_manufacturer_data scheduled__2024-06-09T00:00:00+00:00 [running]> on host 916d98ee7a08
[2024-12-09T17:41:38.752+0000] {taskinstance.py:1547} INFO - Exporting env vars: AIRFLOW_CTX_DAG_OWNER='airflow' AIRFLOW_CTX_DAG_ID='manufacturer_etl' AIRFLOW_CTX_TASK_ID='fetch_manufacturer_data' AIRFLOW_CTX_EXECUTION_DATE='2024-06-09T00:00:00+00:00' AIRFLOW_CTX_TRY_NUMBER='1' AIRFLOW_CTX_DAG_RUN_ID='scheduled__2024-06-09T00:00:00+00:00'
[2024-12-09T17:41:38.755+0000] {manufacturer_etl.py:37} INFO - Fetching manufacturer details from the API.
[2024-12-09T17:41:40.336+0000] {manufacturer_etl.py:43} INFO - Successfully fetched 100 manufacturer records.
[2024-12-09T17:41:40.343+0000] {manufacturer_etl.py:48} INFO - Data saved to /opt/airflow/data/raw_manufacturer_data.json
[2024-12-09T17:41:40.346+0000] {python.py:183} INFO - Done. Returned value was: None
[2024-12-09T17:41:40.367+0000] {taskinstance.py:1350} INFO - Marking task as SUCCESS. dag_id=manufacturer_etl, task_id=fetch_manufacturer_data, execution_date=20240609T000000, start_date=20241209T174138, end_date=20241209T174140
[2024-12-09T17:41:40.422+0000] {local_task_job_runner.py:225} INFO - Task exited with return code 0
[2024-12-09T17:41:40.462+0000] {taskinstance.py:2653} INFO - 0 downstream tasks scheduled from follow-on schedule check
