[2024-12-09T15:49:25.906+0000] {taskinstance.py:1103} INFO - Dependencies all met for dep_context=non-requeueable deps ti=<TaskInstance: manufacturer_etl.fetch_manufacturer_data scheduled__2024-02-18T00:00:00+00:00 [queued]>
[2024-12-09T15:49:25.915+0000] {taskinstance.py:1103} INFO - Dependencies all met for dep_context=requeueable deps ti=<TaskInstance: manufacturer_etl.fetch_manufacturer_data scheduled__2024-02-18T00:00:00+00:00 [queued]>
[2024-12-09T15:49:25.916+0000] {taskinstance.py:1308} INFO - Starting attempt 1 of 1
[2024-12-09T15:49:25.930+0000] {taskinstance.py:1327} INFO - Executing <Task(PythonOperator): fetch_manufacturer_data> on 2024-02-18 00:00:00+00:00
[2024-12-09T15:49:25.933+0000] {standard_task_runner.py:57} INFO - Started process 315 to run task
[2024-12-09T15:49:25.937+0000] {standard_task_runner.py:84} INFO - Running: ['airflow', 'tasks', 'run', 'manufacturer_etl', 'fetch_manufacturer_data', 'scheduled__2024-02-18T00:00:00+00:00', '--job-id', '64', '--raw', '--subdir', 'DAGS_FOLDER/manufacturer_etl.py', '--cfg-path', '/tmp/tmp5ag3o6kv']
[2024-12-09T15:49:25.938+0000] {standard_task_runner.py:85} INFO - Job 64: Subtask fetch_manufacturer_data
[2024-12-09T15:49:25.988+0000] {task_command.py:410} INFO - Running <TaskInstance: manufacturer_etl.fetch_manufacturer_data scheduled__2024-02-18T00:00:00+00:00 [running]> on host 782927b5dd22
[2024-12-09T15:49:26.098+0000] {taskinstance.py:1547} INFO - Exporting env vars: AIRFLOW_CTX_DAG_OWNER='airflow' AIRFLOW_CTX_DAG_ID='manufacturer_etl' AIRFLOW_CTX_TASK_ID='fetch_manufacturer_data' AIRFLOW_CTX_EXECUTION_DATE='2024-02-18T00:00:00+00:00' AIRFLOW_CTX_TRY_NUMBER='1' AIRFLOW_CTX_DAG_RUN_ID='scheduled__2024-02-18T00:00:00+00:00'
[2024-12-09T15:49:26.100+0000] {manufacturer_etl.py:37} INFO - Fetching manufacturer details from the API.
[2024-12-09T15:49:34.914+0000] {manufacturer_etl.py:43} INFO - Successfully fetched 100 manufacturer records.
[2024-12-09T15:49:34.928+0000] {manufacturer_etl.py:48} INFO - Data saved to /opt/airflow/data/raw_manufacturer_data.json
[2024-12-09T15:49:34.930+0000] {python.py:183} INFO - Done. Returned value was: None
[2024-12-09T15:49:34.941+0000] {taskinstance.py:1350} INFO - Marking task as SUCCESS. dag_id=manufacturer_etl, task_id=fetch_manufacturer_data, execution_date=20240218T000000, start_date=20241209T154925, end_date=20241209T154934
[2024-12-09T15:49:34.966+0000] {local_task_job_runner.py:225} INFO - Task exited with return code 0
[2024-12-09T15:49:34.984+0000] {taskinstance.py:2653} INFO - 0 downstream tasks scheduled from follow-on schedule check
[2024-12-09T16:31:49.448+0000] {taskinstance.py:1103} INFO - Dependencies all met for dep_context=non-requeueable deps ti=<TaskInstance: manufacturer_etl.fetch_manufacturer_data scheduled__2024-02-18T00:00:00+00:00 [queued]>
[2024-12-09T16:31:49.466+0000] {taskinstance.py:1103} INFO - Dependencies all met for dep_context=requeueable deps ti=<TaskInstance: manufacturer_etl.fetch_manufacturer_data scheduled__2024-02-18T00:00:00+00:00 [queued]>
[2024-12-09T16:31:49.467+0000] {taskinstance.py:1308} INFO - Starting attempt 1 of 1
[2024-12-09T16:31:49.498+0000] {taskinstance.py:1327} INFO - Executing <Task(PythonOperator): fetch_manufacturer_data> on 2024-02-18 00:00:00+00:00
[2024-12-09T16:31:49.505+0000] {standard_task_runner.py:57} INFO - Started process 347 to run task
[2024-12-09T16:31:49.512+0000] {standard_task_runner.py:84} INFO - Running: ['airflow', 'tasks', 'run', 'manufacturer_etl', 'fetch_manufacturer_data', 'scheduled__2024-02-18T00:00:00+00:00', '--job-id', '169', '--raw', '--subdir', 'DAGS_FOLDER/manufacturer_etl.py', '--cfg-path', '/tmp/tmp2lnyn08k']
[2024-12-09T16:31:49.515+0000] {standard_task_runner.py:85} INFO - Job 169: Subtask fetch_manufacturer_data
[2024-12-09T16:31:49.627+0000] {task_command.py:410} INFO - Running <TaskInstance: manufacturer_etl.fetch_manufacturer_data scheduled__2024-02-18T00:00:00+00:00 [running]> on host 651f030c76c5
[2024-12-09T16:31:49.848+0000] {taskinstance.py:1547} INFO - Exporting env vars: AIRFLOW_CTX_DAG_OWNER='airflow' AIRFLOW_CTX_DAG_ID='manufacturer_etl' AIRFLOW_CTX_TASK_ID='fetch_manufacturer_data' AIRFLOW_CTX_EXECUTION_DATE='2024-02-18T00:00:00+00:00' AIRFLOW_CTX_TRY_NUMBER='1' AIRFLOW_CTX_DAG_RUN_ID='scheduled__2024-02-18T00:00:00+00:00'
[2024-12-09T16:31:49.850+0000] {manufacturer_etl.py:37} INFO - Fetching manufacturer details from the API.
[2024-12-09T16:31:54.723+0000] {manufacturer_etl.py:43} INFO - Successfully fetched 100 manufacturer records.
[2024-12-09T16:31:54.736+0000] {manufacturer_etl.py:48} INFO - Data saved to /opt/airflow/data/raw_manufacturer_data.json
[2024-12-09T16:31:54.740+0000] {python.py:183} INFO - Done. Returned value was: None
[2024-12-09T16:31:54.786+0000] {taskinstance.py:1350} INFO - Marking task as SUCCESS. dag_id=manufacturer_etl, task_id=fetch_manufacturer_data, execution_date=20240218T000000, start_date=20241209T163149, end_date=20241209T163154
[2024-12-09T16:31:54.871+0000] {local_task_job_runner.py:225} INFO - Task exited with return code 0
[2024-12-09T16:31:54.944+0000] {taskinstance.py:2653} INFO - 0 downstream tasks scheduled from follow-on schedule check
[2024-12-09T17:27:05.078+0000] {taskinstance.py:1103} INFO - Dependencies all met for dep_context=non-requeueable deps ti=<TaskInstance: manufacturer_etl.fetch_manufacturer_data scheduled__2024-02-18T00:00:00+00:00 [queued]>
[2024-12-09T17:27:05.098+0000] {taskinstance.py:1103} INFO - Dependencies all met for dep_context=requeueable deps ti=<TaskInstance: manufacturer_etl.fetch_manufacturer_data scheduled__2024-02-18T00:00:00+00:00 [queued]>
[2024-12-09T17:27:05.099+0000] {taskinstance.py:1308} INFO - Starting attempt 1 of 1
[2024-12-09T17:27:05.129+0000] {taskinstance.py:1327} INFO - Executing <Task(PythonOperator): fetch_manufacturer_data> on 2024-02-18 00:00:00+00:00
[2024-12-09T17:27:05.137+0000] {standard_task_runner.py:57} INFO - Started process 301 to run task
[2024-12-09T17:27:05.143+0000] {standard_task_runner.py:84} INFO - Running: ['airflow', 'tasks', 'run', 'manufacturer_etl', 'fetch_manufacturer_data', 'scheduled__2024-02-18T00:00:00+00:00', '--job-id', '64', '--raw', '--subdir', 'DAGS_FOLDER/manufacturer_etl.py', '--cfg-path', '/tmp/tmp_4s498v1']
[2024-12-09T17:27:05.146+0000] {standard_task_runner.py:85} INFO - Job 64: Subtask fetch_manufacturer_data
[2024-12-09T17:27:05.247+0000] {task_command.py:410} INFO - Running <TaskInstance: manufacturer_etl.fetch_manufacturer_data scheduled__2024-02-18T00:00:00+00:00 [running]> on host 916d98ee7a08
[2024-12-09T17:27:05.454+0000] {taskinstance.py:1547} INFO - Exporting env vars: AIRFLOW_CTX_DAG_OWNER='airflow' AIRFLOW_CTX_DAG_ID='manufacturer_etl' AIRFLOW_CTX_TASK_ID='fetch_manufacturer_data' AIRFLOW_CTX_EXECUTION_DATE='2024-02-18T00:00:00+00:00' AIRFLOW_CTX_TRY_NUMBER='1' AIRFLOW_CTX_DAG_RUN_ID='scheduled__2024-02-18T00:00:00+00:00'
[2024-12-09T17:27:05.456+0000] {manufacturer_etl.py:37} INFO - Fetching manufacturer details from the API.
[2024-12-09T17:27:06.662+0000] {manufacturer_etl.py:43} INFO - Successfully fetched 100 manufacturer records.
[2024-12-09T17:27:06.669+0000] {manufacturer_etl.py:48} INFO - Data saved to /opt/airflow/data/raw_manufacturer_data.json
[2024-12-09T17:27:06.671+0000] {python.py:183} INFO - Done. Returned value was: None
[2024-12-09T17:27:06.695+0000] {taskinstance.py:1350} INFO - Marking task as SUCCESS. dag_id=manufacturer_etl, task_id=fetch_manufacturer_data, execution_date=20240218T000000, start_date=20241209T172705, end_date=20241209T172706
[2024-12-09T17:27:06.757+0000] {local_task_job_runner.py:225} INFO - Task exited with return code 0
[2024-12-09T17:27:06.796+0000] {taskinstance.py:2653} INFO - 0 downstream tasks scheduled from follow-on schedule check
