[2024-12-09T16:49:59.460+0000] {taskinstance.py:1103} INFO - Dependencies all met for dep_context=non-requeueable deps ti=<TaskInstance: manufacturer_etl.fetch_manufacturer_data scheduled__2024-05-06T00:00:00+00:00 [queued]>
[2024-12-09T16:49:59.491+0000] {taskinstance.py:1103} INFO - Dependencies all met for dep_context=requeueable deps ti=<TaskInstance: manufacturer_etl.fetch_manufacturer_data scheduled__2024-05-06T00:00:00+00:00 [queued]>
[2024-12-09T16:49:59.493+0000] {taskinstance.py:1308} INFO - Starting attempt 1 of 1
[2024-12-09T16:49:59.541+0000] {taskinstance.py:1327} INFO - Executing <Task(PythonOperator): fetch_manufacturer_data> on 2024-05-06 00:00:00+00:00
[2024-12-09T16:49:59.549+0000] {standard_task_runner.py:57} INFO - Started process 695 to run task
[2024-12-09T16:49:59.558+0000] {standard_task_runner.py:84} INFO - Running: ['airflow', 'tasks', 'run', 'manufacturer_etl', 'fetch_manufacturer_data', 'scheduled__2024-05-06T00:00:00+00:00', '--job-id', '247', '--raw', '--subdir', 'DAGS_FOLDER/manufacturer_etl.py', '--cfg-path', '/tmp/tmp6k46r_3o']
[2024-12-09T16:49:59.562+0000] {standard_task_runner.py:85} INFO - Job 247: Subtask fetch_manufacturer_data
[2024-12-09T16:49:59.704+0000] {task_command.py:410} INFO - Running <TaskInstance: manufacturer_etl.fetch_manufacturer_data scheduled__2024-05-06T00:00:00+00:00 [running]> on host 651f030c76c5
[2024-12-09T16:49:59.927+0000] {taskinstance.py:1547} INFO - Exporting env vars: AIRFLOW_CTX_DAG_OWNER='airflow' AIRFLOW_CTX_DAG_ID='manufacturer_etl' AIRFLOW_CTX_TASK_ID='fetch_manufacturer_data' AIRFLOW_CTX_EXECUTION_DATE='2024-05-06T00:00:00+00:00' AIRFLOW_CTX_TRY_NUMBER='1' AIRFLOW_CTX_DAG_RUN_ID='scheduled__2024-05-06T00:00:00+00:00'
[2024-12-09T16:49:59.929+0000] {manufacturer_etl.py:37} INFO - Fetching manufacturer details from the API.
[2024-12-09T16:50:04.953+0000] {manufacturer_etl.py:43} INFO - Successfully fetched 100 manufacturer records.
[2024-12-09T16:50:04.976+0000] {manufacturer_etl.py:48} INFO - Data saved to /opt/airflow/data/raw_manufacturer_data.json
[2024-12-09T16:50:04.984+0000] {python.py:183} INFO - Done. Returned value was: None
[2024-12-09T16:50:05.048+0000] {taskinstance.py:1350} INFO - Marking task as SUCCESS. dag_id=manufacturer_etl, task_id=fetch_manufacturer_data, execution_date=20240506T000000, start_date=20241209T164959, end_date=20241209T165005
[2024-12-09T16:50:05.126+0000] {local_task_job_runner.py:225} INFO - Task exited with return code 0
[2024-12-09T16:50:05.220+0000] {taskinstance.py:2653} INFO - 0 downstream tasks scheduled from follow-on schedule check
[2024-12-09T17:37:03.988+0000] {taskinstance.py:1103} INFO - Dependencies all met for dep_context=non-requeueable deps ti=<TaskInstance: manufacturer_etl.fetch_manufacturer_data scheduled__2024-05-06T00:00:00+00:00 [queued]>
[2024-12-09T17:37:04.006+0000] {taskinstance.py:1103} INFO - Dependencies all met for dep_context=requeueable deps ti=<TaskInstance: manufacturer_etl.fetch_manufacturer_data scheduled__2024-05-06T00:00:00+00:00 [queued]>
[2024-12-09T17:37:04.007+0000] {taskinstance.py:1308} INFO - Starting attempt 1 of 1
[2024-12-09T17:37:04.036+0000] {taskinstance.py:1327} INFO - Executing <Task(PythonOperator): fetch_manufacturer_data> on 2024-05-06 00:00:00+00:00
[2024-12-09T17:37:04.042+0000] {standard_task_runner.py:57} INFO - Started process 633 to run task
[2024-12-09T17:37:04.048+0000] {standard_task_runner.py:84} INFO - Running: ['airflow', 'tasks', 'run', 'manufacturer_etl', 'fetch_manufacturer_data', 'scheduled__2024-05-06T00:00:00+00:00', '--job-id', '142', '--raw', '--subdir', 'DAGS_FOLDER/manufacturer_etl.py', '--cfg-path', '/tmp/tmpdv1lpn86']
[2024-12-09T17:37:04.051+0000] {standard_task_runner.py:85} INFO - Job 142: Subtask fetch_manufacturer_data
[2024-12-09T17:37:04.148+0000] {task_command.py:410} INFO - Running <TaskInstance: manufacturer_etl.fetch_manufacturer_data scheduled__2024-05-06T00:00:00+00:00 [running]> on host 916d98ee7a08
[2024-12-09T17:37:04.352+0000] {taskinstance.py:1547} INFO - Exporting env vars: AIRFLOW_CTX_DAG_OWNER='airflow' AIRFLOW_CTX_DAG_ID='manufacturer_etl' AIRFLOW_CTX_TASK_ID='fetch_manufacturer_data' AIRFLOW_CTX_EXECUTION_DATE='2024-05-06T00:00:00+00:00' AIRFLOW_CTX_TRY_NUMBER='1' AIRFLOW_CTX_DAG_RUN_ID='scheduled__2024-05-06T00:00:00+00:00'
[2024-12-09T17:37:04.354+0000] {manufacturer_etl.py:37} INFO - Fetching manufacturer details from the API.
[2024-12-09T17:37:05.702+0000] {manufacturer_etl.py:43} INFO - Successfully fetched 100 manufacturer records.
[2024-12-09T17:37:05.717+0000] {manufacturer_etl.py:48} INFO - Data saved to /opt/airflow/data/raw_manufacturer_data.json
[2024-12-09T17:37:05.722+0000] {python.py:183} INFO - Done. Returned value was: None
[2024-12-09T17:37:05.745+0000] {taskinstance.py:1350} INFO - Marking task as SUCCESS. dag_id=manufacturer_etl, task_id=fetch_manufacturer_data, execution_date=20240506T000000, start_date=20241209T173703, end_date=20241209T173705
[2024-12-09T17:37:05.784+0000] {local_task_job_runner.py:225} INFO - Task exited with return code 0
[2024-12-09T17:37:05.822+0000] {taskinstance.py:2653} INFO - 0 downstream tasks scheduled from follow-on schedule check
