[2024-12-09T16:15:16.930+0000] {taskinstance.py:1103} INFO - Dependencies all met for dep_context=non-requeueable deps ti=<TaskInstance: manufacturer_etl.fetch_manufacturer_data scheduled__2024-03-14T00:00:00+00:00 [queued]>
[2024-12-09T16:15:16.950+0000] {taskinstance.py:1103} INFO - Dependencies all met for dep_context=requeueable deps ti=<TaskInstance: manufacturer_etl.fetch_manufacturer_data scheduled__2024-03-14T00:00:00+00:00 [queued]>
[2024-12-09T16:15:16.950+0000] {taskinstance.py:1308} INFO - Starting attempt 1 of 1
[2024-12-09T16:15:16.982+0000] {taskinstance.py:1327} INFO - Executing <Task(PythonOperator): fetch_manufacturer_data> on 2024-03-14 00:00:00+00:00
[2024-12-09T16:15:16.988+0000] {standard_task_runner.py:57} INFO - Started process 55 to run task
[2024-12-09T16:15:16.994+0000] {standard_task_runner.py:84} INFO - Running: ['airflow', 'tasks', 'run', 'manufacturer_etl', 'fetch_manufacturer_data', 'scheduled__2024-03-14T00:00:00+00:00', '--job-id', '104', '--raw', '--subdir', 'DAGS_FOLDER/manufacturer_etl.py', '--cfg-path', '/tmp/tmpj1okc7eo']
[2024-12-09T16:15:16.997+0000] {standard_task_runner.py:85} INFO - Job 104: Subtask fetch_manufacturer_data
[2024-12-09T16:15:17.112+0000] {task_command.py:410} INFO - Running <TaskInstance: manufacturer_etl.fetch_manufacturer_data scheduled__2024-03-14T00:00:00+00:00 [running]> on host 651f030c76c5
[2024-12-09T16:15:17.386+0000] {taskinstance.py:1547} INFO - Exporting env vars: AIRFLOW_CTX_DAG_OWNER='airflow' AIRFLOW_CTX_DAG_ID='manufacturer_etl' AIRFLOW_CTX_TASK_ID='fetch_manufacturer_data' AIRFLOW_CTX_EXECUTION_DATE='2024-03-14T00:00:00+00:00' AIRFLOW_CTX_TRY_NUMBER='1' AIRFLOW_CTX_DAG_RUN_ID='scheduled__2024-03-14T00:00:00+00:00'
[2024-12-09T16:15:17.388+0000] {manufacturer_etl.py:37} INFO - Fetching manufacturer details from the API.
[2024-12-09T16:15:22.592+0000] {manufacturer_etl.py:43} INFO - Successfully fetched 100 manufacturer records.
[2024-12-09T16:15:22.608+0000] {manufacturer_etl.py:48} INFO - Data saved to /opt/airflow/data/raw_manufacturer_data.json
[2024-12-09T16:15:22.611+0000] {python.py:183} INFO - Done. Returned value was: None
[2024-12-09T16:15:22.635+0000] {taskinstance.py:1350} INFO - Marking task as SUCCESS. dag_id=manufacturer_etl, task_id=fetch_manufacturer_data, execution_date=20240314T000000, start_date=20241209T161516, end_date=20241209T161522
[2024-12-09T16:15:22.695+0000] {local_task_job_runner.py:225} INFO - Task exited with return code 0
[2024-12-09T16:15:22.735+0000] {taskinstance.py:2653} INFO - 0 downstream tasks scheduled from follow-on schedule check
[2024-12-09T16:37:38.033+0000] {taskinstance.py:1103} INFO - Dependencies all met for dep_context=non-requeueable deps ti=<TaskInstance: manufacturer_etl.fetch_manufacturer_data scheduled__2024-03-14T00:00:00+00:00 [queued]>
[2024-12-09T16:37:38.052+0000] {taskinstance.py:1103} INFO - Dependencies all met for dep_context=requeueable deps ti=<TaskInstance: manufacturer_etl.fetch_manufacturer_data scheduled__2024-03-14T00:00:00+00:00 [queued]>
[2024-12-09T16:37:38.053+0000] {taskinstance.py:1308} INFO - Starting attempt 1 of 1
[2024-12-09T16:37:38.084+0000] {taskinstance.py:1327} INFO - Executing <Task(PythonOperator): fetch_manufacturer_data> on 2024-03-14 00:00:00+00:00
[2024-12-09T16:37:38.091+0000] {standard_task_runner.py:57} INFO - Started process 459 to run task
[2024-12-09T16:37:38.098+0000] {standard_task_runner.py:84} INFO - Running: ['airflow', 'tasks', 'run', 'manufacturer_etl', 'fetch_manufacturer_data', 'scheduled__2024-03-14T00:00:00+00:00', '--job-id', '194', '--raw', '--subdir', 'DAGS_FOLDER/manufacturer_etl.py', '--cfg-path', '/tmp/tmpskku8zuz']
[2024-12-09T16:37:38.101+0000] {standard_task_runner.py:85} INFO - Job 194: Subtask fetch_manufacturer_data
[2024-12-09T16:37:38.229+0000] {task_command.py:410} INFO - Running <TaskInstance: manufacturer_etl.fetch_manufacturer_data scheduled__2024-03-14T00:00:00+00:00 [running]> on host 651f030c76c5
[2024-12-09T16:37:38.446+0000] {taskinstance.py:1547} INFO - Exporting env vars: AIRFLOW_CTX_DAG_OWNER='airflow' AIRFLOW_CTX_DAG_ID='manufacturer_etl' AIRFLOW_CTX_TASK_ID='fetch_manufacturer_data' AIRFLOW_CTX_EXECUTION_DATE='2024-03-14T00:00:00+00:00' AIRFLOW_CTX_TRY_NUMBER='1' AIRFLOW_CTX_DAG_RUN_ID='scheduled__2024-03-14T00:00:00+00:00'
[2024-12-09T16:37:38.448+0000] {manufacturer_etl.py:37} INFO - Fetching manufacturer details from the API.
[2024-12-09T16:37:47.366+0000] {manufacturer_etl.py:43} INFO - Successfully fetched 100 manufacturer records.
[2024-12-09T16:37:47.380+0000] {manufacturer_etl.py:48} INFO - Data saved to /opt/airflow/data/raw_manufacturer_data.json
[2024-12-09T16:37:47.385+0000] {python.py:183} INFO - Done. Returned value was: None
[2024-12-09T16:37:47.441+0000] {taskinstance.py:1350} INFO - Marking task as SUCCESS. dag_id=manufacturer_etl, task_id=fetch_manufacturer_data, execution_date=20240314T000000, start_date=20241209T163738, end_date=20241209T163747
[2024-12-09T16:37:47.534+0000] {local_task_job_runner.py:225} INFO - Task exited with return code 0
[2024-12-09T16:37:47.628+0000] {taskinstance.py:2653} INFO - 0 downstream tasks scheduled from follow-on schedule check
[2024-12-09T17:30:22.784+0000] {taskinstance.py:1103} INFO - Dependencies all met for dep_context=non-requeueable deps ti=<TaskInstance: manufacturer_etl.fetch_manufacturer_data scheduled__2024-03-14T00:00:00+00:00 [queued]>
[2024-12-09T17:30:22.804+0000] {taskinstance.py:1103} INFO - Dependencies all met for dep_context=requeueable deps ti=<TaskInstance: manufacturer_etl.fetch_manufacturer_data scheduled__2024-03-14T00:00:00+00:00 [queued]>
[2024-12-09T17:30:22.804+0000] {taskinstance.py:1308} INFO - Starting attempt 1 of 1
[2024-12-09T17:30:22.832+0000] {taskinstance.py:1327} INFO - Executing <Task(PythonOperator): fetch_manufacturer_data> on 2024-03-14 00:00:00+00:00
[2024-12-09T17:30:22.838+0000] {standard_task_runner.py:57} INFO - Started process 407 to run task
[2024-12-09T17:30:22.844+0000] {standard_task_runner.py:84} INFO - Running: ['airflow', 'tasks', 'run', 'manufacturer_etl', 'fetch_manufacturer_data', 'scheduled__2024-03-14T00:00:00+00:00', '--job-id', '89', '--raw', '--subdir', 'DAGS_FOLDER/manufacturer_etl.py', '--cfg-path', '/tmp/tmpwul7vm6g']
[2024-12-09T17:30:22.846+0000] {standard_task_runner.py:85} INFO - Job 89: Subtask fetch_manufacturer_data
[2024-12-09T17:30:22.943+0000] {task_command.py:410} INFO - Running <TaskInstance: manufacturer_etl.fetch_manufacturer_data scheduled__2024-03-14T00:00:00+00:00 [running]> on host 916d98ee7a08
[2024-12-09T17:30:23.140+0000] {taskinstance.py:1547} INFO - Exporting env vars: AIRFLOW_CTX_DAG_OWNER='airflow' AIRFLOW_CTX_DAG_ID='manufacturer_etl' AIRFLOW_CTX_TASK_ID='fetch_manufacturer_data' AIRFLOW_CTX_EXECUTION_DATE='2024-03-14T00:00:00+00:00' AIRFLOW_CTX_TRY_NUMBER='1' AIRFLOW_CTX_DAG_RUN_ID='scheduled__2024-03-14T00:00:00+00:00'
[2024-12-09T17:30:23.142+0000] {manufacturer_etl.py:37} INFO - Fetching manufacturer details from the API.
[2024-12-09T17:30:25.665+0000] {manufacturer_etl.py:43} INFO - Successfully fetched 100 manufacturer records.
[2024-12-09T17:30:25.676+0000] {manufacturer_etl.py:48} INFO - Data saved to /opt/airflow/data/raw_manufacturer_data.json
[2024-12-09T17:30:25.680+0000] {python.py:183} INFO - Done. Returned value was: None
[2024-12-09T17:30:25.714+0000] {taskinstance.py:1350} INFO - Marking task as SUCCESS. dag_id=manufacturer_etl, task_id=fetch_manufacturer_data, execution_date=20240314T000000, start_date=20241209T173022, end_date=20241209T173025
[2024-12-09T17:30:25.768+0000] {local_task_job_runner.py:225} INFO - Task exited with return code 0
[2024-12-09T17:30:25.809+0000] {taskinstance.py:2653} INFO - 0 downstream tasks scheduled from follow-on schedule check
