[2024-12-09T17:05:34.675+0000] {taskinstance.py:1103} INFO - Dependencies all met for dep_context=non-requeueable deps ti=<TaskInstance: manufacturer_etl.fetch_manufacturer_data scheduled__2024-07-10T00:00:00+00:00 [queued]>
[2024-12-09T17:05:34.695+0000] {taskinstance.py:1103} INFO - Dependencies all met for dep_context=requeueable deps ti=<TaskInstance: manufacturer_etl.fetch_manufacturer_data scheduled__2024-07-10T00:00:00+00:00 [queued]>
[2024-12-09T17:05:34.695+0000] {taskinstance.py:1308} INFO - Starting attempt 1 of 1
[2024-12-09T17:05:34.723+0000] {taskinstance.py:1327} INFO - Executing <Task(PythonOperator): fetch_manufacturer_data> on 2024-07-10 00:00:00+00:00
[2024-12-09T17:05:34.733+0000] {standard_task_runner.py:57} INFO - Started process 986 to run task
[2024-12-09T17:05:34.739+0000] {standard_task_runner.py:84} INFO - Running: ['airflow', 'tasks', 'run', 'manufacturer_etl', 'fetch_manufacturer_data', 'scheduled__2024-07-10T00:00:00+00:00', '--job-id', '312', '--raw', '--subdir', 'DAGS_FOLDER/manufacturer_etl.py', '--cfg-path', '/tmp/tmpdtnwhomk']
[2024-12-09T17:05:34.741+0000] {standard_task_runner.py:85} INFO - Job 312: Subtask fetch_manufacturer_data
[2024-12-09T17:05:34.840+0000] {task_command.py:410} INFO - Running <TaskInstance: manufacturer_etl.fetch_manufacturer_data scheduled__2024-07-10T00:00:00+00:00 [running]> on host 651f030c76c5
[2024-12-09T17:05:35.058+0000] {taskinstance.py:1547} INFO - Exporting env vars: AIRFLOW_CTX_DAG_OWNER='airflow' AIRFLOW_CTX_DAG_ID='manufacturer_etl' AIRFLOW_CTX_TASK_ID='fetch_manufacturer_data' AIRFLOW_CTX_EXECUTION_DATE='2024-07-10T00:00:00+00:00' AIRFLOW_CTX_TRY_NUMBER='1' AIRFLOW_CTX_DAG_RUN_ID='scheduled__2024-07-10T00:00:00+00:00'
[2024-12-09T17:05:35.060+0000] {manufacturer_etl.py:37} INFO - Fetching manufacturer details from the API.
[2024-12-09T17:05:44.005+0000] {manufacturer_etl.py:43} INFO - Successfully fetched 100 manufacturer records.
[2024-12-09T17:05:44.012+0000] {manufacturer_etl.py:48} INFO - Data saved to /opt/airflow/data/raw_manufacturer_data.json
[2024-12-09T17:05:44.014+0000] {python.py:183} INFO - Done. Returned value was: None
[2024-12-09T17:05:44.037+0000] {taskinstance.py:1350} INFO - Marking task as SUCCESS. dag_id=manufacturer_etl, task_id=fetch_manufacturer_data, execution_date=20240710T000000, start_date=20241209T170534, end_date=20241209T170544
[2024-12-09T17:05:44.076+0000] {local_task_job_runner.py:225} INFO - Task exited with return code 0
[2024-12-09T17:05:44.123+0000] {taskinstance.py:2653} INFO - 0 downstream tasks scheduled from follow-on schedule check
[2024-12-09T17:45:58.287+0000] {taskinstance.py:1103} INFO - Dependencies all met for dep_context=non-requeueable deps ti=<TaskInstance: manufacturer_etl.fetch_manufacturer_data scheduled__2024-07-10T00:00:00+00:00 [queued]>
[2024-12-09T17:45:58.307+0000] {taskinstance.py:1103} INFO - Dependencies all met for dep_context=requeueable deps ti=<TaskInstance: manufacturer_etl.fetch_manufacturer_data scheduled__2024-07-10T00:00:00+00:00 [queued]>
[2024-12-09T17:45:58.308+0000] {taskinstance.py:1308} INFO - Starting attempt 1 of 1
[2024-12-09T17:45:58.338+0000] {taskinstance.py:1327} INFO - Executing <Task(PythonOperator): fetch_manufacturer_data> on 2024-07-10 00:00:00+00:00
[2024-12-09T17:45:58.345+0000] {standard_task_runner.py:57} INFO - Started process 910 to run task
[2024-12-09T17:45:58.353+0000] {standard_task_runner.py:84} INFO - Running: ['airflow', 'tasks', 'run', 'manufacturer_etl', 'fetch_manufacturer_data', 'scheduled__2024-07-10T00:00:00+00:00', '--job-id', '207', '--raw', '--subdir', 'DAGS_FOLDER/manufacturer_etl.py', '--cfg-path', '/tmp/tmpbza62p5a']
[2024-12-09T17:45:58.355+0000] {standard_task_runner.py:85} INFO - Job 207: Subtask fetch_manufacturer_data
[2024-12-09T17:45:58.470+0000] {task_command.py:410} INFO - Running <TaskInstance: manufacturer_etl.fetch_manufacturer_data scheduled__2024-07-10T00:00:00+00:00 [running]> on host 916d98ee7a08
[2024-12-09T17:45:58.713+0000] {taskinstance.py:1547} INFO - Exporting env vars: AIRFLOW_CTX_DAG_OWNER='airflow' AIRFLOW_CTX_DAG_ID='manufacturer_etl' AIRFLOW_CTX_TASK_ID='fetch_manufacturer_data' AIRFLOW_CTX_EXECUTION_DATE='2024-07-10T00:00:00+00:00' AIRFLOW_CTX_TRY_NUMBER='1' AIRFLOW_CTX_DAG_RUN_ID='scheduled__2024-07-10T00:00:00+00:00'
[2024-12-09T17:45:58.716+0000] {manufacturer_etl.py:37} INFO - Fetching manufacturer details from the API.
[2024-12-09T17:46:00.331+0000] {manufacturer_etl.py:43} INFO - Successfully fetched 100 manufacturer records.
[2024-12-09T17:46:00.337+0000] {manufacturer_etl.py:48} INFO - Data saved to /opt/airflow/data/raw_manufacturer_data.json
[2024-12-09T17:46:00.340+0000] {python.py:183} INFO - Done. Returned value was: None
[2024-12-09T17:46:00.362+0000] {taskinstance.py:1350} INFO - Marking task as SUCCESS. dag_id=manufacturer_etl, task_id=fetch_manufacturer_data, execution_date=20240710T000000, start_date=20241209T174558, end_date=20241209T174600
[2024-12-09T17:46:00.416+0000] {local_task_job_runner.py:225} INFO - Task exited with return code 0
[2024-12-09T17:46:00.454+0000] {taskinstance.py:2653} INFO - 0 downstream tasks scheduled from follow-on schedule check
