[2024-12-09T16:55:23.489+0000] {taskinstance.py:1103} INFO - Dependencies all met for dep_context=non-requeueable deps ti=<TaskInstance: manufacturer_etl.fetch_manufacturer_data scheduled__2024-05-28T00:00:00+00:00 [queued]>
[2024-12-09T16:55:23.510+0000] {taskinstance.py:1103} INFO - Dependencies all met for dep_context=requeueable deps ti=<TaskInstance: manufacturer_etl.fetch_manufacturer_data scheduled__2024-05-28T00:00:00+00:00 [queued]>
[2024-12-09T16:55:23.511+0000] {taskinstance.py:1308} INFO - Starting attempt 1 of 1
[2024-12-09T16:55:23.540+0000] {taskinstance.py:1327} INFO - Executing <Task(PythonOperator): fetch_manufacturer_data> on 2024-05-28 00:00:00+00:00
[2024-12-09T16:55:23.546+0000] {standard_task_runner.py:57} INFO - Started process 794 to run task
[2024-12-09T16:55:23.552+0000] {standard_task_runner.py:84} INFO - Running: ['airflow', 'tasks', 'run', 'manufacturer_etl', 'fetch_manufacturer_data', 'scheduled__2024-05-28T00:00:00+00:00', '--job-id', '269', '--raw', '--subdir', 'DAGS_FOLDER/manufacturer_etl.py', '--cfg-path', '/tmp/tmpnw_700fv']
[2024-12-09T16:55:23.555+0000] {standard_task_runner.py:85} INFO - Job 269: Subtask fetch_manufacturer_data
[2024-12-09T16:55:23.660+0000] {task_command.py:410} INFO - Running <TaskInstance: manufacturer_etl.fetch_manufacturer_data scheduled__2024-05-28T00:00:00+00:00 [running]> on host 651f030c76c5
[2024-12-09T16:55:23.905+0000] {taskinstance.py:1547} INFO - Exporting env vars: AIRFLOW_CTX_DAG_OWNER='airflow' AIRFLOW_CTX_DAG_ID='manufacturer_etl' AIRFLOW_CTX_TASK_ID='fetch_manufacturer_data' AIRFLOW_CTX_EXECUTION_DATE='2024-05-28T00:00:00+00:00' AIRFLOW_CTX_TRY_NUMBER='1' AIRFLOW_CTX_DAG_RUN_ID='scheduled__2024-05-28T00:00:00+00:00'
[2024-12-09T16:55:23.907+0000] {manufacturer_etl.py:37} INFO - Fetching manufacturer details from the API.
[2024-12-09T16:55:28.987+0000] {manufacturer_etl.py:43} INFO - Successfully fetched 100 manufacturer records.
[2024-12-09T16:55:28.994+0000] {manufacturer_etl.py:48} INFO - Data saved to /opt/airflow/data/raw_manufacturer_data.json
[2024-12-09T16:55:28.996+0000] {python.py:183} INFO - Done. Returned value was: None
[2024-12-09T16:55:29.019+0000] {taskinstance.py:1350} INFO - Marking task as SUCCESS. dag_id=manufacturer_etl, task_id=fetch_manufacturer_data, execution_date=20240528T000000, start_date=20241209T165523, end_date=20241209T165529
[2024-12-09T16:55:29.082+0000] {local_task_job_runner.py:225} INFO - Task exited with return code 0
[2024-12-09T16:55:29.121+0000] {taskinstance.py:2653} INFO - 0 downstream tasks scheduled from follow-on schedule check
[2024-12-09T17:40:04.915+0000] {taskinstance.py:1103} INFO - Dependencies all met for dep_context=non-requeueable deps ti=<TaskInstance: manufacturer_etl.fetch_manufacturer_data scheduled__2024-05-28T00:00:00+00:00 [queued]>
[2024-12-09T17:40:04.933+0000] {taskinstance.py:1103} INFO - Dependencies all met for dep_context=requeueable deps ti=<TaskInstance: manufacturer_etl.fetch_manufacturer_data scheduled__2024-05-28T00:00:00+00:00 [queued]>
[2024-12-09T17:40:04.934+0000] {taskinstance.py:1308} INFO - Starting attempt 1 of 1
[2024-12-09T17:40:04.962+0000] {taskinstance.py:1327} INFO - Executing <Task(PythonOperator): fetch_manufacturer_data> on 2024-05-28 00:00:00+00:00
[2024-12-09T17:40:04.968+0000] {standard_task_runner.py:57} INFO - Started process 726 to run task
[2024-12-09T17:40:04.974+0000] {standard_task_runner.py:84} INFO - Running: ['airflow', 'tasks', 'run', 'manufacturer_etl', 'fetch_manufacturer_data', 'scheduled__2024-05-28T00:00:00+00:00', '--job-id', '164', '--raw', '--subdir', 'DAGS_FOLDER/manufacturer_etl.py', '--cfg-path', '/tmp/tmphwm6jnw3']
[2024-12-09T17:40:04.976+0000] {standard_task_runner.py:85} INFO - Job 164: Subtask fetch_manufacturer_data
[2024-12-09T17:40:05.073+0000] {task_command.py:410} INFO - Running <TaskInstance: manufacturer_etl.fetch_manufacturer_data scheduled__2024-05-28T00:00:00+00:00 [running]> on host 916d98ee7a08
[2024-12-09T17:40:05.301+0000] {taskinstance.py:1547} INFO - Exporting env vars: AIRFLOW_CTX_DAG_OWNER='airflow' AIRFLOW_CTX_DAG_ID='manufacturer_etl' AIRFLOW_CTX_TASK_ID='fetch_manufacturer_data' AIRFLOW_CTX_EXECUTION_DATE='2024-05-28T00:00:00+00:00' AIRFLOW_CTX_TRY_NUMBER='1' AIRFLOW_CTX_DAG_RUN_ID='scheduled__2024-05-28T00:00:00+00:00'
[2024-12-09T17:40:05.304+0000] {manufacturer_etl.py:37} INFO - Fetching manufacturer details from the API.
[2024-12-09T17:40:07.460+0000] {manufacturer_etl.py:43} INFO - Successfully fetched 100 manufacturer records.
[2024-12-09T17:40:07.468+0000] {manufacturer_etl.py:48} INFO - Data saved to /opt/airflow/data/raw_manufacturer_data.json
[2024-12-09T17:40:07.470+0000] {python.py:183} INFO - Done. Returned value was: None
[2024-12-09T17:40:07.491+0000] {taskinstance.py:1350} INFO - Marking task as SUCCESS. dag_id=manufacturer_etl, task_id=fetch_manufacturer_data, execution_date=20240528T000000, start_date=20241209T174004, end_date=20241209T174007
[2024-12-09T17:40:07.529+0000] {local_task_job_runner.py:225} INFO - Task exited with return code 0
[2024-12-09T17:40:07.565+0000] {taskinstance.py:2653} INFO - 0 downstream tasks scheduled from follow-on schedule check
