[2024-12-09T16:42:31.074+0000] {taskinstance.py:1103} INFO - Dependencies all met for dep_context=non-requeueable deps ti=<TaskInstance: manufacturer_etl.fetch_manufacturer_data scheduled__2024-04-04T00:00:00+00:00 [queued]>
[2024-12-09T16:42:31.093+0000] {taskinstance.py:1103} INFO - Dependencies all met for dep_context=requeueable deps ti=<TaskInstance: manufacturer_etl.fetch_manufacturer_data scheduled__2024-04-04T00:00:00+00:00 [queued]>
[2024-12-09T16:42:31.094+0000] {taskinstance.py:1308} INFO - Starting attempt 1 of 1
[2024-12-09T16:42:31.126+0000] {taskinstance.py:1327} INFO - Executing <Task(PythonOperator): fetch_manufacturer_data> on 2024-04-04 00:00:00+00:00
[2024-12-09T16:42:31.132+0000] {standard_task_runner.py:57} INFO - Started process 552 to run task
[2024-12-09T16:42:31.138+0000] {standard_task_runner.py:84} INFO - Running: ['airflow', 'tasks', 'run', 'manufacturer_etl', 'fetch_manufacturer_data', 'scheduled__2024-04-04T00:00:00+00:00', '--job-id', '215', '--raw', '--subdir', 'DAGS_FOLDER/manufacturer_etl.py', '--cfg-path', '/tmp/tmpcsz5tz6e']
[2024-12-09T16:42:31.140+0000] {standard_task_runner.py:85} INFO - Job 215: Subtask fetch_manufacturer_data
[2024-12-09T16:42:31.243+0000] {task_command.py:410} INFO - Running <TaskInstance: manufacturer_etl.fetch_manufacturer_data scheduled__2024-04-04T00:00:00+00:00 [running]> on host 651f030c76c5
[2024-12-09T16:42:31.468+0000] {taskinstance.py:1547} INFO - Exporting env vars: AIRFLOW_CTX_DAG_OWNER='airflow' AIRFLOW_CTX_DAG_ID='manufacturer_etl' AIRFLOW_CTX_TASK_ID='fetch_manufacturer_data' AIRFLOW_CTX_EXECUTION_DATE='2024-04-04T00:00:00+00:00' AIRFLOW_CTX_TRY_NUMBER='1' AIRFLOW_CTX_DAG_RUN_ID='scheduled__2024-04-04T00:00:00+00:00'
[2024-12-09T16:42:31.470+0000] {manufacturer_etl.py:37} INFO - Fetching manufacturer details from the API.
[2024-12-09T16:42:40.374+0000] {manufacturer_etl.py:43} INFO - Successfully fetched 100 manufacturer records.
[2024-12-09T16:42:40.389+0000] {manufacturer_etl.py:48} INFO - Data saved to /opt/airflow/data/raw_manufacturer_data.json
[2024-12-09T16:42:40.394+0000] {python.py:183} INFO - Done. Returned value was: None
[2024-12-09T16:42:40.444+0000] {taskinstance.py:1350} INFO - Marking task as SUCCESS. dag_id=manufacturer_etl, task_id=fetch_manufacturer_data, execution_date=20240404T000000, start_date=20241209T164231, end_date=20241209T164240
[2024-12-09T16:42:40.555+0000] {local_task_job_runner.py:225} INFO - Task exited with return code 0
[2024-12-09T16:42:40.645+0000] {taskinstance.py:2653} INFO - 0 downstream tasks scheduled from follow-on schedule check
[2024-12-09T17:33:03.301+0000] {taskinstance.py:1103} INFO - Dependencies all met for dep_context=non-requeueable deps ti=<TaskInstance: manufacturer_etl.fetch_manufacturer_data scheduled__2024-04-04T00:00:00+00:00 [queued]>
[2024-12-09T17:33:03.318+0000] {taskinstance.py:1103} INFO - Dependencies all met for dep_context=requeueable deps ti=<TaskInstance: manufacturer_etl.fetch_manufacturer_data scheduled__2024-04-04T00:00:00+00:00 [queued]>
[2024-12-09T17:33:03.319+0000] {taskinstance.py:1308} INFO - Starting attempt 1 of 1
[2024-12-09T17:33:03.348+0000] {taskinstance.py:1327} INFO - Executing <Task(PythonOperator): fetch_manufacturer_data> on 2024-04-04 00:00:00+00:00
[2024-12-09T17:33:03.355+0000] {standard_task_runner.py:57} INFO - Started process 497 to run task
[2024-12-09T17:33:03.361+0000] {standard_task_runner.py:84} INFO - Running: ['airflow', 'tasks', 'run', 'manufacturer_etl', 'fetch_manufacturer_data', 'scheduled__2024-04-04T00:00:00+00:00', '--job-id', '110', '--raw', '--subdir', 'DAGS_FOLDER/manufacturer_etl.py', '--cfg-path', '/tmp/tmps38n7ynb']
[2024-12-09T17:33:03.363+0000] {standard_task_runner.py:85} INFO - Job 110: Subtask fetch_manufacturer_data
[2024-12-09T17:33:03.460+0000] {task_command.py:410} INFO - Running <TaskInstance: manufacturer_etl.fetch_manufacturer_data scheduled__2024-04-04T00:00:00+00:00 [running]> on host 916d98ee7a08
[2024-12-09T17:33:03.663+0000] {taskinstance.py:1547} INFO - Exporting env vars: AIRFLOW_CTX_DAG_OWNER='airflow' AIRFLOW_CTX_DAG_ID='manufacturer_etl' AIRFLOW_CTX_TASK_ID='fetch_manufacturer_data' AIRFLOW_CTX_EXECUTION_DATE='2024-04-04T00:00:00+00:00' AIRFLOW_CTX_TRY_NUMBER='1' AIRFLOW_CTX_DAG_RUN_ID='scheduled__2024-04-04T00:00:00+00:00'
[2024-12-09T17:33:03.665+0000] {manufacturer_etl.py:37} INFO - Fetching manufacturer details from the API.
[2024-12-09T17:33:05.060+0000] {manufacturer_etl.py:43} INFO - Successfully fetched 100 manufacturer records.
[2024-12-09T17:33:05.067+0000] {manufacturer_etl.py:48} INFO - Data saved to /opt/airflow/data/raw_manufacturer_data.json
[2024-12-09T17:33:05.070+0000] {python.py:183} INFO - Done. Returned value was: None
[2024-12-09T17:33:05.090+0000] {taskinstance.py:1350} INFO - Marking task as SUCCESS. dag_id=manufacturer_etl, task_id=fetch_manufacturer_data, execution_date=20240404T000000, start_date=20241209T173303, end_date=20241209T173305
[2024-12-09T17:33:05.136+0000] {local_task_job_runner.py:225} INFO - Task exited with return code 0
[2024-12-09T17:33:05.174+0000] {taskinstance.py:2653} INFO - 0 downstream tasks scheduled from follow-on schedule check
