[2024-12-09T16:50:53.091+0000] {taskinstance.py:1103} INFO - Dependencies all met for dep_context=non-requeueable deps ti=<TaskInstance: manufacturer_etl.fetch_manufacturer_data scheduled__2024-05-10T00:00:00+00:00 [queued]>
[2024-12-09T16:50:53.112+0000] {taskinstance.py:1103} INFO - Dependencies all met for dep_context=requeueable deps ti=<TaskInstance: manufacturer_etl.fetch_manufacturer_data scheduled__2024-05-10T00:00:00+00:00 [queued]>
[2024-12-09T16:50:53.112+0000] {taskinstance.py:1308} INFO - Starting attempt 1 of 1
[2024-12-09T16:50:53.142+0000] {taskinstance.py:1327} INFO - Executing <Task(PythonOperator): fetch_manufacturer_data> on 2024-05-10 00:00:00+00:00
[2024-12-09T16:50:53.148+0000] {standard_task_runner.py:57} INFO - Started process 713 to run task
[2024-12-09T16:50:53.154+0000] {standard_task_runner.py:84} INFO - Running: ['airflow', 'tasks', 'run', 'manufacturer_etl', 'fetch_manufacturer_data', 'scheduled__2024-05-10T00:00:00+00:00', '--job-id', '251', '--raw', '--subdir', 'DAGS_FOLDER/manufacturer_etl.py', '--cfg-path', '/tmp/tmpxeafq3xo']
[2024-12-09T16:50:53.156+0000] {standard_task_runner.py:85} INFO - Job 251: Subtask fetch_manufacturer_data
[2024-12-09T16:50:53.261+0000] {task_command.py:410} INFO - Running <TaskInstance: manufacturer_etl.fetch_manufacturer_data scheduled__2024-05-10T00:00:00+00:00 [running]> on host 651f030c76c5
[2024-12-09T16:50:53.468+0000] {taskinstance.py:1547} INFO - Exporting env vars: AIRFLOW_CTX_DAG_OWNER='airflow' AIRFLOW_CTX_DAG_ID='manufacturer_etl' AIRFLOW_CTX_TASK_ID='fetch_manufacturer_data' AIRFLOW_CTX_EXECUTION_DATE='2024-05-10T00:00:00+00:00' AIRFLOW_CTX_TRY_NUMBER='1' AIRFLOW_CTX_DAG_RUN_ID='scheduled__2024-05-10T00:00:00+00:00'
[2024-12-09T16:50:53.470+0000] {manufacturer_etl.py:37} INFO - Fetching manufacturer details from the API.
[2024-12-09T16:50:58.450+0000] {manufacturer_etl.py:43} INFO - Successfully fetched 100 manufacturer records.
[2024-12-09T16:50:58.467+0000] {manufacturer_etl.py:48} INFO - Data saved to /opt/airflow/data/raw_manufacturer_data.json
[2024-12-09T16:50:58.473+0000] {python.py:183} INFO - Done. Returned value was: None
[2024-12-09T16:50:58.531+0000] {taskinstance.py:1350} INFO - Marking task as SUCCESS. dag_id=manufacturer_etl, task_id=fetch_manufacturer_data, execution_date=20240510T000000, start_date=20241209T165053, end_date=20241209T165058
[2024-12-09T16:50:58.622+0000] {local_task_job_runner.py:225} INFO - Task exited with return code 0
[2024-12-09T16:50:58.710+0000] {taskinstance.py:2653} INFO - 0 downstream tasks scheduled from follow-on schedule check
[2024-12-09T17:37:36.884+0000] {taskinstance.py:1103} INFO - Dependencies all met for dep_context=non-requeueable deps ti=<TaskInstance: manufacturer_etl.fetch_manufacturer_data scheduled__2024-05-10T00:00:00+00:00 [queued]>
[2024-12-09T17:37:36.902+0000] {taskinstance.py:1103} INFO - Dependencies all met for dep_context=requeueable deps ti=<TaskInstance: manufacturer_etl.fetch_manufacturer_data scheduled__2024-05-10T00:00:00+00:00 [queued]>
[2024-12-09T17:37:36.903+0000] {taskinstance.py:1308} INFO - Starting attempt 1 of 1
[2024-12-09T17:37:36.933+0000] {taskinstance.py:1327} INFO - Executing <Task(PythonOperator): fetch_manufacturer_data> on 2024-05-10 00:00:00+00:00
[2024-12-09T17:37:36.940+0000] {standard_task_runner.py:57} INFO - Started process 650 to run task
[2024-12-09T17:37:36.946+0000] {standard_task_runner.py:84} INFO - Running: ['airflow', 'tasks', 'run', 'manufacturer_etl', 'fetch_manufacturer_data', 'scheduled__2024-05-10T00:00:00+00:00', '--job-id', '146', '--raw', '--subdir', 'DAGS_FOLDER/manufacturer_etl.py', '--cfg-path', '/tmp/tmpph65vs_1']
[2024-12-09T17:37:36.949+0000] {standard_task_runner.py:85} INFO - Job 146: Subtask fetch_manufacturer_data
[2024-12-09T17:37:37.050+0000] {task_command.py:410} INFO - Running <TaskInstance: manufacturer_etl.fetch_manufacturer_data scheduled__2024-05-10T00:00:00+00:00 [running]> on host 916d98ee7a08
[2024-12-09T17:37:37.248+0000] {taskinstance.py:1547} INFO - Exporting env vars: AIRFLOW_CTX_DAG_OWNER='airflow' AIRFLOW_CTX_DAG_ID='manufacturer_etl' AIRFLOW_CTX_TASK_ID='fetch_manufacturer_data' AIRFLOW_CTX_EXECUTION_DATE='2024-05-10T00:00:00+00:00' AIRFLOW_CTX_TRY_NUMBER='1' AIRFLOW_CTX_DAG_RUN_ID='scheduled__2024-05-10T00:00:00+00:00'
[2024-12-09T17:37:37.250+0000] {manufacturer_etl.py:37} INFO - Fetching manufacturer details from the API.
[2024-12-09T17:37:38.980+0000] {manufacturer_etl.py:43} INFO - Successfully fetched 100 manufacturer records.
[2024-12-09T17:37:38.989+0000] {manufacturer_etl.py:48} INFO - Data saved to /opt/airflow/data/raw_manufacturer_data.json
[2024-12-09T17:37:38.991+0000] {python.py:183} INFO - Done. Returned value was: None
[2024-12-09T17:37:39.012+0000] {taskinstance.py:1350} INFO - Marking task as SUCCESS. dag_id=manufacturer_etl, task_id=fetch_manufacturer_data, execution_date=20240510T000000, start_date=20241209T173736, end_date=20241209T173739
[2024-12-09T17:37:39.050+0000] {local_task_job_runner.py:225} INFO - Task exited with return code 0
[2024-12-09T17:37:39.088+0000] {taskinstance.py:2653} INFO - 0 downstream tasks scheduled from follow-on schedule check
