[2024-12-09T16:46:57.806+0000] {taskinstance.py:1103} INFO - Dependencies all met for dep_context=non-requeueable deps ti=<TaskInstance: manufacturer_etl.fetch_manufacturer_data scheduled__2024-04-23T00:00:00+00:00 [queued]>
[2024-12-09T16:46:57.826+0000] {taskinstance.py:1103} INFO - Dependencies all met for dep_context=requeueable deps ti=<TaskInstance: manufacturer_etl.fetch_manufacturer_data scheduled__2024-04-23T00:00:00+00:00 [queued]>
[2024-12-09T16:46:57.827+0000] {taskinstance.py:1308} INFO - Starting attempt 1 of 1
[2024-12-09T16:46:57.860+0000] {taskinstance.py:1327} INFO - Executing <Task(PythonOperator): fetch_manufacturer_data> on 2024-04-23 00:00:00+00:00
[2024-12-09T16:46:57.867+0000] {standard_task_runner.py:57} INFO - Started process 637 to run task
[2024-12-09T16:46:57.874+0000] {standard_task_runner.py:84} INFO - Running: ['airflow', 'tasks', 'run', 'manufacturer_etl', 'fetch_manufacturer_data', 'scheduled__2024-04-23T00:00:00+00:00', '--job-id', '234', '--raw', '--subdir', 'DAGS_FOLDER/manufacturer_etl.py', '--cfg-path', '/tmp/tmpqk7r75mn']
[2024-12-09T16:46:57.877+0000] {standard_task_runner.py:85} INFO - Job 234: Subtask fetch_manufacturer_data
[2024-12-09T16:46:57.980+0000] {task_command.py:410} INFO - Running <TaskInstance: manufacturer_etl.fetch_manufacturer_data scheduled__2024-04-23T00:00:00+00:00 [running]> on host 651f030c76c5
[2024-12-09T16:46:58.227+0000] {taskinstance.py:1547} INFO - Exporting env vars: AIRFLOW_CTX_DAG_OWNER='airflow' AIRFLOW_CTX_DAG_ID='manufacturer_etl' AIRFLOW_CTX_TASK_ID='fetch_manufacturer_data' AIRFLOW_CTX_EXECUTION_DATE='2024-04-23T00:00:00+00:00' AIRFLOW_CTX_TRY_NUMBER='1' AIRFLOW_CTX_DAG_RUN_ID='scheduled__2024-04-23T00:00:00+00:00'
[2024-12-09T16:46:58.229+0000] {manufacturer_etl.py:37} INFO - Fetching manufacturer details from the API.
[2024-12-09T16:47:07.227+0000] {manufacturer_etl.py:43} INFO - Successfully fetched 100 manufacturer records.
[2024-12-09T16:47:07.234+0000] {manufacturer_etl.py:48} INFO - Data saved to /opt/airflow/data/raw_manufacturer_data.json
[2024-12-09T16:47:07.237+0000] {python.py:183} INFO - Done. Returned value was: None
[2024-12-09T16:47:07.265+0000] {taskinstance.py:1350} INFO - Marking task as SUCCESS. dag_id=manufacturer_etl, task_id=fetch_manufacturer_data, execution_date=20240423T000000, start_date=20241209T164657, end_date=20241209T164707
[2024-12-09T16:47:07.335+0000] {local_task_job_runner.py:225} INFO - Task exited with return code 0
[2024-12-09T16:47:07.372+0000] {taskinstance.py:2653} INFO - 0 downstream tasks scheduled from follow-on schedule check
[2024-12-09T17:35:22.283+0000] {taskinstance.py:1103} INFO - Dependencies all met for dep_context=non-requeueable deps ti=<TaskInstance: manufacturer_etl.fetch_manufacturer_data scheduled__2024-04-23T00:00:00+00:00 [queued]>
[2024-12-09T17:35:22.301+0000] {taskinstance.py:1103} INFO - Dependencies all met for dep_context=requeueable deps ti=<TaskInstance: manufacturer_etl.fetch_manufacturer_data scheduled__2024-04-23T00:00:00+00:00 [queued]>
[2024-12-09T17:35:22.302+0000] {taskinstance.py:1308} INFO - Starting attempt 1 of 1
[2024-12-09T17:35:22.331+0000] {taskinstance.py:1327} INFO - Executing <Task(PythonOperator): fetch_manufacturer_data> on 2024-04-23 00:00:00+00:00
[2024-12-09T17:35:22.337+0000] {standard_task_runner.py:57} INFO - Started process 577 to run task
[2024-12-09T17:35:22.344+0000] {standard_task_runner.py:84} INFO - Running: ['airflow', 'tasks', 'run', 'manufacturer_etl', 'fetch_manufacturer_data', 'scheduled__2024-04-23T00:00:00+00:00', '--job-id', '129', '--raw', '--subdir', 'DAGS_FOLDER/manufacturer_etl.py', '--cfg-path', '/tmp/tmp1dry3ph0']
[2024-12-09T17:35:22.347+0000] {standard_task_runner.py:85} INFO - Job 129: Subtask fetch_manufacturer_data
[2024-12-09T17:35:22.442+0000] {task_command.py:410} INFO - Running <TaskInstance: manufacturer_etl.fetch_manufacturer_data scheduled__2024-04-23T00:00:00+00:00 [running]> on host 916d98ee7a08
[2024-12-09T17:35:22.642+0000] {taskinstance.py:1547} INFO - Exporting env vars: AIRFLOW_CTX_DAG_OWNER='airflow' AIRFLOW_CTX_DAG_ID='manufacturer_etl' AIRFLOW_CTX_TASK_ID='fetch_manufacturer_data' AIRFLOW_CTX_EXECUTION_DATE='2024-04-23T00:00:00+00:00' AIRFLOW_CTX_TRY_NUMBER='1' AIRFLOW_CTX_DAG_RUN_ID='scheduled__2024-04-23T00:00:00+00:00'
[2024-12-09T17:35:22.644+0000] {manufacturer_etl.py:37} INFO - Fetching manufacturer details from the API.
[2024-12-09T17:35:23.811+0000] {manufacturer_etl.py:43} INFO - Successfully fetched 100 manufacturer records.
[2024-12-09T17:35:23.818+0000] {manufacturer_etl.py:48} INFO - Data saved to /opt/airflow/data/raw_manufacturer_data.json
[2024-12-09T17:35:23.821+0000] {python.py:183} INFO - Done. Returned value was: None
[2024-12-09T17:35:23.841+0000] {taskinstance.py:1350} INFO - Marking task as SUCCESS. dag_id=manufacturer_etl, task_id=fetch_manufacturer_data, execution_date=20240423T000000, start_date=20241209T173522, end_date=20241209T173523
[2024-12-09T17:35:23.875+0000] {local_task_job_runner.py:225} INFO - Task exited with return code 0
[2024-12-09T17:35:23.913+0000] {taskinstance.py:2653} INFO - 0 downstream tasks scheduled from follow-on schedule check
