[2024-12-09T17:02:24.279+0000] {taskinstance.py:1103} INFO - Dependencies all met for dep_context=non-requeueable deps ti=<TaskInstance: manufacturer_etl.fetch_manufacturer_data scheduled__2024-06-27T00:00:00+00:00 [queued]>
[2024-12-09T17:02:24.299+0000] {taskinstance.py:1103} INFO - Dependencies all met for dep_context=requeueable deps ti=<TaskInstance: manufacturer_etl.fetch_manufacturer_data scheduled__2024-06-27T00:00:00+00:00 [queued]>
[2024-12-09T17:02:24.299+0000] {taskinstance.py:1308} INFO - Starting attempt 1 of 1
[2024-12-09T17:02:24.330+0000] {taskinstance.py:1327} INFO - Executing <Task(PythonOperator): fetch_manufacturer_data> on 2024-06-27 00:00:00+00:00
[2024-12-09T17:02:24.338+0000] {standard_task_runner.py:57} INFO - Started process 927 to run task
[2024-12-09T17:02:24.345+0000] {standard_task_runner.py:84} INFO - Running: ['airflow', 'tasks', 'run', 'manufacturer_etl', 'fetch_manufacturer_data', 'scheduled__2024-06-27T00:00:00+00:00', '--job-id', '299', '--raw', '--subdir', 'DAGS_FOLDER/manufacturer_etl.py', '--cfg-path', '/tmp/tmpuunp2462']
[2024-12-09T17:02:24.347+0000] {standard_task_runner.py:85} INFO - Job 299: Subtask fetch_manufacturer_data
[2024-12-09T17:02:24.459+0000] {task_command.py:410} INFO - Running <TaskInstance: manufacturer_etl.fetch_manufacturer_data scheduled__2024-06-27T00:00:00+00:00 [running]> on host 651f030c76c5
[2024-12-09T17:02:24.673+0000] {taskinstance.py:1547} INFO - Exporting env vars: AIRFLOW_CTX_DAG_OWNER='airflow' AIRFLOW_CTX_DAG_ID='manufacturer_etl' AIRFLOW_CTX_TASK_ID='fetch_manufacturer_data' AIRFLOW_CTX_EXECUTION_DATE='2024-06-27T00:00:00+00:00' AIRFLOW_CTX_TRY_NUMBER='1' AIRFLOW_CTX_DAG_RUN_ID='scheduled__2024-06-27T00:00:00+00:00'
[2024-12-09T17:02:24.675+0000] {manufacturer_etl.py:37} INFO - Fetching manufacturer details from the API.
[2024-12-09T17:02:33.536+0000] {manufacturer_etl.py:43} INFO - Successfully fetched 100 manufacturer records.
[2024-12-09T17:02:33.543+0000] {manufacturer_etl.py:48} INFO - Data saved to /opt/airflow/data/raw_manufacturer_data.json
[2024-12-09T17:02:33.545+0000] {python.py:183} INFO - Done. Returned value was: None
[2024-12-09T17:02:33.568+0000] {taskinstance.py:1350} INFO - Marking task as SUCCESS. dag_id=manufacturer_etl, task_id=fetch_manufacturer_data, execution_date=20240627T000000, start_date=20241209T170224, end_date=20241209T170233
[2024-12-09T17:02:33.609+0000] {local_task_job_runner.py:225} INFO - Task exited with return code 0
[2024-12-09T17:02:33.647+0000] {taskinstance.py:2653} INFO - 0 downstream tasks scheduled from follow-on schedule check
[2024-12-09T17:44:11.397+0000] {taskinstance.py:1103} INFO - Dependencies all met for dep_context=non-requeueable deps ti=<TaskInstance: manufacturer_etl.fetch_manufacturer_data scheduled__2024-06-27T00:00:00+00:00 [queued]>
[2024-12-09T17:44:11.416+0000] {taskinstance.py:1103} INFO - Dependencies all met for dep_context=requeueable deps ti=<TaskInstance: manufacturer_etl.fetch_manufacturer_data scheduled__2024-06-27T00:00:00+00:00 [queued]>
[2024-12-09T17:44:11.416+0000] {taskinstance.py:1308} INFO - Starting attempt 1 of 1
[2024-12-09T17:44:11.444+0000] {taskinstance.py:1327} INFO - Executing <Task(PythonOperator): fetch_manufacturer_data> on 2024-06-27 00:00:00+00:00
[2024-12-09T17:44:11.450+0000] {standard_task_runner.py:57} INFO - Started process 855 to run task
[2024-12-09T17:44:11.456+0000] {standard_task_runner.py:84} INFO - Running: ['airflow', 'tasks', 'run', 'manufacturer_etl', 'fetch_manufacturer_data', 'scheduled__2024-06-27T00:00:00+00:00', '--job-id', '194', '--raw', '--subdir', 'DAGS_FOLDER/manufacturer_etl.py', '--cfg-path', '/tmp/tmpxoe4327f']
[2024-12-09T17:44:11.458+0000] {standard_task_runner.py:85} INFO - Job 194: Subtask fetch_manufacturer_data
[2024-12-09T17:44:11.555+0000] {task_command.py:410} INFO - Running <TaskInstance: manufacturer_etl.fetch_manufacturer_data scheduled__2024-06-27T00:00:00+00:00 [running]> on host 916d98ee7a08
[2024-12-09T17:44:11.749+0000] {taskinstance.py:1547} INFO - Exporting env vars: AIRFLOW_CTX_DAG_OWNER='airflow' AIRFLOW_CTX_DAG_ID='manufacturer_etl' AIRFLOW_CTX_TASK_ID='fetch_manufacturer_data' AIRFLOW_CTX_EXECUTION_DATE='2024-06-27T00:00:00+00:00' AIRFLOW_CTX_TRY_NUMBER='1' AIRFLOW_CTX_DAG_RUN_ID='scheduled__2024-06-27T00:00:00+00:00'
[2024-12-09T17:44:11.752+0000] {manufacturer_etl.py:37} INFO - Fetching manufacturer details from the API.
[2024-12-09T17:44:13.223+0000] {manufacturer_etl.py:43} INFO - Successfully fetched 100 manufacturer records.
[2024-12-09T17:44:13.232+0000] {manufacturer_etl.py:48} INFO - Data saved to /opt/airflow/data/raw_manufacturer_data.json
[2024-12-09T17:44:13.234+0000] {python.py:183} INFO - Done. Returned value was: None
[2024-12-09T17:44:13.254+0000] {taskinstance.py:1350} INFO - Marking task as SUCCESS. dag_id=manufacturer_etl, task_id=fetch_manufacturer_data, execution_date=20240627T000000, start_date=20241209T174411, end_date=20241209T174413
[2024-12-09T17:44:13.315+0000] {local_task_job_runner.py:225} INFO - Task exited with return code 0
[2024-12-09T17:44:13.360+0000] {taskinstance.py:2653} INFO - 0 downstream tasks scheduled from follow-on schedule check
