[2024-12-09T16:49:08.005+0000] {taskinstance.py:1103} INFO - Dependencies all met for dep_context=non-requeueable deps ti=<TaskInstance: manufacturer_etl.fetch_manufacturer_data scheduled__2024-05-02T00:00:00+00:00 [queued]>
[2024-12-09T16:49:08.025+0000] {taskinstance.py:1103} INFO - Dependencies all met for dep_context=requeueable deps ti=<TaskInstance: manufacturer_etl.fetch_manufacturer_data scheduled__2024-05-02T00:00:00+00:00 [queued]>
[2024-12-09T16:49:08.026+0000] {taskinstance.py:1308} INFO - Starting attempt 1 of 1
[2024-12-09T16:49:08.057+0000] {taskinstance.py:1327} INFO - Executing <Task(PythonOperator): fetch_manufacturer_data> on 2024-05-02 00:00:00+00:00
[2024-12-09T16:49:08.063+0000] {standard_task_runner.py:57} INFO - Started process 677 to run task
[2024-12-09T16:49:08.071+0000] {standard_task_runner.py:84} INFO - Running: ['airflow', 'tasks', 'run', 'manufacturer_etl', 'fetch_manufacturer_data', 'scheduled__2024-05-02T00:00:00+00:00', '--job-id', '243', '--raw', '--subdir', 'DAGS_FOLDER/manufacturer_etl.py', '--cfg-path', '/tmp/tmp2xhqtkhk']
[2024-12-09T16:49:08.073+0000] {standard_task_runner.py:85} INFO - Job 243: Subtask fetch_manufacturer_data
[2024-12-09T16:49:08.183+0000] {task_command.py:410} INFO - Running <TaskInstance: manufacturer_etl.fetch_manufacturer_data scheduled__2024-05-02T00:00:00+00:00 [running]> on host 651f030c76c5
[2024-12-09T16:49:08.408+0000] {taskinstance.py:1547} INFO - Exporting env vars: AIRFLOW_CTX_DAG_OWNER='airflow' AIRFLOW_CTX_DAG_ID='manufacturer_etl' AIRFLOW_CTX_TASK_ID='fetch_manufacturer_data' AIRFLOW_CTX_EXECUTION_DATE='2024-05-02T00:00:00+00:00' AIRFLOW_CTX_TRY_NUMBER='1' AIRFLOW_CTX_DAG_RUN_ID='scheduled__2024-05-02T00:00:00+00:00'
[2024-12-09T16:49:08.410+0000] {manufacturer_etl.py:37} INFO - Fetching manufacturer details from the API.
[2024-12-09T16:49:13.382+0000] {manufacturer_etl.py:43} INFO - Successfully fetched 100 manufacturer records.
[2024-12-09T16:49:13.388+0000] {manufacturer_etl.py:48} INFO - Data saved to /opt/airflow/data/raw_manufacturer_data.json
[2024-12-09T16:49:13.391+0000] {python.py:183} INFO - Done. Returned value was: None
[2024-12-09T16:49:13.416+0000] {taskinstance.py:1350} INFO - Marking task as SUCCESS. dag_id=manufacturer_etl, task_id=fetch_manufacturer_data, execution_date=20240502T000000, start_date=20241209T164908, end_date=20241209T164913
[2024-12-09T16:49:13.472+0000] {local_task_job_runner.py:225} INFO - Task exited with return code 0
[2024-12-09T16:49:13.512+0000] {taskinstance.py:2653} INFO - 0 downstream tasks scheduled from follow-on schedule check
[2024-12-09T17:36:32.769+0000] {taskinstance.py:1103} INFO - Dependencies all met for dep_context=non-requeueable deps ti=<TaskInstance: manufacturer_etl.fetch_manufacturer_data scheduled__2024-05-02T00:00:00+00:00 [queued]>
[2024-12-09T17:36:32.790+0000] {taskinstance.py:1103} INFO - Dependencies all met for dep_context=requeueable deps ti=<TaskInstance: manufacturer_etl.fetch_manufacturer_data scheduled__2024-05-02T00:00:00+00:00 [queued]>
[2024-12-09T17:36:32.791+0000] {taskinstance.py:1308} INFO - Starting attempt 1 of 1
[2024-12-09T17:36:32.822+0000] {taskinstance.py:1327} INFO - Executing <Task(PythonOperator): fetch_manufacturer_data> on 2024-05-02 00:00:00+00:00
[2024-12-09T17:36:32.829+0000] {standard_task_runner.py:57} INFO - Started process 616 to run task
[2024-12-09T17:36:32.837+0000] {standard_task_runner.py:84} INFO - Running: ['airflow', 'tasks', 'run', 'manufacturer_etl', 'fetch_manufacturer_data', 'scheduled__2024-05-02T00:00:00+00:00', '--job-id', '138', '--raw', '--subdir', 'DAGS_FOLDER/manufacturer_etl.py', '--cfg-path', '/tmp/tmpcvqhar76']
[2024-12-09T17:36:32.839+0000] {standard_task_runner.py:85} INFO - Job 138: Subtask fetch_manufacturer_data
[2024-12-09T17:36:32.941+0000] {task_command.py:410} INFO - Running <TaskInstance: manufacturer_etl.fetch_manufacturer_data scheduled__2024-05-02T00:00:00+00:00 [running]> on host 916d98ee7a08
[2024-12-09T17:36:33.165+0000] {taskinstance.py:1547} INFO - Exporting env vars: AIRFLOW_CTX_DAG_OWNER='airflow' AIRFLOW_CTX_DAG_ID='manufacturer_etl' AIRFLOW_CTX_TASK_ID='fetch_manufacturer_data' AIRFLOW_CTX_EXECUTION_DATE='2024-05-02T00:00:00+00:00' AIRFLOW_CTX_TRY_NUMBER='1' AIRFLOW_CTX_DAG_RUN_ID='scheduled__2024-05-02T00:00:00+00:00'
[2024-12-09T17:36:33.168+0000] {manufacturer_etl.py:37} INFO - Fetching manufacturer details from the API.
[2024-12-09T17:36:34.681+0000] {manufacturer_etl.py:43} INFO - Successfully fetched 100 manufacturer records.
[2024-12-09T17:36:34.689+0000] {manufacturer_etl.py:48} INFO - Data saved to /opt/airflow/data/raw_manufacturer_data.json
[2024-12-09T17:36:34.691+0000] {python.py:183} INFO - Done. Returned value was: None
[2024-12-09T17:36:34.713+0000] {taskinstance.py:1350} INFO - Marking task as SUCCESS. dag_id=manufacturer_etl, task_id=fetch_manufacturer_data, execution_date=20240502T000000, start_date=20241209T173632, end_date=20241209T173634
[2024-12-09T17:36:34.776+0000] {local_task_job_runner.py:225} INFO - Task exited with return code 0
[2024-12-09T17:36:34.814+0000] {taskinstance.py:2653} INFO - 0 downstream tasks scheduled from follow-on schedule check
