[2024-12-09T16:52:35.719+0000] {taskinstance.py:1103} INFO - Dependencies all met for dep_context=non-requeueable deps ti=<TaskInstance: manufacturer_etl.fetch_manufacturer_data scheduled__2024-05-17T00:00:00+00:00 [queued]>
[2024-12-09T16:52:35.738+0000] {taskinstance.py:1103} INFO - Dependencies all met for dep_context=requeueable deps ti=<TaskInstance: manufacturer_etl.fetch_manufacturer_data scheduled__2024-05-17T00:00:00+00:00 [queued]>
[2024-12-09T16:52:35.739+0000] {taskinstance.py:1308} INFO - Starting attempt 1 of 1
[2024-12-09T16:52:35.772+0000] {taskinstance.py:1327} INFO - Executing <Task(PythonOperator): fetch_manufacturer_data> on 2024-05-17 00:00:00+00:00
[2024-12-09T16:52:35.783+0000] {standard_task_runner.py:57} INFO - Started process 744 to run task
[2024-12-09T16:52:35.797+0000] {standard_task_runner.py:84} INFO - Running: ['airflow', 'tasks', 'run', 'manufacturer_etl', 'fetch_manufacturer_data', 'scheduled__2024-05-17T00:00:00+00:00', '--job-id', '258', '--raw', '--subdir', 'DAGS_FOLDER/manufacturer_etl.py', '--cfg-path', '/tmp/tmptceei4zx']
[2024-12-09T16:52:35.802+0000] {standard_task_runner.py:85} INFO - Job 258: Subtask fetch_manufacturer_data
[2024-12-09T16:52:36.022+0000] {task_command.py:410} INFO - Running <TaskInstance: manufacturer_etl.fetch_manufacturer_data scheduled__2024-05-17T00:00:00+00:00 [running]> on host 651f030c76c5
[2024-12-09T16:52:36.421+0000] {taskinstance.py:1547} INFO - Exporting env vars: AIRFLOW_CTX_DAG_OWNER='airflow' AIRFLOW_CTX_DAG_ID='manufacturer_etl' AIRFLOW_CTX_TASK_ID='fetch_manufacturer_data' AIRFLOW_CTX_EXECUTION_DATE='2024-05-17T00:00:00+00:00' AIRFLOW_CTX_TRY_NUMBER='1' AIRFLOW_CTX_DAG_RUN_ID='scheduled__2024-05-17T00:00:00+00:00'
[2024-12-09T16:52:36.425+0000] {manufacturer_etl.py:37} INFO - Fetching manufacturer details from the API.
[2024-12-09T16:52:45.471+0000] {manufacturer_etl.py:43} INFO - Successfully fetched 100 manufacturer records.
[2024-12-09T16:52:45.488+0000] {manufacturer_etl.py:48} INFO - Data saved to /opt/airflow/data/raw_manufacturer_data.json
[2024-12-09T16:52:45.495+0000] {python.py:183} INFO - Done. Returned value was: None
[2024-12-09T16:52:45.553+0000] {taskinstance.py:1350} INFO - Marking task as SUCCESS. dag_id=manufacturer_etl, task_id=fetch_manufacturer_data, execution_date=20240517T000000, start_date=20241209T165235, end_date=20241209T165245
[2024-12-09T16:52:45.646+0000] {local_task_job_runner.py:225} INFO - Task exited with return code 0
[2024-12-09T16:52:45.736+0000] {taskinstance.py:2653} INFO - 0 downstream tasks scheduled from follow-on schedule check
[2024-12-09T17:38:32.175+0000] {taskinstance.py:1103} INFO - Dependencies all met for dep_context=non-requeueable deps ti=<TaskInstance: manufacturer_etl.fetch_manufacturer_data scheduled__2024-05-17T00:00:00+00:00 [queued]>
[2024-12-09T17:38:32.193+0000] {taskinstance.py:1103} INFO - Dependencies all met for dep_context=requeueable deps ti=<TaskInstance: manufacturer_etl.fetch_manufacturer_data scheduled__2024-05-17T00:00:00+00:00 [queued]>
[2024-12-09T17:38:32.194+0000] {taskinstance.py:1308} INFO - Starting attempt 1 of 1
[2024-12-09T17:38:32.223+0000] {taskinstance.py:1327} INFO - Executing <Task(PythonOperator): fetch_manufacturer_data> on 2024-05-17 00:00:00+00:00
[2024-12-09T17:38:32.229+0000] {standard_task_runner.py:57} INFO - Started process 679 to run task
[2024-12-09T17:38:32.234+0000] {standard_task_runner.py:84} INFO - Running: ['airflow', 'tasks', 'run', 'manufacturer_etl', 'fetch_manufacturer_data', 'scheduled__2024-05-17T00:00:00+00:00', '--job-id', '153', '--raw', '--subdir', 'DAGS_FOLDER/manufacturer_etl.py', '--cfg-path', '/tmp/tmpzrq_fkv1']
[2024-12-09T17:38:32.237+0000] {standard_task_runner.py:85} INFO - Job 153: Subtask fetch_manufacturer_data
[2024-12-09T17:38:32.338+0000] {task_command.py:410} INFO - Running <TaskInstance: manufacturer_etl.fetch_manufacturer_data scheduled__2024-05-17T00:00:00+00:00 [running]> on host 916d98ee7a08
[2024-12-09T17:38:32.545+0000] {taskinstance.py:1547} INFO - Exporting env vars: AIRFLOW_CTX_DAG_OWNER='airflow' AIRFLOW_CTX_DAG_ID='manufacturer_etl' AIRFLOW_CTX_TASK_ID='fetch_manufacturer_data' AIRFLOW_CTX_EXECUTION_DATE='2024-05-17T00:00:00+00:00' AIRFLOW_CTX_TRY_NUMBER='1' AIRFLOW_CTX_DAG_RUN_ID='scheduled__2024-05-17T00:00:00+00:00'
[2024-12-09T17:38:32.547+0000] {manufacturer_etl.py:37} INFO - Fetching manufacturer details from the API.
[2024-12-09T17:38:34.275+0000] {manufacturer_etl.py:43} INFO - Successfully fetched 100 manufacturer records.
[2024-12-09T17:38:34.283+0000] {manufacturer_etl.py:48} INFO - Data saved to /opt/airflow/data/raw_manufacturer_data.json
[2024-12-09T17:38:34.286+0000] {python.py:183} INFO - Done. Returned value was: None
[2024-12-09T17:38:34.309+0000] {taskinstance.py:1350} INFO - Marking task as SUCCESS. dag_id=manufacturer_etl, task_id=fetch_manufacturer_data, execution_date=20240517T000000, start_date=20241209T173832, end_date=20241209T173834
[2024-12-09T17:38:34.338+0000] {local_task_job_runner.py:225} INFO - Task exited with return code 0
[2024-12-09T17:38:34.372+0000] {taskinstance.py:2653} INFO - 0 downstream tasks scheduled from follow-on schedule check
