[2024-12-09T16:43:58.534+0000] {taskinstance.py:1103} INFO - Dependencies all met for dep_context=non-requeueable deps ti=<TaskInstance: manufacturer_etl.fetch_manufacturer_data scheduled__2024-04-10T00:00:00+00:00 [queued]>
[2024-12-09T16:43:58.553+0000] {taskinstance.py:1103} INFO - Dependencies all met for dep_context=requeueable deps ti=<TaskInstance: manufacturer_etl.fetch_manufacturer_data scheduled__2024-04-10T00:00:00+00:00 [queued]>
[2024-12-09T16:43:58.554+0000] {taskinstance.py:1308} INFO - Starting attempt 1 of 1
[2024-12-09T16:43:58.583+0000] {taskinstance.py:1327} INFO - Executing <Task(PythonOperator): fetch_manufacturer_data> on 2024-04-10 00:00:00+00:00
[2024-12-09T16:43:58.590+0000] {standard_task_runner.py:57} INFO - Started process 579 to run task
[2024-12-09T16:43:58.597+0000] {standard_task_runner.py:84} INFO - Running: ['airflow', 'tasks', 'run', 'manufacturer_etl', 'fetch_manufacturer_data', 'scheduled__2024-04-10T00:00:00+00:00', '--job-id', '221', '--raw', '--subdir', 'DAGS_FOLDER/manufacturer_etl.py', '--cfg-path', '/tmp/tmpy65ao20u']
[2024-12-09T16:43:58.600+0000] {standard_task_runner.py:85} INFO - Job 221: Subtask fetch_manufacturer_data
[2024-12-09T16:43:58.704+0000] {task_command.py:410} INFO - Running <TaskInstance: manufacturer_etl.fetch_manufacturer_data scheduled__2024-04-10T00:00:00+00:00 [running]> on host 651f030c76c5
[2024-12-09T16:43:59.020+0000] {taskinstance.py:1547} INFO - Exporting env vars: AIRFLOW_CTX_DAG_OWNER='airflow' AIRFLOW_CTX_DAG_ID='manufacturer_etl' AIRFLOW_CTX_TASK_ID='fetch_manufacturer_data' AIRFLOW_CTX_EXECUTION_DATE='2024-04-10T00:00:00+00:00' AIRFLOW_CTX_TRY_NUMBER='1' AIRFLOW_CTX_DAG_RUN_ID='scheduled__2024-04-10T00:00:00+00:00'
[2024-12-09T16:43:59.022+0000] {manufacturer_etl.py:37} INFO - Fetching manufacturer details from the API.
[2024-12-09T16:44:03.934+0000] {manufacturer_etl.py:43} INFO - Successfully fetched 100 manufacturer records.
[2024-12-09T16:44:03.953+0000] {manufacturer_etl.py:48} INFO - Data saved to /opt/airflow/data/raw_manufacturer_data.json
[2024-12-09T16:44:03.962+0000] {python.py:183} INFO - Done. Returned value was: None
[2024-12-09T16:44:04.034+0000] {taskinstance.py:1350} INFO - Marking task as SUCCESS. dag_id=manufacturer_etl, task_id=fetch_manufacturer_data, execution_date=20240410T000000, start_date=20241209T164358, end_date=20241209T164404
[2024-12-09T16:44:04.145+0000] {local_task_job_runner.py:225} INFO - Task exited with return code 0
[2024-12-09T16:44:04.234+0000] {taskinstance.py:2653} INFO - 0 downstream tasks scheduled from follow-on schedule check
[2024-12-09T17:33:47.213+0000] {taskinstance.py:1103} INFO - Dependencies all met for dep_context=non-requeueable deps ti=<TaskInstance: manufacturer_etl.fetch_manufacturer_data scheduled__2024-04-10T00:00:00+00:00 [queued]>
[2024-12-09T17:33:47.232+0000] {taskinstance.py:1103} INFO - Dependencies all met for dep_context=requeueable deps ti=<TaskInstance: manufacturer_etl.fetch_manufacturer_data scheduled__2024-04-10T00:00:00+00:00 [queued]>
[2024-12-09T17:33:47.232+0000] {taskinstance.py:1308} INFO - Starting attempt 1 of 1
[2024-12-09T17:33:47.261+0000] {taskinstance.py:1327} INFO - Executing <Task(PythonOperator): fetch_manufacturer_data> on 2024-04-10 00:00:00+00:00
[2024-12-09T17:33:47.267+0000] {standard_task_runner.py:57} INFO - Started process 522 to run task
[2024-12-09T17:33:47.274+0000] {standard_task_runner.py:84} INFO - Running: ['airflow', 'tasks', 'run', 'manufacturer_etl', 'fetch_manufacturer_data', 'scheduled__2024-04-10T00:00:00+00:00', '--job-id', '116', '--raw', '--subdir', 'DAGS_FOLDER/manufacturer_etl.py', '--cfg-path', '/tmp/tmpldyh5qey']
[2024-12-09T17:33:47.277+0000] {standard_task_runner.py:85} INFO - Job 116: Subtask fetch_manufacturer_data
[2024-12-09T17:33:47.380+0000] {task_command.py:410} INFO - Running <TaskInstance: manufacturer_etl.fetch_manufacturer_data scheduled__2024-04-10T00:00:00+00:00 [running]> on host 916d98ee7a08
[2024-12-09T17:33:47.581+0000] {taskinstance.py:1547} INFO - Exporting env vars: AIRFLOW_CTX_DAG_OWNER='airflow' AIRFLOW_CTX_DAG_ID='manufacturer_etl' AIRFLOW_CTX_TASK_ID='fetch_manufacturer_data' AIRFLOW_CTX_EXECUTION_DATE='2024-04-10T00:00:00+00:00' AIRFLOW_CTX_TRY_NUMBER='1' AIRFLOW_CTX_DAG_RUN_ID='scheduled__2024-04-10T00:00:00+00:00'
[2024-12-09T17:33:47.583+0000] {manufacturer_etl.py:37} INFO - Fetching manufacturer details from the API.
[2024-12-09T17:33:48.785+0000] {manufacturer_etl.py:43} INFO - Successfully fetched 100 manufacturer records.
[2024-12-09T17:33:48.793+0000] {manufacturer_etl.py:48} INFO - Data saved to /opt/airflow/data/raw_manufacturer_data.json
[2024-12-09T17:33:48.795+0000] {python.py:183} INFO - Done. Returned value was: None
[2024-12-09T17:33:48.814+0000] {taskinstance.py:1350} INFO - Marking task as SUCCESS. dag_id=manufacturer_etl, task_id=fetch_manufacturer_data, execution_date=20240410T000000, start_date=20241209T173347, end_date=20241209T173348
[2024-12-09T17:33:48.844+0000] {local_task_job_runner.py:225} INFO - Task exited with return code 0
[2024-12-09T17:33:48.884+0000] {taskinstance.py:2653} INFO - 0 downstream tasks scheduled from follow-on schedule check
