[2024-12-09T16:40:29.955+0000] {taskinstance.py:1103} INFO - Dependencies all met for dep_context=non-requeueable deps ti=<TaskInstance: manufacturer_etl.fetch_manufacturer_data scheduled__2024-03-26T00:00:00+00:00 [queued]>
[2024-12-09T16:40:29.974+0000] {taskinstance.py:1103} INFO - Dependencies all met for dep_context=requeueable deps ti=<TaskInstance: manufacturer_etl.fetch_manufacturer_data scheduled__2024-03-26T00:00:00+00:00 [queued]>
[2024-12-09T16:40:29.974+0000] {taskinstance.py:1308} INFO - Starting attempt 1 of 1
[2024-12-09T16:40:30.003+0000] {taskinstance.py:1327} INFO - Executing <Task(PythonOperator): fetch_manufacturer_data> on 2024-03-26 00:00:00+00:00
[2024-12-09T16:40:30.010+0000] {standard_task_runner.py:57} INFO - Started process 512 to run task
[2024-12-09T16:40:30.016+0000] {standard_task_runner.py:84} INFO - Running: ['airflow', 'tasks', 'run', 'manufacturer_etl', 'fetch_manufacturer_data', 'scheduled__2024-03-26T00:00:00+00:00', '--job-id', '206', '--raw', '--subdir', 'DAGS_FOLDER/manufacturer_etl.py', '--cfg-path', '/tmp/tmpcw3fm2vm']
[2024-12-09T16:40:30.019+0000] {standard_task_runner.py:85} INFO - Job 206: Subtask fetch_manufacturer_data
[2024-12-09T16:40:30.156+0000] {task_command.py:410} INFO - Running <TaskInstance: manufacturer_etl.fetch_manufacturer_data scheduled__2024-03-26T00:00:00+00:00 [running]> on host 651f030c76c5
[2024-12-09T16:40:30.458+0000] {taskinstance.py:1547} INFO - Exporting env vars: AIRFLOW_CTX_DAG_OWNER='airflow' AIRFLOW_CTX_DAG_ID='manufacturer_etl' AIRFLOW_CTX_TASK_ID='fetch_manufacturer_data' AIRFLOW_CTX_EXECUTION_DATE='2024-03-26T00:00:00+00:00' AIRFLOW_CTX_TRY_NUMBER='1' AIRFLOW_CTX_DAG_RUN_ID='scheduled__2024-03-26T00:00:00+00:00'
[2024-12-09T16:40:30.461+0000] {manufacturer_etl.py:37} INFO - Fetching manufacturer details from the API.
[2024-12-09T16:40:35.471+0000] {manufacturer_etl.py:43} INFO - Successfully fetched 100 manufacturer records.
[2024-12-09T16:40:35.483+0000] {manufacturer_etl.py:48} INFO - Data saved to /opt/airflow/data/raw_manufacturer_data.json
[2024-12-09T16:40:35.487+0000] {python.py:183} INFO - Done. Returned value was: None
[2024-12-09T16:40:35.532+0000] {taskinstance.py:1350} INFO - Marking task as SUCCESS. dag_id=manufacturer_etl, task_id=fetch_manufacturer_data, execution_date=20240326T000000, start_date=20241209T164029, end_date=20241209T164035
[2024-12-09T16:40:35.624+0000] {local_task_job_runner.py:225} INFO - Task exited with return code 0
[2024-12-09T16:40:35.700+0000] {taskinstance.py:2653} INFO - 0 downstream tasks scheduled from follow-on schedule check
[2024-12-09T17:31:54.108+0000] {taskinstance.py:1103} INFO - Dependencies all met for dep_context=non-requeueable deps ti=<TaskInstance: manufacturer_etl.fetch_manufacturer_data scheduled__2024-03-26T00:00:00+00:00 [queued]>
[2024-12-09T17:31:54.126+0000] {taskinstance.py:1103} INFO - Dependencies all met for dep_context=requeueable deps ti=<TaskInstance: manufacturer_etl.fetch_manufacturer_data scheduled__2024-03-26T00:00:00+00:00 [queued]>
[2024-12-09T17:31:54.127+0000] {taskinstance.py:1308} INFO - Starting attempt 1 of 1
[2024-12-09T17:31:54.156+0000] {taskinstance.py:1327} INFO - Executing <Task(PythonOperator): fetch_manufacturer_data> on 2024-03-26 00:00:00+00:00
[2024-12-09T17:31:54.162+0000] {standard_task_runner.py:57} INFO - Started process 458 to run task
[2024-12-09T17:31:54.168+0000] {standard_task_runner.py:84} INFO - Running: ['airflow', 'tasks', 'run', 'manufacturer_etl', 'fetch_manufacturer_data', 'scheduled__2024-03-26T00:00:00+00:00', '--job-id', '101', '--raw', '--subdir', 'DAGS_FOLDER/manufacturer_etl.py', '--cfg-path', '/tmp/tmp1533rl1y']
[2024-12-09T17:31:54.170+0000] {standard_task_runner.py:85} INFO - Job 101: Subtask fetch_manufacturer_data
[2024-12-09T17:31:54.270+0000] {task_command.py:410} INFO - Running <TaskInstance: manufacturer_etl.fetch_manufacturer_data scheduled__2024-03-26T00:00:00+00:00 [running]> on host 916d98ee7a08
[2024-12-09T17:31:54.475+0000] {taskinstance.py:1547} INFO - Exporting env vars: AIRFLOW_CTX_DAG_OWNER='airflow' AIRFLOW_CTX_DAG_ID='manufacturer_etl' AIRFLOW_CTX_TASK_ID='fetch_manufacturer_data' AIRFLOW_CTX_EXECUTION_DATE='2024-03-26T00:00:00+00:00' AIRFLOW_CTX_TRY_NUMBER='1' AIRFLOW_CTX_DAG_RUN_ID='scheduled__2024-03-26T00:00:00+00:00'
[2024-12-09T17:31:54.477+0000] {manufacturer_etl.py:37} INFO - Fetching manufacturer details from the API.
[2024-12-09T17:31:56.350+0000] {manufacturer_etl.py:43} INFO - Successfully fetched 100 manufacturer records.
[2024-12-09T17:31:56.359+0000] {manufacturer_etl.py:48} INFO - Data saved to /opt/airflow/data/raw_manufacturer_data.json
[2024-12-09T17:31:56.361+0000] {python.py:183} INFO - Done. Returned value was: None
[2024-12-09T17:31:56.382+0000] {taskinstance.py:1350} INFO - Marking task as SUCCESS. dag_id=manufacturer_etl, task_id=fetch_manufacturer_data, execution_date=20240326T000000, start_date=20241209T173154, end_date=20241209T173156
[2024-12-09T17:31:56.436+0000] {local_task_job_runner.py:225} INFO - Task exited with return code 0
[2024-12-09T17:31:56.477+0000] {taskinstance.py:2653} INFO - 0 downstream tasks scheduled from follow-on schedule check
