[2024-12-09T15:48:14.465+0000] {taskinstance.py:1103} INFO - Dependencies all met for dep_context=non-requeueable deps ti=<TaskInstance: manufacturer_etl.fetch_manufacturer_data scheduled__2024-02-12T00:00:00+00:00 [queued]>
[2024-12-09T15:48:14.474+0000] {taskinstance.py:1103} INFO - Dependencies all met for dep_context=requeueable deps ti=<TaskInstance: manufacturer_etl.fetch_manufacturer_data scheduled__2024-02-12T00:00:00+00:00 [queued]>
[2024-12-09T15:48:14.475+0000] {taskinstance.py:1308} INFO - Starting attempt 1 of 1
[2024-12-09T15:48:14.489+0000] {taskinstance.py:1327} INFO - Executing <Task(PythonOperator): fetch_manufacturer_data> on 2024-02-12 00:00:00+00:00
[2024-12-09T15:48:14.494+0000] {standard_task_runner.py:57} INFO - Started process 288 to run task
[2024-12-09T15:48:14.497+0000] {standard_task_runner.py:84} INFO - Running: ['airflow', 'tasks', 'run', 'manufacturer_etl', 'fetch_manufacturer_data', 'scheduled__2024-02-12T00:00:00+00:00', '--job-id', '58', '--raw', '--subdir', 'DAGS_FOLDER/manufacturer_etl.py', '--cfg-path', '/tmp/tmp0nrqejyd']
[2024-12-09T15:48:14.498+0000] {standard_task_runner.py:85} INFO - Job 58: Subtask fetch_manufacturer_data
[2024-12-09T15:48:14.547+0000] {task_command.py:410} INFO - Running <TaskInstance: manufacturer_etl.fetch_manufacturer_data scheduled__2024-02-12T00:00:00+00:00 [running]> on host 782927b5dd22
[2024-12-09T15:48:14.650+0000] {taskinstance.py:1547} INFO - Exporting env vars: AIRFLOW_CTX_DAG_OWNER='airflow' AIRFLOW_CTX_DAG_ID='manufacturer_etl' AIRFLOW_CTX_TASK_ID='fetch_manufacturer_data' AIRFLOW_CTX_EXECUTION_DATE='2024-02-12T00:00:00+00:00' AIRFLOW_CTX_TRY_NUMBER='1' AIRFLOW_CTX_DAG_RUN_ID='scheduled__2024-02-12T00:00:00+00:00'
[2024-12-09T15:48:14.651+0000] {manufacturer_etl.py:37} INFO - Fetching manufacturer details from the API.
[2024-12-09T15:48:23.669+0000] {manufacturer_etl.py:43} INFO - Successfully fetched 100 manufacturer records.
[2024-12-09T15:48:23.683+0000] {manufacturer_etl.py:48} INFO - Data saved to /opt/airflow/data/raw_manufacturer_data.json
[2024-12-09T15:48:23.685+0000] {python.py:183} INFO - Done. Returned value was: None
[2024-12-09T15:48:23.697+0000] {taskinstance.py:1350} INFO - Marking task as SUCCESS. dag_id=manufacturer_etl, task_id=fetch_manufacturer_data, execution_date=20240212T000000, start_date=20241209T154814, end_date=20241209T154823
[2024-12-09T15:48:23.750+0000] {local_task_job_runner.py:225} INFO - Task exited with return code 0
[2024-12-09T15:48:23.772+0000] {taskinstance.py:2653} INFO - 0 downstream tasks scheduled from follow-on schedule check
[2024-12-09T16:30:20.715+0000] {taskinstance.py:1103} INFO - Dependencies all met for dep_context=non-requeueable deps ti=<TaskInstance: manufacturer_etl.fetch_manufacturer_data scheduled__2024-02-12T00:00:00+00:00 [queued]>
[2024-12-09T16:30:20.733+0000] {taskinstance.py:1103} INFO - Dependencies all met for dep_context=requeueable deps ti=<TaskInstance: manufacturer_etl.fetch_manufacturer_data scheduled__2024-02-12T00:00:00+00:00 [queued]>
[2024-12-09T16:30:20.734+0000] {taskinstance.py:1308} INFO - Starting attempt 1 of 1
[2024-12-09T16:30:20.763+0000] {taskinstance.py:1327} INFO - Executing <Task(PythonOperator): fetch_manufacturer_data> on 2024-02-12 00:00:00+00:00
[2024-12-09T16:30:20.771+0000] {standard_task_runner.py:57} INFO - Started process 320 to run task
[2024-12-09T16:30:20.778+0000] {standard_task_runner.py:84} INFO - Running: ['airflow', 'tasks', 'run', 'manufacturer_etl', 'fetch_manufacturer_data', 'scheduled__2024-02-12T00:00:00+00:00', '--job-id', '163', '--raw', '--subdir', 'DAGS_FOLDER/manufacturer_etl.py', '--cfg-path', '/tmp/tmpgb271e3a']
[2024-12-09T16:30:20.780+0000] {standard_task_runner.py:85} INFO - Job 163: Subtask fetch_manufacturer_data
[2024-12-09T16:30:20.896+0000] {task_command.py:410} INFO - Running <TaskInstance: manufacturer_etl.fetch_manufacturer_data scheduled__2024-02-12T00:00:00+00:00 [running]> on host 651f030c76c5
[2024-12-09T16:30:21.109+0000] {taskinstance.py:1547} INFO - Exporting env vars: AIRFLOW_CTX_DAG_OWNER='airflow' AIRFLOW_CTX_DAG_ID='manufacturer_etl' AIRFLOW_CTX_TASK_ID='fetch_manufacturer_data' AIRFLOW_CTX_EXECUTION_DATE='2024-02-12T00:00:00+00:00' AIRFLOW_CTX_TRY_NUMBER='1' AIRFLOW_CTX_DAG_RUN_ID='scheduled__2024-02-12T00:00:00+00:00'
[2024-12-09T16:30:21.111+0000] {manufacturer_etl.py:37} INFO - Fetching manufacturer details from the API.
[2024-12-09T16:30:30.669+0000] {manufacturer_etl.py:43} INFO - Successfully fetched 100 manufacturer records.
[2024-12-09T16:30:30.683+0000] {manufacturer_etl.py:48} INFO - Data saved to /opt/airflow/data/raw_manufacturer_data.json
[2024-12-09T16:30:30.688+0000] {python.py:183} INFO - Done. Returned value was: None
[2024-12-09T16:30:30.744+0000] {taskinstance.py:1350} INFO - Marking task as SUCCESS. dag_id=manufacturer_etl, task_id=fetch_manufacturer_data, execution_date=20240212T000000, start_date=20241209T163020, end_date=20241209T163030
[2024-12-09T16:30:30.848+0000] {local_task_job_runner.py:225} INFO - Task exited with return code 0
[2024-12-09T16:30:30.936+0000] {taskinstance.py:2653} INFO - 0 downstream tasks scheduled from follow-on schedule check
[2024-12-09T17:26:17.092+0000] {taskinstance.py:1103} INFO - Dependencies all met for dep_context=non-requeueable deps ti=<TaskInstance: manufacturer_etl.fetch_manufacturer_data scheduled__2024-02-12T00:00:00+00:00 [queued]>
[2024-12-09T17:26:17.112+0000] {taskinstance.py:1103} INFO - Dependencies all met for dep_context=requeueable deps ti=<TaskInstance: manufacturer_etl.fetch_manufacturer_data scheduled__2024-02-12T00:00:00+00:00 [queued]>
[2024-12-09T17:26:17.113+0000] {taskinstance.py:1308} INFO - Starting attempt 1 of 1
[2024-12-09T17:26:17.143+0000] {taskinstance.py:1327} INFO - Executing <Task(PythonOperator): fetch_manufacturer_data> on 2024-02-12 00:00:00+00:00
[2024-12-09T17:26:17.149+0000] {standard_task_runner.py:57} INFO - Started process 275 to run task
[2024-12-09T17:26:17.155+0000] {standard_task_runner.py:84} INFO - Running: ['airflow', 'tasks', 'run', 'manufacturer_etl', 'fetch_manufacturer_data', 'scheduled__2024-02-12T00:00:00+00:00', '--job-id', '58', '--raw', '--subdir', 'DAGS_FOLDER/manufacturer_etl.py', '--cfg-path', '/tmp/tmp8ev7ofeu']
[2024-12-09T17:26:17.158+0000] {standard_task_runner.py:85} INFO - Job 58: Subtask fetch_manufacturer_data
[2024-12-09T17:26:17.256+0000] {task_command.py:410} INFO - Running <TaskInstance: manufacturer_etl.fetch_manufacturer_data scheduled__2024-02-12T00:00:00+00:00 [running]> on host 916d98ee7a08
[2024-12-09T17:26:17.460+0000] {taskinstance.py:1547} INFO - Exporting env vars: AIRFLOW_CTX_DAG_OWNER='airflow' AIRFLOW_CTX_DAG_ID='manufacturer_etl' AIRFLOW_CTX_TASK_ID='fetch_manufacturer_data' AIRFLOW_CTX_EXECUTION_DATE='2024-02-12T00:00:00+00:00' AIRFLOW_CTX_TRY_NUMBER='1' AIRFLOW_CTX_DAG_RUN_ID='scheduled__2024-02-12T00:00:00+00:00'
[2024-12-09T17:26:17.463+0000] {manufacturer_etl.py:37} INFO - Fetching manufacturer details from the API.
[2024-12-09T17:26:19.147+0000] {manufacturer_etl.py:43} INFO - Successfully fetched 100 manufacturer records.
[2024-12-09T17:26:19.154+0000] {manufacturer_etl.py:48} INFO - Data saved to /opt/airflow/data/raw_manufacturer_data.json
[2024-12-09T17:26:19.157+0000] {python.py:183} INFO - Done. Returned value was: None
[2024-12-09T17:26:19.178+0000] {taskinstance.py:1350} INFO - Marking task as SUCCESS. dag_id=manufacturer_etl, task_id=fetch_manufacturer_data, execution_date=20240212T000000, start_date=20241209T172617, end_date=20241209T172619
[2024-12-09T17:26:19.218+0000] {local_task_job_runner.py:225} INFO - Task exited with return code 0
[2024-12-09T17:26:19.255+0000] {taskinstance.py:2653} INFO - 0 downstream tasks scheduled from follow-on schedule check
