[2024-12-09T16:44:51.665+0000] {taskinstance.py:1103} INFO - Dependencies all met for dep_context=non-requeueable deps ti=<TaskInstance: manufacturer_etl.fetch_manufacturer_data scheduled__2024-04-14T00:00:00+00:00 [queued]>
[2024-12-09T16:44:51.686+0000] {taskinstance.py:1103} INFO - Dependencies all met for dep_context=requeueable deps ti=<TaskInstance: manufacturer_etl.fetch_manufacturer_data scheduled__2024-04-14T00:00:00+00:00 [queued]>
[2024-12-09T16:44:51.687+0000] {taskinstance.py:1308} INFO - Starting attempt 1 of 1
[2024-12-09T16:44:51.727+0000] {taskinstance.py:1327} INFO - Executing <Task(PythonOperator): fetch_manufacturer_data> on 2024-04-14 00:00:00+00:00
[2024-12-09T16:44:51.733+0000] {standard_task_runner.py:57} INFO - Started process 597 to run task
[2024-12-09T16:44:51.740+0000] {standard_task_runner.py:84} INFO - Running: ['airflow', 'tasks', 'run', 'manufacturer_etl', 'fetch_manufacturer_data', 'scheduled__2024-04-14T00:00:00+00:00', '--job-id', '225', '--raw', '--subdir', 'DAGS_FOLDER/manufacturer_etl.py', '--cfg-path', '/tmp/tmpdxm_ug6h']
[2024-12-09T16:44:51.744+0000] {standard_task_runner.py:85} INFO - Job 225: Subtask fetch_manufacturer_data
[2024-12-09T16:44:51.876+0000] {task_command.py:410} INFO - Running <TaskInstance: manufacturer_etl.fetch_manufacturer_data scheduled__2024-04-14T00:00:00+00:00 [running]> on host 651f030c76c5
[2024-12-09T16:44:52.220+0000] {taskinstance.py:1547} INFO - Exporting env vars: AIRFLOW_CTX_DAG_OWNER='airflow' AIRFLOW_CTX_DAG_ID='manufacturer_etl' AIRFLOW_CTX_TASK_ID='fetch_manufacturer_data' AIRFLOW_CTX_EXECUTION_DATE='2024-04-14T00:00:00+00:00' AIRFLOW_CTX_TRY_NUMBER='1' AIRFLOW_CTX_DAG_RUN_ID='scheduled__2024-04-14T00:00:00+00:00'
[2024-12-09T16:44:52.222+0000] {manufacturer_etl.py:37} INFO - Fetching manufacturer details from the API.
[2024-12-09T16:45:00.261+0000] {manufacturer_etl.py:43} INFO - Successfully fetched 100 manufacturer records.
[2024-12-09T16:45:00.273+0000] {manufacturer_etl.py:48} INFO - Data saved to /opt/airflow/data/raw_manufacturer_data.json
[2024-12-09T16:45:00.277+0000] {python.py:183} INFO - Done. Returned value was: None
[2024-12-09T16:45:00.321+0000] {taskinstance.py:1350} INFO - Marking task as SUCCESS. dag_id=manufacturer_etl, task_id=fetch_manufacturer_data, execution_date=20240414T000000, start_date=20241209T164451, end_date=20241209T164500
[2024-12-09T16:45:00.385+0000] {local_task_job_runner.py:225} INFO - Task exited with return code 0
[2024-12-09T16:45:00.468+0000] {taskinstance.py:2653} INFO - 0 downstream tasks scheduled from follow-on schedule check
[2024-12-09T17:34:16.661+0000] {taskinstance.py:1103} INFO - Dependencies all met for dep_context=non-requeueable deps ti=<TaskInstance: manufacturer_etl.fetch_manufacturer_data scheduled__2024-04-14T00:00:00+00:00 [queued]>
[2024-12-09T17:34:16.679+0000] {taskinstance.py:1103} INFO - Dependencies all met for dep_context=requeueable deps ti=<TaskInstance: manufacturer_etl.fetch_manufacturer_data scheduled__2024-04-14T00:00:00+00:00 [queued]>
[2024-12-09T17:34:16.680+0000] {taskinstance.py:1308} INFO - Starting attempt 1 of 1
[2024-12-09T17:34:16.710+0000] {taskinstance.py:1327} INFO - Executing <Task(PythonOperator): fetch_manufacturer_data> on 2024-04-14 00:00:00+00:00
[2024-12-09T17:34:16.717+0000] {standard_task_runner.py:57} INFO - Started process 539 to run task
[2024-12-09T17:34:16.725+0000] {standard_task_runner.py:84} INFO - Running: ['airflow', 'tasks', 'run', 'manufacturer_etl', 'fetch_manufacturer_data', 'scheduled__2024-04-14T00:00:00+00:00', '--job-id', '120', '--raw', '--subdir', 'DAGS_FOLDER/manufacturer_etl.py', '--cfg-path', '/tmp/tmpm513rlpc']
[2024-12-09T17:34:16.727+0000] {standard_task_runner.py:85} INFO - Job 120: Subtask fetch_manufacturer_data
[2024-12-09T17:34:16.826+0000] {task_command.py:410} INFO - Running <TaskInstance: manufacturer_etl.fetch_manufacturer_data scheduled__2024-04-14T00:00:00+00:00 [running]> on host 916d98ee7a08
[2024-12-09T17:34:17.029+0000] {taskinstance.py:1547} INFO - Exporting env vars: AIRFLOW_CTX_DAG_OWNER='airflow' AIRFLOW_CTX_DAG_ID='manufacturer_etl' AIRFLOW_CTX_TASK_ID='fetch_manufacturer_data' AIRFLOW_CTX_EXECUTION_DATE='2024-04-14T00:00:00+00:00' AIRFLOW_CTX_TRY_NUMBER='1' AIRFLOW_CTX_DAG_RUN_ID='scheduled__2024-04-14T00:00:00+00:00'
[2024-12-09T17:34:17.031+0000] {manufacturer_etl.py:37} INFO - Fetching manufacturer details from the API.
[2024-12-09T17:34:18.689+0000] {manufacturer_etl.py:43} INFO - Successfully fetched 100 manufacturer records.
[2024-12-09T17:34:18.697+0000] {manufacturer_etl.py:48} INFO - Data saved to /opt/airflow/data/raw_manufacturer_data.json
[2024-12-09T17:34:18.700+0000] {python.py:183} INFO - Done. Returned value was: None
[2024-12-09T17:34:18.721+0000] {taskinstance.py:1350} INFO - Marking task as SUCCESS. dag_id=manufacturer_etl, task_id=fetch_manufacturer_data, execution_date=20240414T000000, start_date=20241209T173416, end_date=20241209T173418
[2024-12-09T17:34:18.788+0000] {local_task_job_runner.py:225} INFO - Task exited with return code 0
[2024-12-09T17:34:18.828+0000] {taskinstance.py:2653} INFO - 0 downstream tasks scheduled from follow-on schedule check
