[2024-12-09T17:01:11.887+0000] {taskinstance.py:1103} INFO - Dependencies all met for dep_context=non-requeueable deps ti=<TaskInstance: manufacturer_etl.fetch_manufacturer_data scheduled__2024-06-22T00:00:00+00:00 [queued]>
[2024-12-09T17:01:11.907+0000] {taskinstance.py:1103} INFO - Dependencies all met for dep_context=requeueable deps ti=<TaskInstance: manufacturer_etl.fetch_manufacturer_data scheduled__2024-06-22T00:00:00+00:00 [queued]>
[2024-12-09T17:01:11.908+0000] {taskinstance.py:1308} INFO - Starting attempt 1 of 1
[2024-12-09T17:01:11.941+0000] {taskinstance.py:1327} INFO - Executing <Task(PythonOperator): fetch_manufacturer_data> on 2024-06-22 00:00:00+00:00
[2024-12-09T17:01:11.949+0000] {standard_task_runner.py:57} INFO - Started process 905 to run task
[2024-12-09T17:01:11.957+0000] {standard_task_runner.py:84} INFO - Running: ['airflow', 'tasks', 'run', 'manufacturer_etl', 'fetch_manufacturer_data', 'scheduled__2024-06-22T00:00:00+00:00', '--job-id', '294', '--raw', '--subdir', 'DAGS_FOLDER/manufacturer_etl.py', '--cfg-path', '/tmp/tmpw40avmty']
[2024-12-09T17:01:11.960+0000] {standard_task_runner.py:85} INFO - Job 294: Subtask fetch_manufacturer_data
[2024-12-09T17:01:12.096+0000] {task_command.py:410} INFO - Running <TaskInstance: manufacturer_etl.fetch_manufacturer_data scheduled__2024-06-22T00:00:00+00:00 [running]> on host 651f030c76c5
[2024-12-09T17:01:12.339+0000] {taskinstance.py:1547} INFO - Exporting env vars: AIRFLOW_CTX_DAG_OWNER='airflow' AIRFLOW_CTX_DAG_ID='manufacturer_etl' AIRFLOW_CTX_TASK_ID='fetch_manufacturer_data' AIRFLOW_CTX_EXECUTION_DATE='2024-06-22T00:00:00+00:00' AIRFLOW_CTX_TRY_NUMBER='1' AIRFLOW_CTX_DAG_RUN_ID='scheduled__2024-06-22T00:00:00+00:00'
[2024-12-09T17:01:12.342+0000] {manufacturer_etl.py:37} INFO - Fetching manufacturer details from the API.
[2024-12-09T17:01:21.494+0000] {manufacturer_etl.py:43} INFO - Successfully fetched 100 manufacturer records.
[2024-12-09T17:01:21.510+0000] {manufacturer_etl.py:48} INFO - Data saved to /opt/airflow/data/raw_manufacturer_data.json
[2024-12-09T17:01:21.516+0000] {python.py:183} INFO - Done. Returned value was: None
[2024-12-09T17:01:21.573+0000] {taskinstance.py:1350} INFO - Marking task as SUCCESS. dag_id=manufacturer_etl, task_id=fetch_manufacturer_data, execution_date=20240622T000000, start_date=20241209T170111, end_date=20241209T170121
[2024-12-09T17:01:21.683+0000] {local_task_job_runner.py:225} INFO - Task exited with return code 0
[2024-12-09T17:01:21.772+0000] {taskinstance.py:2653} INFO - 0 downstream tasks scheduled from follow-on schedule check
[2024-12-09T17:43:28.081+0000] {taskinstance.py:1103} INFO - Dependencies all met for dep_context=non-requeueable deps ti=<TaskInstance: manufacturer_etl.fetch_manufacturer_data scheduled__2024-06-22T00:00:00+00:00 [queued]>
[2024-12-09T17:43:28.098+0000] {taskinstance.py:1103} INFO - Dependencies all met for dep_context=requeueable deps ti=<TaskInstance: manufacturer_etl.fetch_manufacturer_data scheduled__2024-06-22T00:00:00+00:00 [queued]>
[2024-12-09T17:43:28.099+0000] {taskinstance.py:1308} INFO - Starting attempt 1 of 1
[2024-12-09T17:43:28.128+0000] {taskinstance.py:1327} INFO - Executing <Task(PythonOperator): fetch_manufacturer_data> on 2024-06-22 00:00:00+00:00
[2024-12-09T17:43:28.134+0000] {standard_task_runner.py:57} INFO - Started process 833 to run task
[2024-12-09T17:43:28.140+0000] {standard_task_runner.py:84} INFO - Running: ['airflow', 'tasks', 'run', 'manufacturer_etl', 'fetch_manufacturer_data', 'scheduled__2024-06-22T00:00:00+00:00', '--job-id', '189', '--raw', '--subdir', 'DAGS_FOLDER/manufacturer_etl.py', '--cfg-path', '/tmp/tmp8mby5qs5']
[2024-12-09T17:43:28.142+0000] {standard_task_runner.py:85} INFO - Job 189: Subtask fetch_manufacturer_data
[2024-12-09T17:43:28.240+0000] {task_command.py:410} INFO - Running <TaskInstance: manufacturer_etl.fetch_manufacturer_data scheduled__2024-06-22T00:00:00+00:00 [running]> on host 916d98ee7a08
[2024-12-09T17:43:28.445+0000] {taskinstance.py:1547} INFO - Exporting env vars: AIRFLOW_CTX_DAG_OWNER='airflow' AIRFLOW_CTX_DAG_ID='manufacturer_etl' AIRFLOW_CTX_TASK_ID='fetch_manufacturer_data' AIRFLOW_CTX_EXECUTION_DATE='2024-06-22T00:00:00+00:00' AIRFLOW_CTX_TRY_NUMBER='1' AIRFLOW_CTX_DAG_RUN_ID='scheduled__2024-06-22T00:00:00+00:00'
[2024-12-09T17:43:28.447+0000] {manufacturer_etl.py:37} INFO - Fetching manufacturer details from the API.
[2024-12-09T17:43:31.642+0000] {manufacturer_etl.py:43} INFO - Successfully fetched 100 manufacturer records.
[2024-12-09T17:43:31.653+0000] {manufacturer_etl.py:48} INFO - Data saved to /opt/airflow/data/raw_manufacturer_data.json
[2024-12-09T17:43:31.655+0000] {python.py:183} INFO - Done. Returned value was: None
[2024-12-09T17:43:31.675+0000] {taskinstance.py:1350} INFO - Marking task as SUCCESS. dag_id=manufacturer_etl, task_id=fetch_manufacturer_data, execution_date=20240622T000000, start_date=20241209T174328, end_date=20241209T174331
[2024-12-09T17:43:31.720+0000] {local_task_job_runner.py:225} INFO - Task exited with return code 0
[2024-12-09T17:43:31.757+0000] {taskinstance.py:2653} INFO - 0 downstream tasks scheduled from follow-on schedule check
