[2024-12-09T16:52:05.230+0000] {taskinstance.py:1103} INFO - Dependencies all met for dep_context=non-requeueable deps ti=<TaskInstance: manufacturer_etl.fetch_manufacturer_data scheduled__2024-05-15T00:00:00+00:00 [queued]>
[2024-12-09T16:52:05.251+0000] {taskinstance.py:1103} INFO - Dependencies all met for dep_context=requeueable deps ti=<TaskInstance: manufacturer_etl.fetch_manufacturer_data scheduled__2024-05-15T00:00:00+00:00 [queued]>
[2024-12-09T16:52:05.252+0000] {taskinstance.py:1308} INFO - Starting attempt 1 of 1
[2024-12-09T16:52:05.286+0000] {taskinstance.py:1327} INFO - Executing <Task(PythonOperator): fetch_manufacturer_data> on 2024-05-15 00:00:00+00:00
[2024-12-09T16:52:05.293+0000] {standard_task_runner.py:57} INFO - Started process 735 to run task
[2024-12-09T16:52:05.299+0000] {standard_task_runner.py:84} INFO - Running: ['airflow', 'tasks', 'run', 'manufacturer_etl', 'fetch_manufacturer_data', 'scheduled__2024-05-15T00:00:00+00:00', '--job-id', '256', '--raw', '--subdir', 'DAGS_FOLDER/manufacturer_etl.py', '--cfg-path', '/tmp/tmputupxa_f']
[2024-12-09T16:52:05.302+0000] {standard_task_runner.py:85} INFO - Job 256: Subtask fetch_manufacturer_data
[2024-12-09T16:52:05.417+0000] {task_command.py:410} INFO - Running <TaskInstance: manufacturer_etl.fetch_manufacturer_data scheduled__2024-05-15T00:00:00+00:00 [running]> on host 651f030c76c5
[2024-12-09T16:52:05.676+0000] {taskinstance.py:1547} INFO - Exporting env vars: AIRFLOW_CTX_DAG_OWNER='airflow' AIRFLOW_CTX_DAG_ID='manufacturer_etl' AIRFLOW_CTX_TASK_ID='fetch_manufacturer_data' AIRFLOW_CTX_EXECUTION_DATE='2024-05-15T00:00:00+00:00' AIRFLOW_CTX_TRY_NUMBER='1' AIRFLOW_CTX_DAG_RUN_ID='scheduled__2024-05-15T00:00:00+00:00'
[2024-12-09T16:52:05.679+0000] {manufacturer_etl.py:37} INFO - Fetching manufacturer details from the API.
[2024-12-09T16:52:14.560+0000] {manufacturer_etl.py:43} INFO - Successfully fetched 100 manufacturer records.
[2024-12-09T16:52:14.604+0000] {manufacturer_etl.py:48} INFO - Data saved to /opt/airflow/data/raw_manufacturer_data.json
[2024-12-09T16:52:14.610+0000] {python.py:183} INFO - Done. Returned value was: None
[2024-12-09T16:52:14.651+0000] {taskinstance.py:1350} INFO - Marking task as SUCCESS. dag_id=manufacturer_etl, task_id=fetch_manufacturer_data, execution_date=20240515T000000, start_date=20241209T165205, end_date=20241209T165214
[2024-12-09T16:52:14.706+0000] {local_task_job_runner.py:225} INFO - Task exited with return code 0
[2024-12-09T16:52:14.747+0000] {taskinstance.py:2653} INFO - 0 downstream tasks scheduled from follow-on schedule check
[2024-12-09T17:38:15.958+0000] {taskinstance.py:1103} INFO - Dependencies all met for dep_context=non-requeueable deps ti=<TaskInstance: manufacturer_etl.fetch_manufacturer_data scheduled__2024-05-15T00:00:00+00:00 [queued]>
[2024-12-09T17:38:15.976+0000] {taskinstance.py:1103} INFO - Dependencies all met for dep_context=requeueable deps ti=<TaskInstance: manufacturer_etl.fetch_manufacturer_data scheduled__2024-05-15T00:00:00+00:00 [queued]>
[2024-12-09T17:38:15.977+0000] {taskinstance.py:1308} INFO - Starting attempt 1 of 1
[2024-12-09T17:38:16.005+0000] {taskinstance.py:1327} INFO - Executing <Task(PythonOperator): fetch_manufacturer_data> on 2024-05-15 00:00:00+00:00
[2024-12-09T17:38:16.012+0000] {standard_task_runner.py:57} INFO - Started process 671 to run task
[2024-12-09T17:38:16.018+0000] {standard_task_runner.py:84} INFO - Running: ['airflow', 'tasks', 'run', 'manufacturer_etl', 'fetch_manufacturer_data', 'scheduled__2024-05-15T00:00:00+00:00', '--job-id', '151', '--raw', '--subdir', 'DAGS_FOLDER/manufacturer_etl.py', '--cfg-path', '/tmp/tmpy_uqdd84']
[2024-12-09T17:38:16.020+0000] {standard_task_runner.py:85} INFO - Job 151: Subtask fetch_manufacturer_data
[2024-12-09T17:38:16.117+0000] {task_command.py:410} INFO - Running <TaskInstance: manufacturer_etl.fetch_manufacturer_data scheduled__2024-05-15T00:00:00+00:00 [running]> on host 916d98ee7a08
[2024-12-09T17:38:16.326+0000] {taskinstance.py:1547} INFO - Exporting env vars: AIRFLOW_CTX_DAG_OWNER='airflow' AIRFLOW_CTX_DAG_ID='manufacturer_etl' AIRFLOW_CTX_TASK_ID='fetch_manufacturer_data' AIRFLOW_CTX_EXECUTION_DATE='2024-05-15T00:00:00+00:00' AIRFLOW_CTX_TRY_NUMBER='1' AIRFLOW_CTX_DAG_RUN_ID='scheduled__2024-05-15T00:00:00+00:00'
[2024-12-09T17:38:16.328+0000] {manufacturer_etl.py:37} INFO - Fetching manufacturer details from the API.
[2024-12-09T17:38:17.691+0000] {manufacturer_etl.py:43} INFO - Successfully fetched 100 manufacturer records.
[2024-12-09T17:38:17.701+0000] {manufacturer_etl.py:48} INFO - Data saved to /opt/airflow/data/raw_manufacturer_data.json
[2024-12-09T17:38:17.703+0000] {python.py:183} INFO - Done. Returned value was: None
[2024-12-09T17:38:17.724+0000] {taskinstance.py:1350} INFO - Marking task as SUCCESS. dag_id=manufacturer_etl, task_id=fetch_manufacturer_data, execution_date=20240515T000000, start_date=20241209T173815, end_date=20241209T173817
[2024-12-09T17:38:17.753+0000] {local_task_job_runner.py:225} INFO - Task exited with return code 0
[2024-12-09T17:38:17.790+0000] {taskinstance.py:2653} INFO - 0 downstream tasks scheduled from follow-on schedule check
