[2024-12-09T16:48:42.276+0000] {taskinstance.py:1103} INFO - Dependencies all met for dep_context=non-requeueable deps ti=<TaskInstance: manufacturer_etl.fetch_manufacturer_data scheduled__2024-04-30T00:00:00+00:00 [queued]>
[2024-12-09T16:48:42.306+0000] {taskinstance.py:1103} INFO - Dependencies all met for dep_context=requeueable deps ti=<TaskInstance: manufacturer_etl.fetch_manufacturer_data scheduled__2024-04-30T00:00:00+00:00 [queued]>
[2024-12-09T16:48:42.307+0000] {taskinstance.py:1308} INFO - Starting attempt 1 of 1
[2024-12-09T16:48:42.337+0000] {taskinstance.py:1327} INFO - Executing <Task(PythonOperator): fetch_manufacturer_data> on 2024-04-30 00:00:00+00:00
[2024-12-09T16:48:42.347+0000] {standard_task_runner.py:57} INFO - Started process 668 to run task
[2024-12-09T16:48:42.353+0000] {standard_task_runner.py:84} INFO - Running: ['airflow', 'tasks', 'run', 'manufacturer_etl', 'fetch_manufacturer_data', 'scheduled__2024-04-30T00:00:00+00:00', '--job-id', '241', '--raw', '--subdir', 'DAGS_FOLDER/manufacturer_etl.py', '--cfg-path', '/tmp/tmpgo2zxn2a']
[2024-12-09T16:48:42.355+0000] {standard_task_runner.py:85} INFO - Job 241: Subtask fetch_manufacturer_data
[2024-12-09T16:48:42.461+0000] {task_command.py:410} INFO - Running <TaskInstance: manufacturer_etl.fetch_manufacturer_data scheduled__2024-04-30T00:00:00+00:00 [running]> on host 651f030c76c5
[2024-12-09T16:48:42.675+0000] {taskinstance.py:1547} INFO - Exporting env vars: AIRFLOW_CTX_DAG_OWNER='airflow' AIRFLOW_CTX_DAG_ID='manufacturer_etl' AIRFLOW_CTX_TASK_ID='fetch_manufacturer_data' AIRFLOW_CTX_EXECUTION_DATE='2024-04-30T00:00:00+00:00' AIRFLOW_CTX_TRY_NUMBER='1' AIRFLOW_CTX_DAG_RUN_ID='scheduled__2024-04-30T00:00:00+00:00'
[2024-12-09T16:48:42.678+0000] {manufacturer_etl.py:37} INFO - Fetching manufacturer details from the API.
[2024-12-09T16:48:47.500+0000] {manufacturer_etl.py:43} INFO - Successfully fetched 100 manufacturer records.
[2024-12-09T16:48:47.506+0000] {manufacturer_etl.py:48} INFO - Data saved to /opt/airflow/data/raw_manufacturer_data.json
[2024-12-09T16:48:47.509+0000] {python.py:183} INFO - Done. Returned value was: None
[2024-12-09T16:48:47.532+0000] {taskinstance.py:1350} INFO - Marking task as SUCCESS. dag_id=manufacturer_etl, task_id=fetch_manufacturer_data, execution_date=20240430T000000, start_date=20241209T164842, end_date=20241209T164847
[2024-12-09T16:48:47.592+0000] {local_task_job_runner.py:225} INFO - Task exited with return code 0
[2024-12-09T16:48:47.628+0000] {taskinstance.py:2653} INFO - 0 downstream tasks scheduled from follow-on schedule check
[2024-12-09T17:36:17.196+0000] {taskinstance.py:1103} INFO - Dependencies all met for dep_context=non-requeueable deps ti=<TaskInstance: manufacturer_etl.fetch_manufacturer_data scheduled__2024-04-30T00:00:00+00:00 [queued]>
[2024-12-09T17:36:17.214+0000] {taskinstance.py:1103} INFO - Dependencies all met for dep_context=requeueable deps ti=<TaskInstance: manufacturer_etl.fetch_manufacturer_data scheduled__2024-04-30T00:00:00+00:00 [queued]>
[2024-12-09T17:36:17.215+0000] {taskinstance.py:1308} INFO - Starting attempt 1 of 1
[2024-12-09T17:36:17.244+0000] {taskinstance.py:1327} INFO - Executing <Task(PythonOperator): fetch_manufacturer_data> on 2024-04-30 00:00:00+00:00
[2024-12-09T17:36:17.249+0000] {standard_task_runner.py:57} INFO - Started process 607 to run task
[2024-12-09T17:36:17.255+0000] {standard_task_runner.py:84} INFO - Running: ['airflow', 'tasks', 'run', 'manufacturer_etl', 'fetch_manufacturer_data', 'scheduled__2024-04-30T00:00:00+00:00', '--job-id', '136', '--raw', '--subdir', 'DAGS_FOLDER/manufacturer_etl.py', '--cfg-path', '/tmp/tmpq8_f4k0i']
[2024-12-09T17:36:17.258+0000] {standard_task_runner.py:85} INFO - Job 136: Subtask fetch_manufacturer_data
[2024-12-09T17:36:17.361+0000] {task_command.py:410} INFO - Running <TaskInstance: manufacturer_etl.fetch_manufacturer_data scheduled__2024-04-30T00:00:00+00:00 [running]> on host 916d98ee7a08
[2024-12-09T17:36:17.563+0000] {taskinstance.py:1547} INFO - Exporting env vars: AIRFLOW_CTX_DAG_OWNER='airflow' AIRFLOW_CTX_DAG_ID='manufacturer_etl' AIRFLOW_CTX_TASK_ID='fetch_manufacturer_data' AIRFLOW_CTX_EXECUTION_DATE='2024-04-30T00:00:00+00:00' AIRFLOW_CTX_TRY_NUMBER='1' AIRFLOW_CTX_DAG_RUN_ID='scheduled__2024-04-30T00:00:00+00:00'
[2024-12-09T17:36:17.565+0000] {manufacturer_etl.py:37} INFO - Fetching manufacturer details from the API.
[2024-12-09T17:36:18.893+0000] {manufacturer_etl.py:43} INFO - Successfully fetched 100 manufacturer records.
[2024-12-09T17:36:18.901+0000] {manufacturer_etl.py:48} INFO - Data saved to /opt/airflow/data/raw_manufacturer_data.json
[2024-12-09T17:36:18.903+0000] {python.py:183} INFO - Done. Returned value was: None
[2024-12-09T17:36:18.924+0000] {taskinstance.py:1350} INFO - Marking task as SUCCESS. dag_id=manufacturer_etl, task_id=fetch_manufacturer_data, execution_date=20240430T000000, start_date=20241209T173617, end_date=20241209T173618
[2024-12-09T17:36:18.991+0000] {local_task_job_runner.py:225} INFO - Task exited with return code 0
[2024-12-09T17:36:19.030+0000] {taskinstance.py:2653} INFO - 0 downstream tasks scheduled from follow-on schedule check
