[2024-12-09T15:45:19.525+0000] {taskinstance.py:1103} INFO - Dependencies all met for dep_context=non-requeueable deps ti=<TaskInstance: manufacturer_etl.fetch_manufacturer_data scheduled__2024-01-28T00:00:00+00:00 [queued]>
[2024-12-09T15:45:19.534+0000] {taskinstance.py:1103} INFO - Dependencies all met for dep_context=requeueable deps ti=<TaskInstance: manufacturer_etl.fetch_manufacturer_data scheduled__2024-01-28T00:00:00+00:00 [queued]>
[2024-12-09T15:45:19.534+0000] {taskinstance.py:1308} INFO - Starting attempt 1 of 1
[2024-12-09T15:45:19.549+0000] {taskinstance.py:1327} INFO - Executing <Task(PythonOperator): fetch_manufacturer_data> on 2024-01-28 00:00:00+00:00
[2024-12-09T15:45:19.552+0000] {standard_task_runner.py:57} INFO - Started process 223 to run task
[2024-12-09T15:45:19.555+0000] {standard_task_runner.py:84} INFO - Running: ['airflow', 'tasks', 'run', 'manufacturer_etl', 'fetch_manufacturer_data', 'scheduled__2024-01-28T00:00:00+00:00', '--job-id', '43', '--raw', '--subdir', 'DAGS_FOLDER/manufacturer_etl.py', '--cfg-path', '/tmp/tmpxkwbixxv']
[2024-12-09T15:45:19.557+0000] {standard_task_runner.py:85} INFO - Job 43: Subtask fetch_manufacturer_data
[2024-12-09T15:45:19.607+0000] {task_command.py:410} INFO - Running <TaskInstance: manufacturer_etl.fetch_manufacturer_data scheduled__2024-01-28T00:00:00+00:00 [running]> on host 782927b5dd22
[2024-12-09T15:45:19.710+0000] {taskinstance.py:1547} INFO - Exporting env vars: AIRFLOW_CTX_DAG_OWNER='airflow' AIRFLOW_CTX_DAG_ID='manufacturer_etl' AIRFLOW_CTX_TASK_ID='fetch_manufacturer_data' AIRFLOW_CTX_EXECUTION_DATE='2024-01-28T00:00:00+00:00' AIRFLOW_CTX_TRY_NUMBER='1' AIRFLOW_CTX_DAG_RUN_ID='scheduled__2024-01-28T00:00:00+00:00'
[2024-12-09T15:45:19.711+0000] {manufacturer_etl.py:37} INFO - Fetching manufacturer details from the API.
[2024-12-09T15:45:28.477+0000] {manufacturer_etl.py:43} INFO - Successfully fetched 100 manufacturer records.
[2024-12-09T15:45:28.485+0000] {manufacturer_etl.py:48} INFO - Data saved to /opt/airflow/data/raw_manufacturer_data.json
[2024-12-09T15:45:28.486+0000] {python.py:183} INFO - Done. Returned value was: None
[2024-12-09T15:45:28.497+0000] {taskinstance.py:1350} INFO - Marking task as SUCCESS. dag_id=manufacturer_etl, task_id=fetch_manufacturer_data, execution_date=20240128T000000, start_date=20241209T154519, end_date=20241209T154528
[2024-12-09T15:45:28.547+0000] {local_task_job_runner.py:225} INFO - Task exited with return code 0
[2024-12-09T15:45:28.565+0000] {taskinstance.py:2653} INFO - 0 downstream tasks scheduled from follow-on schedule check
[2024-12-09T16:26:46.322+0000] {taskinstance.py:1103} INFO - Dependencies all met for dep_context=non-requeueable deps ti=<TaskInstance: manufacturer_etl.fetch_manufacturer_data scheduled__2024-01-28T00:00:00+00:00 [queued]>
[2024-12-09T16:26:46.344+0000] {taskinstance.py:1103} INFO - Dependencies all met for dep_context=requeueable deps ti=<TaskInstance: manufacturer_etl.fetch_manufacturer_data scheduled__2024-01-28T00:00:00+00:00 [queued]>
[2024-12-09T16:26:46.345+0000] {taskinstance.py:1308} INFO - Starting attempt 1 of 1
[2024-12-09T16:26:46.374+0000] {taskinstance.py:1327} INFO - Executing <Task(PythonOperator): fetch_manufacturer_data> on 2024-01-28 00:00:00+00:00
[2024-12-09T16:26:46.380+0000] {standard_task_runner.py:57} INFO - Started process 253 to run task
[2024-12-09T16:26:46.386+0000] {standard_task_runner.py:84} INFO - Running: ['airflow', 'tasks', 'run', 'manufacturer_etl', 'fetch_manufacturer_data', 'scheduled__2024-01-28T00:00:00+00:00', '--job-id', '148', '--raw', '--subdir', 'DAGS_FOLDER/manufacturer_etl.py', '--cfg-path', '/tmp/tmp5syfbqtq']
[2024-12-09T16:26:46.388+0000] {standard_task_runner.py:85} INFO - Job 148: Subtask fetch_manufacturer_data
[2024-12-09T16:26:46.491+0000] {task_command.py:410} INFO - Running <TaskInstance: manufacturer_etl.fetch_manufacturer_data scheduled__2024-01-28T00:00:00+00:00 [running]> on host 651f030c76c5
[2024-12-09T16:26:46.701+0000] {taskinstance.py:1547} INFO - Exporting env vars: AIRFLOW_CTX_DAG_OWNER='airflow' AIRFLOW_CTX_DAG_ID='manufacturer_etl' AIRFLOW_CTX_TASK_ID='fetch_manufacturer_data' AIRFLOW_CTX_EXECUTION_DATE='2024-01-28T00:00:00+00:00' AIRFLOW_CTX_TRY_NUMBER='1' AIRFLOW_CTX_DAG_RUN_ID='scheduled__2024-01-28T00:00:00+00:00'
[2024-12-09T16:26:46.703+0000] {manufacturer_etl.py:37} INFO - Fetching manufacturer details from the API.
[2024-12-09T16:26:51.755+0000] {manufacturer_etl.py:43} INFO - Successfully fetched 100 manufacturer records.
[2024-12-09T16:26:51.769+0000] {manufacturer_etl.py:48} INFO - Data saved to /opt/airflow/data/raw_manufacturer_data.json
[2024-12-09T16:26:51.774+0000] {python.py:183} INFO - Done. Returned value was: None
[2024-12-09T16:26:51.824+0000] {taskinstance.py:1350} INFO - Marking task as SUCCESS. dag_id=manufacturer_etl, task_id=fetch_manufacturer_data, execution_date=20240128T000000, start_date=20241209T162646, end_date=20241209T162651
[2024-12-09T16:26:51.923+0000] {local_task_job_runner.py:225} INFO - Task exited with return code 0
[2024-12-09T16:26:52.006+0000] {taskinstance.py:2653} INFO - 0 downstream tasks scheduled from follow-on schedule check
[2024-12-09T17:24:20.223+0000] {taskinstance.py:1103} INFO - Dependencies all met for dep_context=non-requeueable deps ti=<TaskInstance: manufacturer_etl.fetch_manufacturer_data scheduled__2024-01-28T00:00:00+00:00 [queued]>
[2024-12-09T17:24:20.241+0000] {taskinstance.py:1103} INFO - Dependencies all met for dep_context=requeueable deps ti=<TaskInstance: manufacturer_etl.fetch_manufacturer_data scheduled__2024-01-28T00:00:00+00:00 [queued]>
[2024-12-09T17:24:20.242+0000] {taskinstance.py:1308} INFO - Starting attempt 1 of 1
[2024-12-09T17:24:20.270+0000] {taskinstance.py:1327} INFO - Executing <Task(PythonOperator): fetch_manufacturer_data> on 2024-01-28 00:00:00+00:00
[2024-12-09T17:24:20.276+0000] {standard_task_runner.py:57} INFO - Started process 211 to run task
[2024-12-09T17:24:20.282+0000] {standard_task_runner.py:84} INFO - Running: ['airflow', 'tasks', 'run', 'manufacturer_etl', 'fetch_manufacturer_data', 'scheduled__2024-01-28T00:00:00+00:00', '--job-id', '43', '--raw', '--subdir', 'DAGS_FOLDER/manufacturer_etl.py', '--cfg-path', '/tmp/tmplp19kgpz']
[2024-12-09T17:24:20.284+0000] {standard_task_runner.py:85} INFO - Job 43: Subtask fetch_manufacturer_data
[2024-12-09T17:24:20.378+0000] {task_command.py:410} INFO - Running <TaskInstance: manufacturer_etl.fetch_manufacturer_data scheduled__2024-01-28T00:00:00+00:00 [running]> on host 916d98ee7a08
[2024-12-09T17:24:20.575+0000] {taskinstance.py:1547} INFO - Exporting env vars: AIRFLOW_CTX_DAG_OWNER='airflow' AIRFLOW_CTX_DAG_ID='manufacturer_etl' AIRFLOW_CTX_TASK_ID='fetch_manufacturer_data' AIRFLOW_CTX_EXECUTION_DATE='2024-01-28T00:00:00+00:00' AIRFLOW_CTX_TRY_NUMBER='1' AIRFLOW_CTX_DAG_RUN_ID='scheduled__2024-01-28T00:00:00+00:00'
[2024-12-09T17:24:20.577+0000] {manufacturer_etl.py:37} INFO - Fetching manufacturer details from the API.
[2024-12-09T17:24:23.335+0000] {manufacturer_etl.py:43} INFO - Successfully fetched 100 manufacturer records.
[2024-12-09T17:24:23.343+0000] {manufacturer_etl.py:48} INFO - Data saved to /opt/airflow/data/raw_manufacturer_data.json
[2024-12-09T17:24:23.345+0000] {python.py:183} INFO - Done. Returned value was: None
[2024-12-09T17:24:23.365+0000] {taskinstance.py:1350} INFO - Marking task as SUCCESS. dag_id=manufacturer_etl, task_id=fetch_manufacturer_data, execution_date=20240128T000000, start_date=20241209T172420, end_date=20241209T172423
[2024-12-09T17:24:23.411+0000] {local_task_job_runner.py:225} INFO - Task exited with return code 0
[2024-12-09T17:24:23.456+0000] {taskinstance.py:2653} INFO - 0 downstream tasks scheduled from follow-on schedule check
