[2024-12-09T15:43:11.112+0000] {taskinstance.py:1103} INFO - Dependencies all met for dep_context=non-requeueable deps ti=<TaskInstance: manufacturer_etl.fetch_manufacturer_data scheduled__2024-01-16T00:00:00+00:00 [queued]>
[2024-12-09T15:43:11.122+0000] {taskinstance.py:1103} INFO - Dependencies all met for dep_context=requeueable deps ti=<TaskInstance: manufacturer_etl.fetch_manufacturer_data scheduled__2024-01-16T00:00:00+00:00 [queued]>
[2024-12-09T15:43:11.122+0000] {taskinstance.py:1308} INFO - Starting attempt 1 of 1
[2024-12-09T15:43:11.137+0000] {taskinstance.py:1327} INFO - Executing <Task(PythonOperator): fetch_manufacturer_data> on 2024-01-16 00:00:00+00:00
[2024-12-09T15:43:11.142+0000] {standard_task_runner.py:57} INFO - Started process 170 to run task
[2024-12-09T15:43:11.148+0000] {standard_task_runner.py:84} INFO - Running: ['airflow', 'tasks', 'run', 'manufacturer_etl', 'fetch_manufacturer_data', 'scheduled__2024-01-16T00:00:00+00:00', '--job-id', '31', '--raw', '--subdir', 'DAGS_FOLDER/manufacturer_etl.py', '--cfg-path', '/tmp/tmpolip1w9e']
[2024-12-09T15:43:11.150+0000] {standard_task_runner.py:85} INFO - Job 31: Subtask fetch_manufacturer_data
[2024-12-09T15:43:11.210+0000] {task_command.py:410} INFO - Running <TaskInstance: manufacturer_etl.fetch_manufacturer_data scheduled__2024-01-16T00:00:00+00:00 [running]> on host 782927b5dd22
[2024-12-09T15:43:11.316+0000] {taskinstance.py:1547} INFO - Exporting env vars: AIRFLOW_CTX_DAG_OWNER='airflow' AIRFLOW_CTX_DAG_ID='manufacturer_etl' AIRFLOW_CTX_TASK_ID='fetch_manufacturer_data' AIRFLOW_CTX_EXECUTION_DATE='2024-01-16T00:00:00+00:00' AIRFLOW_CTX_TRY_NUMBER='1' AIRFLOW_CTX_DAG_RUN_ID='scheduled__2024-01-16T00:00:00+00:00'
[2024-12-09T15:43:11.318+0000] {manufacturer_etl.py:37} INFO - Fetching manufacturer details from the API.
[2024-12-09T15:43:16.333+0000] {manufacturer_etl.py:43} INFO - Successfully fetched 100 manufacturer records.
[2024-12-09T15:43:16.346+0000] {manufacturer_etl.py:48} INFO - Data saved to /opt/airflow/data/raw_manufacturer_data.json
[2024-12-09T15:43:16.348+0000] {python.py:183} INFO - Done. Returned value was: None
[2024-12-09T15:43:16.359+0000] {taskinstance.py:1350} INFO - Marking task as SUCCESS. dag_id=manufacturer_etl, task_id=fetch_manufacturer_data, execution_date=20240116T000000, start_date=20241209T154311, end_date=20241209T154316
[2024-12-09T15:43:16.402+0000] {local_task_job_runner.py:225} INFO - Task exited with return code 0
[2024-12-09T15:43:16.420+0000] {taskinstance.py:2653} INFO - 0 downstream tasks scheduled from follow-on schedule check
[2024-12-09T16:23:57.188+0000] {taskinstance.py:1103} INFO - Dependencies all met for dep_context=non-requeueable deps ti=<TaskInstance: manufacturer_etl.fetch_manufacturer_data scheduled__2024-01-16T00:00:00+00:00 [queued]>
[2024-12-09T16:23:57.209+0000] {taskinstance.py:1103} INFO - Dependencies all met for dep_context=requeueable deps ti=<TaskInstance: manufacturer_etl.fetch_manufacturer_data scheduled__2024-01-16T00:00:00+00:00 [queued]>
[2024-12-09T16:23:57.210+0000] {taskinstance.py:1308} INFO - Starting attempt 1 of 1
[2024-12-09T16:23:57.242+0000] {taskinstance.py:1327} INFO - Executing <Task(PythonOperator): fetch_manufacturer_data> on 2024-01-16 00:00:00+00:00
[2024-12-09T16:23:57.249+0000] {standard_task_runner.py:57} INFO - Started process 200 to run task
[2024-12-09T16:23:57.256+0000] {standard_task_runner.py:84} INFO - Running: ['airflow', 'tasks', 'run', 'manufacturer_etl', 'fetch_manufacturer_data', 'scheduled__2024-01-16T00:00:00+00:00', '--job-id', '136', '--raw', '--subdir', 'DAGS_FOLDER/manufacturer_etl.py', '--cfg-path', '/tmp/tmpvrs3h56u']
[2024-12-09T16:23:57.259+0000] {standard_task_runner.py:85} INFO - Job 136: Subtask fetch_manufacturer_data
[2024-12-09T16:23:57.381+0000] {task_command.py:410} INFO - Running <TaskInstance: manufacturer_etl.fetch_manufacturer_data scheduled__2024-01-16T00:00:00+00:00 [running]> on host 651f030c76c5
[2024-12-09T16:23:57.626+0000] {taskinstance.py:1547} INFO - Exporting env vars: AIRFLOW_CTX_DAG_OWNER='airflow' AIRFLOW_CTX_DAG_ID='manufacturer_etl' AIRFLOW_CTX_TASK_ID='fetch_manufacturer_data' AIRFLOW_CTX_EXECUTION_DATE='2024-01-16T00:00:00+00:00' AIRFLOW_CTX_TRY_NUMBER='1' AIRFLOW_CTX_DAG_RUN_ID='scheduled__2024-01-16T00:00:00+00:00'
[2024-12-09T16:23:57.628+0000] {manufacturer_etl.py:37} INFO - Fetching manufacturer details from the API.
[2024-12-09T16:24:02.684+0000] {manufacturer_etl.py:43} INFO - Successfully fetched 100 manufacturer records.
[2024-12-09T16:24:02.691+0000] {manufacturer_etl.py:48} INFO - Data saved to /opt/airflow/data/raw_manufacturer_data.json
[2024-12-09T16:24:02.694+0000] {python.py:183} INFO - Done. Returned value was: None
[2024-12-09T16:24:02.719+0000] {taskinstance.py:1350} INFO - Marking task as SUCCESS. dag_id=manufacturer_etl, task_id=fetch_manufacturer_data, execution_date=20240116T000000, start_date=20241209T162357, end_date=20241209T162402
[2024-12-09T16:24:02.782+0000] {local_task_job_runner.py:225} INFO - Task exited with return code 0
[2024-12-09T16:24:02.821+0000] {taskinstance.py:2653} INFO - 0 downstream tasks scheduled from follow-on schedule check
[2024-12-09T17:22:49.305+0000] {taskinstance.py:1103} INFO - Dependencies all met for dep_context=non-requeueable deps ti=<TaskInstance: manufacturer_etl.fetch_manufacturer_data scheduled__2024-01-16T00:00:00+00:00 [queued]>
[2024-12-09T17:22:49.323+0000] {taskinstance.py:1103} INFO - Dependencies all met for dep_context=requeueable deps ti=<TaskInstance: manufacturer_etl.fetch_manufacturer_data scheduled__2024-01-16T00:00:00+00:00 [queued]>
[2024-12-09T17:22:49.324+0000] {taskinstance.py:1308} INFO - Starting attempt 1 of 1
[2024-12-09T17:22:49.351+0000] {taskinstance.py:1327} INFO - Executing <Task(PythonOperator): fetch_manufacturer_data> on 2024-01-16 00:00:00+00:00
[2024-12-09T17:22:49.357+0000] {standard_task_runner.py:57} INFO - Started process 160 to run task
[2024-12-09T17:22:49.363+0000] {standard_task_runner.py:84} INFO - Running: ['airflow', 'tasks', 'run', 'manufacturer_etl', 'fetch_manufacturer_data', 'scheduled__2024-01-16T00:00:00+00:00', '--job-id', '31', '--raw', '--subdir', 'DAGS_FOLDER/manufacturer_etl.py', '--cfg-path', '/tmp/tmptmfwffn3']
[2024-12-09T17:22:49.365+0000] {standard_task_runner.py:85} INFO - Job 31: Subtask fetch_manufacturer_data
[2024-12-09T17:22:49.461+0000] {task_command.py:410} INFO - Running <TaskInstance: manufacturer_etl.fetch_manufacturer_data scheduled__2024-01-16T00:00:00+00:00 [running]> on host 916d98ee7a08
[2024-12-09T17:22:49.681+0000] {taskinstance.py:1547} INFO - Exporting env vars: AIRFLOW_CTX_DAG_OWNER='airflow' AIRFLOW_CTX_DAG_ID='manufacturer_etl' AIRFLOW_CTX_TASK_ID='fetch_manufacturer_data' AIRFLOW_CTX_EXECUTION_DATE='2024-01-16T00:00:00+00:00' AIRFLOW_CTX_TRY_NUMBER='1' AIRFLOW_CTX_DAG_RUN_ID='scheduled__2024-01-16T00:00:00+00:00'
[2024-12-09T17:22:49.683+0000] {manufacturer_etl.py:37} INFO - Fetching manufacturer details from the API.
[2024-12-09T17:22:50.764+0000] {manufacturer_etl.py:43} INFO - Successfully fetched 100 manufacturer records.
[2024-12-09T17:22:50.771+0000] {manufacturer_etl.py:48} INFO - Data saved to /opt/airflow/data/raw_manufacturer_data.json
[2024-12-09T17:22:50.773+0000] {python.py:183} INFO - Done. Returned value was: None
[2024-12-09T17:22:50.793+0000] {taskinstance.py:1350} INFO - Marking task as SUCCESS. dag_id=manufacturer_etl, task_id=fetch_manufacturer_data, execution_date=20240116T000000, start_date=20241209T172249, end_date=20241209T172250
[2024-12-09T17:22:50.850+0000] {local_task_job_runner.py:225} INFO - Task exited with return code 0
[2024-12-09T17:22:50.888+0000] {taskinstance.py:2653} INFO - 0 downstream tasks scheduled from follow-on schedule check
