[2024-12-09T15:52:09.834+0000] {taskinstance.py:1103} INFO - Dependencies all met for dep_context=non-requeueable deps ti=<TaskInstance: manufacturer_etl.fetch_manufacturer_data scheduled__2024-03-03T00:00:00+00:00 [queued]>
[2024-12-09T15:52:09.844+0000] {taskinstance.py:1103} INFO - Dependencies all met for dep_context=requeueable deps ti=<TaskInstance: manufacturer_etl.fetch_manufacturer_data scheduled__2024-03-03T00:00:00+00:00 [queued]>
[2024-12-09T15:52:09.844+0000] {taskinstance.py:1308} INFO - Starting attempt 1 of 1
[2024-12-09T15:52:09.858+0000] {taskinstance.py:1327} INFO - Executing <Task(PythonOperator): fetch_manufacturer_data> on 2024-03-03 00:00:00+00:00
[2024-12-09T15:52:09.862+0000] {standard_task_runner.py:57} INFO - Started process 376 to run task
[2024-12-09T15:52:09.865+0000] {standard_task_runner.py:84} INFO - Running: ['airflow', 'tasks', 'run', 'manufacturer_etl', 'fetch_manufacturer_data', 'scheduled__2024-03-03T00:00:00+00:00', '--job-id', '78', '--raw', '--subdir', 'DAGS_FOLDER/manufacturer_etl.py', '--cfg-path', '/tmp/tmpcgs_urgu']
[2024-12-09T15:52:09.867+0000] {standard_task_runner.py:85} INFO - Job 78: Subtask fetch_manufacturer_data
[2024-12-09T15:52:09.918+0000] {task_command.py:410} INFO - Running <TaskInstance: manufacturer_etl.fetch_manufacturer_data scheduled__2024-03-03T00:00:00+00:00 [running]> on host 782927b5dd22
[2024-12-09T15:52:10.021+0000] {taskinstance.py:1547} INFO - Exporting env vars: AIRFLOW_CTX_DAG_OWNER='airflow' AIRFLOW_CTX_DAG_ID='manufacturer_etl' AIRFLOW_CTX_TASK_ID='fetch_manufacturer_data' AIRFLOW_CTX_EXECUTION_DATE='2024-03-03T00:00:00+00:00' AIRFLOW_CTX_TRY_NUMBER='1' AIRFLOW_CTX_DAG_RUN_ID='scheduled__2024-03-03T00:00:00+00:00'
[2024-12-09T15:52:10.022+0000] {manufacturer_etl.py:37} INFO - Fetching manufacturer details from the API.
[2024-12-09T15:52:19.039+0000] {manufacturer_etl.py:43} INFO - Successfully fetched 100 manufacturer records.
[2024-12-09T15:52:19.042+0000] {manufacturer_etl.py:48} INFO - Data saved to /opt/airflow/data/raw_manufacturer_data.json
[2024-12-09T15:52:19.044+0000] {python.py:183} INFO - Done. Returned value was: None
[2024-12-09T15:52:19.055+0000] {taskinstance.py:1350} INFO - Marking task as SUCCESS. dag_id=manufacturer_etl, task_id=fetch_manufacturer_data, execution_date=20240303T000000, start_date=20241209T155209, end_date=20241209T155219
[2024-12-09T15:52:19.105+0000] {local_task_job_runner.py:225} INFO - Task exited with return code 0
[2024-12-09T15:52:19.126+0000] {taskinstance.py:2653} INFO - 0 downstream tasks scheduled from follow-on schedule check
[2024-12-09T16:35:02.648+0000] {taskinstance.py:1103} INFO - Dependencies all met for dep_context=non-requeueable deps ti=<TaskInstance: manufacturer_etl.fetch_manufacturer_data scheduled__2024-03-03T00:00:00+00:00 [queued]>
[2024-12-09T16:35:02.666+0000] {taskinstance.py:1103} INFO - Dependencies all met for dep_context=requeueable deps ti=<TaskInstance: manufacturer_etl.fetch_manufacturer_data scheduled__2024-03-03T00:00:00+00:00 [queued]>
[2024-12-09T16:35:02.667+0000] {taskinstance.py:1308} INFO - Starting attempt 1 of 1
[2024-12-09T16:35:02.695+0000] {taskinstance.py:1327} INFO - Executing <Task(PythonOperator): fetch_manufacturer_data> on 2024-03-03 00:00:00+00:00
[2024-12-09T16:35:02.701+0000] {standard_task_runner.py:57} INFO - Started process 410 to run task
[2024-12-09T16:35:02.709+0000] {standard_task_runner.py:84} INFO - Running: ['airflow', 'tasks', 'run', 'manufacturer_etl', 'fetch_manufacturer_data', 'scheduled__2024-03-03T00:00:00+00:00', '--job-id', '183', '--raw', '--subdir', 'DAGS_FOLDER/manufacturer_etl.py', '--cfg-path', '/tmp/tmpsnncxw1w']
[2024-12-09T16:35:02.711+0000] {standard_task_runner.py:85} INFO - Job 183: Subtask fetch_manufacturer_data
[2024-12-09T16:35:02.812+0000] {task_command.py:410} INFO - Running <TaskInstance: manufacturer_etl.fetch_manufacturer_data scheduled__2024-03-03T00:00:00+00:00 [running]> on host 651f030c76c5
[2024-12-09T16:35:03.036+0000] {taskinstance.py:1547} INFO - Exporting env vars: AIRFLOW_CTX_DAG_OWNER='airflow' AIRFLOW_CTX_DAG_ID='manufacturer_etl' AIRFLOW_CTX_TASK_ID='fetch_manufacturer_data' AIRFLOW_CTX_EXECUTION_DATE='2024-03-03T00:00:00+00:00' AIRFLOW_CTX_TRY_NUMBER='1' AIRFLOW_CTX_DAG_RUN_ID='scheduled__2024-03-03T00:00:00+00:00'
[2024-12-09T16:35:03.039+0000] {manufacturer_etl.py:37} INFO - Fetching manufacturer details from the API.
[2024-12-09T16:35:07.852+0000] {manufacturer_etl.py:43} INFO - Successfully fetched 100 manufacturer records.
[2024-12-09T16:35:07.867+0000] {manufacturer_etl.py:48} INFO - Data saved to /opt/airflow/data/raw_manufacturer_data.json
[2024-12-09T16:35:07.872+0000] {python.py:183} INFO - Done. Returned value was: None
[2024-12-09T16:35:07.923+0000] {taskinstance.py:1350} INFO - Marking task as SUCCESS. dag_id=manufacturer_etl, task_id=fetch_manufacturer_data, execution_date=20240303T000000, start_date=20241209T163502, end_date=20241209T163507
[2024-12-09T16:35:08.001+0000] {local_task_job_runner.py:225} INFO - Task exited with return code 0
[2024-12-09T16:35:08.077+0000] {taskinstance.py:2653} INFO - 0 downstream tasks scheduled from follow-on schedule check
[2024-12-09T17:28:56.765+0000] {taskinstance.py:1103} INFO - Dependencies all met for dep_context=non-requeueable deps ti=<TaskInstance: manufacturer_etl.fetch_manufacturer_data scheduled__2024-03-03T00:00:00+00:00 [queued]>
[2024-12-09T17:28:56.784+0000] {taskinstance.py:1103} INFO - Dependencies all met for dep_context=requeueable deps ti=<TaskInstance: manufacturer_etl.fetch_manufacturer_data scheduled__2024-03-03T00:00:00+00:00 [queued]>
[2024-12-09T17:28:56.785+0000] {taskinstance.py:1308} INFO - Starting attempt 1 of 1
[2024-12-09T17:28:56.815+0000] {taskinstance.py:1327} INFO - Executing <Task(PythonOperator): fetch_manufacturer_data> on 2024-03-03 00:00:00+00:00
[2024-12-09T17:28:56.822+0000] {standard_task_runner.py:57} INFO - Started process 361 to run task
[2024-12-09T17:28:56.828+0000] {standard_task_runner.py:84} INFO - Running: ['airflow', 'tasks', 'run', 'manufacturer_etl', 'fetch_manufacturer_data', 'scheduled__2024-03-03T00:00:00+00:00', '--job-id', '78', '--raw', '--subdir', 'DAGS_FOLDER/manufacturer_etl.py', '--cfg-path', '/tmp/tmpcpzjtkmv']
[2024-12-09T17:28:56.830+0000] {standard_task_runner.py:85} INFO - Job 78: Subtask fetch_manufacturer_data
[2024-12-09T17:28:56.928+0000] {task_command.py:410} INFO - Running <TaskInstance: manufacturer_etl.fetch_manufacturer_data scheduled__2024-03-03T00:00:00+00:00 [running]> on host 916d98ee7a08
[2024-12-09T17:28:57.152+0000] {taskinstance.py:1547} INFO - Exporting env vars: AIRFLOW_CTX_DAG_OWNER='airflow' AIRFLOW_CTX_DAG_ID='manufacturer_etl' AIRFLOW_CTX_TASK_ID='fetch_manufacturer_data' AIRFLOW_CTX_EXECUTION_DATE='2024-03-03T00:00:00+00:00' AIRFLOW_CTX_TRY_NUMBER='1' AIRFLOW_CTX_DAG_RUN_ID='scheduled__2024-03-03T00:00:00+00:00'
[2024-12-09T17:28:57.154+0000] {manufacturer_etl.py:37} INFO - Fetching manufacturer details from the API.
[2024-12-09T17:28:58.384+0000] {manufacturer_etl.py:43} INFO - Successfully fetched 100 manufacturer records.
[2024-12-09T17:28:58.391+0000] {manufacturer_etl.py:48} INFO - Data saved to /opt/airflow/data/raw_manufacturer_data.json
[2024-12-09T17:28:58.393+0000] {python.py:183} INFO - Done. Returned value was: None
[2024-12-09T17:28:58.415+0000] {taskinstance.py:1350} INFO - Marking task as SUCCESS. dag_id=manufacturer_etl, task_id=fetch_manufacturer_data, execution_date=20240303T000000, start_date=20241209T172856, end_date=20241209T172858
[2024-12-09T17:28:58.481+0000] {local_task_job_runner.py:225} INFO - Task exited with return code 0
[2024-12-09T17:28:58.517+0000] {taskinstance.py:2653} INFO - 0 downstream tasks scheduled from follow-on schedule check
