[2024-12-09T15:49:50.580+0000] {taskinstance.py:1103} INFO - Dependencies all met for dep_context=non-requeueable deps ti=<TaskInstance: manufacturer_etl.fetch_manufacturer_data scheduled__2024-02-20T00:00:00+00:00 [queued]>
[2024-12-09T15:49:50.590+0000] {taskinstance.py:1103} INFO - Dependencies all met for dep_context=requeueable deps ti=<TaskInstance: manufacturer_etl.fetch_manufacturer_data scheduled__2024-02-20T00:00:00+00:00 [queued]>
[2024-12-09T15:49:50.590+0000] {taskinstance.py:1308} INFO - Starting attempt 1 of 1
[2024-12-09T15:49:50.605+0000] {taskinstance.py:1327} INFO - Executing <Task(PythonOperator): fetch_manufacturer_data> on 2024-02-20 00:00:00+00:00
[2024-12-09T15:49:50.608+0000] {standard_task_runner.py:57} INFO - Started process 323 to run task
[2024-12-09T15:49:50.612+0000] {standard_task_runner.py:84} INFO - Running: ['airflow', 'tasks', 'run', 'manufacturer_etl', 'fetch_manufacturer_data', 'scheduled__2024-02-20T00:00:00+00:00', '--job-id', '66', '--raw', '--subdir', 'DAGS_FOLDER/manufacturer_etl.py', '--cfg-path', '/tmp/tmphkf4b2pu']
[2024-12-09T15:49:50.614+0000] {standard_task_runner.py:85} INFO - Job 66: Subtask fetch_manufacturer_data
[2024-12-09T15:49:50.664+0000] {task_command.py:410} INFO - Running <TaskInstance: manufacturer_etl.fetch_manufacturer_data scheduled__2024-02-20T00:00:00+00:00 [running]> on host 782927b5dd22
[2024-12-09T15:49:50.779+0000] {taskinstance.py:1547} INFO - Exporting env vars: AIRFLOW_CTX_DAG_OWNER='airflow' AIRFLOW_CTX_DAG_ID='manufacturer_etl' AIRFLOW_CTX_TASK_ID='fetch_manufacturer_data' AIRFLOW_CTX_EXECUTION_DATE='2024-02-20T00:00:00+00:00' AIRFLOW_CTX_TRY_NUMBER='1' AIRFLOW_CTX_DAG_RUN_ID='scheduled__2024-02-20T00:00:00+00:00'
[2024-12-09T15:49:50.780+0000] {manufacturer_etl.py:37} INFO - Fetching manufacturer details from the API.
[2024-12-09T15:49:59.590+0000] {manufacturer_etl.py:43} INFO - Successfully fetched 100 manufacturer records.
[2024-12-09T15:49:59.599+0000] {manufacturer_etl.py:48} INFO - Data saved to /opt/airflow/data/raw_manufacturer_data.json
[2024-12-09T15:49:59.601+0000] {python.py:183} INFO - Done. Returned value was: None
[2024-12-09T15:49:59.611+0000] {taskinstance.py:1350} INFO - Marking task as SUCCESS. dag_id=manufacturer_etl, task_id=fetch_manufacturer_data, execution_date=20240220T000000, start_date=20241209T154950, end_date=20241209T154959
[2024-12-09T15:49:59.648+0000] {local_task_job_runner.py:225} INFO - Task exited with return code 0
[2024-12-09T15:49:59.666+0000] {taskinstance.py:2653} INFO - 0 downstream tasks scheduled from follow-on schedule check
[2024-12-09T16:32:15.191+0000] {taskinstance.py:1103} INFO - Dependencies all met for dep_context=non-requeueable deps ti=<TaskInstance: manufacturer_etl.fetch_manufacturer_data scheduled__2024-02-20T00:00:00+00:00 [queued]>
[2024-12-09T16:32:15.211+0000] {taskinstance.py:1103} INFO - Dependencies all met for dep_context=requeueable deps ti=<TaskInstance: manufacturer_etl.fetch_manufacturer_data scheduled__2024-02-20T00:00:00+00:00 [queued]>
[2024-12-09T16:32:15.212+0000] {taskinstance.py:1308} INFO - Starting attempt 1 of 1
[2024-12-09T16:32:15.243+0000] {taskinstance.py:1327} INFO - Executing <Task(PythonOperator): fetch_manufacturer_data> on 2024-02-20 00:00:00+00:00
[2024-12-09T16:32:15.249+0000] {standard_task_runner.py:57} INFO - Started process 356 to run task
[2024-12-09T16:32:15.255+0000] {standard_task_runner.py:84} INFO - Running: ['airflow', 'tasks', 'run', 'manufacturer_etl', 'fetch_manufacturer_data', 'scheduled__2024-02-20T00:00:00+00:00', '--job-id', '171', '--raw', '--subdir', 'DAGS_FOLDER/manufacturer_etl.py', '--cfg-path', '/tmp/tmpt4ylakti']
[2024-12-09T16:32:15.258+0000] {standard_task_runner.py:85} INFO - Job 171: Subtask fetch_manufacturer_data
[2024-12-09T16:32:15.371+0000] {task_command.py:410} INFO - Running <TaskInstance: manufacturer_etl.fetch_manufacturer_data scheduled__2024-02-20T00:00:00+00:00 [running]> on host 651f030c76c5
[2024-12-09T16:32:15.593+0000] {taskinstance.py:1547} INFO - Exporting env vars: AIRFLOW_CTX_DAG_OWNER='airflow' AIRFLOW_CTX_DAG_ID='manufacturer_etl' AIRFLOW_CTX_TASK_ID='fetch_manufacturer_data' AIRFLOW_CTX_EXECUTION_DATE='2024-02-20T00:00:00+00:00' AIRFLOW_CTX_TRY_NUMBER='1' AIRFLOW_CTX_DAG_RUN_ID='scheduled__2024-02-20T00:00:00+00:00'
[2024-12-09T16:32:15.596+0000] {manufacturer_etl.py:37} INFO - Fetching manufacturer details from the API.
[2024-12-09T16:32:20.500+0000] {manufacturer_etl.py:43} INFO - Successfully fetched 100 manufacturer records.
[2024-12-09T16:32:20.514+0000] {manufacturer_etl.py:48} INFO - Data saved to /opt/airflow/data/raw_manufacturer_data.json
[2024-12-09T16:32:20.519+0000] {python.py:183} INFO - Done. Returned value was: None
[2024-12-09T16:32:20.571+0000] {taskinstance.py:1350} INFO - Marking task as SUCCESS. dag_id=manufacturer_etl, task_id=fetch_manufacturer_data, execution_date=20240220T000000, start_date=20241209T163215, end_date=20241209T163220
[2024-12-09T16:32:20.663+0000] {local_task_job_runner.py:225} INFO - Task exited with return code 0
[2024-12-09T16:32:20.744+0000] {taskinstance.py:2653} INFO - 0 downstream tasks scheduled from follow-on schedule check
[2024-12-09T17:27:20.333+0000] {taskinstance.py:1103} INFO - Dependencies all met for dep_context=non-requeueable deps ti=<TaskInstance: manufacturer_etl.fetch_manufacturer_data scheduled__2024-02-20T00:00:00+00:00 [queued]>
[2024-12-09T17:27:20.353+0000] {taskinstance.py:1103} INFO - Dependencies all met for dep_context=requeueable deps ti=<TaskInstance: manufacturer_etl.fetch_manufacturer_data scheduled__2024-02-20T00:00:00+00:00 [queued]>
[2024-12-09T17:27:20.354+0000] {taskinstance.py:1308} INFO - Starting attempt 1 of 1
[2024-12-09T17:27:20.385+0000] {taskinstance.py:1327} INFO - Executing <Task(PythonOperator): fetch_manufacturer_data> on 2024-02-20 00:00:00+00:00
[2024-12-09T17:27:20.393+0000] {standard_task_runner.py:57} INFO - Started process 309 to run task
[2024-12-09T17:27:20.399+0000] {standard_task_runner.py:84} INFO - Running: ['airflow', 'tasks', 'run', 'manufacturer_etl', 'fetch_manufacturer_data', 'scheduled__2024-02-20T00:00:00+00:00', '--job-id', '66', '--raw', '--subdir', 'DAGS_FOLDER/manufacturer_etl.py', '--cfg-path', '/tmp/tmpw_kaqgou']
[2024-12-09T17:27:20.401+0000] {standard_task_runner.py:85} INFO - Job 66: Subtask fetch_manufacturer_data
[2024-12-09T17:27:20.502+0000] {task_command.py:410} INFO - Running <TaskInstance: manufacturer_etl.fetch_manufacturer_data scheduled__2024-02-20T00:00:00+00:00 [running]> on host 916d98ee7a08
[2024-12-09T17:27:20.712+0000] {taskinstance.py:1547} INFO - Exporting env vars: AIRFLOW_CTX_DAG_OWNER='airflow' AIRFLOW_CTX_DAG_ID='manufacturer_etl' AIRFLOW_CTX_TASK_ID='fetch_manufacturer_data' AIRFLOW_CTX_EXECUTION_DATE='2024-02-20T00:00:00+00:00' AIRFLOW_CTX_TRY_NUMBER='1' AIRFLOW_CTX_DAG_RUN_ID='scheduled__2024-02-20T00:00:00+00:00'
[2024-12-09T17:27:20.714+0000] {manufacturer_etl.py:37} INFO - Fetching manufacturer details from the API.
[2024-12-09T17:27:22.125+0000] {manufacturer_etl.py:43} INFO - Successfully fetched 100 manufacturer records.
[2024-12-09T17:27:22.134+0000] {manufacturer_etl.py:48} INFO - Data saved to /opt/airflow/data/raw_manufacturer_data.json
[2024-12-09T17:27:22.137+0000] {python.py:183} INFO - Done. Returned value was: None
[2024-12-09T17:27:22.158+0000] {taskinstance.py:1350} INFO - Marking task as SUCCESS. dag_id=manufacturer_etl, task_id=fetch_manufacturer_data, execution_date=20240220T000000, start_date=20241209T172720, end_date=20241209T172722
[2024-12-09T17:27:22.217+0000] {local_task_job_runner.py:225} INFO - Task exited with return code 0
[2024-12-09T17:27:22.254+0000] {taskinstance.py:2653} INFO - 0 downstream tasks scheduled from follow-on schedule check
