[2024-12-09T17:05:18.650+0000] {taskinstance.py:1103} INFO - Dependencies all met for dep_context=non-requeueable deps ti=<TaskInstance: manufacturer_etl.fetch_manufacturer_data scheduled__2024-07-09T00:00:00+00:00 [queued]>
[2024-12-09T17:05:18.671+0000] {taskinstance.py:1103} INFO - Dependencies all met for dep_context=requeueable deps ti=<TaskInstance: manufacturer_etl.fetch_manufacturer_data scheduled__2024-07-09T00:00:00+00:00 [queued]>
[2024-12-09T17:05:18.672+0000] {taskinstance.py:1308} INFO - Starting attempt 1 of 1
[2024-12-09T17:05:18.702+0000] {taskinstance.py:1327} INFO - Executing <Task(PythonOperator): fetch_manufacturer_data> on 2024-07-09 00:00:00+00:00
[2024-12-09T17:05:18.710+0000] {standard_task_runner.py:57} INFO - Started process 981 to run task
[2024-12-09T17:05:18.716+0000] {standard_task_runner.py:84} INFO - Running: ['airflow', 'tasks', 'run', 'manufacturer_etl', 'fetch_manufacturer_data', 'scheduled__2024-07-09T00:00:00+00:00', '--job-id', '311', '--raw', '--subdir', 'DAGS_FOLDER/manufacturer_etl.py', '--cfg-path', '/tmp/tmphg82hgxu']
[2024-12-09T17:05:18.718+0000] {standard_task_runner.py:85} INFO - Job 311: Subtask fetch_manufacturer_data
[2024-12-09T17:05:18.825+0000] {task_command.py:410} INFO - Running <TaskInstance: manufacturer_etl.fetch_manufacturer_data scheduled__2024-07-09T00:00:00+00:00 [running]> on host 651f030c76c5
[2024-12-09T17:05:19.048+0000] {taskinstance.py:1547} INFO - Exporting env vars: AIRFLOW_CTX_DAG_OWNER='airflow' AIRFLOW_CTX_DAG_ID='manufacturer_etl' AIRFLOW_CTX_TASK_ID='fetch_manufacturer_data' AIRFLOW_CTX_EXECUTION_DATE='2024-07-09T00:00:00+00:00' AIRFLOW_CTX_TRY_NUMBER='1' AIRFLOW_CTX_DAG_RUN_ID='scheduled__2024-07-09T00:00:00+00:00'
[2024-12-09T17:05:19.051+0000] {manufacturer_etl.py:37} INFO - Fetching manufacturer details from the API.
[2024-12-09T17:05:27.928+0000] {manufacturer_etl.py:43} INFO - Successfully fetched 100 manufacturer records.
[2024-12-09T17:05:27.935+0000] {manufacturer_etl.py:48} INFO - Data saved to /opt/airflow/data/raw_manufacturer_data.json
[2024-12-09T17:05:27.938+0000] {python.py:183} INFO - Done. Returned value was: None
[2024-12-09T17:05:27.960+0000] {taskinstance.py:1350} INFO - Marking task as SUCCESS. dag_id=manufacturer_etl, task_id=fetch_manufacturer_data, execution_date=20240709T000000, start_date=20241209T170518, end_date=20241209T170527
[2024-12-09T17:05:28.022+0000] {local_task_job_runner.py:225} INFO - Task exited with return code 0
[2024-12-09T17:05:28.057+0000] {taskinstance.py:2653} INFO - 0 downstream tasks scheduled from follow-on schedule check
[2024-12-09T17:45:48.899+0000] {taskinstance.py:1103} INFO - Dependencies all met for dep_context=non-requeueable deps ti=<TaskInstance: manufacturer_etl.fetch_manufacturer_data scheduled__2024-07-09T00:00:00+00:00 [queued]>
[2024-12-09T17:45:48.918+0000] {taskinstance.py:1103} INFO - Dependencies all met for dep_context=requeueable deps ti=<TaskInstance: manufacturer_etl.fetch_manufacturer_data scheduled__2024-07-09T00:00:00+00:00 [queued]>
[2024-12-09T17:45:48.919+0000] {taskinstance.py:1308} INFO - Starting attempt 1 of 1
[2024-12-09T17:45:48.948+0000] {taskinstance.py:1327} INFO - Executing <Task(PythonOperator): fetch_manufacturer_data> on 2024-07-09 00:00:00+00:00
[2024-12-09T17:45:48.955+0000] {standard_task_runner.py:57} INFO - Started process 906 to run task
[2024-12-09T17:45:48.962+0000] {standard_task_runner.py:84} INFO - Running: ['airflow', 'tasks', 'run', 'manufacturer_etl', 'fetch_manufacturer_data', 'scheduled__2024-07-09T00:00:00+00:00', '--job-id', '206', '--raw', '--subdir', 'DAGS_FOLDER/manufacturer_etl.py', '--cfg-path', '/tmp/tmphsvxbrok']
[2024-12-09T17:45:48.965+0000] {standard_task_runner.py:85} INFO - Job 206: Subtask fetch_manufacturer_data
[2024-12-09T17:45:49.075+0000] {task_command.py:410} INFO - Running <TaskInstance: manufacturer_etl.fetch_manufacturer_data scheduled__2024-07-09T00:00:00+00:00 [running]> on host 916d98ee7a08
[2024-12-09T17:45:49.291+0000] {taskinstance.py:1547} INFO - Exporting env vars: AIRFLOW_CTX_DAG_OWNER='airflow' AIRFLOW_CTX_DAG_ID='manufacturer_etl' AIRFLOW_CTX_TASK_ID='fetch_manufacturer_data' AIRFLOW_CTX_EXECUTION_DATE='2024-07-09T00:00:00+00:00' AIRFLOW_CTX_TRY_NUMBER='1' AIRFLOW_CTX_DAG_RUN_ID='scheduled__2024-07-09T00:00:00+00:00'
[2024-12-09T17:45:49.294+0000] {manufacturer_etl.py:37} INFO - Fetching manufacturer details from the API.
[2024-12-09T17:45:51.829+0000] {manufacturer_etl.py:43} INFO - Successfully fetched 100 manufacturer records.
[2024-12-09T17:45:51.841+0000] {manufacturer_etl.py:48} INFO - Data saved to /opt/airflow/data/raw_manufacturer_data.json
[2024-12-09T17:45:51.845+0000] {python.py:183} INFO - Done. Returned value was: None
[2024-12-09T17:45:51.869+0000] {taskinstance.py:1350} INFO - Marking task as SUCCESS. dag_id=manufacturer_etl, task_id=fetch_manufacturer_data, execution_date=20240709T000000, start_date=20241209T174548, end_date=20241209T174551
[2024-12-09T17:45:51.928+0000] {local_task_job_runner.py:225} INFO - Task exited with return code 0
[2024-12-09T17:45:51.967+0000] {taskinstance.py:2653} INFO - 0 downstream tasks scheduled from follow-on schedule check
