[2024-12-09T15:45:55.333+0000] {taskinstance.py:1103} INFO - Dependencies all met for dep_context=non-requeueable deps ti=<TaskInstance: manufacturer_etl.fetch_manufacturer_data scheduled__2024-01-31T00:00:00+00:00 [queued]>
[2024-12-09T15:45:55.343+0000] {taskinstance.py:1103} INFO - Dependencies all met for dep_context=requeueable deps ti=<TaskInstance: manufacturer_etl.fetch_manufacturer_data scheduled__2024-01-31T00:00:00+00:00 [queued]>
[2024-12-09T15:45:55.343+0000] {taskinstance.py:1308} INFO - Starting attempt 1 of 1
[2024-12-09T15:45:55.358+0000] {taskinstance.py:1327} INFO - Executing <Task(PythonOperator): fetch_manufacturer_data> on 2024-01-31 00:00:00+00:00
[2024-12-09T15:45:55.362+0000] {standard_task_runner.py:57} INFO - Started process 236 to run task
[2024-12-09T15:45:55.365+0000] {standard_task_runner.py:84} INFO - Running: ['airflow', 'tasks', 'run', 'manufacturer_etl', 'fetch_manufacturer_data', 'scheduled__2024-01-31T00:00:00+00:00', '--job-id', '46', '--raw', '--subdir', 'DAGS_FOLDER/manufacturer_etl.py', '--cfg-path', '/tmp/tmp3lowfd7h']
[2024-12-09T15:45:55.367+0000] {standard_task_runner.py:85} INFO - Job 46: Subtask fetch_manufacturer_data
[2024-12-09T15:45:55.416+0000] {task_command.py:410} INFO - Running <TaskInstance: manufacturer_etl.fetch_manufacturer_data scheduled__2024-01-31T00:00:00+00:00 [running]> on host 782927b5dd22
[2024-12-09T15:45:55.522+0000] {taskinstance.py:1547} INFO - Exporting env vars: AIRFLOW_CTX_DAG_OWNER='airflow' AIRFLOW_CTX_DAG_ID='manufacturer_etl' AIRFLOW_CTX_TASK_ID='fetch_manufacturer_data' AIRFLOW_CTX_EXECUTION_DATE='2024-01-31T00:00:00+00:00' AIRFLOW_CTX_TRY_NUMBER='1' AIRFLOW_CTX_DAG_RUN_ID='scheduled__2024-01-31T00:00:00+00:00'
[2024-12-09T15:45:55.523+0000] {manufacturer_etl.py:37} INFO - Fetching manufacturer details from the API.
[2024-12-09T15:46:00.380+0000] {manufacturer_etl.py:43} INFO - Successfully fetched 100 manufacturer records.
[2024-12-09T15:46:00.383+0000] {manufacturer_etl.py:48} INFO - Data saved to /opt/airflow/data/raw_manufacturer_data.json
[2024-12-09T15:46:00.385+0000] {python.py:183} INFO - Done. Returned value was: None
[2024-12-09T15:46:00.398+0000] {taskinstance.py:1350} INFO - Marking task as SUCCESS. dag_id=manufacturer_etl, task_id=fetch_manufacturer_data, execution_date=20240131T000000, start_date=20241209T154555, end_date=20241209T154600
[2024-12-09T15:46:00.416+0000] {local_task_job_runner.py:225} INFO - Task exited with return code 0
[2024-12-09T15:46:00.434+0000] {taskinstance.py:2653} INFO - 0 downstream tasks scheduled from follow-on schedule check
[2024-12-09T16:27:23.792+0000] {taskinstance.py:1103} INFO - Dependencies all met for dep_context=non-requeueable deps ti=<TaskInstance: manufacturer_etl.fetch_manufacturer_data scheduled__2024-01-31T00:00:00+00:00 [queued]>
[2024-12-09T16:27:23.821+0000] {taskinstance.py:1103} INFO - Dependencies all met for dep_context=requeueable deps ti=<TaskInstance: manufacturer_etl.fetch_manufacturer_data scheduled__2024-01-31T00:00:00+00:00 [queued]>
[2024-12-09T16:27:23.822+0000] {taskinstance.py:1308} INFO - Starting attempt 1 of 1
[2024-12-09T16:27:23.859+0000] {taskinstance.py:1327} INFO - Executing <Task(PythonOperator): fetch_manufacturer_data> on 2024-01-31 00:00:00+00:00
[2024-12-09T16:27:23.869+0000] {standard_task_runner.py:57} INFO - Started process 267 to run task
[2024-12-09T16:27:23.876+0000] {standard_task_runner.py:84} INFO - Running: ['airflow', 'tasks', 'run', 'manufacturer_etl', 'fetch_manufacturer_data', 'scheduled__2024-01-31T00:00:00+00:00', '--job-id', '151', '--raw', '--subdir', 'DAGS_FOLDER/manufacturer_etl.py', '--cfg-path', '/tmp/tmp_6zdyld1']
[2024-12-09T16:27:23.878+0000] {standard_task_runner.py:85} INFO - Job 151: Subtask fetch_manufacturer_data
[2024-12-09T16:27:23.998+0000] {task_command.py:410} INFO - Running <TaskInstance: manufacturer_etl.fetch_manufacturer_data scheduled__2024-01-31T00:00:00+00:00 [running]> on host 651f030c76c5
[2024-12-09T16:27:24.226+0000] {taskinstance.py:1547} INFO - Exporting env vars: AIRFLOW_CTX_DAG_OWNER='airflow' AIRFLOW_CTX_DAG_ID='manufacturer_etl' AIRFLOW_CTX_TASK_ID='fetch_manufacturer_data' AIRFLOW_CTX_EXECUTION_DATE='2024-01-31T00:00:00+00:00' AIRFLOW_CTX_TRY_NUMBER='1' AIRFLOW_CTX_DAG_RUN_ID='scheduled__2024-01-31T00:00:00+00:00'
[2024-12-09T16:27:24.229+0000] {manufacturer_etl.py:37} INFO - Fetching manufacturer details from the API.
[2024-12-09T16:27:33.270+0000] {manufacturer_etl.py:43} INFO - Successfully fetched 100 manufacturer records.
[2024-12-09T16:27:33.285+0000] {manufacturer_etl.py:48} INFO - Data saved to /opt/airflow/data/raw_manufacturer_data.json
[2024-12-09T16:27:33.291+0000] {python.py:183} INFO - Done. Returned value was: None
[2024-12-09T16:27:33.349+0000] {taskinstance.py:1350} INFO - Marking task as SUCCESS. dag_id=manufacturer_etl, task_id=fetch_manufacturer_data, execution_date=20240131T000000, start_date=20241209T162723, end_date=20241209T162733
[2024-12-09T16:27:33.429+0000] {local_task_job_runner.py:225} INFO - Task exited with return code 0
[2024-12-09T16:27:33.515+0000] {taskinstance.py:2653} INFO - 0 downstream tasks scheduled from follow-on schedule check
[2024-12-09T17:24:44.817+0000] {taskinstance.py:1103} INFO - Dependencies all met for dep_context=non-requeueable deps ti=<TaskInstance: manufacturer_etl.fetch_manufacturer_data scheduled__2024-01-31T00:00:00+00:00 [queued]>
[2024-12-09T17:24:44.836+0000] {taskinstance.py:1103} INFO - Dependencies all met for dep_context=requeueable deps ti=<TaskInstance: manufacturer_etl.fetch_manufacturer_data scheduled__2024-01-31T00:00:00+00:00 [queued]>
[2024-12-09T17:24:44.837+0000] {taskinstance.py:1308} INFO - Starting attempt 1 of 1
[2024-12-09T17:24:44.865+0000] {taskinstance.py:1327} INFO - Executing <Task(PythonOperator): fetch_manufacturer_data> on 2024-01-31 00:00:00+00:00
[2024-12-09T17:24:44.871+0000] {standard_task_runner.py:57} INFO - Started process 224 to run task
[2024-12-09T17:24:44.876+0000] {standard_task_runner.py:84} INFO - Running: ['airflow', 'tasks', 'run', 'manufacturer_etl', 'fetch_manufacturer_data', 'scheduled__2024-01-31T00:00:00+00:00', '--job-id', '46', '--raw', '--subdir', 'DAGS_FOLDER/manufacturer_etl.py', '--cfg-path', '/tmp/tmpk10p85xq']
[2024-12-09T17:24:44.879+0000] {standard_task_runner.py:85} INFO - Job 46: Subtask fetch_manufacturer_data
[2024-12-09T17:24:44.975+0000] {task_command.py:410} INFO - Running <TaskInstance: manufacturer_etl.fetch_manufacturer_data scheduled__2024-01-31T00:00:00+00:00 [running]> on host 916d98ee7a08
[2024-12-09T17:24:45.175+0000] {taskinstance.py:1547} INFO - Exporting env vars: AIRFLOW_CTX_DAG_OWNER='airflow' AIRFLOW_CTX_DAG_ID='manufacturer_etl' AIRFLOW_CTX_TASK_ID='fetch_manufacturer_data' AIRFLOW_CTX_EXECUTION_DATE='2024-01-31T00:00:00+00:00' AIRFLOW_CTX_TRY_NUMBER='1' AIRFLOW_CTX_DAG_RUN_ID='scheduled__2024-01-31T00:00:00+00:00'
[2024-12-09T17:24:45.177+0000] {manufacturer_etl.py:37} INFO - Fetching manufacturer details from the API.
[2024-12-09T17:24:46.992+0000] {manufacturer_etl.py:43} INFO - Successfully fetched 100 manufacturer records.
[2024-12-09T17:24:46.999+0000] {manufacturer_etl.py:48} INFO - Data saved to /opt/airflow/data/raw_manufacturer_data.json
[2024-12-09T17:24:47.002+0000] {python.py:183} INFO - Done. Returned value was: None
[2024-12-09T17:24:47.022+0000] {taskinstance.py:1350} INFO - Marking task as SUCCESS. dag_id=manufacturer_etl, task_id=fetch_manufacturer_data, execution_date=20240131T000000, start_date=20241209T172444, end_date=20241209T172447
[2024-12-09T17:24:47.062+0000] {local_task_job_runner.py:225} INFO - Task exited with return code 0
[2024-12-09T17:24:47.098+0000] {taskinstance.py:2653} INFO - 0 downstream tasks scheduled from follow-on schedule check
