[2024-12-09T17:01:42.202+0000] {taskinstance.py:1103} INFO - Dependencies all met for dep_context=non-requeueable deps ti=<TaskInstance: manufacturer_etl.fetch_manufacturer_data scheduled__2024-06-24T00:00:00+00:00 [queued]>
[2024-12-09T17:01:42.223+0000] {taskinstance.py:1103} INFO - Dependencies all met for dep_context=requeueable deps ti=<TaskInstance: manufacturer_etl.fetch_manufacturer_data scheduled__2024-06-24T00:00:00+00:00 [queued]>
[2024-12-09T17:01:42.223+0000] {taskinstance.py:1308} INFO - Starting attempt 1 of 1
[2024-12-09T17:01:42.255+0000] {taskinstance.py:1327} INFO - Executing <Task(PythonOperator): fetch_manufacturer_data> on 2024-06-24 00:00:00+00:00
[2024-12-09T17:01:42.261+0000] {standard_task_runner.py:57} INFO - Started process 914 to run task
[2024-12-09T17:01:42.267+0000] {standard_task_runner.py:84} INFO - Running: ['airflow', 'tasks', 'run', 'manufacturer_etl', 'fetch_manufacturer_data', 'scheduled__2024-06-24T00:00:00+00:00', '--job-id', '296', '--raw', '--subdir', 'DAGS_FOLDER/manufacturer_etl.py', '--cfg-path', '/tmp/tmpzbbxijct']
[2024-12-09T17:01:42.270+0000] {standard_task_runner.py:85} INFO - Job 296: Subtask fetch_manufacturer_data
[2024-12-09T17:01:42.377+0000] {task_command.py:410} INFO - Running <TaskInstance: manufacturer_etl.fetch_manufacturer_data scheduled__2024-06-24T00:00:00+00:00 [running]> on host 651f030c76c5
[2024-12-09T17:01:42.606+0000] {taskinstance.py:1547} INFO - Exporting env vars: AIRFLOW_CTX_DAG_OWNER='airflow' AIRFLOW_CTX_DAG_ID='manufacturer_etl' AIRFLOW_CTX_TASK_ID='fetch_manufacturer_data' AIRFLOW_CTX_EXECUTION_DATE='2024-06-24T00:00:00+00:00' AIRFLOW_CTX_TRY_NUMBER='1' AIRFLOW_CTX_DAG_RUN_ID='scheduled__2024-06-24T00:00:00+00:00'
[2024-12-09T17:01:42.608+0000] {manufacturer_etl.py:37} INFO - Fetching manufacturer details from the API.
[2024-12-09T17:01:51.464+0000] {manufacturer_etl.py:43} INFO - Successfully fetched 100 manufacturer records.
[2024-12-09T17:01:51.482+0000] {manufacturer_etl.py:48} INFO - Data saved to /opt/airflow/data/raw_manufacturer_data.json
[2024-12-09T17:01:51.489+0000] {python.py:183} INFO - Done. Returned value was: None
[2024-12-09T17:01:51.552+0000] {taskinstance.py:1350} INFO - Marking task as SUCCESS. dag_id=manufacturer_etl, task_id=fetch_manufacturer_data, execution_date=20240624T000000, start_date=20241209T170142, end_date=20241209T170151
[2024-12-09T17:01:51.653+0000] {local_task_job_runner.py:225} INFO - Task exited with return code 0
[2024-12-09T17:01:51.769+0000] {taskinstance.py:2653} INFO - 0 downstream tasks scheduled from follow-on schedule check
[2024-12-09T17:43:44.492+0000] {taskinstance.py:1103} INFO - Dependencies all met for dep_context=non-requeueable deps ti=<TaskInstance: manufacturer_etl.fetch_manufacturer_data scheduled__2024-06-24T00:00:00+00:00 [queued]>
[2024-12-09T17:43:44.511+0000] {taskinstance.py:1103} INFO - Dependencies all met for dep_context=requeueable deps ti=<TaskInstance: manufacturer_etl.fetch_manufacturer_data scheduled__2024-06-24T00:00:00+00:00 [queued]>
[2024-12-09T17:43:44.512+0000] {taskinstance.py:1308} INFO - Starting attempt 1 of 1
[2024-12-09T17:43:44.543+0000] {taskinstance.py:1327} INFO - Executing <Task(PythonOperator): fetch_manufacturer_data> on 2024-06-24 00:00:00+00:00
[2024-12-09T17:43:44.548+0000] {standard_task_runner.py:57} INFO - Started process 842 to run task
[2024-12-09T17:43:44.555+0000] {standard_task_runner.py:84} INFO - Running: ['airflow', 'tasks', 'run', 'manufacturer_etl', 'fetch_manufacturer_data', 'scheduled__2024-06-24T00:00:00+00:00', '--job-id', '191', '--raw', '--subdir', 'DAGS_FOLDER/manufacturer_etl.py', '--cfg-path', '/tmp/tmppdkm_au1']
[2024-12-09T17:43:44.557+0000] {standard_task_runner.py:85} INFO - Job 191: Subtask fetch_manufacturer_data
[2024-12-09T17:43:44.654+0000] {task_command.py:410} INFO - Running <TaskInstance: manufacturer_etl.fetch_manufacturer_data scheduled__2024-06-24T00:00:00+00:00 [running]> on host 916d98ee7a08
[2024-12-09T17:43:44.856+0000] {taskinstance.py:1547} INFO - Exporting env vars: AIRFLOW_CTX_DAG_OWNER='airflow' AIRFLOW_CTX_DAG_ID='manufacturer_etl' AIRFLOW_CTX_TASK_ID='fetch_manufacturer_data' AIRFLOW_CTX_EXECUTION_DATE='2024-06-24T00:00:00+00:00' AIRFLOW_CTX_TRY_NUMBER='1' AIRFLOW_CTX_DAG_RUN_ID='scheduled__2024-06-24T00:00:00+00:00'
[2024-12-09T17:43:44.858+0000] {manufacturer_etl.py:37} INFO - Fetching manufacturer details from the API.
[2024-12-09T17:43:46.490+0000] {manufacturer_etl.py:43} INFO - Successfully fetched 100 manufacturer records.
[2024-12-09T17:43:46.499+0000] {manufacturer_etl.py:48} INFO - Data saved to /opt/airflow/data/raw_manufacturer_data.json
[2024-12-09T17:43:46.502+0000] {python.py:183} INFO - Done. Returned value was: None
[2024-12-09T17:43:46.525+0000] {taskinstance.py:1350} INFO - Marking task as SUCCESS. dag_id=manufacturer_etl, task_id=fetch_manufacturer_data, execution_date=20240624T000000, start_date=20241209T174344, end_date=20241209T174346
[2024-12-09T17:43:46.577+0000] {local_task_job_runner.py:225} INFO - Task exited with return code 0
[2024-12-09T17:43:46.617+0000] {taskinstance.py:2653} INFO - 0 downstream tasks scheduled from follow-on schedule check
