[2024-12-09T15:46:42.228+0000] {taskinstance.py:1103} INFO - Dependencies all met for dep_context=non-requeueable deps ti=<TaskInstance: manufacturer_etl.fetch_manufacturer_data scheduled__2024-02-04T00:00:00+00:00 [queued]>
[2024-12-09T15:46:42.238+0000] {taskinstance.py:1103} INFO - Dependencies all met for dep_context=requeueable deps ti=<TaskInstance: manufacturer_etl.fetch_manufacturer_data scheduled__2024-02-04T00:00:00+00:00 [queued]>
[2024-12-09T15:46:42.238+0000] {taskinstance.py:1308} INFO - Starting attempt 1 of 1
[2024-12-09T15:46:42.253+0000] {taskinstance.py:1327} INFO - Executing <Task(PythonOperator): fetch_manufacturer_data> on 2024-02-04 00:00:00+00:00
[2024-12-09T15:46:42.257+0000] {standard_task_runner.py:57} INFO - Started process 253 to run task
[2024-12-09T15:46:42.260+0000] {standard_task_runner.py:84} INFO - Running: ['airflow', 'tasks', 'run', 'manufacturer_etl', 'fetch_manufacturer_data', 'scheduled__2024-02-04T00:00:00+00:00', '--job-id', '50', '--raw', '--subdir', 'DAGS_FOLDER/manufacturer_etl.py', '--cfg-path', '/tmp/tmptuphwfx6']
[2024-12-09T15:46:42.261+0000] {standard_task_runner.py:85} INFO - Job 50: Subtask fetch_manufacturer_data
[2024-12-09T15:46:42.312+0000] {task_command.py:410} INFO - Running <TaskInstance: manufacturer_etl.fetch_manufacturer_data scheduled__2024-02-04T00:00:00+00:00 [running]> on host 782927b5dd22
[2024-12-09T15:46:42.414+0000] {taskinstance.py:1547} INFO - Exporting env vars: AIRFLOW_CTX_DAG_OWNER='airflow' AIRFLOW_CTX_DAG_ID='manufacturer_etl' AIRFLOW_CTX_TASK_ID='fetch_manufacturer_data' AIRFLOW_CTX_EXECUTION_DATE='2024-02-04T00:00:00+00:00' AIRFLOW_CTX_TRY_NUMBER='1' AIRFLOW_CTX_DAG_RUN_ID='scheduled__2024-02-04T00:00:00+00:00'
[2024-12-09T15:46:42.415+0000] {manufacturer_etl.py:37} INFO - Fetching manufacturer details from the API.
[2024-12-09T15:46:51.391+0000] {manufacturer_etl.py:43} INFO - Successfully fetched 100 manufacturer records.
[2024-12-09T15:46:51.406+0000] {manufacturer_etl.py:48} INFO - Data saved to /opt/airflow/data/raw_manufacturer_data.json
[2024-12-09T15:46:51.410+0000] {python.py:183} INFO - Done. Returned value was: None
[2024-12-09T15:46:51.435+0000] {taskinstance.py:1350} INFO - Marking task as SUCCESS. dag_id=manufacturer_etl, task_id=fetch_manufacturer_data, execution_date=20240204T000000, start_date=20241209T154642, end_date=20241209T154651
[2024-12-09T15:46:51.465+0000] {local_task_job_runner.py:225} INFO - Task exited with return code 0
[2024-12-09T15:46:51.483+0000] {taskinstance.py:2653} INFO - 0 downstream tasks scheduled from follow-on schedule check
[2024-12-09T16:28:25.722+0000] {taskinstance.py:1103} INFO - Dependencies all met for dep_context=non-requeueable deps ti=<TaskInstance: manufacturer_etl.fetch_manufacturer_data scheduled__2024-02-04T00:00:00+00:00 [queued]>
[2024-12-09T16:28:25.740+0000] {taskinstance.py:1103} INFO - Dependencies all met for dep_context=requeueable deps ti=<TaskInstance: manufacturer_etl.fetch_manufacturer_data scheduled__2024-02-04T00:00:00+00:00 [queued]>
[2024-12-09T16:28:25.741+0000] {taskinstance.py:1308} INFO - Starting attempt 1 of 1
[2024-12-09T16:28:25.769+0000] {taskinstance.py:1327} INFO - Executing <Task(PythonOperator): fetch_manufacturer_data> on 2024-02-04 00:00:00+00:00
[2024-12-09T16:28:25.775+0000] {standard_task_runner.py:57} INFO - Started process 285 to run task
[2024-12-09T16:28:25.781+0000] {standard_task_runner.py:84} INFO - Running: ['airflow', 'tasks', 'run', 'manufacturer_etl', 'fetch_manufacturer_data', 'scheduled__2024-02-04T00:00:00+00:00', '--job-id', '155', '--raw', '--subdir', 'DAGS_FOLDER/manufacturer_etl.py', '--cfg-path', '/tmp/tmp8iqs3tsv']
[2024-12-09T16:28:25.783+0000] {standard_task_runner.py:85} INFO - Job 155: Subtask fetch_manufacturer_data
[2024-12-09T16:28:25.886+0000] {task_command.py:410} INFO - Running <TaskInstance: manufacturer_etl.fetch_manufacturer_data scheduled__2024-02-04T00:00:00+00:00 [running]> on host 651f030c76c5
[2024-12-09T16:28:26.093+0000] {taskinstance.py:1547} INFO - Exporting env vars: AIRFLOW_CTX_DAG_OWNER='airflow' AIRFLOW_CTX_DAG_ID='manufacturer_etl' AIRFLOW_CTX_TASK_ID='fetch_manufacturer_data' AIRFLOW_CTX_EXECUTION_DATE='2024-02-04T00:00:00+00:00' AIRFLOW_CTX_TRY_NUMBER='1' AIRFLOW_CTX_DAG_RUN_ID='scheduled__2024-02-04T00:00:00+00:00'
[2024-12-09T16:28:26.096+0000] {manufacturer_etl.py:37} INFO - Fetching manufacturer details from the API.
[2024-12-09T16:28:35.159+0000] {manufacturer_etl.py:43} INFO - Successfully fetched 100 manufacturer records.
[2024-12-09T16:28:35.173+0000] {manufacturer_etl.py:48} INFO - Data saved to /opt/airflow/data/raw_manufacturer_data.json
[2024-12-09T16:28:35.179+0000] {python.py:183} INFO - Done. Returned value was: None
[2024-12-09T16:28:35.236+0000] {taskinstance.py:1350} INFO - Marking task as SUCCESS. dag_id=manufacturer_etl, task_id=fetch_manufacturer_data, execution_date=20240204T000000, start_date=20241209T162825, end_date=20241209T162835
[2024-12-09T16:28:35.333+0000] {local_task_job_runner.py:225} INFO - Task exited with return code 0
[2024-12-09T16:28:35.423+0000] {taskinstance.py:2653} INFO - 0 downstream tasks scheduled from follow-on schedule check
[2024-12-09T17:25:16.117+0000] {taskinstance.py:1103} INFO - Dependencies all met for dep_context=non-requeueable deps ti=<TaskInstance: manufacturer_etl.fetch_manufacturer_data scheduled__2024-02-04T00:00:00+00:00 [queued]>
[2024-12-09T17:25:16.134+0000] {taskinstance.py:1103} INFO - Dependencies all met for dep_context=requeueable deps ti=<TaskInstance: manufacturer_etl.fetch_manufacturer_data scheduled__2024-02-04T00:00:00+00:00 [queued]>
[2024-12-09T17:25:16.135+0000] {taskinstance.py:1308} INFO - Starting attempt 1 of 1
[2024-12-09T17:25:16.163+0000] {taskinstance.py:1327} INFO - Executing <Task(PythonOperator): fetch_manufacturer_data> on 2024-02-04 00:00:00+00:00
[2024-12-09T17:25:16.171+0000] {standard_task_runner.py:57} INFO - Started process 241 to run task
[2024-12-09T17:25:16.177+0000] {standard_task_runner.py:84} INFO - Running: ['airflow', 'tasks', 'run', 'manufacturer_etl', 'fetch_manufacturer_data', 'scheduled__2024-02-04T00:00:00+00:00', '--job-id', '50', '--raw', '--subdir', 'DAGS_FOLDER/manufacturer_etl.py', '--cfg-path', '/tmp/tmpixz5ch5i']
[2024-12-09T17:25:16.179+0000] {standard_task_runner.py:85} INFO - Job 50: Subtask fetch_manufacturer_data
[2024-12-09T17:25:16.274+0000] {task_command.py:410} INFO - Running <TaskInstance: manufacturer_etl.fetch_manufacturer_data scheduled__2024-02-04T00:00:00+00:00 [running]> on host 916d98ee7a08
[2024-12-09T17:25:16.476+0000] {taskinstance.py:1547} INFO - Exporting env vars: AIRFLOW_CTX_DAG_OWNER='airflow' AIRFLOW_CTX_DAG_ID='manufacturer_etl' AIRFLOW_CTX_TASK_ID='fetch_manufacturer_data' AIRFLOW_CTX_EXECUTION_DATE='2024-02-04T00:00:00+00:00' AIRFLOW_CTX_TRY_NUMBER='1' AIRFLOW_CTX_DAG_RUN_ID='scheduled__2024-02-04T00:00:00+00:00'
[2024-12-09T17:25:16.478+0000] {manufacturer_etl.py:37} INFO - Fetching manufacturer details from the API.
[2024-12-09T17:25:17.384+0000] {manufacturer_etl.py:43} INFO - Successfully fetched 100 manufacturer records.
[2024-12-09T17:25:17.392+0000] {manufacturer_etl.py:48} INFO - Data saved to /opt/airflow/data/raw_manufacturer_data.json
[2024-12-09T17:25:17.395+0000] {python.py:183} INFO - Done. Returned value was: None
[2024-12-09T17:25:17.415+0000] {taskinstance.py:1350} INFO - Marking task as SUCCESS. dag_id=manufacturer_etl, task_id=fetch_manufacturer_data, execution_date=20240204T000000, start_date=20241209T172516, end_date=20241209T172517
[2024-12-09T17:25:17.462+0000] {local_task_job_runner.py:225} INFO - Task exited with return code 0
[2024-12-09T17:25:17.499+0000] {taskinstance.py:2653} INFO - 0 downstream tasks scheduled from follow-on schedule check
