[2024-12-09T16:50:26.857+0000] {taskinstance.py:1103} INFO - Dependencies all met for dep_context=non-requeueable deps ti=<TaskInstance: manufacturer_etl.fetch_manufacturer_data scheduled__2024-05-08T00:00:00+00:00 [queued]>
[2024-12-09T16:50:26.875+0000] {taskinstance.py:1103} INFO - Dependencies all met for dep_context=requeueable deps ti=<TaskInstance: manufacturer_etl.fetch_manufacturer_data scheduled__2024-05-08T00:00:00+00:00 [queued]>
[2024-12-09T16:50:26.875+0000] {taskinstance.py:1308} INFO - Starting attempt 1 of 1
[2024-12-09T16:50:26.905+0000] {taskinstance.py:1327} INFO - Executing <Task(PythonOperator): fetch_manufacturer_data> on 2024-05-08 00:00:00+00:00
[2024-12-09T16:50:26.912+0000] {standard_task_runner.py:57} INFO - Started process 704 to run task
[2024-12-09T16:50:26.918+0000] {standard_task_runner.py:84} INFO - Running: ['airflow', 'tasks', 'run', 'manufacturer_etl', 'fetch_manufacturer_data', 'scheduled__2024-05-08T00:00:00+00:00', '--job-id', '249', '--raw', '--subdir', 'DAGS_FOLDER/manufacturer_etl.py', '--cfg-path', '/tmp/tmpjzfi_zmh']
[2024-12-09T16:50:26.920+0000] {standard_task_runner.py:85} INFO - Job 249: Subtask fetch_manufacturer_data
[2024-12-09T16:50:27.037+0000] {task_command.py:410} INFO - Running <TaskInstance: manufacturer_etl.fetch_manufacturer_data scheduled__2024-05-08T00:00:00+00:00 [running]> on host 651f030c76c5
[2024-12-09T16:50:27.297+0000] {taskinstance.py:1547} INFO - Exporting env vars: AIRFLOW_CTX_DAG_OWNER='airflow' AIRFLOW_CTX_DAG_ID='manufacturer_etl' AIRFLOW_CTX_TASK_ID='fetch_manufacturer_data' AIRFLOW_CTX_EXECUTION_DATE='2024-05-08T00:00:00+00:00' AIRFLOW_CTX_TRY_NUMBER='1' AIRFLOW_CTX_DAG_RUN_ID='scheduled__2024-05-08T00:00:00+00:00'
[2024-12-09T16:50:27.299+0000] {manufacturer_etl.py:37} INFO - Fetching manufacturer details from the API.
[2024-12-09T16:50:32.237+0000] {manufacturer_etl.py:43} INFO - Successfully fetched 100 manufacturer records.
[2024-12-09T16:50:32.253+0000] {manufacturer_etl.py:48} INFO - Data saved to /opt/airflow/data/raw_manufacturer_data.json
[2024-12-09T16:50:32.259+0000] {python.py:183} INFO - Done. Returned value was: None
[2024-12-09T16:50:32.322+0000] {taskinstance.py:1350} INFO - Marking task as SUCCESS. dag_id=manufacturer_etl, task_id=fetch_manufacturer_data, execution_date=20240508T000000, start_date=20241209T165026, end_date=20241209T165032
[2024-12-09T16:50:32.413+0000] {local_task_job_runner.py:225} INFO - Task exited with return code 0
[2024-12-09T16:50:32.513+0000] {taskinstance.py:2653} INFO - 0 downstream tasks scheduled from follow-on schedule check
[2024-12-09T17:37:19.127+0000] {taskinstance.py:1103} INFO - Dependencies all met for dep_context=non-requeueable deps ti=<TaskInstance: manufacturer_etl.fetch_manufacturer_data scheduled__2024-05-08T00:00:00+00:00 [queued]>
[2024-12-09T17:37:19.144+0000] {taskinstance.py:1103} INFO - Dependencies all met for dep_context=requeueable deps ti=<TaskInstance: manufacturer_etl.fetch_manufacturer_data scheduled__2024-05-08T00:00:00+00:00 [queued]>
[2024-12-09T17:37:19.145+0000] {taskinstance.py:1308} INFO - Starting attempt 1 of 1
[2024-12-09T17:37:19.174+0000] {taskinstance.py:1327} INFO - Executing <Task(PythonOperator): fetch_manufacturer_data> on 2024-05-08 00:00:00+00:00
[2024-12-09T17:37:19.180+0000] {standard_task_runner.py:57} INFO - Started process 641 to run task
[2024-12-09T17:37:19.186+0000] {standard_task_runner.py:84} INFO - Running: ['airflow', 'tasks', 'run', 'manufacturer_etl', 'fetch_manufacturer_data', 'scheduled__2024-05-08T00:00:00+00:00', '--job-id', '144', '--raw', '--subdir', 'DAGS_FOLDER/manufacturer_etl.py', '--cfg-path', '/tmp/tmpjnz8ba6u']
[2024-12-09T17:37:19.188+0000] {standard_task_runner.py:85} INFO - Job 144: Subtask fetch_manufacturer_data
[2024-12-09T17:37:19.287+0000] {task_command.py:410} INFO - Running <TaskInstance: manufacturer_etl.fetch_manufacturer_data scheduled__2024-05-08T00:00:00+00:00 [running]> on host 916d98ee7a08
[2024-12-09T17:37:19.486+0000] {taskinstance.py:1547} INFO - Exporting env vars: AIRFLOW_CTX_DAG_OWNER='airflow' AIRFLOW_CTX_DAG_ID='manufacturer_etl' AIRFLOW_CTX_TASK_ID='fetch_manufacturer_data' AIRFLOW_CTX_EXECUTION_DATE='2024-05-08T00:00:00+00:00' AIRFLOW_CTX_TRY_NUMBER='1' AIRFLOW_CTX_DAG_RUN_ID='scheduled__2024-05-08T00:00:00+00:00'
[2024-12-09T17:37:19.489+0000] {manufacturer_etl.py:37} INFO - Fetching manufacturer details from the API.
[2024-12-09T17:37:21.370+0000] {manufacturer_etl.py:43} INFO - Successfully fetched 100 manufacturer records.
[2024-12-09T17:37:21.377+0000] {manufacturer_etl.py:48} INFO - Data saved to /opt/airflow/data/raw_manufacturer_data.json
[2024-12-09T17:37:21.379+0000] {python.py:183} INFO - Done. Returned value was: None
[2024-12-09T17:37:21.400+0000] {taskinstance.py:1350} INFO - Marking task as SUCCESS. dag_id=manufacturer_etl, task_id=fetch_manufacturer_data, execution_date=20240508T000000, start_date=20241209T173719, end_date=20241209T173721
[2024-12-09T17:37:21.454+0000] {local_task_job_runner.py:225} INFO - Task exited with return code 0
[2024-12-09T17:37:21.491+0000] {taskinstance.py:2653} INFO - 0 downstream tasks scheduled from follow-on schedule check
