[2024-12-09T17:00:15.982+0000] {taskinstance.py:1103} INFO - Dependencies all met for dep_context=non-requeueable deps ti=<TaskInstance: manufacturer_etl.fetch_manufacturer_data scheduled__2024-06-18T00:00:00+00:00 [queued]>
[2024-12-09T17:00:16.007+0000] {taskinstance.py:1103} INFO - Dependencies all met for dep_context=requeueable deps ti=<TaskInstance: manufacturer_etl.fetch_manufacturer_data scheduled__2024-06-18T00:00:00+00:00 [queued]>
[2024-12-09T17:00:16.008+0000] {taskinstance.py:1308} INFO - Starting attempt 1 of 1
[2024-12-09T17:00:16.056+0000] {taskinstance.py:1327} INFO - Executing <Task(PythonOperator): fetch_manufacturer_data> on 2024-06-18 00:00:00+00:00
[2024-12-09T17:00:16.066+0000] {standard_task_runner.py:57} INFO - Started process 887 to run task
[2024-12-09T17:00:16.075+0000] {standard_task_runner.py:84} INFO - Running: ['airflow', 'tasks', 'run', 'manufacturer_etl', 'fetch_manufacturer_data', 'scheduled__2024-06-18T00:00:00+00:00', '--job-id', '290', '--raw', '--subdir', 'DAGS_FOLDER/manufacturer_etl.py', '--cfg-path', '/tmp/tmpklg_nf3k']
[2024-12-09T17:00:16.078+0000] {standard_task_runner.py:85} INFO - Job 290: Subtask fetch_manufacturer_data
[2024-12-09T17:00:16.222+0000] {task_command.py:410} INFO - Running <TaskInstance: manufacturer_etl.fetch_manufacturer_data scheduled__2024-06-18T00:00:00+00:00 [running]> on host 651f030c76c5
[2024-12-09T17:00:16.507+0000] {taskinstance.py:1547} INFO - Exporting env vars: AIRFLOW_CTX_DAG_OWNER='airflow' AIRFLOW_CTX_DAG_ID='manufacturer_etl' AIRFLOW_CTX_TASK_ID='fetch_manufacturer_data' AIRFLOW_CTX_EXECUTION_DATE='2024-06-18T00:00:00+00:00' AIRFLOW_CTX_TRY_NUMBER='1' AIRFLOW_CTX_DAG_RUN_ID='scheduled__2024-06-18T00:00:00+00:00'
[2024-12-09T17:00:16.510+0000] {manufacturer_etl.py:37} INFO - Fetching manufacturer details from the API.
[2024-12-09T17:00:26.160+0000] {manufacturer_etl.py:43} INFO - Successfully fetched 100 manufacturer records.
[2024-12-09T17:00:26.175+0000] {manufacturer_etl.py:48} INFO - Data saved to /opt/airflow/data/raw_manufacturer_data.json
[2024-12-09T17:00:26.182+0000] {python.py:183} INFO - Done. Returned value was: None
[2024-12-09T17:00:26.242+0000] {taskinstance.py:1350} INFO - Marking task as SUCCESS. dag_id=manufacturer_etl, task_id=fetch_manufacturer_data, execution_date=20240618T000000, start_date=20241209T170015, end_date=20241209T170026
[2024-12-09T17:00:26.336+0000] {local_task_job_runner.py:225} INFO - Task exited with return code 0
[2024-12-09T17:00:26.427+0000] {taskinstance.py:2653} INFO - 0 downstream tasks scheduled from follow-on schedule check
[2024-12-09T17:42:52.847+0000] {taskinstance.py:1103} INFO - Dependencies all met for dep_context=non-requeueable deps ti=<TaskInstance: manufacturer_etl.fetch_manufacturer_data scheduled__2024-06-18T00:00:00+00:00 [queued]>
[2024-12-09T17:42:52.866+0000] {taskinstance.py:1103} INFO - Dependencies all met for dep_context=requeueable deps ti=<TaskInstance: manufacturer_etl.fetch_manufacturer_data scheduled__2024-06-18T00:00:00+00:00 [queued]>
[2024-12-09T17:42:52.867+0000] {taskinstance.py:1308} INFO - Starting attempt 1 of 1
[2024-12-09T17:42:52.894+0000] {taskinstance.py:1327} INFO - Executing <Task(PythonOperator): fetch_manufacturer_data> on 2024-06-18 00:00:00+00:00
[2024-12-09T17:42:52.900+0000] {standard_task_runner.py:57} INFO - Started process 816 to run task
[2024-12-09T17:42:52.906+0000] {standard_task_runner.py:84} INFO - Running: ['airflow', 'tasks', 'run', 'manufacturer_etl', 'fetch_manufacturer_data', 'scheduled__2024-06-18T00:00:00+00:00', '--job-id', '185', '--raw', '--subdir', 'DAGS_FOLDER/manufacturer_etl.py', '--cfg-path', '/tmp/tmp4w1avxif']
[2024-12-09T17:42:52.908+0000] {standard_task_runner.py:85} INFO - Job 185: Subtask fetch_manufacturer_data
[2024-12-09T17:42:53.007+0000] {task_command.py:410} INFO - Running <TaskInstance: manufacturer_etl.fetch_manufacturer_data scheduled__2024-06-18T00:00:00+00:00 [running]> on host 916d98ee7a08
[2024-12-09T17:42:53.207+0000] {taskinstance.py:1547} INFO - Exporting env vars: AIRFLOW_CTX_DAG_OWNER='airflow' AIRFLOW_CTX_DAG_ID='manufacturer_etl' AIRFLOW_CTX_TASK_ID='fetch_manufacturer_data' AIRFLOW_CTX_EXECUTION_DATE='2024-06-18T00:00:00+00:00' AIRFLOW_CTX_TRY_NUMBER='1' AIRFLOW_CTX_DAG_RUN_ID='scheduled__2024-06-18T00:00:00+00:00'
[2024-12-09T17:42:53.209+0000] {manufacturer_etl.py:37} INFO - Fetching manufacturer details from the API.
[2024-12-09T17:42:55.597+0000] {manufacturer_etl.py:43} INFO - Successfully fetched 100 manufacturer records.
[2024-12-09T17:42:55.607+0000] {manufacturer_etl.py:48} INFO - Data saved to /opt/airflow/data/raw_manufacturer_data.json
[2024-12-09T17:42:55.610+0000] {python.py:183} INFO - Done. Returned value was: None
[2024-12-09T17:42:55.630+0000] {taskinstance.py:1350} INFO - Marking task as SUCCESS. dag_id=manufacturer_etl, task_id=fetch_manufacturer_data, execution_date=20240618T000000, start_date=20241209T174252, end_date=20241209T174255
[2024-12-09T17:42:55.666+0000] {local_task_job_runner.py:225} INFO - Task exited with return code 0
[2024-12-09T17:42:55.702+0000] {taskinstance.py:2653} INFO - 0 downstream tasks scheduled from follow-on schedule check
