[2024-12-09T16:43:32.648+0000] {taskinstance.py:1103} INFO - Dependencies all met for dep_context=non-requeueable deps ti=<TaskInstance: manufacturer_etl.fetch_manufacturer_data scheduled__2024-04-08T00:00:00+00:00 [queued]>
[2024-12-09T16:43:32.672+0000] {taskinstance.py:1103} INFO - Dependencies all met for dep_context=requeueable deps ti=<TaskInstance: manufacturer_etl.fetch_manufacturer_data scheduled__2024-04-08T00:00:00+00:00 [queued]>
[2024-12-09T16:43:32.673+0000] {taskinstance.py:1308} INFO - Starting attempt 1 of 1
[2024-12-09T16:43:32.711+0000] {taskinstance.py:1327} INFO - Executing <Task(PythonOperator): fetch_manufacturer_data> on 2024-04-08 00:00:00+00:00
[2024-12-09T16:43:32.718+0000] {standard_task_runner.py:57} INFO - Started process 570 to run task
[2024-12-09T16:43:32.726+0000] {standard_task_runner.py:84} INFO - Running: ['airflow', 'tasks', 'run', 'manufacturer_etl', 'fetch_manufacturer_data', 'scheduled__2024-04-08T00:00:00+00:00', '--job-id', '219', '--raw', '--subdir', 'DAGS_FOLDER/manufacturer_etl.py', '--cfg-path', '/tmp/tmpxsw8jl30']
[2024-12-09T16:43:32.729+0000] {standard_task_runner.py:85} INFO - Job 219: Subtask fetch_manufacturer_data
[2024-12-09T16:43:32.859+0000] {task_command.py:410} INFO - Running <TaskInstance: manufacturer_etl.fetch_manufacturer_data scheduled__2024-04-08T00:00:00+00:00 [running]> on host 651f030c76c5
[2024-12-09T16:43:33.110+0000] {taskinstance.py:1547} INFO - Exporting env vars: AIRFLOW_CTX_DAG_OWNER='airflow' AIRFLOW_CTX_DAG_ID='manufacturer_etl' AIRFLOW_CTX_TASK_ID='fetch_manufacturer_data' AIRFLOW_CTX_EXECUTION_DATE='2024-04-08T00:00:00+00:00' AIRFLOW_CTX_TRY_NUMBER='1' AIRFLOW_CTX_DAG_RUN_ID='scheduled__2024-04-08T00:00:00+00:00'
[2024-12-09T16:43:33.113+0000] {manufacturer_etl.py:37} INFO - Fetching manufacturer details from the API.
[2024-12-09T16:43:37.884+0000] {manufacturer_etl.py:43} INFO - Successfully fetched 100 manufacturer records.
[2024-12-09T16:43:37.902+0000] {manufacturer_etl.py:48} INFO - Data saved to /opt/airflow/data/raw_manufacturer_data.json
[2024-12-09T16:43:37.908+0000] {python.py:183} INFO - Done. Returned value was: None
[2024-12-09T16:43:37.967+0000] {taskinstance.py:1350} INFO - Marking task as SUCCESS. dag_id=manufacturer_etl, task_id=fetch_manufacturer_data, execution_date=20240408T000000, start_date=20241209T164332, end_date=20241209T164337
[2024-12-09T16:43:38.080+0000] {local_task_job_runner.py:225} INFO - Task exited with return code 0
[2024-12-09T16:43:38.167+0000] {taskinstance.py:2653} INFO - 0 downstream tasks scheduled from follow-on schedule check
[2024-12-09T17:33:32.232+0000] {taskinstance.py:1103} INFO - Dependencies all met for dep_context=non-requeueable deps ti=<TaskInstance: manufacturer_etl.fetch_manufacturer_data scheduled__2024-04-08T00:00:00+00:00 [queued]>
[2024-12-09T17:33:32.251+0000] {taskinstance.py:1103} INFO - Dependencies all met for dep_context=requeueable deps ti=<TaskInstance: manufacturer_etl.fetch_manufacturer_data scheduled__2024-04-08T00:00:00+00:00 [queued]>
[2024-12-09T17:33:32.251+0000] {taskinstance.py:1308} INFO - Starting attempt 1 of 1
[2024-12-09T17:33:32.280+0000] {taskinstance.py:1327} INFO - Executing <Task(PythonOperator): fetch_manufacturer_data> on 2024-04-08 00:00:00+00:00
[2024-12-09T17:33:32.286+0000] {standard_task_runner.py:57} INFO - Started process 514 to run task
[2024-12-09T17:33:32.292+0000] {standard_task_runner.py:84} INFO - Running: ['airflow', 'tasks', 'run', 'manufacturer_etl', 'fetch_manufacturer_data', 'scheduled__2024-04-08T00:00:00+00:00', '--job-id', '114', '--raw', '--subdir', 'DAGS_FOLDER/manufacturer_etl.py', '--cfg-path', '/tmp/tmpmypznoca']
[2024-12-09T17:33:32.295+0000] {standard_task_runner.py:85} INFO - Job 114: Subtask fetch_manufacturer_data
[2024-12-09T17:33:32.390+0000] {task_command.py:410} INFO - Running <TaskInstance: manufacturer_etl.fetch_manufacturer_data scheduled__2024-04-08T00:00:00+00:00 [running]> on host 916d98ee7a08
[2024-12-09T17:33:32.589+0000] {taskinstance.py:1547} INFO - Exporting env vars: AIRFLOW_CTX_DAG_OWNER='airflow' AIRFLOW_CTX_DAG_ID='manufacturer_etl' AIRFLOW_CTX_TASK_ID='fetch_manufacturer_data' AIRFLOW_CTX_EXECUTION_DATE='2024-04-08T00:00:00+00:00' AIRFLOW_CTX_TRY_NUMBER='1' AIRFLOW_CTX_DAG_RUN_ID='scheduled__2024-04-08T00:00:00+00:00'
[2024-12-09T17:33:32.591+0000] {manufacturer_etl.py:37} INFO - Fetching manufacturer details from the API.
[2024-12-09T17:33:33.736+0000] {manufacturer_etl.py:43} INFO - Successfully fetched 100 manufacturer records.
[2024-12-09T17:33:33.745+0000] {manufacturer_etl.py:48} INFO - Data saved to /opt/airflow/data/raw_manufacturer_data.json
[2024-12-09T17:33:33.748+0000] {python.py:183} INFO - Done. Returned value was: None
[2024-12-09T17:33:33.768+0000] {taskinstance.py:1350} INFO - Marking task as SUCCESS. dag_id=manufacturer_etl, task_id=fetch_manufacturer_data, execution_date=20240408T000000, start_date=20241209T173332, end_date=20241209T173333
[2024-12-09T17:33:33.824+0000] {local_task_job_runner.py:225} INFO - Task exited with return code 0
[2024-12-09T17:33:33.863+0000] {taskinstance.py:2653} INFO - 0 downstream tasks scheduled from follow-on schedule check
