[2024-12-09T16:46:42.974+0000] {taskinstance.py:1103} INFO - Dependencies all met for dep_context=non-requeueable deps ti=<TaskInstance: manufacturer_etl.fetch_manufacturer_data scheduled__2024-04-22T00:00:00+00:00 [queued]>
[2024-12-09T16:46:42.994+0000] {taskinstance.py:1103} INFO - Dependencies all met for dep_context=requeueable deps ti=<TaskInstance: manufacturer_etl.fetch_manufacturer_data scheduled__2024-04-22T00:00:00+00:00 [queued]>
[2024-12-09T16:46:42.994+0000] {taskinstance.py:1308} INFO - Starting attempt 1 of 1
[2024-12-09T16:46:43.025+0000] {taskinstance.py:1327} INFO - Executing <Task(PythonOperator): fetch_manufacturer_data> on 2024-04-22 00:00:00+00:00
[2024-12-09T16:46:43.031+0000] {standard_task_runner.py:57} INFO - Started process 633 to run task
[2024-12-09T16:46:43.038+0000] {standard_task_runner.py:84} INFO - Running: ['airflow', 'tasks', 'run', 'manufacturer_etl', 'fetch_manufacturer_data', 'scheduled__2024-04-22T00:00:00+00:00', '--job-id', '233', '--raw', '--subdir', 'DAGS_FOLDER/manufacturer_etl.py', '--cfg-path', '/tmp/tmpdbuvek_z']
[2024-12-09T16:46:43.040+0000] {standard_task_runner.py:85} INFO - Job 233: Subtask fetch_manufacturer_data
[2024-12-09T16:46:43.148+0000] {task_command.py:410} INFO - Running <TaskInstance: manufacturer_etl.fetch_manufacturer_data scheduled__2024-04-22T00:00:00+00:00 [running]> on host 651f030c76c5
[2024-12-09T16:46:43.366+0000] {taskinstance.py:1547} INFO - Exporting env vars: AIRFLOW_CTX_DAG_OWNER='airflow' AIRFLOW_CTX_DAG_ID='manufacturer_etl' AIRFLOW_CTX_TASK_ID='fetch_manufacturer_data' AIRFLOW_CTX_EXECUTION_DATE='2024-04-22T00:00:00+00:00' AIRFLOW_CTX_TRY_NUMBER='1' AIRFLOW_CTX_DAG_RUN_ID='scheduled__2024-04-22T00:00:00+00:00'
[2024-12-09T16:46:43.369+0000] {manufacturer_etl.py:37} INFO - Fetching manufacturer details from the API.
[2024-12-09T16:46:52.277+0000] {manufacturer_etl.py:43} INFO - Successfully fetched 100 manufacturer records.
[2024-12-09T16:46:52.285+0000] {manufacturer_etl.py:48} INFO - Data saved to /opt/airflow/data/raw_manufacturer_data.json
[2024-12-09T16:46:52.288+0000] {python.py:183} INFO - Done. Returned value was: None
[2024-12-09T16:46:52.312+0000] {taskinstance.py:1350} INFO - Marking task as SUCCESS. dag_id=manufacturer_etl, task_id=fetch_manufacturer_data, execution_date=20240422T000000, start_date=20241209T164642, end_date=20241209T164652
[2024-12-09T16:46:52.376+0000] {local_task_job_runner.py:225} INFO - Task exited with return code 0
[2024-12-09T16:46:52.414+0000] {taskinstance.py:2653} INFO - 0 downstream tasks scheduled from follow-on schedule check
[2024-12-09T17:35:15.156+0000] {taskinstance.py:1103} INFO - Dependencies all met for dep_context=non-requeueable deps ti=<TaskInstance: manufacturer_etl.fetch_manufacturer_data scheduled__2024-04-22T00:00:00+00:00 [queued]>
[2024-12-09T17:35:15.174+0000] {taskinstance.py:1103} INFO - Dependencies all met for dep_context=requeueable deps ti=<TaskInstance: manufacturer_etl.fetch_manufacturer_data scheduled__2024-04-22T00:00:00+00:00 [queued]>
[2024-12-09T17:35:15.175+0000] {taskinstance.py:1308} INFO - Starting attempt 1 of 1
[2024-12-09T17:35:15.203+0000] {taskinstance.py:1327} INFO - Executing <Task(PythonOperator): fetch_manufacturer_data> on 2024-04-22 00:00:00+00:00
[2024-12-09T17:35:15.209+0000] {standard_task_runner.py:57} INFO - Started process 573 to run task
[2024-12-09T17:35:15.215+0000] {standard_task_runner.py:84} INFO - Running: ['airflow', 'tasks', 'run', 'manufacturer_etl', 'fetch_manufacturer_data', 'scheduled__2024-04-22T00:00:00+00:00', '--job-id', '128', '--raw', '--subdir', 'DAGS_FOLDER/manufacturer_etl.py', '--cfg-path', '/tmp/tmpyxasgtvb']
[2024-12-09T17:35:15.217+0000] {standard_task_runner.py:85} INFO - Job 128: Subtask fetch_manufacturer_data
[2024-12-09T17:35:15.313+0000] {task_command.py:410} INFO - Running <TaskInstance: manufacturer_etl.fetch_manufacturer_data scheduled__2024-04-22T00:00:00+00:00 [running]> on host 916d98ee7a08
[2024-12-09T17:35:15.513+0000] {taskinstance.py:1547} INFO - Exporting env vars: AIRFLOW_CTX_DAG_OWNER='airflow' AIRFLOW_CTX_DAG_ID='manufacturer_etl' AIRFLOW_CTX_TASK_ID='fetch_manufacturer_data' AIRFLOW_CTX_EXECUTION_DATE='2024-04-22T00:00:00+00:00' AIRFLOW_CTX_TRY_NUMBER='1' AIRFLOW_CTX_DAG_RUN_ID='scheduled__2024-04-22T00:00:00+00:00'
[2024-12-09T17:35:15.516+0000] {manufacturer_etl.py:37} INFO - Fetching manufacturer details from the API.
[2024-12-09T17:35:17.156+0000] {manufacturer_etl.py:43} INFO - Successfully fetched 100 manufacturer records.
[2024-12-09T17:35:17.164+0000] {manufacturer_etl.py:48} INFO - Data saved to /opt/airflow/data/raw_manufacturer_data.json
[2024-12-09T17:35:17.166+0000] {python.py:183} INFO - Done. Returned value was: None
[2024-12-09T17:35:17.186+0000] {taskinstance.py:1350} INFO - Marking task as SUCCESS. dag_id=manufacturer_etl, task_id=fetch_manufacturer_data, execution_date=20240422T000000, start_date=20241209T173515, end_date=20241209T173517
[2024-12-09T17:35:17.237+0000] {local_task_job_runner.py:225} INFO - Task exited with return code 0
[2024-12-09T17:35:17.274+0000] {taskinstance.py:2653} INFO - 0 downstream tasks scheduled from follow-on schedule check
