[2024-12-09T16:57:22.493+0000] {taskinstance.py:1103} INFO - Dependencies all met for dep_context=non-requeueable deps ti=<TaskInstance: manufacturer_etl.fetch_manufacturer_data scheduled__2024-06-06T00:00:00+00:00 [queued]>
[2024-12-09T16:57:22.512+0000] {taskinstance.py:1103} INFO - Dependencies all met for dep_context=requeueable deps ti=<TaskInstance: manufacturer_etl.fetch_manufacturer_data scheduled__2024-06-06T00:00:00+00:00 [queued]>
[2024-12-09T16:57:22.513+0000] {taskinstance.py:1308} INFO - Starting attempt 1 of 1
[2024-12-09T16:57:22.541+0000] {taskinstance.py:1327} INFO - Executing <Task(PythonOperator): fetch_manufacturer_data> on 2024-06-06 00:00:00+00:00
[2024-12-09T16:57:22.546+0000] {standard_task_runner.py:57} INFO - Started process 834 to run task
[2024-12-09T16:57:22.552+0000] {standard_task_runner.py:84} INFO - Running: ['airflow', 'tasks', 'run', 'manufacturer_etl', 'fetch_manufacturer_data', 'scheduled__2024-06-06T00:00:00+00:00', '--job-id', '278', '--raw', '--subdir', 'DAGS_FOLDER/manufacturer_etl.py', '--cfg-path', '/tmp/tmpdu6c2ntr']
[2024-12-09T16:57:22.555+0000] {standard_task_runner.py:85} INFO - Job 278: Subtask fetch_manufacturer_data
[2024-12-09T16:57:22.654+0000] {task_command.py:410} INFO - Running <TaskInstance: manufacturer_etl.fetch_manufacturer_data scheduled__2024-06-06T00:00:00+00:00 [running]> on host 651f030c76c5
[2024-12-09T16:57:22.875+0000] {taskinstance.py:1547} INFO - Exporting env vars: AIRFLOW_CTX_DAG_OWNER='airflow' AIRFLOW_CTX_DAG_ID='manufacturer_etl' AIRFLOW_CTX_TASK_ID='fetch_manufacturer_data' AIRFLOW_CTX_EXECUTION_DATE='2024-06-06T00:00:00+00:00' AIRFLOW_CTX_TRY_NUMBER='1' AIRFLOW_CTX_DAG_RUN_ID='scheduled__2024-06-06T00:00:00+00:00'
[2024-12-09T16:57:22.877+0000] {manufacturer_etl.py:37} INFO - Fetching manufacturer details from the API.
[2024-12-09T16:57:31.924+0000] {manufacturer_etl.py:43} INFO - Successfully fetched 100 manufacturer records.
[2024-12-09T16:57:31.938+0000] {manufacturer_etl.py:48} INFO - Data saved to /opt/airflow/data/raw_manufacturer_data.json
[2024-12-09T16:57:31.943+0000] {python.py:183} INFO - Done. Returned value was: None
[2024-12-09T16:57:32.000+0000] {taskinstance.py:1350} INFO - Marking task as SUCCESS. dag_id=manufacturer_etl, task_id=fetch_manufacturer_data, execution_date=20240606T000000, start_date=20241209T165722, end_date=20241209T165731
[2024-12-09T16:57:32.084+0000] {local_task_job_runner.py:225} INFO - Task exited with return code 0
[2024-12-09T16:57:32.172+0000] {taskinstance.py:2653} INFO - 0 downstream tasks scheduled from follow-on schedule check
[2024-12-09T17:41:14.950+0000] {taskinstance.py:1103} INFO - Dependencies all met for dep_context=non-requeueable deps ti=<TaskInstance: manufacturer_etl.fetch_manufacturer_data scheduled__2024-06-06T00:00:00+00:00 [queued]>
[2024-12-09T17:41:14.967+0000] {taskinstance.py:1103} INFO - Dependencies all met for dep_context=requeueable deps ti=<TaskInstance: manufacturer_etl.fetch_manufacturer_data scheduled__2024-06-06T00:00:00+00:00 [queued]>
[2024-12-09T17:41:14.968+0000] {taskinstance.py:1308} INFO - Starting attempt 1 of 1
[2024-12-09T17:41:14.997+0000] {taskinstance.py:1327} INFO - Executing <Task(PythonOperator): fetch_manufacturer_data> on 2024-06-06 00:00:00+00:00
[2024-12-09T17:41:15.003+0000] {standard_task_runner.py:57} INFO - Started process 765 to run task
[2024-12-09T17:41:15.009+0000] {standard_task_runner.py:84} INFO - Running: ['airflow', 'tasks', 'run', 'manufacturer_etl', 'fetch_manufacturer_data', 'scheduled__2024-06-06T00:00:00+00:00', '--job-id', '173', '--raw', '--subdir', 'DAGS_FOLDER/manufacturer_etl.py', '--cfg-path', '/tmp/tmpcyx85xgh']
[2024-12-09T17:41:15.012+0000] {standard_task_runner.py:85} INFO - Job 173: Subtask fetch_manufacturer_data
[2024-12-09T17:41:15.110+0000] {task_command.py:410} INFO - Running <TaskInstance: manufacturer_etl.fetch_manufacturer_data scheduled__2024-06-06T00:00:00+00:00 [running]> on host 916d98ee7a08
[2024-12-09T17:41:15.305+0000] {taskinstance.py:1547} INFO - Exporting env vars: AIRFLOW_CTX_DAG_OWNER='airflow' AIRFLOW_CTX_DAG_ID='manufacturer_etl' AIRFLOW_CTX_TASK_ID='fetch_manufacturer_data' AIRFLOW_CTX_EXECUTION_DATE='2024-06-06T00:00:00+00:00' AIRFLOW_CTX_TRY_NUMBER='1' AIRFLOW_CTX_DAG_RUN_ID='scheduled__2024-06-06T00:00:00+00:00'
[2024-12-09T17:41:15.307+0000] {manufacturer_etl.py:37} INFO - Fetching manufacturer details from the API.
[2024-12-09T17:41:16.783+0000] {manufacturer_etl.py:43} INFO - Successfully fetched 100 manufacturer records.
[2024-12-09T17:41:16.790+0000] {manufacturer_etl.py:48} INFO - Data saved to /opt/airflow/data/raw_manufacturer_data.json
[2024-12-09T17:41:16.793+0000] {python.py:183} INFO - Done. Returned value was: None
[2024-12-09T17:41:16.813+0000] {taskinstance.py:1350} INFO - Marking task as SUCCESS. dag_id=manufacturer_etl, task_id=fetch_manufacturer_data, execution_date=20240606T000000, start_date=20241209T174114, end_date=20241209T174116
[2024-12-09T17:41:16.868+0000] {local_task_job_runner.py:225} INFO - Task exited with return code 0
[2024-12-09T17:41:16.906+0000] {taskinstance.py:2653} INFO - 0 downstream tasks scheduled from follow-on schedule check
